----------
--START---
----------
Taking parameters from config file. Must be specified elsewhere.
Importing run parameters.
----------
Run on: 2018-08-28T07:22:48.491508
----------
#
# ./ibm.txt
# reused as h3.txt
#
# IBM specific input for runs with ./main.py
#
#

# General
restart= no
print= yes
wait= yes
max_iter= 10
mapping= zeta
chem_orb= HF
#opt_crit= 0.000001
#opt_crit= 0.001
opt_crit= 0.0001

# Occupation Number optimizers
occ_method= stretch
occ_seed= user
occ_optimizer= NM
occ_opt_crit= default
occ_opt_thresh= 0.1
occ_increase= no
occ_energy= qc
occ_nm_simplex= 30
occ_gd_gradient= numerical
occ_max_iter= 40
occ_load_triangle= yes
occ_method_Ntri= 3

# Input for the orbital optimizer (for chem_orb /= FCI)
orb_nm_simplex= 15
orb_optimizer= NM
orb_opt_crit= default
# for GD
#orb_opt_thresh= 0.00000001
# for NM
orb_opt_thresh= 0.0001
orb_method= givens
orb_max_iter= 2000
orb_gd_gradient= analytical
orb_print= no

# Input for the quantum algorithm
qc_backend= ibmqx4
qc_num_shots= 2048
qc_order= default
qc_algorithm= affine_2p_curved_tenerife
qc_combine= no
qc_verbose= yes
qc_connect= yes
$ 0 0 
----------
Hello. Beginning a hybrid quantum classical optimization
to find the ground state energy of your target molecule. 
Let's begin!
----------
Molecular parameters:
mol = gto.Mole()
mol.atom = '''H 0 0 0; H 0 0 -0.5374; H 0 0 0.5374'''
mol.basis = 'sto-3g'
mol.spin=1
mol.verbose=2
mol.build()
----------
Run is connected to the IBMQuantumExperience.
Checking for config file.
----------
Backend configuration file already written.
Stored in following location:
/home/sesmart/3_vqa/hqca/results/logs/20180828_ibmqx4
----------
Successfully loaded triangle file.
----------
Getting the electron integrals in the Hartree-Fock basis.
Electron integrals obtained. Moving forward.
----------
Wavefunction mapping is: zeta
Nuclear energy: 2.46174735 Hartrees
Quantum algorithm: affine_2p_curved_tenerife
Quantum backend: ibmqx4
----------
Succefully have the triangulation. Proceeding with optimization.
----------
Optimizing the wavefunction.
Initializing the Nelder-Mead optimization class.
---------- 
##########
Encountered error in initialization.
##########
----------
------------------------------
------------------------------
## Energy Evaluation ## 
Final energy                : 0.00000000 Hartrees
Final sigma                 : 0.00000000

Hartree Fock Energy         : -1.25385321 Hartrees
Full CI energy              : -1.26889037 Hartrees
Difference in target and FCI  :  1268.89037 mHartrees
----------
Correlation energy recovered: 1253.85321 mHartrees
Correlation energy recovered: -8338.364 %
------------------------------
------------------------------
Wavefunction (Hamiltonian basis):
----------
1-Electron Reduced Density Matrix:
[[ 0.+0.j  0.+0.j  0.+0.j  0.+0.j  0.+0.j  0.+0.j]
 [ 0.+0.j  0.+0.j  0.+0.j  0.+0.j  0.+0.j  0.+0.j]
 [ 0.+0.j  0.+0.j  0.+0.j  0.+0.j  0.+0.j  0.+0.j]
 [ 0.+0.j  0.+0.j  0.+0.j  0.+0.j  0.+0.j  0.+0.j]
 [ 0.+0.j  0.+0.j  0.+0.j  0.+0.j  0.+0.j  0.+0.j]
 [ 0.+0.j  0.+0.j  0.+0.j  0.+0.j  0.+0.j  0.+0.j]]
Total orbital energy evaluations   : 0
Total occupation energy evaluations: 0
