----------
--START---
----------
Taking parameters from config file. Must be specified elsewhere.
Importing run parameters.
----------
Run on: 2018-08-26T12:24:05.905533
----------
#
# ./ibm.txt
# reused as h3.txt
#
# IBM specific input for runs with ./main.py
#
#

# General
restart= yes
print= yes
wait= yes
max_iter= 10
mapping= zeta
chem_orb= HF
#opt_crit= 0.000001
#opt_crit= 0.001
opt_crit= 0.0001

# Occupation Number optimizers
occ_method= stretch
occ_seed= user
occ_optimizer= NM
occ_opt_crit= default
occ_opt_thresh= 0.1
occ_increase= no
occ_energy= qc
occ_nm_simplex= 30
occ_gd_gradient= numerical
occ_max_iter= 40
occ_load_triangle= no
occ_method_Ntri= 3

# Input for the orbital optimizer (for chem_orb /= FCI)
orb_nm_simplex= 15
orb_optimizer= NM
orb_opt_crit= default
# for GD
#orb_opt_thresh= 0.00000001
# for NM
orb_opt_thresh= 0.0001
orb_method= givens
orb_max_iter= 2000
orb_gd_gradient= analytical
orb_print= no

# Input for the quantum algorithm
qc_backend= ibmqx4
qc_num_shots= 2048
qc_order= default
qc_algorithm= affine_2p_curved_tenerife
qc_combine= no
qc_verbose= yes
qc_connect= yes
$ 0 0 
----------
Hello. Beginning a hybrid quantum classical optimization
to find the ground state energy of your target molecule. 
Let's begin!
----------
Molecular parameters:
mol = gto.Mole()
mol.atom = '''H 0 0 0; H 0 0 -0.9374; H 0 0 0.9374'''
mol.basis = 'sto-3g'
mol.spin=1
mol.verbose=2
mol.build()
----------
Run is connected to the IBMQuantumExperience.
Checking for config file.
----------
Backend configuration file already written.
Stored in following location:
/home/sesmart/3_vqa/hqca/results/logs/20180826_ibmqx4
----------
Getting the electron integrals in the Hartree-Fock basis.
Electron integrals obtained. Moving forward.
----------
Wavefunction mapping is: zeta
Nuclear energy: 1.41128977 Hartrees
Quantum algorithm: affine_2p_curved_tenerife
Quantum backend: ibmqx4
----------
Circuit counts:{'ii0': {'00011': 92, '10010': 6, '11111': 2, '10110': 1, '01100': 28, '00111': 3, '01110': 1, '01001': 4, '00000': 1237, '11101': 4, '11000': 16, '01011': 4, '00110': 4, '10101': 2, '11011': 3, '01101': 5, '00001': 33, '00010': 20, '10100': 17, '01010': 1, '00100': 44, '00101': 27, '11010': 1, '10001': 14, '01111': 1, '01000': 76, '11100': 13, '10000': 365, '10011': 24}}
Time to get backend : 7.999688386917114e-05
Time to run tomography : 216.42131363600492
Total time: 216.4213936328888
{'ii': {'00011': 92, '10010': 6, '11111': 2, '01100': 28, '00111': 3, '01110': 1, '01001': 4, '00000': 1237, '11101': 4, '11000': 16, '01011': 4, '00110': 4, '10101': 2, '11011': 3, '01101': 5, '00001': 33, '00010': 20, '10100': 17, '01010': 1, '00100': 44, '00101': 27, '11010': 1, '10001': 14, '01111': 1, '11100': 13, '01000': 76, '10110': 1, '10000': 365, '10011': 24}}
Measure ON: [[ 0.92578125  0.92041016  0.89355469  1.        ]]
Rotated ON: [[ 0.96484259  0.99956492  0.96376127  1.00064624]]
Point on the GPC surface. Proceeding.
Parameters: 
[  4.88891602  10.80871582]
Fitted wavefunction: 
Alpha: 0.981823143375488, Beta: 0.18807664351599993, Gamma: 0.025504730855889095
Distance from GPC plane: 0.00037310461259902275
Total Energy: -1.5569740504311356 Hartrees
----------
NM: Reflection: [  4.88892  10.80872]
-1.55697405043
Circuit counts:{'ii0': {'00011': 74, '10010': 4, '00111': 1, '01100': 23, '00000': 1291, '11101': 2, '11000': 29, '01011': 6, '11001': 1, '10111': 1, '00110': 2, '10101': 6, '11100': 4, '01101': 2, '00001': 30, '00010': 24, '10100': 14, '01010': 1, '00100': 56, '00101': 30, '11010': 1, '10001': 14, '01001': 4, '01000': 104, '10110': 1, '10000': 301, '10011': 22}}
Time to get backend : 7.87973403930664e-05
Time to run tomography : 297.65305226296186
Total time: 297.65313106030226
{'ii': {'00011': 74, '10010': 4, '01100': 23, '00111': 1, '01011': 6, '00000': 1291, '11101': 2, '11000': 29, '10110': 1, '11001': 1, '10111': 1, '00110': 2, '10101': 6, '01101': 2, '00001': 30, '00010': 24, '00101': 30, '01010': 1, '00100': 56, '10100': 14, '11010': 1, '10001': 14, '01001': 4, '01000': 104, '11100': 4, '10000': 301, '10011': 22}}
Measure ON: [[ 0.93311  0.93066  0.90576  1.     ]]
Rotated ON: [[ 0.96952  1.00764  0.97631  1.00084]]
Point on the GPC surface. Proceeding.
Parameters: 
[ 5.52887  9.42581]
Fitted wavefunction: 
Alpha: 0.9870803117875665, Beta: 0.16022627150801624, Gamma: 0.0
Distance from GPC plane: 0.008334858916643881
Total Energy: -1.5519323532827904 Hartrees
----------
Circuit counts:{'ii0': {'00011': 59, '10010': 6, '01100': 16, '00111': 1, '01110': 4, '01001': 2, '00000': 1272, '11101': 4, '11000': 24, '01011': 4, '11001': 1, '10111': 1, '00110': 4, '10101': 9, '01101': 10, '00001': 42, '00010': 26, '10100': 18, '01010': 1, '00100': 41, '00101': 26, '10001': 10, '01111': 2, '01000': 93, '11100': 5, '10000': 345, '10011': 22}}
Time to get backend : 5.4508447647094727e-05
Time to run tomography : 174.32283345609903
Total time: 174.32288796454668
{'ii': {'00011': 59, '10010': 6, '01100': 16, '00111': 1, '01110': 4, '01001': 2, '00000': 1272, '11101': 4, '11000': 24, '01011': 4, '11001': 1, '10111': 1, '00110': 4, '10101': 9, '01101': 10, '00001': 42, '00010': 26, '00101': 26, '01010': 1, '00100': 41, '10100': 18, '10001': 10, '01111': 2, '01000': 93, '11100': 5, '10000': 345, '10011': 22}}
Measure ON: [[ 0.93652  0.93115  0.90576  1.     ]]
Rotated ON: [[ 0.97185  1.00574  0.97638  1.00121]]
Point on the GPC surface. Proceeding.
Parameters: 
[  5.10223  10.34775]
Fitted wavefunction: 
Alpha: 0.9875582758585891, Beta: 0.15725346350147845, Gamma: 0.0
Distance from GPC plane: 0.005926405230988041
Total Energy: -1.5520252932839758 Hartrees
----------
Circuit counts:{'ii0': {'00011': 70, '10010': 5, '01100': 22, '00111': 3, '01110': 2, '01001': 3, '00000': 1317, '11101': 3, '11000': 20, '01011': 3, '10111': 1, '00110': 3, '10101': 2, '11011': 1, '01101': 15, '00001': 29, '00010': 21, '10100': 16, '01010': 2, '00100': 45, '00101': 20, '11010': 2, '10001': 10, '01000': 88, '11100': 4, '10000': 331, '10011': 10}}
Time to get backend : 5.749613046646118e-05
Time to run tomography : 195.06818090379238
Total time: 195.06823839992285
{'ii': {'00011': 70, '10010': 5, '01100': 22, '00111': 3, '01110': 2, '01001': 3, '00000': 1317, '11101': 3, '11000': 20, '01011': 3, '10111': 1, '00110': 3, '10101': 2, '11011': 1, '01101': 15, '00001': 29, '00010': 21, '00101': 20, '01010': 2, '00100': 45, '10100': 16, '11010': 2, '10001': 10, '01000': 88, '11100': 4, '10000': 331, '10011': 10}}
Measure ON: [[ 0.93994  0.93359  0.91699  1.     ]]
Rotated ON: [[ 0.97462  1.00921  0.98394  0.9999 ]]
Point on the GPC surface. Proceeding.
Parameters: 
[ 5.31555  9.88678]
Fitted wavefunction: 
Alpha: 0.9903520696606862, Beta: 0.13857408891562426, Gamma: 0.0
Distance from GPC plane: 0.010699470304775426
Total Energy: -1.5522024655265194 Hartrees
----------
Circuit counts:{'ii0': {'00011': 56, '10010': 10, '10110': 1, '00111': 2, '01110': 2, '01100': 32, '00000': 1221, '11000': 26, '01011': 6, '11001': 1, '10111': 1, '00110': 1, '10101': 5, '01101': 21, '00001': 41, '00010': 27, '10100': 12, '01010': 1, '00100': 78, '00101': 30, '10001': 8, '01001': 7, '01111': 1, '01000': 106, '11100': 3, '10000': 330, '10011': 19}}
Time to get backend : 5.4717063903808594e-05
Time to run tomography : 179.3462630957365
Total time: 179.3463178128004
{'ii': {'00011': 56, '10010': 10, '01100': 32, '00111': 2, '01110': 2, '01011': 6, '00000': 1221, '11000': 26, '11100': 3, '11001': 1, '10111': 1, '00110': 1, '10101': 5, '01101': 21, '00001': 41, '00010': 27, '00101': 30, '01010': 1, '00100': 78, '10100': 12, '10001': 8, '01001': 7, '01111': 1, '01000': 106, '10110': 1, '10000': 330, '10011': 19}}
Measure ON: [[ 0.93799  0.90771  0.90332  1.     ]]
Rotated ON: [[ 0.97539  0.98309  0.9608   0.99768]]
Point on the GPC surface. Proceeding.
Parameters: 
[ 5.76233  9.43634]
Fitted wavefunction: 
Alpha: 0.9798078024695567, Beta: 0.15440262000553107, Gamma: 0.12702952867426417
Distance from GPC plane: 0.0013375635984603682
Total Energy: -1.5600835411321183 Hartrees
----------
NM: Had to shrink..
[[ 5.78247  9.90784]
 [ 5.31555  9.88678]
 [ 5.76233  9.43634]]
Maximum distance from centroid: 0.5047796769378893
----------
----------
Step: 00, Total Energy: -1.56360681 Sigma: 0.17049304  
----------
----------
Circuit counts:{'ii0': {'00011': 70, '10010': 5, '01100': 23, '00111': 4, '01110': 1, '01001': 2, '00000': 1245, '11101': 2, '11000': 25, '00010': 24, '00110': 2, '10101': 9, '01101': 12, '00001': 47, '01011': 3, '00101': 28, '00100': 54, '10100': 6, '11010': 1, '10001': 14, '01000': 84, '11100': 2, '10000': 374, '10011': 11}}
Time to get backend : 3.56137752532959e-05
Time to run tomography : 300.4871454462409
Total time: 300.48718106001616
{'ii': {'00011': 70, '10010': 5, '01100': 23, '00111': 4, '01110': 1, '01001': 2, '00000': 1245, '11101': 2, '11000': 25, '00010': 24, '00110': 2, '10101': 9, '01101': 12, '00001': 47, '01011': 3, '00101': 28, '00100': 54, '10100': 6, '11010': 1, '10001': 14, '01000': 84, '11100': 2, '10000': 374, '10011': 11}}
Measure ON: [[ 0.94092  0.93018  0.90137  1.     ]]
Rotated ON: [[ 0.97478  1.00045  0.97302  1.00221]]
Point on the GPC surface. Proceeding.
Parameters: 
[ 6.22925  9.4574 ]
Fitted wavefunction: 
Alpha: 0.986788194131159, Beta: 0.16111939901445543, Gamma: 0.01701761395103901
Distance from GPC plane: 0.001273335606999368
Total Energy: -1.556597971227791 Hartrees
----------
NM: Reflection: [ 6.22925  9.4574 ]
-1.55659797123
Circuit counts:{'ii0': {'00011': 59, '10010': 3, '01100': 23, '00111': 1, '01110': 1, '01001': 2, '00000': 1384, '11101': 2, '11000': 15, '11110': 1, '00010': 24, '00110': 2, '10101': 4, '01101': 7, '00001': 34, '01011': 4, '00101': 26, '01010': 2, '00100': 57, '10100': 7, '10001': 9, '01000': 71, '11100': 7, '10000': 286, '10011': 17}}
Time to get backend : 8.136779069900513e-05
Time to run tomography : 300.63867554068565
Total time: 300.63875690847635
{'ii': {'00011': 59, '10010': 3, '01100': 23, '00111': 1, '01110': 1, '01001': 2, '00000': 1384, '11101': 2, '11000': 15, '11110': 1, '00010': 24, '00110': 2, '10101': 4, '01101': 7, '00001': 34, '01011': 4, '10100': 7, '01010': 2, '00100': 57, '00101': 26, '10001': 9, '01000': 71, '11100': 7, '10000': 286, '10011': 17}}
Measure ON: [[ 0.94434  0.93262  0.91943  1.     ]]
Rotated ON: [[ 0.97795  1.00613  0.98443  0.99965]]
Point on the GPC surface. Proceeding.
Parameters: 
[ 5.54398  9.77943]
Fitted wavefunction: 
Alpha: 0.9910354265207384, Beta: 0.13359933899858248, Gamma: 0.0
Distance from GPC plane: 0.007283863570245208
Total Energy: -1.5521317513846649 Hartrees
----------
Circuit counts:{'ii0': {'00011': 72, '10010': 2, '01100': 26, '00111': 3, '01110': 1, '01001': 1, '00000': 1244, '11101': 3, '11000': 30, '01011': 4, '11001': 2, '10111': 3, '00110': 4, '10101': 12, '01101': 12, '00001': 37, '00010': 21, '10100': 10, '01010': 1, '00100': 42, '00101': 28, '10001': 20, '01111': 2, '01000': 81, '11100': 5, '10000': 371, '10011': 11}}
Time to get backend : 7.920712232589722e-05
Time to run tomography : 413.970238186419
Total time: 413.97031739354134
{'ii': {'00011': 72, '10010': 2, '01100': 26, '00111': 3, '01110': 1, '01001': 1, '00000': 1244, '11101': 3, '11000': 30, '01011': 4, '11001': 2, '10111': 3, '00110': 4, '10101': 12, '01101': 12, '00001': 37, '00010': 21, '00101': 28, '01010': 1, '00100': 42, '10100': 10, '10001': 20, '01111': 2, '01000': 81, '11100': 5, '10000': 371, '10011': 11}}
Measure ON: [[ 0.93945  0.92627  0.89746  1.     ]]
Rotated ON: [[ 0.97397  0.99671  0.96856  1.00211]]
Point on the GPC surface. Proceeding.
Parameters: 
[ 6.00082  9.56474]
Fitted wavefunction: 
Alpha: 0.984513201793759, Beta: 0.1635132487704756, Gamma: 0.0632231996210716
Distance from GPC plane: 0.0012164351604499887
Total Energy: -1.5636975587250563 Hartrees
----------
NM: Contracting the triangle.
[ 6.00082  9.56474]
Maximum distance from centroid: 0.32663893924756343
----------
----------
Step: 01, Total Energy: -1.56369756 Sigma: 0.16997605  
----------
----------
Circuit counts:{'ii0': {'00011': 87, '10010': 3, '01100': 20, '00111': 3, '01110': 2, '01001': 3, '00000': 1271, '11101': 7, '11000': 24, '01011': 4, '10111': 1, '10101': 10, '11011': 3, '01101': 29, '00001': 37, '00010': 22, '10100': 15, '01010': 1, '00100': 46, '00101': 26, '11010': 2, '10001': 9, '01111': 2, '01000': 91, '11100': 6, '10000': 303, '10011': 21}}
Time to get backend : 6.128847599029541e-05
Time to run tomography : 177.15698918700218
Total time: 177.15705047547817
{'ii': {'00011': 87, '10010': 3, '01100': 20, '00111': 3, '01110': 2, '01001': 3, '00000': 1271, '11101': 7, '11000': 24, '01011': 4, '10111': 1, '10101': 10, '11011': 3, '01101': 29, '00001': 37, '00010': 22, '00101': 26, '01010': 1, '00100': 46, '10100': 15, '11010': 2, '10001': 9, '01111': 2, '01000': 91, '11100': 6, '10000': 303, '10011': 21}}
Measure ON: [[ 0.92627  0.91846  0.88184  1.     ]]
Rotated ON: [[ 0.96472  0.9937   0.95595  1.00247]]
Point on the GPC surface. Proceeding.
Parameters: 
[  6.02097  10.03624]
Fitted wavefunction: 
Alpha: 0.9781487419544352, Beta: 0.19000551143222041, Gamma: 0.0843975369210272
Distance from GPC plane: 0.0014231830046501986
Total Energy: -1.5629298576152304 Hartrees
----------
NM: Reflection: [  6.02097  10.03624]
-1.56292985762
----------
----------
Step: 02, Total Energy: -1.56369756 Sigma: 0.16997605  
----------
----------
Error in run. Saving optimization object to file.
Optimizing the orbitals.
Initializing the Nelder-Mead optimization class.
---------- 
Step:-01, Init. Energy: -1.56369756 Hartrees
Step: 00, Total Energy: -1.56369756 Sigma: 5.61295324  
Step: 01, Total Energy: -1.56369756 Sigma: 5.78645377  
Step: 02, Total Energy: -1.56369756 Sigma: 5.80715469  
Step: 03, Total Energy: -1.56369756 Sigma: 5.04197262  
Step: 04, Total Energy: -1.56369756 Sigma: 4.72337959  
Step: 05, Total Energy: -1.56422216 Sigma: 4.75138723  
Step: 06, Total Energy: -1.56658381 Sigma: 4.78846934  
Step: 07, Total Energy: -1.56658381 Sigma: 4.95309724  
Step: 08, Total Energy: -1.56744141 Sigma: 5.03402674  
Step: 09, Total Energy: -1.56744141 Sigma: 4.65301300  
Step: 10, Total Energy: -1.56809224 Sigma: 4.59849916  
Step: 11, Total Energy: -1.56810185 Sigma: 3.66258232  
Step: 12, Total Energy: -1.56829818 Sigma: 2.52047803  
Step: 13, Total Energy: -1.56845959 Sigma: 2.05566844  
Step: 14, Total Energy: -1.56876064 Sigma: 1.76246696  
Step: 15, Total Energy: -1.56886746 Sigma: 1.72861497  
Step: 16, Total Energy: -1.56911615 Sigma: 1.75048987  
Step: 17, Total Energy: -1.56922416 Sigma: 1.70878762  
Step: 18, Total Energy: -1.56922416 Sigma: 1.43087287  
Step: 19, Total Energy: -1.56925609 Sigma: 0.92557720  
Step: 20, Total Energy: -1.56929059 Sigma: 0.71375261  
Step: 21, Total Energy: -1.56939967 Sigma: 0.68432158  
Step: 22, Total Energy: -1.56939967 Sigma: 0.66981689  
Step: 23, Total Energy: -1.56940271 Sigma: 0.67091841  
Step: 24, Total Energy: -1.56943918 Sigma: 0.62126970  
Step: 25, Total Energy: -1.56944876 Sigma: 0.58503972  
Step: 26, Total Energy: -1.56944944 Sigma: 0.36914043  
Step: 27, Total Energy: -1.56946139 Sigma: 0.27468293  
Step: 28, Total Energy: -1.56948193 Sigma: 0.26839713  
Step: 29, Total Energy: -1.56950254 Sigma: 0.26544910  
Step: 30, Total Energy: -1.56950254 Sigma: 0.26563504  
Step: 31, Total Energy: -1.56950254 Sigma: 0.26677293  
Step: 32, Total Energy: -1.56950254 Sigma: 0.25631868  
Step: 33, Total Energy: -1.56950254 Sigma: 0.23179086  
Step: 34, Total Energy: -1.56950254 Sigma: 0.24684901  
Step: 35, Total Energy: -1.56950254 Sigma: 0.17978020  
Step: 36, Total Energy: -1.56950254 Sigma: 0.17347655  
Step: 37, Total Energy: -1.56950254 Sigma: 0.14372804  
Step: 38, Total Energy: -1.56950728 Sigma: 0.14325640  
Step: 39, Total Energy: -1.56950728 Sigma: 0.13564596  
Step: 40, Total Energy: -1.56950728 Sigma: 0.13418982  
Step: 41, Total Energy: -1.56951171 Sigma: 0.13339763  
Step: 42, Total Energy: -1.56951211 Sigma: 0.12885632  
Step: 43, Total Energy: -1.56951211 Sigma: 0.13390869  
Step: 44, Total Energy: -1.56951595 Sigma: 0.13397707  
Step: 45, Total Energy: -1.56951595 Sigma: 0.13418486  
Step: 46, Total Energy: -1.56951595 Sigma: 0.13406120  
Step: 47, Total Energy: -1.56951595 Sigma: 0.13264222  
Step: 48, Total Energy: -1.56951595 Sigma: 0.13158469  
Step: 49, Total Energy: -1.56951640 Sigma: 0.09027759  
Step: 50, Total Energy: -1.56951640 Sigma: 0.09004764  
Step: 51, Total Energy: -1.56952084 Sigma: 0.14586408  
Step: 52, Total Energy: -1.56952084 Sigma: 0.14541725  
Step: 53, Total Energy: -1.56952084 Sigma: 0.14521091  
Step: 54, Total Energy: -1.56952457 Sigma: 0.17056930  
Step: 55, Total Energy: -1.56952457 Sigma: 0.17280399  
Step: 56, Total Energy: -1.56952457 Sigma: 0.17046394  
Step: 57, Total Energy: -1.56952457 Sigma: 0.15786177  
Step: 58, Total Energy: -1.56952457 Sigma: 0.13624927  
Step: 59, Total Energy: -1.56952494 Sigma: 0.09612718  
Step: 60, Total Energy: -1.56953370 Sigma: 0.12327592  
Step: 61, Total Energy: -1.56953370 Sigma: 0.12289551  
Step: 62, Total Energy: -1.56953370 Sigma: 0.12271479  
Step: 63, Total Energy: -1.56953370 Sigma: 0.12269357  
Step: 64, Total Energy: -1.56953370 Sigma: 0.12232728  
Step: 65, Total Energy: -1.56953370 Sigma: 0.12188212  
Step: 66, Total Energy: -1.56953370 Sigma: 0.11765832  
Step: 67, Total Energy: -1.56953370 Sigma: 0.11254613  
Step: 68, Total Energy: -1.56953370 Sigma: 0.11335082  
Step: 69, Total Energy: -1.56953370 Sigma: 0.11077365  
Step: 70, Total Energy: -1.56953683 Sigma: 0.14646618  
Step: 71, Total Energy: -1.56953683 Sigma: 0.14221112  
Step: 72, Total Energy: -1.56953683 Sigma: 0.14603459  
Step: 73, Total Energy: -1.56953941 Sigma: 0.16492669  
Step: 74, Total Energy: -1.56953945 Sigma: 0.16936364  
Step: 75, Total Energy: -1.56954009 Sigma: 0.15089747  
Step: 76, Total Energy: -1.56954139 Sigma: 0.09284975  
Step: 77, Total Energy: -1.56954139 Sigma: 0.07781120  
Step: 78, Total Energy: -1.56954139 Sigma: 0.04722799  
Step: 79, Total Energy: -1.56954180 Sigma: 0.04618916  
Step: 80, Total Energy: -1.56954180 Sigma: 0.04817431  
Step: 81, Total Energy: -1.56954213 Sigma: 0.04524650  
Step: 82, Total Energy: -1.56954225 Sigma: 0.03765783  
Step: 83, Total Energy: -1.56954229 Sigma: 0.03821601  
Step: 84, Total Energy: -1.56954252 Sigma: 0.02089264  
Step: 85, Total Energy: -1.56954265 Sigma: 0.02057910  
Step: 86, Total Energy: -1.56954265 Sigma: 0.02216975  
Step: 87, Total Energy: -1.56954278 Sigma: 0.02122353  
Step: 88, Total Energy: -1.56954278 Sigma: 0.02055291  
Step: 89, Total Energy: -1.56954286 Sigma: 0.02024690  
Step: 90, Total Energy: -1.56954286 Sigma: 0.01122083  
Step: 91, Total Energy: -1.56954286 Sigma: 0.01093964  
Step: 92, Total Energy: -1.56954289 Sigma: 0.01138105  
Step: 93, Total Energy: -1.56954289 Sigma: 0.00536684  
Step: 94, Total Energy: -1.56954294 Sigma: 0.00550120  
Step: 95, Total Energy: -1.56954295 Sigma: 0.00555528  
Step: 96, Total Energy: -1.56954299 Sigma: 0.00533742  
Step: 97, Total Energy: -1.56954299 Sigma: 0.00526057  
Step: 98, Total Energy: -1.56954299 Sigma: 0.00487093  
Step: 99, Total Energy: -1.56954299 Sigma: 0.00490614  
Step: 100, Total Energy: -1.56954299 Sigma: 0.00267431  
Step: 101, Total Energy: -1.56954299 Sigma: 0.00267854  
Step: 102, Total Energy: -1.56954299 Sigma: 0.00271554  
Step: 103, Total Energy: -1.56954303 Sigma: 0.00379235  
Step: 104, Total Energy: -1.56954303 Sigma: 0.00380070  
Step: 105, Total Energy: -1.56954303 Sigma: 0.00380051  
Step: 106, Total Energy: -1.56954303 Sigma: 0.00387704  
Step: 107, Total Energy: -1.56954303 Sigma: 0.00372246  
Step: 108, Total Energy: -1.56954303 Sigma: 0.00388041  
Step: 109, Total Energy: -1.56954303 Sigma: 0.00366648  
Step: 110, Total Energy: -1.56954303 Sigma: 0.00327659  
Step: 111, Total Energy: -1.56954303 Sigma: 0.00324052  
Step: 112, Total Energy: -1.56954303 Sigma: 0.00330935  
Step: 113, Total Energy: -1.56954304 Sigma: 0.00252850  
Step: 114, Total Energy: -1.56954305 Sigma: 0.00330446  
Step: 115, Total Energy: -1.56954305 Sigma: 0.00275553  
Step: 116, Total Energy: -1.56954305 Sigma: 0.00272297  
Step: 117, Total Energy: -1.56954305 Sigma: 0.00271873  
Step: 118, Total Energy: -1.56954305 Sigma: 0.00277670  
Step: 119, Total Energy: -1.56954305 Sigma: 0.00274480  
Step: 120, Total Energy: -1.56954306 Sigma: 0.00272867  
Step: 121, Total Energy: -1.56954306 Sigma: 0.00275992  
Step: 122, Total Energy: -1.56954306 Sigma: 0.00273541  
Step: 123, Total Energy: -1.56954306 Sigma: 0.00253069  
Step: 124, Total Energy: -1.56954306 Sigma: 0.00193824  
Step: 125, Total Energy: -1.56954306 Sigma: 0.00179223  
Step: 126, Total Energy: -1.56954306 Sigma: 0.00173168  
Step: 127, Total Energy: -1.56954306 Sigma: 0.00173095  
Step: 128, Total Energy: -1.56954306 Sigma: 0.00168766  
Step: 129, Total Energy: -1.56954306 Sigma: 0.00170138  
Step: 130, Total Energy: -1.56954306 Sigma: 0.00163331  
Step: 131, Total Energy: -1.56954306 Sigma: 0.00163458  
Step: 132, Total Energy: -1.56954306 Sigma: 0.00163777  
Step: 133, Total Energy: -1.56954306 Sigma: 0.00163997  
Step: 134, Total Energy: -1.56954306 Sigma: 0.00157370  
Step: 135, Total Energy: -1.56954306 Sigma: 0.00103012  
Step: 136, Total Energy: -1.56954306 Sigma: 0.00102356  
Step: 137, Total Energy: -1.56954306 Sigma: 0.00100161  
Step: 138, Total Energy: -1.56954306 Sigma: 0.00100148  
Step: 139, Total Energy: -1.56954306 Sigma: 0.00087480  
Step: 140, Total Energy: -1.56954306 Sigma: 0.00083702  
Step: 141, Total Energy: -1.56954306 Sigma: 0.00083626  
Step: 142, Total Energy: -1.56954306 Sigma: 0.00083605  
Step: 143, Total Energy: -1.56954306 Sigma: 0.00083630  
Step: 144, Total Energy: -1.56954306 Sigma: 0.00082110  
Step: 145, Total Energy: -1.56954306 Sigma: 0.00082115  
Step: 146, Total Energy: -1.56954306 Sigma: 0.00081863  
Step: 147, Total Energy: -1.56954306 Sigma: 0.00081862  
Step: 148, Total Energy: -1.56954306 Sigma: 0.00063984  
Step: 149, Total Energy: -1.56954306 Sigma: 0.00059437  
Step: 150, Total Energy: -1.56954306 Sigma: 0.00050340  
Step: 151, Total Energy: -1.56954306 Sigma: 0.00037359  
Step: 152, Total Energy: -1.56954306 Sigma: 0.00036603  
Step: 153, Total Energy: -1.56954306 Sigma: 0.00036600  
Step: 154, Total Energy: -1.56954306 Sigma: 0.00028179  
Step: 155, Total Energy: -1.56954306 Sigma: 0.00028179  
Step: 156, Total Energy: -1.56954306 Sigma: 0.00028166  
Step: 157, Total Energy: -1.56954306 Sigma: 0.00028287  
Step: 158, Total Energy: -1.56954306 Sigma: 0.00025681  
Step: 159, Total Energy: -1.56954306 Sigma: 0.00022049  
Step: 160, Total Energy: -1.56954306 Sigma: 0.00016783  
Step: 161, Total Energy: -1.56954306 Sigma: 0.00016789  
Step: 162, Total Energy: -1.56954306 Sigma: 0.00016789  
Step: 163, Total Energy: -1.56954306 Sigma: 0.00016773  
Step: 164, Total Energy: -1.56954306 Sigma: 0.00016773  
Step: 165, Total Energy: -1.56954306 Sigma: 0.00016771  
Step: 166, Total Energy: -1.56954306 Sigma: 0.00016656  
Step: 167, Total Energy: -1.56954306 Sigma: 0.00013406  
Step: 168, Total Energy: -1.56954306 Sigma: 0.00013402  
Step: 169, Total Energy: -1.56954306 Sigma: 0.00013134  
Step: 170, Total Energy: -1.56954306 Sigma: 0.00013135  
Step: 171, Total Energy: -1.56954306 Sigma: 0.00008479  
Criteria met for convergence.
----------
Checking orbital and occupation energies for convergence...
----------
Total number of iterations: 1
##########
ERROR: encountered some error along the way. Run is likely
not fully converged. Check what went wrong.
##########
------------------------------
------------------------------
## Energy Evaluation ## 
Final energy                : -1.56954306 Hartrees
Final sigma                 : 0.00584550

Hartree Fock Energy         : -1.53210144 Hartrees
Full CI energy              : -1.57110702 Hartrees
Difference in target and FCI  :  1.56395 mHartrees
----------
Correlation energy recovered: -37.44162 mHartrees
Correlation energy recovered: 95.990 %
------------------------------
------------------------------
Wavefunction (Hamiltonian basis):
 |110100>: 0.984513201793759
 |011001>: 0.0632231996210716
 |101010>: 0.1635132487704756
----------
1-Electron Reduced Density Matrix:
[[ 0.99600+0.j  0.00000+0.j  0.00000+0.j  0.00000+0.j  0.00000+0.j
   0.00000+0.j]
 [ 0.00000+0.j  0.97326+0.j  0.00000+0.j  0.00000+0.j  0.00000+0.j
   0.00000+0.j]
 [ 0.00000+0.j  0.00000+0.j  0.03073+0.j  0.00000+0.j  0.00000+0.j
   0.00000+0.j]
 [ 0.00000+0.j  0.00000+0.j  0.00000+0.j  0.96927+0.j  0.00000+0.j
   0.00000+0.j]
 [ 0.00000+0.j  0.00000+0.j  0.00000+0.j  0.00000+0.j  0.02674+0.j
   0.00000+0.j]
 [ 0.00000+0.j  0.00000+0.j  0.00000+0.j  0.00000+0.j  0.00000+0.j
   0.00400+0.j]]
Total orbital energy evaluations   : 396
Total occupation energy evaluations: 46
