----------
--START---
----------
Taking parameters from config file. Must be specified elsewhere.
Importing run parameters.
----------
Run on: 2018-08-22T10:58:56.688399
----------
#
# ./ibm.txt
# reused as h3.txt
#
# IBM specific input for runs with ./main.py
#
#

# General
restart= no
print= yes
wait= yes
max_iter= 10
mapping= zeta
chem_orb= HF
#opt_crit= 0.000001
#opt_crit= 0.001
opt_crit= 0.0001

# Occupation Number optimizers
occ_method= stretch
occ_seed= user
occ_optimizer= NM
occ_opt_crit= default
occ_opt_thresh= 0.1
occ_increase= no
occ_energy= qc
occ_nm_simplex= 30
occ_gd_gradient= numerical
occ_max_iter= 40
occ_load_triangle= no
occ_method_Ntri= 3

# Input for the orbital optimizer (for chem_orb /= FCI)
orb_nm_simplex= 15
orb_optimizer= NM
orb_opt_crit= default
# for GD
#orb_opt_thresh= 0.00000001
# for NM
orb_opt_thresh= 0.0001
orb_method= givens
orb_max_iter= 2000
orb_gd_gradient= analytical
orb_print= no

# Input for the quantum algorithm
qc_backend= ibmqx4
qc_num_shots= 2048
qc_order= default
qc_algorithm= affine_2p_curved_tenerife
qc_combine= no
qc_verbose= yes
qc_connect= yes
$ 0 0 
----------
Hello. Beginning a hybrid quantum classical optimization
to find the ground state energy of your target molecule. 
Let's begin!
----------
Molecular parameters:
mol = gto.Mole()
mol.atom = '''H 0 0 0; H 0 0 -0.9374; H 0 0 0.9374'''
mol.basis = 'sto-3g'
mol.spin=1
mol.verbose=2
mol.build()
----------
Run is connected to the IBMQuantumExperience.
Checking for config file.
----------
Backend configuration file written.
Stored in following location:
/home/sesmart/3_vqa/hqca/results/logs/20180822_ibmqx4
----------
Getting the electron integrals in the Hartree-Fock basis.
Electron integrals obtained. Moving forward.
----------
Wavefunction mapping is: zeta
Nuclear energy: 1.41128977 Hartrees
Quantum algorithm: affine_2p_curved_tenerife
Quantum backend: ibmqx4
----------
Measuring triangle for generating an  affine transformation.
Please make sure your circuit rotation is in 2D.
----------
Iteration: 0, Length: 0.8456486010028472, Difference:0.15435139899715278
--- Final f,x: [array([ 0.69134172,  0.69134172,  0.5732233 ])],[33.75] --- 
Iteration: 1, Length: 0.8603471610579805, Difference:0.014698560055133258
Difference in points: 14.0625
Iteration: 2, Length: 0.8763740208045012, Difference:0.01602685974652074
Difference in points: 0.703125
Iteration: 3, Length: 0.8867191039948074, Difference:0.010345083190306137
Difference in points: 0.87890625
Iteration: 4, Length: 0.8925716254780285, Difference:0.005852521483221129
Difference in points: 0.5712890625
Iteration: 5, Length: 0.895683848378818, Difference:0.0031122229007894964
Difference in points: 0.37353515625
Iteration: 6, Length: 0.8972885342945068, Difference:0.0016046859156888527
Difference in points: 0.16204833984375
Iteration: 7, Length: 0.8981032807479221, Difference:0.0008147464534152826
Difference in points: 0.092010498046875
Iteration: 8, Length: 0.8985137870912561, Difference:0.00041050634333394953
Difference in points: 0.0460052490234375
Iteration: 9, Length: 0.8987198275507802, Difference:0.00020604045952410388
Difference in points: 0.02300262451171875
Iteration: 10, Length: 0.8988230451020512, Difference:0.00010321755127107313
Difference in points: 0.011501312255859375
Iteration: 11, Length: 0.8988747032704, Difference:5.1658168348733824e-05
Difference in points: 0.00523298978805542
Iteration: 0, Length: 0.6123724356957945, Difference:0.38762756430420553
--- Final f,x: [array([ 0.8125,  0.8125,  0.625 ])],[0.75] --- 
Iteration: 1, Length: 0.6123724356957945, Difference:0.0
Difference in points: 0.3125
Iteration: 2, Length: 0.6123724356957946, Difference:1.1102230246251565e-16
Difference in points: 0.09375
Iteration: 3, Length: 0.6123724356957946, Difference:0.0
Difference in points: 0.01171875
Iteration: 4, Length: 0.6123724356957944, Difference:2.220446049250313e-16
Difference in points: 0.021484375
Iteration: 5, Length: 0.6123724356957942, Difference:1.1102230246251565e-16
Difference in points: 0.004638671875
Targets: [[1, 1, 1], [0.91534423828125, 0.91534423828125, 0.8306884765625], [0.8345947265625, 0.8345947265625, 0.669189453125], [0.75, 0.75, 0.5]]
Parameters: [[0, 45], [0, 0], [21.462046802043915, 21.462046802043915]]
'The same provider has already been registered!'
Circuit counts:{'ii0': {'10110': 1, '00101': 14, '00001': 81, '00100': 37, '01000': 23, '10011': 17, '10001': 1, '10111': 1, '01100': 13, '10010': 4, '10000': 19, '01111': 9, '00110': 5, '00000': 851, '01110': 1, '01010': 1, '00111': 33, '00011': 818, '00010': 88, '01101': 5, '01001': 3, '01011': 23}}
Time to get backend : 5.43445348739624e-05
Time to run tomography : 679.2871002703905
Total time: 679.2871546149254
{'ii': {'10110': 1, '00101': 14, '00001': 81, '00100': 37, '01000': 23, '10011': 17, '00011': 818, '10001': 1, '01100': 13, '10010': 4, '10000': 19, '01111': 9, '00110': 5, '00000': 851, '01110': 1, '10111': 1, '01010': 1, '00111': 33, '00010': 88, '01101': 5, '01001': 3, '01011': 23}}
Vertex: [ 0.05810547  0.48876953  0.49072266  0.50927734  0.51123047  0.94189453]
'The same provider has already been registered!'
----------------------------------------
--- There are 021 runs in queue. -----
--- Waited 00000 minutes so far. ----
----------------------------------------
----------------------------------------
--- There are 012 runs in queue. -----
--- Waited 00005 minutes so far. ----
----------------------------------------
Circuit counts:{'ii0': {'00101': 13, '00001': 67, '10000': 30, '01111': 1, '00110': 1, '10101': 2, '01110': 1, '00111': 1, '00100': 68, '00010': 15, '01000': 17, '10011': 1, '00011': 29, '00000': 1769, '01101': 6, '01100': 26, '01011': 1}}
Time to get backend : 0.00010235607624053955
Time to run tomography : 1228.1377883851528
Total time: 1228.137890741229
{'ii': {'00101': 13, '10000': 30, '01111': 1, '00110': 1, '00001': 67, '01110': 1, '00111': 1, '00100': 68, '00010': 15, '01000': 17, '10011': 1, '00011': 29, '01101': 6, '00000': 1769, '10101': 2, '01100': 26, '01011': 1}}
Vertex: [ 0.02441406  0.05810547  0.05908203  0.94091797  0.94189453  0.97558594]
'The same provider has already been registered!'
----------------------------------------
--- There are 013 runs in queue. -----
--- Waited 00000 minutes so far. ----
----------------------------------------
Circuit counts:{'ii0': {'10110': 1, '00101': 158, '11101': 1, '00001': 45, '00100': 62, '01000': 14, '10011': 1, '10001': 1, '10111': 1, '01100': 34, '10100': 1, '10000': 22, '01111': 6, '00110': 31, '00000': 1342, '01110': 16, '00111': 9, '00011': 206, '00010': 34, '01101': 58, '01001': 1, '01011': 4}}
Time to get backend : 0.00011567771434783936
Time to run tomography : 545.2812219709158
Total time: 545.2813376486301
{'ii': {'10110': 1, '00101': 158, '11101': 1, '00001': 45, '00100': 62, '01000': 14, '10011': 1, '00011': 206, '10001': 1, '01100': 34, '10100': 1, '10000': 22, '01111': 6, '00110': 31, '00000': 1342, '01110': 16, '10111': 1, '00111': 9, '00010': 34, '01101': 58, '01001': 1, '01011': 4}}
Vertex: [ 0.15087891  0.18457031  0.23974609  0.76025391  0.81542969  0.84912109]
Parameters: [[0, 45], [21.462046802043915, 21.462046802043915], [33.115695118904114, 33.115695118904114]]
'The same provider has already been registered!'
Circuit counts:{'ii0': {'10110': 2, '00101': 12, '00001': 88, '00100': 30, '01000': 7, '10011': 9, '00011': 873, '11001': 1, '01100': 15, '10010': 2, '10100': 1, '10000': 17, '01111': 10, '00110': 8, '01001': 1, '01110': 4, '01010': 2, '00111': 26, '00010': 110, '01101': 9, '00000': 812, '01011': 9}}
Time to get backend : 3.479421138763428e-05
Time to run tomography : 162.71862861514091
Total time: 162.7186634093523
{'ii': {'10110': 2, '00101': 12, '00001': 88, '00100': 30, '01000': 7, '10011': 9, '00011': 873, '11001': 1, '01100': 15, '10010': 2, '10100': 1, '10000': 17, '01111': 10, '00110': 8, '00000': 812, '01110': 4, '01010': 2, '00111': 26, '00010': 110, '01101': 9, '01001': 1, '01011': 9}}
Vertex: [ 0.05712891  0.48486328  0.49316406  0.50683594  0.51513672  0.94287109]
'The same provider has already been registered!'
Circuit counts:{'ii0': {'10110': 1, '00101': 155, '11101': 2, '10101': 1, '11110': 2, '00100': 62, '01000': 16, '10011': 3, '00011': 242, '01100': 32, '10010': 1, '10000': 26, '01111': 4, '00110': 28, '00000': 1279, '01110': 14, '11000': 1, '00111': 6, '00010': 30, '01101': 80, '01001': 2, '00001': 54, '01011': 7}}
Time to get backend : 3.515183925628662e-05
Time to run tomography : 96.45730566233397
Total time: 96.45734081417322
{'ii': {'10110': 1, '00101': 155, '11101': 2, '10101': 1, '11110': 2, '00100': 62, '01000': 16, '10011': 3, '00011': 242, '01100': 32, '10010': 1, '10000': 26, '01111': 4, '00110': 28, '00000': 1279, '01110': 14, '11000': 1, '00111': 6, '00010': 30, '01101': 80, '01001': 2, '00001': 54, '01011': 7}}
Vertex: [ 0.16503906  0.18896484  0.27148438  0.72851562  0.81103516  0.83496094]
'The same provider has already been registered!'
Circuit counts:{'ii0': {'10110': 4, '00101': 252, '10101': 5, '01011': 9, '10011': 3, '01000': 32, '10010': 1, '00011': 342, '10111': 1, '01100': 34, '11000': 1, '10100': 1, '10000': 9, '01111': 5, '00110': 156, '01001': 7, '01110': 59, '01010': 1, '00111': 20, '00010': 64, '01101': 126, '00000': 781, '00001': 68, '00100': 67}}
Time to get backend : 3.674626350402832e-05
Time to run tomography : 163.21427415311337
Total time: 163.21431089937687
{'ii': {'10110': 4, '00101': 252, '10101': 5, '01011': 9, '01010': 1, '01000': 32, '10011': 3, '00011': 342, '10111': 1, '01100': 34, '10010': 1, '10100': 1, '10000': 9, '01111': 5, '00110': 156, '00000': 781, '01110': 59, '11000': 1, '00111': 20, '00010': 64, '01101': 126, '01001': 7, '00001': 68, '00100': 67}}
Vertex: [ 0.32470703  0.35644531  0.40917969  0.59082031  0.64355469  0.67529297]
Parameters: [[0, 45], [33.115695118904114, 33.115695118904114], [45, 45]]
'The same provider has already been registered!'
Circuit counts:{'ii0': {'10010': 1, '00101': 8, '10000': 13, '01111': 11, '00110': 4, '00000': 857, '00001': 74, '01010': 1, '00111': 27, '00100': 27, '10001': 3, '00010': 86, '01000': 10, '10011': 14, '00011': 872, '01001': 2, '01101': 11, '01100': 10, '01011': 17}}
Time to get backend : 3.4928321838378906e-05
Time to run tomography : 165.34178046137094
Total time: 165.34181538969278
{'ii': {'01010': 1, '00101': 8, '10000': 13, '01111': 11, '00110': 4, '01001': 2, '00001': 74, '10010': 1, '00111': 27, '00100': 27, '00010': 86, '01000': 10, '10011': 14, '10001': 3, '01101': 11, '00000': 857, '00011': 872, '01100': 10, '01011': 17}}
Vertex: [ 0.04785156  0.49267578  0.49560547  0.50439453  0.50732422  0.95214844]
'The same provider has already been registered!'
Circuit counts:{'ii0': {'10110': 6, '00101': 261, '11101': 2, '00001': 57, '00100': 73, '01000': 21, '10011': 4, '10001': 2, '10111': 1, '01100': 38, '10100': 1, '10000': 9, '01111': 4, '00110': 126, '01110': 65, '11000': 1, '00111': 22, '00011': 354, '00010': 54, '01101': 135, '00000': 806, '10101': 2, '01011': 4}}
Time to get backend : 7.18533992767334e-05
Time to run tomography : 100.47097299993038
Total time: 100.47104485332966
{'ii': {'10110': 6, '00101': 261, '11101': 2, '00001': 57, '00100': 73, '01000': 21, '10011': 4, '00011': 354, '10001': 2, '01100': 38, '10100': 1, '10000': 9, '01111': 4, '00110': 126, '01110': 65, '10111': 1, '11000': 1, '00111': 22, '00010': 54, '01101': 135, '00000': 806, '10101': 2, '01011': 4}}
Vertex: [ 0.3125     0.359375   0.4140625  0.5859375  0.640625   0.6875   ]
'The same provider has already been registered!'
Circuit counts:{'ii0': {'10110': 7, '00101': 301, '11101': 2, '00001': 77, '11110': 2, '00100': 86, '01000': 6, '10011': 4, '10001': 1, '00011': 423, '01100': 39, '10010': 2, '10000': 7, '01111': 8, '00110': 329, '01001': 1, '01110': 123, '01010': 1, '00111': 32, '11100': 1, '00010': 82, '01101': 90, '00000': 412, '10101': 3, '01011': 9}}
Time to get backend : 3.4108757972717285e-05
Time to run tomography : 123.94029673933983
Total time: 123.9403308480978
{'ii': {'10110': 7, '00101': 301, '11101': 2, '00001': 77, '11110': 2, '00100': 86, '01000': 6, '10011': 4, '00011': 423, '10001': 1, '11100': 1, '10010': 2, '10000': 7, '01111': 8, '00110': 329, '00000': 412, '01110': 123, '01010': 1, '00111': 32, '01100': 39, '00010': 82, '01101': 90, '01001': 1, '10101': 3, '01011': 9}}
Vertex: [ 0.46435547  0.49902344  0.49951172  0.50048828  0.50097656  0.53564453]
Succefully have the triangulation. Proceeding with optimization.
----------
Optimizing the wavefunction.
Initializing the Nelder-Mead optimization class.
---------- 
Circuit counts:{'ii0': {'10110': 1, '00101': 14, '10100': 2, '10000': 18, '01111': 1, '00110': 3, '00000': 1763, '00001': 40, '11000': 2, '00111': 3, '00100': 55, '10001': 1, '00010': 11, '01000': 55, '10011': 1, '00011': 38, '01001': 1, '01101': 8, '01100': 30, '01011': 1}}
Time to get backend : 5.492568016052246e-05
Time to run tomography : 361.76065983623266
Total time: 361.7607147619128
{'ii': {'10110': 1, '00101': 14, '10100': 2, '10000': 18, '01111': 1, '00110': 3, '01001': 1, '00001': 40, '11000': 2, '00111': 3, '00100': 55, '00010': 11, '01000': 55, '10011': 1, '10001': 1, '01101': 8, '00000': 1763, '00011': 38, '01100': 30, '01011': 1}}
Measure ON: [[ 0.97119141  0.94726562  0.94287109  1.        ]]
Rotated ON: [[ 0.99643306  1.00841394  1.00462937  1.00021762]]
Point on the GPC surface. Proceeding.
Parameters: 
[ 0.  0.]
Fitted wavefunction: 
Alpha: 1.0, Beta: 0.0, Gamma: 0.0
Distance from GPC plane: 0.009589932342060166
Total Energy: -1.5321014384957903 Hartrees
----------
Circuit counts:{'ii0': {'10110': 1, '00101': 352, '11101': 2, '11111': 1, '00001': 56, '00100': 92, '01000': 30, '10001': 1, '00011': 15, '01100': 43, '10010': 1, '10100': 1, '10000': 23, '01111': 2, '00110': 10, '01001': 2, '01110': 1, '11000': 1, '00111': 10, '00010': 12, '01101': 131, '00000': 1253, '10101': 8}}
Time to get backend : 3.526359796524048e-05
Time to run tomography : 121.54486287385225
Total time: 121.54489813745022
{'ii': {'10110': 1, '00101': 352, '11101': 2, '11111': 1, '00001': 56, '00100': 92, '01000': 30, '00011': 15, '10001': 1, '01100': 43, '10010': 1, '10100': 1, '10000': 23, '01111': 2, '00110': 10, '00000': 1253, '01110': 1, '11000': 1, '00111': 10, '00010': 12, '01101': 131, '01001': 2, '10101': 8}}
Measure ON: [[ 0.97412  0.7168   0.68066  1.     ]]
Rotated ON: [[ 1.00343  0.71911  0.72192  1.00062]]
Point on the GPC surface. Proceeding.
Parameters: 
[ 30.   0.]
Fitted wavefunction: 
Alpha: 0.8492278874610999, Beta: 0.5280265099011199, Gamma: 0.0
Distance from GPC plane: 0.0036036039523673906
Total Energy: -1.3944283875758834 Hartrees
----------
Circuit counts:{'ii0': {'10010': 1, '00101': 13, '11101': 1, '10100': 2, '10000': 24, '01111': 5, '00110': 9, '00001': 54, '11000': 1, '00111': 15, '00011': 448, '11100': 1, '00100': 55, '00010': 49, '01000': 14, '10011': 7, '10001': 2, '00000': 1313, '01101': 5, '01100': 26, '01011': 3}}
Time to get backend : 3.70517373085022e-05
Time to run tomography : 394.08711598813534
Total time: 394.08715303987265
{'ii': {'11000': 1, '00101': 13, '11101': 1, '10100': 2, '10000': 24, '01111': 5, '00110': 9, '00001': 54, '10010': 1, '00111': 15, '00100': 55, '01100': 26, '00010': 49, '01000': 14, '10011': 7, '00011': 448, '01101': 5, '00000': 1313, '10001': 2, '11100': 1, '01011': 3}}
Measure ON: [[ 0.93555  0.73779  0.72998  1.     ]]
Rotated ON: [[ 0.9828   0.77742  0.76108  0.99914]]
Point on the GPC surface. Proceeding.
Parameters: 
[  0.  30.]
Fitted wavefunction: 
Alpha: 0.872232062343311, Beta: 0.47148202454775273, Gamma: 0.13006125460215515
Distance from GPC plane: 0.0004969472879054194
Total Energy: -1.4528076109474823 Hartrees
----------
Step:-01, Init. Energy: -1.53210144 Hartrees
Circuit counts:{'ii0': {'10110': 1, '00101': 182, '11101': 2, '10101': 3, '00100': 86, '01000': 10, '10011': 6, '10001': 2, '00011': 342, '01100': 28, '01001': 2, '10100': 2, '10000': 12, '01111': 5, '00110': 92, '11011': 1, '01110': 36, '11000': 1, '00111': 16, '00010': 53, '01101': 92, '00000': 1021, '00001': 51, '01011': 2}}
Time to get backend : 3.714859485626221e-05
Time to run tomography : 302.1736695021391
Total time: 302.17370665073395
{'ii': {'10110': 1, '00101': 182, '11101': 2, '10101': 3, '00000': 1021, '00100': 86, '01000': 10, '10011': 6, '00011': 342, '10001': 2, '01100': 28, '10100': 2, '10000': 12, '01111': 5, '00110': 92, '11011': 1, '01110': 36, '11000': 1, '00111': 16, '00010': 53, '01101': 92, '01001': 2, '00001': 51, '01011': 2}}
Measure ON: [[ 0.73389  0.72949  0.65527  1.     ]]
Rotated ON: [[ 0.86241  0.88965  0.75224  0.99982]]
Point on the GPC surface. Proceeding.
Parameters: 
[-30.  30.]
Fitted wavefunction: 
Alpha: 0.8672838546200372, Beta: 0.37084419724505624, Gamma: -0.3321043463808928
Distance from GPC plane: 0.00010336917946496273
Total Energy: -1.1733794269695044 Hartrees
----------
NM: Reflection: [-30.  30.]
-1.17337942697
Circuit counts:{'ii0': {'00101': 91, '11101': 1, '10100': 2, '10000': 14, '01111': 1, '00110': 5, '00001': 50, '01110': 2, '11000': 1, '00111': 1, '00100': 78, '10001': 1, '00010': 17, '01000': 12, '10011': 1, '00011': 68, '01101': 37, '00000': 1635, '10101': 1, '01100': 29, '01011': 1}}
Time to get backend : 3.445148468017578e-05
Time to run tomography : 161.41585445404053
Total time: 161.4158889055252
{'ii': {'00101': 91, '11101': 1, '10100': 2, '10000': 14, '01111': 1, '00110': 5, '00001': 50, '01110': 2, '11000': 1, '00111': 1, '10101': 1, '00100': 78, '00010': 17, '01000': 12, '10011': 1, '10001': 1, '01101': 37, '00000': 1635, '00011': 68, '01100': 29, '01011': 1}}
Measure ON: [[ 0.95312  0.87891  0.87646  1.     ]]
Rotated ON: [[ 0.98766  0.93842  0.92731  0.99877]]
Point on the GPC surface. Proceeding.
Parameters: 
[ 15.    7.5]
Fitted wavefunction: 
Alpha: 0.9627573053477211, Beta: 0.24732916316929407, Gamma: 0.10920923058776505
Distance from GPC plane: 0.0007085861339662173
Total Energy: -1.5539204495276402 Hartrees
----------
Circuit counts:{'ii0': {'10110': 1, '00101': 68, '00001': 39, '00000': 1395, '00100': 67, '01000': 16, '10011': 2, '10001': 1, '10111': 1, '01100': 22, '10000': 29, '01111': 5, '00110': 26, '11011': 1, '01110': 7, '11000': 2, '00111': 17, '00011': 289, '00010': 33, '01101': 20, '01001': 1, '10101': 2, '01011': 4}}
Time to get backend : 3.51443886756897e-05
Time to run tomography : 101.86012936383486
Total time: 101.86016450822353
{'ii': {'10110': 1, '00101': 68, '00001': 39, '00000': 1395, '00100': 67, '01000': 16, '10011': 2, '00011': 289, '10001': 1, '01100': 22, '10000': 29, '01111': 5, '00110': 26, '11011': 1, '01110': 7, '10111': 1, '11000': 2, '00111': 17, '00010': 33, '01101': 20, '01001': 1, '10101': 2, '01011': 4}}
Measure ON: [[ 0.88477  0.81152  0.78027  1.     ]]
Rotated ON: [[ 0.94188  0.894    0.8372   0.99868]]
Point on the GPC surface. Proceeding.
Parameters: 
[-15.   22.5]
Fitted wavefunction: 
Alpha: 0.9147475816901025, Beta: 0.3248950514890565, Gamma: -0.24016674896836285
Distance from GPC plane: 0.0007630231638276198
Total Energy: -1.3264889219768068 Hartrees
----------
NM: Contracting the triangle.
[ 15.    7.5]
Maximum distance from centroid: 27.300412084801945
----------
----------
Step: 00, Total Energy: -1.55392045 Sigma: 12.27585439  
----------
----------
Circuit counts:{'ii0': {'00001': 54, '00101': 97, '10100': 2, '10000': 23, '01111': 2, '00110': 16, '00000': 1413, '10101': 2, '01110': 7, '10010': 1, '00111': 8, '00100': 76, '00010': 37, '01000': 15, '10011': 3, '00011': 232, '01001': 1, '01101': 33, '01100': 25, '01011': 1}}
Time to get backend : 3.429502248764038e-05
Time to run tomography : 131.10797668248415
Total time: 131.10801097750664
{'ii': {'00101': 97, '10100': 2, '10000': 23, '01111': 2, '00110': 16, '01001': 1, '00001': 54, '01110': 7, '10010': 1, '00111': 8, '00100': 76, '00010': 37, '01000': 15, '10011': 3, '00011': 232, '01101': 33, '00000': 1413, '10101': 2, '01100': 25, '01011': 1}}
Measure ON: [[ 0.86914  0.8501   0.78857  1.     ]]
Rotated ON: [[ 0.92707  0.94169  0.86615  1.00261]]
Point on the GPC surface. Proceeding.
Parameters: 
[ 15.  -22.5]
Fitted wavefunction: 
Alpha: 0.9311388368022858, Beta: -0.27166377174698775, Gamma: 0.2432678805734261
Distance from GPC plane: 0.001506643562034088
Total Energy: -1.3230430448055945 Hartrees
----------
NM: Reflection: [ 15.  -22.5]
-1.32304304481
Circuit counts:{'ii0': {'00101': 11, '11111': 1, '00001': 48, '01011': 1, '01000': 14, '10011': 5, '10001': 1, '11001': 1, '00011': 187, '11100': 1, '10010': 1, '10000': 14, '01111': 3, '00110': 8, '11011': 1, '01110': 1, '01010': 1, '00111': 8, '01100': 30, '00010': 29, '01101': 9, '00000': 1597, '10101': 1, '00100': 75}}
Time to get backend : 3.460794687271118e-05
Time to run tomography : 224.617685303092
Total time: 224.61771991103888
{'ii': {'00101': 11, '11111': 1, '00001': 48, '01011': 1, '01000': 14, '10011': 5, '00011': 187, '11001': 1, '10001': 1, '01100': 30, '10010': 1, '10000': 14, '01111': 3, '00110': 8, '11011': 1, '01110': 1, '01010': 1, '00111': 8, '11100': 1, '00010': 29, '01101': 9, '00000': 1597, '10101': 1, '00100': 75}}
Measure ON: [[ 0.92773  0.87988  0.86475  1.     ]]
Rotated ON: [[ 0.96912  0.95284  0.92301  0.99894]]
Point on the GPC surface. Proceeding.
Parameters: 
[  3.75   16.875]
Fitted wavefunction: 
Alpha: 0.9605522237260823, Beta: 0.21635394687407355, Gamma: 0.1747294914056835
Distance from GPC plane: 0.0006125935040504626
Total Energy: -1.543750802916768 Hartrees
----------
Circuit counts:{'ii0': {'10010': 1, '00101': 62, '10100': 2, '10000': 25, '01111': 1, '00110': 3, '10101': 1, '01110': 1, '11000': 1, '00111': 3, '00100': 88, '10001': 3, '00010': 22, '01000': 18, '10011': 1, '00011': 59, '00000': 1659, '01101': 25, '01100': 37, '00001': 36}}
Time to get backend : 3.454089164733887e-05
Time to run tomography : 158.08627258241177
Total time: 158.0863071233034
{'ii': {'11000': 1, '00101': 62, '10100': 2, '10000': 25, '01111': 1, '00110': 3, '10101': 1, '01110': 1, '10010': 1, '00111': 3, '00100': 88, '00010': 22, '01000': 18, '10011': 1, '10001': 3, '01101': 25, '00000': 1659, '00011': 59, '01100': 37, '00001': 36}}
Measure ON: [[ 0.95557  0.90674  0.89111  1.     ]]
Rotated ON: [[ 0.98707  0.96626  0.95215  1.00119]]
Point on the GPC surface. Proceeding.
Parameters: 
[ 11.25   -9.375]
Fitted wavefunction: 
Alpha: 0.9759828737736413, Beta: 0.1847548628606301, Gamma: -0.11542560699383067
Distance from GPC plane: 0.0006871947192366759
Total Energy: -1.4890357081032928 Hartrees
----------
NM: Contracting the triangle.
[  3.75   16.875]
Maximum distance from centroid: 15.37614325017818
----------
----------
Step: 01, Total Energy: -1.55392045 Sigma: 8.03011361  
----------
----------
Circuit counts:{'ii0': {'10110': 1, '00101': 128, '11101': 1, '11111': 1, '00001': 45, '11110': 1, '01011': 5, '01000': 13, '10011': 5, '00011': 322, '10111': 1, '01100': 28, '10100': 4, '10000': 27, '01111': 3, '00110': 36, '01110': 13, '11000': 4, '00111': 12, '11100': 2, '00010': 51, '01101': 45, '00000': 1227, '10101': 1, '00100': 72}}
Time to get backend : 3.4555792808532715e-05
Time to run tomography : 130.08213585615158
Total time: 130.0821704119444
{'ii': {'10110': 1, '00101': 128, '11101': 1, '11111': 1, '00001': 45, '11110': 1, '01011': 5, '01000': 13, '10011': 5, '00011': 322, '10111': 1, '11100': 2, '10100': 4, '10000': 27, '01111': 3, '00110': 36, '01110': 13, '11000': 4, '00111': 12, '01100': 28, '00010': 51, '01101': 45, '00000': 1227, '10101': 1, '00100': 72}}
Measure ON: [[ 0.82959  0.77979  0.72217  1.     ]]
Rotated ON: [[ 0.9035   0.88463  0.78911  0.99903]]
Point on the GPC surface. Proceeding.
Parameters: 
[ 18.75   24.375]
Fitted wavefunction: 
Alpha: 0.8881342774873415, Beta: 0.33917898324018964, Gamma: 0.3101211416208011
Distance from GPC plane: 0.0005619814884640224
Total Energy: -1.429469981746252 Hartrees
----------
NM: Reflection: [ 18.75   24.375]
-1.42946998175
Circuit counts:{'ii0': {'00101': 27, '10000': 26, '01111': 2, '00110': 4, '00001': 27, '01110': 2, '00111': 5, '11100': 1, '00100': 85, '10001': 1, '00010': 14, '01000': 19, '10011': 1, '00011': 88, '01101': 8, '00000': 1704, '10101': 2, '01100': 32}}
Time to get backend : 3.463774919509888e-05
Time to run tomography : 167.20767632871866
Total time: 167.20771096646786
{'ii': {'00101': 27, '10000': 26, '01111': 2, '00110': 4, '00001': 27, '01110': 2, '00111': 5, '10101': 2, '00100': 85, '01100': 32, '00010': 14, '01000': 19, '10011': 1, '10001': 1, '01101': 8, '00000': 1704, '00011': 88, '11100': 1}}
Measure ON: [[ 0.94336  0.92139  0.91797  1.     ]]
Rotated ON: [[ 0.97845  0.99633  0.97691  0.99787]]
Point on the GPC surface. Proceeding.
Parameters: 
[ 4.6875   6.09375]
Fitted wavefunction: 
Alpha: 0.9880289323353787, Beta: 0.14436185320644207, Gamma: 0.05439194983647397
Distance from GPC plane: 0.0012285820441908341
Total Energy: -1.5631350657981202 Hartrees
----------
Circuit counts:{'ii0': {'00101': 77, '00001': 46, '00100': 79, '01000': 9, '10011': 3, '10001': 1, '00011': 205, '01100': 31, '11000': 1, '10100': 2, '10000': 27, '01111': 1, '00110': 10, '11011': 1, '01110': 4, '01010': 1, '00111': 13, '00010': 22, '01101': 30, '00000': 1481, '10101': 1, '01011': 3}}
Time to get backend : 3.413856029510498e-05
Time to run tomography : 150.88414449989796
Total time: 150.88417863845825
{'ii': {'00101': 77, '00001': 46, '00100': 79, '01000': 9, '10011': 3, '00011': 205, '10001': 1, '01100': 31, '11000': 1, '10100': 2, '10000': 27, '01111': 1, '00110': 10, '11011': 1, '01110': 4, '01010': 1, '00111': 13, '00010': 22, '01101': 30, '00000': 1481, '10101': 1, '01011': 3}}
Measure ON: [[ 0.87891  0.87158  0.81396  1.     ]]
Rotated ON: [[ 0.93295  0.96236  0.89272  1.00259]]
Point on the GPC surface. Proceeding.
Parameters: 
[ 14.0625   18.28125]
Fitted wavefunction: 
Alpha: 0.9452946234005966, Beta: 0.2606065771456106, Gamma: 0.1962199962245775
Distance from GPC plane: 0.0014942816892006552
Total Energy: -1.5280253126206906 Hartrees
----------
NM: Contracting the triangle.
[ 4.6875   6.09375]
Maximum distance from centroid: 11.777197993501042
----------
----------
Step: 02, Total Energy: -1.56313507 Sigma: 4.40819574  
----------
----------
Circuit counts:{'ii0': {'00101': 98, '11101': 2, '10100': 2, '10000': 27, '01111': 5, '00110': 4, '00001': 59, '01110': 3, '10010': 2, '00111': 2, '11100': 1, '00100': 93, '10001': 1, '00010': 24, '01000': 39, '00011': 44, '00000': 1569, '01101': 38, '01100': 35}}
Time to get backend : 3.657490015029907e-05
Time to run tomography : 162.00913494080305
Total time: 162.0091715157032
{'ii': {'00101': 98, '11101': 2, '10100': 2, '10000': 27, '01111': 5, '00110': 4, '00001': 59, '01110': 3, '10010': 2, '00111': 2, '00100': 93, '01100': 35, '00010': 24, '01000': 39, '10001': 1, '01101': 38, '00000': 1569, '00011': 44, '11100': 1}}
Measure ON: [[ 0.95898  0.87842  0.86182  1.     ]]
Rotated ON: [[ 0.99096  0.92924  0.91837  1.00183]]
Point on the GPC surface. Proceeding.
Parameters: 
[ 15.9375   -3.28125]
Fitted wavefunction: 
Alpha: 0.9586346657059446, Beta: 0.2671511489064297, Gamma: -0.09823360598505225
Distance from GPC plane: 0.0010544677526948545
Total Energy: -1.4855533007694413 Hartrees
----------
NM: Reflection: [ 15.9375   -3.28125]
-1.48555330077
Circuit counts:{'ii0': {'10010': 1, '00101': 44, '11101': 1, '10100': 2, '10000': 19, '01111': 5, '00110': 4, '10101': 2, '01011': 1, '01110': 1, '01010': 1, '00111': 9, '00100': 66, '00010': 28, '01000': 19, '10011': 4, '00011': 110, '00000': 1626, '01101': 28, '01100': 36, '00001': 41}}
Time to get backend : 3.962963819503784e-05
Time to run tomography : 279.2208747789264
Total time: 279.22091440856457
{'ii': {'01010': 1, '00101': 44, '11101': 1, '10100': 2, '10000': 19, '01111': 5, '00110': 4, '10101': 2, '00001': 41, '01110': 1, '10010': 1, '00111': 9, '01011': 1, '00010': 28, '01000': 19, '10011': 4, '00011': 110, '00000': 1626, '01101': 28, '01100': 36, '00100': 66}}
Measure ON: [[ 0.91992  0.90332  0.88037  1.     ]]
Rotated ON: [[ 0.96191  0.98409  0.94645  0.99955]]
Point on the GPC surface. Proceeding.
Parameters: 
[  6.79688  11.83594]
Fitted wavefunction: 
Alpha: 0.972778865759067, Beta: 0.19478176867355465, Gamma: 0.12554417917571886
Distance from GPC plane: 0.00025714487069386857
Total Energy: -1.5588655304897725 Hartrees
----------
Circuit counts:{'ii0': {'00101': 92, '10100': 3, '10000': 30, '00110': 6, '00000': 1619, '10101': 2, '01110': 2, '10111': 1, '11000': 1, '00111': 4, '00100': 78, '10001': 1, '00010': 25, '01000': 24, '10011': 1, '00011': 38, '01101': 38, '01001': 1, '00001': 47, '01100': 35}}
Time to get backend : 3.515183925628662e-05
Time to run tomography : 159.84696654230356
Total time: 159.84700169414282
{'ii': {'00001': 47, '00101': 92, '10100': 3, '10000': 30, '00110': 6, '01001': 1, '10101': 2, '01110': 2, '11000': 1, '00111': 4, '00011': 38, '00100': 78, '00010': 25, '01000': 24, '10011': 1, '10001': 1, '01101': 38, '00000': 1619, '10111': 1, '01100': 35}}
Measure ON: [[ 0.9624   0.89014  0.87256  1.     ]]
Rotated ON: [[ 0.99265  0.94081  0.93124  1.00222]]
Point on the GPC surface. Proceeding.
Parameters: 
[ 12.89062   1.75781]
Fitted wavefunction: 
Alpha: 0.965392233021592, Beta: 0.24480156839620038, Gamma: 0.0899445858978996
Distance from GPC plane: 0.0012799733952381237
Total Energy: -1.5555337531941014 Hartrees
----------
NM: Contracting the triangle.
[  6.79688  11.83594]
Maximum distance from centroid: 9.372985623432392
----------
----------
Step: 03, Total Energy: -1.56313507 Sigma: 3.76777938  
----------
----------
Circuit counts:{'ii0': {'10110': 1, '10010': 1, '00101': 16, '10100': 2, '10000': 26, '01011': 3, '10101': 1, '11000': 1, '00111': 2, '11100': 1, '00100': 91, '00010': 20, '01000': 24, '10011': 1, '00011': 114, '00000': 1660, '01101': 6, '01100': 36, '00001': 42}}
Time to get backend : 3.54275107383728e-05
Time to run tomography : 295.85736211389303
Total time: 295.85739754140377
{'ii': {'10110': 1, '11000': 1, '00101': 16, '10100': 2, '10000': 26, '10101': 1, '00001': 42, '10010': 1, '00111': 2, '00100': 91, '01100': 36, '00010': 20, '01000': 24, '10011': 1, '00011': 114, '00000': 1660, '01101': 6, '11100': 1, '01011': 3}}
Measure ON: [[ 0.93066  0.92383  0.90967  1.     ]]
Rotated ON: [[ 0.96881  1.00449  0.97456  0.99874]]
Point on the GPC surface. Proceeding.
Parameters: 
[ -3.51562  10.42969]
Fitted wavefunction: 
Alpha: 0.9860147862972751, Beta: 0.166657856709904, Gamma: -0.0
Distance from GPC plane: 0.00591189579806131
Total Energy: -1.5516701911307411 Hartrees
----------
NM: Reflection: [ -3.51562  10.42969]
-1.55167019113
Circuit counts:{'ii0': {'10110': 1, '00101': 63, '10100': 2, '10000': 33, '01111': 2, '00110': 8, '00001': 43, '01110': 3, '00111': 3, '00100': 92, '10001': 2, '00010': 19, '01000': 30, '00011': 74, '01101': 22, '00000': 1604, '10101': 3, '01100': 44}}
Time to get backend : 3.460794687271118e-05
Time to run tomography : 121.22104185074568
Total time: 121.22107645869255
{'ii': {'10110': 1, '00101': 63, '10100': 2, '10000': 33, '01111': 2, '00110': 8, '00001': 43, '01110': 3, '00111': 3, '10101': 3, '00100': 92, '00010': 19, '01000': 30, '10001': 2, '01101': 22, '00000': 1604, '00011': 74, '01100': 44}}
Measure ON: [[ 0.94629  0.89648  0.88135  1.     ]]
Rotated ON: [[ 0.98118  0.96031  0.9411   1.00039]]
Point on the GPC surface. Proceeding.
Parameters: 
[ 10.37109   8.23242]
Fitted wavefunction: 
Alpha: 0.970170773605285, Beta: 0.19954253832736293, Gamma: 0.13766424895373425
Distance from GPC plane: 0.00022455610738340853
Total Energy: -1.5561315075258082 Hartrees
----------
Circuit counts:{'ii0': {'00101': 21, '11101': 1, '10100': 1, '10000': 24, '01111': 3, '00110': 2, '00001': 45, '11000': 2, '00111': 4, '11100': 2, '00100': 94, '00010': 28, '01000': 23, '10011': 1, '00011': 99, '00000': 1655, '01101': 12, '01100': 29, '01011': 2}}
Time to get backend : 3.489106893539429e-05
Time to run tomography : 283.9191977903247
Total time: 283.9192326813936
{'ii': {'00101': 21, '11101': 1, '10100': 1, '10000': 24, '01111': 3, '00110': 2, '00001': 45, '11000': 2, '00111': 4, '00100': 94, '01100': 29, '00010': 28, '01000': 23, '10011': 1, '00011': 99, '00000': 1655, '01101': 12, '11100': 2, '01011': 2}}
Measure ON: [[ 0.93213  0.91748  0.9082   1.     ]]
Rotated ON: [[ 0.97047  0.99737  0.96982  0.99802]]
Point on the GPC surface. Proceeding.
Parameters: 
[ 1.11328  9.69727]
Fitted wavefunction: 
Alpha: 0.9844579205294434, Beta: 0.16990861783256192, Gamma: 0.04442594166782133
Distance from GPC plane: 0.001145273770747902
Total Energy: -1.5615271949361405 Hartrees
----------
NM: Contracting the triangle.
[ 1.11328  9.69727]
Maximum distance from centroid: 5.541622199929411
----------
----------
Step: 04, Total Energy: -1.56313507 Sigma: 2.47072672  
----------
----------
Circuit counts:{'ii0': {'00101': 15, '10100': 1, '10000': 34, '01111': 1, '00110': 4, '00000': 1730, '00001': 40, '01010': 1, '00111': 4, '11100': 1, '00100': 89, '10001': 1, '00010': 21, '01000': 19, '00011': 51, '01001': 1, '01101': 3, '01100': 30, '01011': 2}}
Time to get backend : 6.160140037536621e-05
Time to run tomography : 369.65140575170517
Total time: 369.65146735310555
{'ii': {'00101': 15, '10100': 1, '10000': 34, '01111': 1, '00110': 4, '01001': 1, '00001': 40, '01010': 1, '00111': 4, '00100': 89, '01100': 30, '00010': 21, '01000': 19, '10001': 1, '01101': 3, '00000': 1730, '00011': 51, '11100': 1, '01011': 2}}
Measure ON: [[ 0.95898  0.94238  0.92773  1.     ]]
Rotated ON: [[ 0.98757  1.00751  0.99399  1.00108]]
Point on the GPC surface. Proceeding.
Parameters: 
[-0.99609  3.95508]
Fitted wavefunction: 
Alpha: 0.9960972191345759, Beta: 0.08826284627386896, Gamma: -0.0
Distance from GPC plane: 0.008042761155847511
Total Energy: -1.5492248357878502 Hartrees
----------
NM: Reflection: [-0.99609  3.95508]
-1.54922483579
Circuit counts:{'ii0': {'00001': 39, '00101': 23, '11101': 1, '10100': 1, '10000': 33, '01111': 3, '00110': 4, '00000': 1640, '10101': 1, '01110': 1, '11000': 1, '00111': 4, '00100': 87, '00010': 22, '01000': 23, '10011': 2, '00011': 107, '01001': 2, '01101': 11, '01100': 41, '01011': 2}}
Time to get backend : 3.828853368759155e-05
Time to run tomography : 153.367013938725
Total time: 153.36705222725868
{'ii': {'00101': 23, '11101': 1, '10100': 1, '10000': 33, '01111': 3, '00110': 4, '01001': 2, '00001': 39, '01110': 1, '11000': 1, '00111': 4, '00100': 87, '00010': 22, '01000': 23, '10011': 2, '00011': 107, '01101': 11, '00000': 1640, '10101': 1, '01100': 41, '01011': 2}}
Measure ON: [[ 0.9292   0.91357  0.90479  1.     ]]
Rotated ON: [[ 0.96866  0.99478  0.96574  0.99771]]
Point on the GPC surface. Proceeding.
Parameters: 
[ 4.84863  9.86572]
Fitted wavefunction: 
Alpha: 0.9823321085965553, Beta: 0.17484668222984046, Gamma: 0.0667253035471756
Distance from GPC plane: 0.0013238849174337897
Total Energy: -1.563481441163086 Hartrees
----------
----------------------------------------
--- There are 011 runs in queue. -----
--- Waited 00000 minutes so far. ----
----------------------------------------
Circuit counts:{'ii0': {'10010': 2, '00101': 22, '10100': 1, '10000': 36, '00110': 2, '00000': 1698, '00001': 45, '01110': 1, '11000': 1, '00111': 4, '11100': 1, '00100': 71, '00010': 26, '01000': 20, '10011': 2, '00011': 71, '01001': 1, '01101': 11, '01100': 31, '01011': 2}}
Time to get backend : 6.342679262161255e-05
Time to run tomography : 363.2152312770486
Total time: 363.2152947038412
{'ii': {'11000': 1, '00101': 22, '10100': 1, '10000': 36, '00110': 2, '01001': 1, '00001': 45, '01110': 1, '10010': 2, '00111': 4, '00100': 71, '01100': 31, '00010': 26, '01000': 20, '10011': 2, '00011': 71, '00000': 1698, '01101': 11, '11100': 1, '01011': 2}}
Measure ON: [[ 0.94629  0.92969  0.92285  1.     ]]
Rotated ON: [[ 0.97984  1.0033   0.98446  0.99868]]
Point on the GPC surface. Proceeding.
Parameters: 
[ 0.95215  5.92529]
Fitted wavefunction: 
Alpha: 0.9912019767089164, Beta: 0.13235800454954244, Gamma: 0.0
Distance from GPC plane: 0.004568919465394026
Total Energy: -1.5521064033297072 Hartrees
----------
NM: Contracting the triangle.
[ 4.84863  9.86572]
Maximum distance from centroid: 4.038237415503114
----------
----------
Step: 05, Total Energy: -1.56348144 Sigma: 1.36363716  
----------
----------
----------------------------------------
--- There are 017 runs in queue. -----
--- Waited 00000 minutes so far. ----
----------------------------------------
Circuit counts:{'ii0': {'00101': 39, '11101': 1, '00001': 42, '00100': 84, '01000': 120, '10001': 3, '00011': 56, '01100': 33, '11000': 1, '10100': 3, '10000': 22, '01111': 2, '00110': 3, '00000': 1590, '01110': 1, '01010': 2, '00111': 2, '00010': 15, '01101': 16, '01001': 7, '10101': 1, '01011': 5}}
Time to get backend : 6.385147571563721e-05
Time to run tomography : 632.4853096976876
Total time: 632.4853735491633
{'ii': {'00101': 39, '11101': 1, '00001': 42, '00100': 84, '01000': 120, '00011': 56, '10001': 3, '01100': 33, '11000': 1, '10100': 3, '10000': 22, '01111': 2, '00110': 3, '00000': 1590, '01110': 1, '01010': 2, '00111': 2, '00010': 15, '01101': 16, '01001': 7, '10101': 1, '01011': 5}}
Measure ON: [[ 0.95801  0.91504  0.90967  1.     ]]
Rotated ON: [[ 0.98893  0.97799  0.96743  0.99949]]
Point on the GPC surface. Proceeding.
Parameters: 
[ 8.42285  6.26221]
Fitted wavefunction: 
Alpha: 0.9834915732274278, Beta: 0.1477839488874789, Gamma: 0.10442332039282334
Distance from GPC plane: 0.00029487545647269303
Total Energy: -1.5631824320083418 Hartrees
----------
NM: Reflection: [ 8.42285  6.26221]
-1.56318243201
NM: Reflected point is soso.
Maximum distance from centroid: 2.7708110999647055
----------
----------
Step: 06, Total Energy: -1.56348144 Sigma: 1.45491994  
----------
----------
----------------------------------------
--- There are 015 runs in queue. -----
--- Waited 00000 minutes so far. ----
----------------------------------------
Circuit counts:{'ii0': {'00101': 38, '10101': 1, '00100': 101, '10011': 3, '01000': 22, '10010': 1, '10001': 2, '00011': 93, '11100': 1, '11000': 2, '10100': 1, '10000': 28, '01111': 2, '00110': 1, '01110': 2, '01010': 1, '00111': 11, '01100': 37, '00010': 18, '01101': 16, '00000': 1624, '00001': 42, '01011': 1}}
Time to get backend : 6.522238254547119e-05
Time to run tomography : 598.8506958708167
Total time: 598.8507610931993
{'ii': {'00101': 38, '10101': 1, '00100': 101, '01010': 1, '01000': 22, '10011': 3, '00011': 93, '10001': 2, '01100': 37, '10010': 1, '10100': 1, '10000': 28, '01111': 2, '00110': 1, '01110': 2, '11000': 2, '00111': 11, '11100': 1, '00010': 18, '01101': 16, '00000': 1624, '00001': 42, '01011': 1}}
Measure ON: [[ 0.93506  0.89795  0.89697  1.     ]]
Rotated ON: [[ 0.97407  0.97435  0.95154  0.99688]]
Point on the GPC surface. Proceeding.
Parameters: 
[  8.58398  10.03418]
Fitted wavefunction: 
Alpha: 0.9749365919988268, Beta: 0.15775066521088524, Gamma: 0.15688648510064956
Distance from GPC plane: 0.0018013040294140687
Total Energy: -1.5528855995053208 Hartrees
----------
NM: Reflection: [  8.58398  10.03418]
-1.55288559951
----------------------------------------
--- There are 011 runs in queue. -----
--- Waited 00000 minutes so far. ----
----------------------------------------
Circuit counts:{'ii0': {'10010': 1, '00101': 31, '10000': 30, '01111': 1, '00110': 4, '00000': 1638, '00001': 36, '11000': 1, '00111': 5, '11100': 1, '00100': 90, '10001': 2, '00010': 26, '01000': 50, '00011': 72, '01101': 15, '01001': 2, '10101': 1, '01100': 39, '01011': 3}}
Time to get backend : 6.414204835891724e-05
Time to run tomography : 244.79363133013248
Total time: 244.79369547218084
{'ii': {'11000': 1, '00101': 31, '10000': 30, '01111': 1, '00110': 4, '01001': 2, '00001': 36, '10010': 1, '00111': 5, '10101': 1, '00100': 90, '01100': 39, '00010': 26, '01000': 50, '10001': 2, '01101': 15, '00000': 1638, '00011': 72, '11100': 1, '01011': 3}}
Measure ON: [[ 0.94531  0.91797  0.90869  1.     ]]
Rotated ON: [[ 0.97966  0.98895  0.9695   0.99912]]
Point on the GPC surface. Proceeding.
Parameters: 
[ 5.66162  7.07886]
Fitted wavefunction: 
Alpha: 0.9844806467750453, Beta: 0.14158012877096512, Gamma: 0.10369630303239001
Distance from GPC plane: 0.000510419937718304
Total Energy: -1.5631260388836474 Hartrees
----------
Circuit counts:{'ii0': {'01010': 2, '00101': 38, '00001': 42, '10000': 30, '00110': 6, '00000': 1558, '10101': 2, '01110': 1, '11000': 2, '00111': 3, '10011': 1, '00100': 96, '00010': 22, '01000': 93, '10010': 1, '00011': 87, '01001': 6, '01101': 21, '01100': 33, '01011': 4}}
Time to get backend : 4.836916923522949e-05
Time to run tomography : 136.10456760972738
Total time: 136.10461597889662
{'ii': {'11000': 2, '00101': 38, '10000': 30, '00110': 6, '01001': 6, '00001': 42, '01110': 1, '10010': 1, '01010': 2, '00111': 3, '00100': 96, '00010': 22, '01000': 93, '10011': 1, '00011': 87, '01101': 21, '00000': 1558, '10101': 2, '01100': 33, '01011': 4}}
Measure ON: [[ 0.93799  0.90234  0.90039  1.     ]]
Rotated ON: [[ 0.97582  0.97736  0.95591  0.99727]]
Point on the GPC surface. Proceeding.
Parameters: 
[ 7.60986  9.04907]
Fitted wavefunction: 
Alpha: 0.9772434136059558, Beta: 0.15253402425547496, Gamma: 0.1474065195580198
Distance from GPC plane: 0.0015734424647293641
Total Energy: -1.5555127041286534 Hartrees
----------
Circuit counts:{'ii0': {'10010': 1, '00101': 39, '10100': 4, '10000': 34, '01111': 2, '00110': 7, '00000': 1599, '00001': 101, '10111': 1, '11000': 2, '00111': 8, '11100': 3, '00100': 75, '00010': 17, '01000': 12, '10011': 1, '00011': 77, '01101': 21, '01001': 1, '10001': 1, '01100': 42}}
Time to get backend : 3.428757190704346e-05
Time to run tomography : 641.5205761641264
Total time: 641.5206104516983
{'ii': {'11000': 2, '00101': 39, '10100': 4, '10000': 34, '01111': 2, '00110': 7, '01001': 1, '00001': 101, '10010': 1, '00111': 8, '01100': 42, '00100': 75, '10001': 1, '00010': 17, '01000': 12, '10011': 1, '00011': 77, '01101': 21, '00000': 1599, '10111': 1, '11100': 3}}
Measure ON: [[ 0.94434  0.90137  0.87695  1.     ]]
Rotated ON: [[ 0.979    0.96457  0.9417   1.00187]]
Point on the GPC surface. Proceeding.
Parameters: 
[ 6.63574  8.06396]
Fitted wavefunction: 
Alpha: 0.9707326908866415, Beta: 0.18988327565799673, Gamma: 0.147045518358668
Distance from GPC plane: 0.0010815653362610189
Total Energy: -1.554647433571684 Hartrees
----------
----------------------------------------
--- There are 015 runs in queue. -----
--- Waited 00000 minutes so far. ----
----------------------------------------
Circuit counts:{'ii0': {'00001': 40, '00101': 27, '10100': 3, '10000': 35, '01111': 2, '00110': 2, '00000': 1677, '10101': 1, '01110': 2, '10010': 2, '00111': 4, '00100': 92, '00010': 15, '01000': 12, '00011': 79, '01001': 1, '01101': 18, '01100': 36}}
Time to get backend : 6.891041994094849e-05
Time to run tomography : 470.8743717074394
Total time: 470.87444061785936
{'ii': {'00101': 27, '10100': 3, '10000': 35, '01111': 2, '00110': 2, '01001': 1, '00001': 40, '01110': 2, '10010': 2, '00111': 4, '00100': 92, '00010': 15, '01000': 12, '00011': 79, '01101': 18, '00000': 1677, '10101': 1, '01100': 36}}
Measure ON: [[ 0.94824  0.91602  0.90869  1.     ]]
Rotated ON: [[ 0.98193  0.98521  0.96812  0.99902]]
Point on the GPC surface. Proceeding.
Parameters: 
[ 4.76807  7.97974]
Fitted wavefunction: 
Alpha: 0.9837665764501538, Beta: 0.13320358519090053, Gamma: 0.12025027214869154
Distance from GPC plane: 0.0005659587866803893
Total Energy: -1.5606979445705997 Hartrees
----------
NM: Had to shrink..
[[ 4.84863  9.86572]
 [ 6.63574  8.06396]
 [ 4.76807  7.97974]]
Maximum distance from centroid: 2.019118707751557
----------
----------
Step: 07, Total Energy: -1.56348144 Sigma: 0.70701271  
----------
----------
----------------------------------------
--- There are 013 runs in queue. -----
--- Waited 00000 minutes so far. ----
----------------------------------------
----------------------------------------
--- There are 011 runs in queue. -----
--- Waited 00005 minutes so far. ----
----------------------------------------
Circuit counts:{'ii0': {'00101': 27, '10100': 2, '10000': 24, '01111': 3, '00110': 2, '11001': 1, '00001': 31, '01110': 1, '11000': 1, '00111': 3, '00100': 75, '10001': 3, '00010': 21, '01000': 23, '10011': 1, '00011': 89, '01101': 16, '00000': 1692, '10101': 1, '01100': 32}}
Time to get backend : 7.034838199615479e-05
Time to run tomography : 482.0970704331994
Total time: 482.0971407815814
{'ii': {'00101': 27, '10100': 2, '10000': 24, '01111': 3, '00110': 2, '00000': 1692, '00001': 31, '01110': 1, '11000': 1, '00111': 3, '10101': 1, '00100': 75, '00010': 21, '01000': 23, '10011': 1, '10001': 3, '01101': 16, '11001': 1, '00011': 89, '01100': 32}}
Measure ON: [[ 0.94141  0.9209   0.91455  1.     ]]
Rotated ON: [[ 0.97694  0.99613  0.97482  0.99824]]
Point on the GPC surface. Proceeding.
Parameters: 
[ 2.98096  9.78149]
Fitted wavefunction: 
Alpha: 0.9870347177167131, Beta: 0.14991227345811, Gamma: 0.05734785339059624
Distance from GPC plane: 0.001015285990540238
Total Energy: -1.5634324177081935 Hartrees
----------
NM: Reflection: [ 2.98096  9.78149]
-1.56343241771
NM: Reflected point is soso.
Maximum distance from centroid: 2.031732373548746
----------
----------
Step: 08, Total Energy: -1.56348144 Sigma: 0.69388721  
----------
----------
----------------------------------------
--- There are 016 runs in queue. -----
--- Waited 00000 minutes so far. ----
----------------------------------------
Circuit counts:{'ii0': {'00101': 23, '00001': 44, '00100': 95, '01000': 32, '10011': 2, '10001': 1, '00011': 101, '11100': 1, '01001': 1, '11000': 1, '10100': 3, '10000': 16, '01111': 3, '00110': 3, '11011': 1, '01110': 2, '01010': 1, '00111': 6, '01100': 23, '00010': 25, '01101': 4, '00000': 1660}}
Time to get backend : 6.689876317977905e-05
Time to run tomography : 568.5656164437532
Total time: 568.5656833425164
{'ii': {'00101': 23, '00001': 44, '00000': 1660, '00100': 95, '01000': 32, '10011': 2, '00011': 101, '10001': 1, '01100': 23, '11000': 1, '10100': 3, '10000': 16, '01111': 3, '00110': 3, '11011': 1, '01110': 2, '01010': 1, '00111': 6, '11100': 1, '00010': 25, '01101': 4, '01001': 1}}
Measure ON: [[ 0.92969  0.92041  0.90918  1.     ]]
Rotated ON: [[ 0.96849  1.00196  0.9723   0.99815]]
Point on the GPC surface. Proceeding.
Parameters: 
[  3.06152  11.66748]
Fitted wavefunction: 
Alpha: 0.9850937096114303, Beta: 0.17201855505727023, Gamma: 0.0
Distance from GPC plane: 0.003328331093938384
Total Energy: -1.5513876950480445 Hartrees
----------
NM: Reflection: [  3.06152  11.66748]
-1.55138769505
----------------------------------------
--- There are 012 runs in queue. -----
--- Waited 00000 minutes so far. ----
----------------------------------------
Circuit counts:{'ii0': {'10110': 1, '00101': 30, '10100': 3, '10000': 25, '00110': 3, '00001': 36, '00111': 3, '00100': 73, '10001': 2, '00010': 21, '01000': 14, '00011': 95, '00000': 1696, '01101': 11, '01100': 32, '01011': 3}}
Time to get backend : 9.228289127349854e-05
Time to run tomography : 499.4897565767169
Total time: 499.4898488596082
{'ii': {'10110': 1, '00101': 30, '10100': 3, '10000': 25, '00110': 3, '00001': 36, '00111': 3, '00100': 73, '00010': 21, '01000': 14, '10001': 2, '01101': 11, '00000': 1696, '00011': 95, '01100': 32, '01011': 3}}
Measure ON: [[ 0.93848  0.92383  0.91211  1.     ]]
Rotated ON: [[ 0.97442  0.99994  0.97541  0.99895]]
Point on the GPC surface. Proceeding.
Parameters: 
[ 4.34143  8.90167]
Fitted wavefunction: 
Alpha: 0.9872835762059425, Beta: 0.15780368918873738, Gamma: 0.01921290796390198
Distance from GPC plane: 0.00054032555412184
Total Energy: -1.557217052203792 Hartrees
----------
----------------------------------------
--- There are 017 runs in queue. -----
--- Waited 00000 minutes so far. ----
----------------------------------------
----------------------------------------
--- There are 012 runs in queue. -----
--- Waited 00005 minutes so far. ----
----------------------------------------
Circuit counts:{'ii0': {'00001': 44, '00101': 33, '10100': 1, '10000': 33, '01111': 4, '00110': 2, '00000': 1640, '10101': 1, '01110': 2, '00111': 4, '00100': 82, '00010': 24, '01000': 15, '00011': 126, '01001': 2, '01101': 11, '01100': 23, '01011': 1}}
Time to get backend : 6.535649299621582e-05
Time to run tomography : 260.7920077070594
Total time: 260.7920730635524
{'ii': {'00101': 33, '10100': 1, '10000': 33, '01111': 4, '00110': 2, '01001': 2, '00001': 44, '01110': 2, '00111': 4, '00100': 82, '00010': 24, '01000': 15, '00011': 126, '01101': 11, '00000': 1640, '10101': 1, '01100': 23, '01011': 1}}
Measure ON: [[ 0.92041  0.92041  0.88965  1.     ]]
Rotated ON: [[ 0.96086  1.00197  0.96192  1.0009 ]]
Point on the GPC surface. Proceeding.
Parameters: 
[  3.48816  10.74554]
Fitted wavefunction: 
Alpha: 0.980749847480908, Beta: 0.19526837088011897, Gamma: 0.0
Distance from GPC plane: 0.0017519100529676743
Total Energy: -1.549485691428493 Hartrees
----------
----------------------------------------
--- There are 012 runs in queue. -----
--- Waited 00000 minutes so far. ----
----------------------------------------
Circuit counts:{'ii0': {'10010': 1, '00101': 22, '10000': 29, '01111': 3, '00110': 6, '00001': 52, '01010': 1, '00111': 5, '00100': 77, '10001': 1, '00010': 13, '01000': 18, '10011': 2, '00011': 98, '00000': 1685, '01101': 8, '01100': 27}}
Time to get backend : 6.543844938278198e-05
Time to run tomography : 555.8482564687729
Total time: 555.8483219072223
{'ii': {'01010': 1, '00101': 22, '10000': 29, '01111': 3, '00110': 6, '00001': 52, '10010': 1, '00111': 5, '00100': 77, '00010': 13, '01000': 18, '10011': 2, '10001': 1, '01101': 8, '00000': 1685, '00011': 98, '01100': 27}}
Measure ON: [[ 0.93701  0.92773  0.90674  1.     ]]
Rotated ON: [[ 0.97264  1.00268  0.97484  1.00048]]
Point on the GPC surface. Proceeding.
Parameters: 
[ 3.91479  9.82361]
Fitted wavefunction: 
Alpha: 0.9870472564947178, Beta: 0.16042977730537045, Gamma: 0.0
Distance from GPC plane: 0.0028173597360097516
Total Energy: -1.5519253387507104 Hartrees
----------
----------------------------------------
--- There are 018 runs in queue. -----
--- Waited 00000 minutes so far. ----
----------------------------------------
----------------------------------------
--- There are 011 runs in queue. -----
--- Waited 00005 minutes so far. ----
----------------------------------------
Circuit counts:{'ii0': {'10010': 1, '00101': 26, '10000': 29, '01111': 5, '00000': 1707, '00001': 41, '11000': 1, '00111': 6, '11100': 2, '00100': 70, '00010': 21, '01000': 16, '00011': 81, '01001': 2, '01101': 16, '01100': 23, '01011': 1}}
Time to get backend : 7.283687591552734e-05
Time to run tomography : 836.9513923451304
Total time: 836.9514651820064
{'ii': {'11000': 1, '00101': 26, '10000': 29, '01111': 5, '01001': 2, '00001': 41, '10010': 1, '00111': 6, '00100': 70, '01100': 23, '00010': 21, '01000': 16, '00011': 81, '00000': 1707, '01101': 16, '11100': 2, '01011': 1}}
Measure ON: [[ 0.94385  0.92773  0.91309  1.     ]]
Rotated ON: [[ 0.97779  1.00007  0.97795  0.9999 ]]
Point on the GPC surface. Proceeding.
Parameters: 
[ 4.80835  8.92273]
Fitted wavefunction: 
Alpha: 0.9888692786281311, Beta: 0.1487546200460387, Gamma: 0.0031004516506805734
Distance from GPC plane: 0.00013157004298387613
Total Energy: -1.5531217967277082 Hartrees
----------
NM: Had to shrink..
[[ 4.84863  9.86572]
 [ 3.91479  9.82361]
 [ 4.80835  8.92273]]
Maximum distance from centroid: 1.0095593538757786
----------
----------
Step: 09, Total Energy: -1.56348144 Sigma: 0.34988793  
----------
----------
Circuit counts:{'ii0': {'00101': 43, '10100': 1, '10000': 21, '01111': 4, '00001': 44, '01110': 3, '10010': 2, '00111': 6, '11100': 1, '00100': 85, '00010': 24, '01000': 22, '00011': 95, '00000': 1660, '01101': 17, '01100': 19, '01011': 1}}
Time to get backend : 7.843971252441406e-05
Time to run tomography : 1039.5565771386027
Total time: 1039.5566555783153
{'ii': {'00101': 43, '10100': 1, '10000': 21, '01111': 4, '00001': 44, '01110': 3, '10010': 2, '00111': 6, '00100': 85, '01100': 19, '00010': 24, '01000': 22, '00011': 95, '00000': 1660, '01101': 17, '11100': 1, '01011': 1}}
Measure ON: [[ 0.93408  0.9126   0.89746  1.     ]]
Rotated ON: [[ 0.97176  0.98821  0.9607   0.99927]]
Point on the GPC surface. Proceeding.
Parameters: 
[ 5.74219  8.96484]
Fitted wavefunction: 
Alpha: 0.9800279654812466, Beta: 0.16732066966198597, Gamma: 0.10746618248804136
Distance from GPC plane: 0.0004219250524126681
Total Energy: -1.5627677817428034 Hartrees
----------
NM: Reflection: [ 5.74219  8.96484]
-1.56276778174
NM: Reflected point is soso.
Maximum distance from centroid: 0.6927027749911764
----------
----------
Step: 10, Total Energy: -1.56348144 Sigma: 0.35197386  
----------
----------
----------------------------------------
--- There are 015 runs in queue. -----
--- Waited 00000 minutes so far. ----
----------------------------------------
----------------------------------------
--- There are 011 runs in queue. -----
--- Waited 00005 minutes so far. ----
----------------------------------------
Circuit counts:{'ii0': {'00101': 40, '10000': 19, '01111': 3, '00110': 6, '00001': 47, '00111': 4, '00100': 66, '10001': 1, '00010': 22, '01000': 16, '10011': 1, '00011': 94, '01101': 12, '00000': 1686, '10101': 2, '01100': 27, '01011': 2}}
Time to get backend : 8.895993232727051e-05
Time to run tomography : 704.9935604035854
Total time: 704.9936493635178
{'ii': {'00101': 40, '10000': 19, '01111': 3, '00110': 6, '00001': 47, '00111': 4, '10101': 2, '00100': 66, '00010': 22, '01000': 16, '10011': 1, '10001': 1, '01101': 12, '00000': 1686, '00011': 94, '01100': 27, '01011': 2}}
Measure ON: [[ 0.93555  0.92188  0.89941  1.     ]]
Rotated ON: [[ 0.97185  0.9961   0.96728  1.00066]]
Point on the GPC surface. Proceeding.
Parameters: 
[ 5.78247  9.90784]
Fitted wavefunction: 
Alpha: 0.9836171404817633, Beta: 0.16844195448486018, Gamma: 0.06422327397290928
Distance from GPC plane: 0.0003806471466032274
Total Energy: -1.563606808150999 Hartrees
----------
NM: Reflection: [ 5.78247  9.90784]
-1.56360680815
----------------------------------------
--- There are 015 runs in queue. -----
--- Waited 00000 minutes so far. ----
----------------------------------------
----------------------------------------
--- There are 012 runs in queue. -----
--- Waited 00005 minutes so far. ----
----------------------------------------
Circuit counts:{'ii0': {'00101': 47, '11101': 1, '00001': 111, '00100': 59, '10011': 1, '01000': 10, '10010': 1, '10001': 6, '00011': 76, '01100': 23, '11000': 1, '10100': 2, '10000': 23, '01111': 1, '00110': 2, '00000': 1637, '01010': 1, '00111': 7, '00010': 23, '01101': 13, '01001': 2, '01011': 1}}
Time to get backend : 7.968395948410034e-05
Time to run tomography : 887.7109440416098
Total time: 887.7110237255692
{'ii': {'00101': 47, '11101': 1, '00001': 111, '00100': 59, '01010': 1, '01000': 10, '10011': 1, '00011': 76, '10001': 6, '01100': 23, '10010': 1, '10100': 2, '10000': 23, '01111': 1, '00110': 2, '00000': 1637, '11000': 1, '00111': 7, '00010': 23, '01101': 13, '01001': 2, '01011': 1}}
Measure ON: [[ 0.94482  0.92432  0.87012  1.     ]]
Rotated ON: [[ 0.97634  0.98244  0.95163  1.00716]]
Point on the GPC surface. Proceeding.
Parameters: 
[  6.26953  10.40039]
Fitted wavefunction: 
Alpha: 0.9767360309708849, Beta: 0.1613826848110299, Gamma: 0.1412174027746802
Distance from GPC plane: 0.004133622160056181
Total Energy: -1.5570927069665719 Hartrees
----------
NM: Reflected point better than best.
[ 5.78247  9.90784]
Maximum distance from centroid: 1.015866186774373
----------
----------
Step: 11, Total Energy: -1.56360681 Sigma: 0.33849919  
----------
----------
----------------------------------------
--- There are 018 runs in queue. -----
--- Waited 00000 minutes so far. ----
----------------------------------------
----------------------------------------
--- There are 014 runs in queue. -----
--- Waited 00005 minutes so far. ----
----------------------------------------
Circuit counts:{'ii0': {'11000': 1, '00101': 32, '10100': 1, '10000': 27, '01111': 1, '00110': 5, '00000': 1599, '00001': 36, '01010': 1, '00111': 3, '00100': 68, '00010': 28, '01000': 115, '10011': 1, '00011': 89, '01001': 4, '01101': 6, '01100': 23, '01011': 8}}
Time to get backend : 9.60230827331543e-05
Time to run tomography : 368.6121296733618
Total time: 368.6122256964445
{'ii': {'01010': 1, '00101': 32, '10100': 1, '10000': 27, '01111': 1, '00110': 5, '01001': 4, '00001': 36, '11000': 1, '00111': 3, '00100': 68, '00010': 28, '01000': 115, '10011': 1, '00011': 89, '00000': 1599, '01101': 6, '01100': 23, '01011': 8}}
Measure ON: [[ 0.93359  0.93213  0.91211  1.     ]]
Rotated ON: [[ 0.97006  1.01066  0.98074  0.99999]]
Point on the GPC surface. Proceeding.
Parameters: 
[  4.88892  10.80872]
Fitted wavefunction: 
Alpha: 0.9885216275994836, Beta: 0.15107942205365973, Gamma: 0.0
Distance from GPC plane: 0.012319721210177884
Total Energy: -1.5521614081388706 Hartrees
----------
NM: Reflection: [  4.88892  10.80872]
-1.55216140814
----------------------------------------
--- There are 014 runs in queue. -----
--- Waited 00000 minutes so far. ----
----------------------------------------
'"{\'message\': \'Generic error\', \'code\': \'GENERIC_ERROR\', \'status\': 400}"'
Circuit counts:{}
Time to get backend : 0.00010059773921966553
Time to run tomography : 126.97616128623486
Total time: 126.97626188397408
----------
----------
Step: 12, Total Energy: -1.56360681 Sigma: 0.33849919  
----------
----------
Error in run. Saving optimization object to file.
Optimizing the orbitals.
Initializing the Nelder-Mead optimization class.
---------- 
Step:-01, Init. Energy: -1.56360681 Hartrees
Step: 00, Total Energy: -1.56360681 Sigma: 5.61295324  
Step: 01, Total Energy: -1.56360681 Sigma: 5.78645377  
Step: 02, Total Energy: -1.56360681 Sigma: 5.80715469  
Step: 03, Total Energy: -1.56360681 Sigma: 5.04197262  
Step: 04, Total Energy: -1.56360681 Sigma: 4.72337959  
Step: 05, Total Energy: -1.56398917 Sigma: 4.75138723  
Step: 06, Total Energy: -1.56635384 Sigma: 4.78846934  
Step: 07, Total Energy: -1.56635384 Sigma: 4.95309724  
Step: 08, Total Energy: -1.56715303 Sigma: 5.03402674  
Step: 09, Total Energy: -1.56715303 Sigma: 4.65301300  
Step: 10, Total Energy: -1.56775929 Sigma: 4.59849916  
Step: 11, Total Energy: -1.56775929 Sigma: 3.66258232  
Step: 12, Total Energy: -1.56809841 Sigma: 2.52047803  
Step: 13, Total Energy: -1.56819188 Sigma: 2.05566844  
Step: 14, Total Energy: -1.56840857 Sigma: 1.76246696  
Step: 15, Total Energy: -1.56860660 Sigma: 1.72861497  
Step: 16, Total Energy: -1.56882702 Sigma: 1.75048987  
Step: 17, Total Energy: -1.56886855 Sigma: 1.51251764  
Step: 18, Total Energy: -1.56892667 Sigma: 1.43221174  
Step: 19, Total Energy: -1.56900955 Sigma: 0.92656708  
Step: 20, Total Energy: -1.56901358 Sigma: 0.71579271  
Step: 21, Total Energy: -1.56908392 Sigma: 0.68668573  
Step: 22, Total Energy: -1.56910098 Sigma: 0.67251087  
Step: 23, Total Energy: -1.56911558 Sigma: 0.67181141  
Step: 24, Total Energy: -1.56911558 Sigma: 0.63057399  
Step: 25, Total Energy: -1.56917712 Sigma: 0.60453916  
Step: 26, Total Energy: -1.56918090 Sigma: 0.58478466  
Step: 27, Total Energy: -1.56918090 Sigma: 0.36761325  
Step: 28, Total Energy: -1.56918090 Sigma: 0.27340430  
Step: 29, Total Energy: -1.56920734 Sigma: 0.27183893  
Step: 30, Total Energy: -1.56920734 Sigma: 0.26448047  
Step: 31, Total Energy: -1.56920734 Sigma: 0.26318676  
Step: 32, Total Energy: -1.56922040 Sigma: 0.25291499  
Step: 33, Total Energy: -1.56922040 Sigma: 0.15795964  
Step: 34, Total Energy: -1.56922040 Sigma: 0.11808435  
Step: 35, Total Energy: -1.56922040 Sigma: 0.11747177  
Step: 36, Total Energy: -1.56922040 Sigma: 0.11615271  
Step: 37, Total Energy: -1.56922040 Sigma: 0.11561323  
Step: 38, Total Energy: -1.56922311 Sigma: 0.11438915  
Step: 39, Total Energy: -1.56922429 Sigma: 0.11446995  
Step: 40, Total Energy: -1.56922740 Sigma: 0.11398335  
Step: 41, Total Energy: -1.56922740 Sigma: 0.07492748  
Step: 42, Total Energy: -1.56922740 Sigma: 0.05877850  
Step: 43, Total Energy: -1.56922740 Sigma: 0.05838562  
Step: 44, Total Energy: -1.56922740 Sigma: 0.05706867  
Step: 45, Total Energy: -1.56922913 Sigma: 0.05566797  
Step: 46, Total Energy: -1.56922954 Sigma: 0.05476891  
Step: 47, Total Energy: -1.56923012 Sigma: 0.05454912  
Step: 48, Total Energy: -1.56923012 Sigma: 0.05443064  
Step: 49, Total Energy: -1.56923050 Sigma: 0.05411964  
Step: 50, Total Energy: -1.56923084 Sigma: 0.05164384  
Step: 51, Total Energy: -1.56923184 Sigma: 0.05258537  
Step: 52, Total Energy: -1.56923184 Sigma: 0.04290956  
Step: 53, Total Energy: -1.56923208 Sigma: 0.04276084  
Step: 54, Total Energy: -1.56923269 Sigma: 0.04225515  
Step: 55, Total Energy: -1.56923269 Sigma: 0.04201858  
Step: 56, Total Energy: -1.56923282 Sigma: 0.04206124  
Step: 57, Total Energy: -1.56923458 Sigma: 0.06166072  
Step: 58, Total Energy: -1.56923480 Sigma: 0.06172634  
Step: 59, Total Energy: -1.56923480 Sigma: 0.06172826  
Step: 60, Total Energy: -1.56923480 Sigma: 0.06161470  
Step: 61, Total Energy: -1.56923861 Sigma: 0.08745540  
Step: 62, Total Energy: -1.56923861 Sigma: 0.08789038  
Step: 63, Total Energy: -1.56923861 Sigma: 0.08834165  
Step: 64, Total Energy: -1.56923861 Sigma: 0.08679121  
Step: 65, Total Energy: -1.56923861 Sigma: 0.08638367  
Step: 66, Total Energy: -1.56923861 Sigma: 0.08649706  
Step: 67, Total Energy: -1.56923861 Sigma: 0.08700900  
Step: 68, Total Energy: -1.56923861 Sigma: 0.08728407  
Step: 69, Total Energy: -1.56924058 Sigma: 0.14893727  
Step: 70, Total Energy: -1.56924091 Sigma: 0.16660051  
Step: 71, Total Energy: -1.56924158 Sigma: 0.16646212  
Step: 72, Total Energy: -1.56924158 Sigma: 0.16641665  
Step: 73, Total Energy: -1.56924414 Sigma: 0.18197427  
Step: 74, Total Energy: -1.56924414 Sigma: 0.17134799  
Step: 75, Total Energy: -1.56924557 Sigma: 0.15341174  
Step: 76, Total Energy: -1.56924557 Sigma: 0.15322222  
Step: 77, Total Energy: -1.56924557 Sigma: 0.15329962  
Step: 78, Total Energy: -1.56924652 Sigma: 0.15421768  
Step: 79, Total Energy: -1.56924652 Sigma: 0.15508277  
Step: 80, Total Energy: -1.56924924 Sigma: 0.18765803  
Step: 81, Total Energy: -1.56924924 Sigma: 0.17242987  
Step: 82, Total Energy: -1.56924924 Sigma: 0.16330991  
Step: 83, Total Energy: -1.56925003 Sigma: 0.16207283  
Step: 84, Total Energy: -1.56925070 Sigma: 0.16004384  
Step: 85, Total Energy: -1.56925070 Sigma: 0.16074755  
Step: 86, Total Energy: -1.56925170 Sigma: 0.15931452  
Step: 87, Total Energy: -1.56925170 Sigma: 0.11943961  
Step: 88, Total Energy: -1.56925176 Sigma: 0.12225026  
Step: 89, Total Energy: -1.56925176 Sigma: 0.12393458  
Step: 90, Total Energy: -1.56925176 Sigma: 0.12102652  
Step: 91, Total Energy: -1.56925372 Sigma: 0.12267569  
Step: 92, Total Energy: -1.56925380 Sigma: 0.12134506  
Step: 93, Total Energy: -1.56925380 Sigma: 0.12151294  
Step: 94, Total Energy: -1.56925380 Sigma: 0.09185797  
Step: 95, Total Energy: -1.56925380 Sigma: 0.06307883  
Step: 96, Total Energy: -1.56925380 Sigma: 0.06237749  
Step: 97, Total Energy: -1.56925411 Sigma: 0.06393160  
Step: 98, Total Energy: -1.56925493 Sigma: 0.06389267  
Step: 99, Total Energy: -1.56925504 Sigma: 0.05135172  
Step: 100, Total Energy: -1.56925626 Sigma: 0.05142339  
Step: 101, Total Energy: -1.56925626 Sigma: 0.05140777  
Step: 102, Total Energy: -1.56925626 Sigma: 0.04520101  
Step: 103, Total Energy: -1.56925626 Sigma: 0.03613233  
Step: 104, Total Energy: -1.56925626 Sigma: 0.03648907  
Step: 105, Total Energy: -1.56925626 Sigma: 0.03563310  
Step: 106, Total Energy: -1.56925626 Sigma: 0.02624207  
Step: 107, Total Energy: -1.56925626 Sigma: 0.02394801  
Step: 108, Total Energy: -1.56925626 Sigma: 0.02169213  
Step: 109, Total Energy: -1.56925626 Sigma: 0.02628394  
Step: 110, Total Energy: -1.56925626 Sigma: 0.02547141  
Step: 111, Total Energy: -1.56925626 Sigma: 0.02031040  
Step: 112, Total Energy: -1.56925660 Sigma: 0.01753753  
Step: 113, Total Energy: -1.56925660 Sigma: 0.01735048  
Step: 114, Total Energy: -1.56925660 Sigma: 0.01771679  
Step: 115, Total Energy: -1.56925660 Sigma: 0.01591932  
Step: 116, Total Energy: -1.56925691 Sigma: 0.01878116  
Step: 117, Total Energy: -1.56925691 Sigma: 0.01801074  
Step: 118, Total Energy: -1.56925691 Sigma: 0.01422402  
Step: 119, Total Energy: -1.56925699 Sigma: 0.01419600  
Step: 120, Total Energy: -1.56925699 Sigma: 0.01414805  
Step: 121, Total Energy: -1.56925699 Sigma: 0.01778594  
Step: 122, Total Energy: -1.56925699 Sigma: 0.01778434  
Step: 123, Total Energy: -1.56925712 Sigma: 0.01890216  
Step: 124, Total Energy: -1.56925732 Sigma: 0.01892175  
Step: 125, Total Energy: -1.56925732 Sigma: 0.01887595  
Step: 126, Total Energy: -1.56925732 Sigma: 0.01249450  
Step: 127, Total Energy: -1.56925737 Sigma: 0.01206889  
Step: 128, Total Energy: -1.56925737 Sigma: 0.01227997  
Step: 129, Total Energy: -1.56925752 Sigma: 0.01043242  
Step: 130, Total Energy: -1.56925752 Sigma: 0.01023536  
Step: 131, Total Energy: -1.56925762 Sigma: 0.01137553  
Step: 132, Total Energy: -1.56925762 Sigma: 0.01068455  
Step: 133, Total Energy: -1.56925762 Sigma: 0.01251133  
Step: 134, Total Energy: -1.56925763 Sigma: 0.01252429  
Step: 135, Total Energy: -1.56925763 Sigma: 0.01276726  
Step: 136, Total Energy: -1.56925763 Sigma: 0.01270346  
Step: 137, Total Energy: -1.56925771 Sigma: 0.01187679  
Step: 138, Total Energy: -1.56925771 Sigma: 0.01126879  
Step: 139, Total Energy: -1.56925771 Sigma: 0.01034618  
Step: 140, Total Energy: -1.56925773 Sigma: 0.00969510  
Step: 141, Total Energy: -1.56925773 Sigma: 0.00828104  
Step: 142, Total Energy: -1.56925773 Sigma: 0.00931314  
Step: 143, Total Energy: -1.56925781 Sigma: 0.00895026  
Step: 144, Total Energy: -1.56925781 Sigma: 0.00842956  
Step: 145, Total Energy: -1.56925781 Sigma: 0.00771611  
Step: 146, Total Energy: -1.56925781 Sigma: 0.00735652  
Step: 147, Total Energy: -1.56925781 Sigma: 0.00650803  
Step: 148, Total Energy: -1.56925784 Sigma: 0.00634237  
Step: 149, Total Energy: -1.56925784 Sigma: 0.00533293  
Step: 150, Total Energy: -1.56925784 Sigma: 0.00566466  
Step: 151, Total Energy: -1.56925784 Sigma: 0.00570461  
Step: 152, Total Energy: -1.56925784 Sigma: 0.00585288  
Step: 153, Total Energy: -1.56925784 Sigma: 0.00317444  
Step: 154, Total Energy: -1.56925784 Sigma: 0.00317753  
Step: 155, Total Energy: -1.56925786 Sigma: 0.00317930  
Step: 156, Total Energy: -1.56925786 Sigma: 0.00270192  
Step: 157, Total Energy: -1.56925786 Sigma: 0.00265713  
Step: 158, Total Energy: -1.56925786 Sigma: 0.00257894  
Step: 159, Total Energy: -1.56925786 Sigma: 0.00248329  
Step: 160, Total Energy: -1.56925786 Sigma: 0.00250686  
Step: 161, Total Energy: -1.56925786 Sigma: 0.00248812  
Step: 162, Total Energy: -1.56925786 Sigma: 0.00248824  
Step: 163, Total Energy: -1.56925786 Sigma: 0.00244765  
Step: 164, Total Energy: -1.56925786 Sigma: 0.00238285  
Step: 165, Total Energy: -1.56925786 Sigma: 0.00188008  
Step: 166, Total Energy: -1.56925786 Sigma: 0.00186377  
Step: 167, Total Energy: -1.56925786 Sigma: 0.00186372  
Step: 168, Total Energy: -1.56925786 Sigma: 0.00122091  
Step: 169, Total Energy: -1.56925786 Sigma: 0.00119968  
Step: 170, Total Energy: -1.56925786 Sigma: 0.00111281  
Step: 171, Total Energy: -1.56925786 Sigma: 0.00110184  
Step: 172, Total Energy: -1.56925786 Sigma: 0.00085378  
Step: 173, Total Energy: -1.56925786 Sigma: 0.00083537  
Step: 174, Total Energy: -1.56925786 Sigma: 0.00083156  
Step: 175, Total Energy: -1.56925786 Sigma: 0.00055357  
Step: 176, Total Energy: -1.56925786 Sigma: 0.00055734  
Step: 177, Total Energy: -1.56925786 Sigma: 0.00049863  
Step: 178, Total Energy: -1.56925786 Sigma: 0.00048179  
Step: 179, Total Energy: -1.56925786 Sigma: 0.00047885  
Step: 180, Total Energy: -1.56925786 Sigma: 0.00036228  
Step: 181, Total Energy: -1.56925786 Sigma: 0.00036133  
Step: 182, Total Energy: -1.56925786 Sigma: 0.00036202  
Step: 183, Total Energy: -1.56925786 Sigma: 0.00036161  
Step: 184, Total Energy: -1.56925786 Sigma: 0.00036074  
Step: 185, Total Energy: -1.56925786 Sigma: 0.00036059  
Step: 186, Total Energy: -1.56925786 Sigma: 0.00036126  
Step: 187, Total Energy: -1.56925786 Sigma: 0.00036055  
Step: 188, Total Energy: -1.56925786 Sigma: 0.00034424  
Step: 189, Total Energy: -1.56925786 Sigma: 0.00029203  
Step: 190, Total Energy: -1.56925786 Sigma: 0.00029191  
Step: 191, Total Energy: -1.56925786 Sigma: 0.00028425  
Step: 192, Total Energy: -1.56925786 Sigma: 0.00016120  
Step: 193, Total Energy: -1.56925786 Sigma: 0.00014864  
Step: 194, Total Energy: -1.56925786 Sigma: 0.00014859  
Step: 195, Total Energy: -1.56925786 Sigma: 0.00020163  
Step: 196, Total Energy: -1.56925786 Sigma: 0.00020163  
Step: 197, Total Energy: -1.56925786 Sigma: 0.00019600  
Step: 198, Total Energy: -1.56925786 Sigma: 0.00019611  
Step: 199, Total Energy: -1.56925786 Sigma: 0.00019608  
Step: 200, Total Energy: -1.56925786 Sigma: 0.00019608  
Step: 201, Total Energy: -1.56925786 Sigma: 0.00019599  
Step: 202, Total Energy: -1.56925786 Sigma: 0.00019604  
Step: 203, Total Energy: -1.56925786 Sigma: 0.00016983  
Step: 204, Total Energy: -1.56925786 Sigma: 0.00015585  
Step: 205, Total Energy: -1.56925786 Sigma: 0.00015585  
Step: 206, Total Energy: -1.56925786 Sigma: 0.00011817  
Step: 207, Total Energy: -1.56925786 Sigma: 0.00010863  
Step: 208, Total Energy: -1.56925786 Sigma: 0.00008818  
Criteria met for convergence.
----------
Checking orbital and occupation energies for convergence...
----------
Total number of iterations: 1
##########
ERROR: encountered some error along the way. Run is likely
not fully converged. Check what went wrong.
##########
------------------------------
------------------------------
## Energy Evaluation ## 
Final energy                : -1.56925786 Hartrees
Final sigma                 : 0.00565105

Hartree Fock Energy         : -1.53210144 Hartrees
Full CI energy              : -1.57110702 Hartrees
Difference in target and FCI  :  1.84915 mHartrees
----------
Correlation energy recovered: -37.15642 mHartrees
Correlation energy recovered: 95.259 %
------------------------------
------------------------------
Wavefunction (Hamiltonian basis):
 |110100>: 0.9836171404817633
 |011001>: 0.06422327397290928
 |101010>: 0.16844195448486018
----------
1-Electron Reduced Density Matrix:
[[ 0.99588+0.j  0.00000+0.j  0.00000+0.j  0.00000+0.j  0.00000+0.j
   0.00000+0.j]
 [ 0.00000+0.j  0.97163+0.j  0.00000+0.j  0.00000+0.j  0.00000+0.j
   0.00000+0.j]
 [ 0.00000+0.j  0.00000+0.j  0.03250+0.j  0.00000+0.j  0.00000+0.j
   0.00000+0.j]
 [ 0.00000+0.j  0.00000+0.j  0.00000+0.j  0.96750+0.j  0.00000+0.j
   0.00000+0.j]
 [ 0.00000+0.j  0.00000+0.j  0.00000+0.j  0.00000+0.j  0.02837+0.j
   0.00000+0.j]
 [ 0.00000+0.j  0.00000+0.j  0.00000+0.j  0.00000+0.j  0.00000+0.j
   0.00412+0.j]]
Total orbital energy evaluations   : 462
Total occupation energy evaluations: 37
