----------
--START---
----------
Taking parameters from config file. Must be specified elsewhere.
Importing run parameters.
----------
Run on: 2018-08-27T05:16:13.119701
----------
#
# ./ibm.txt
# reused as h3.txt
#
# IBM specific input for runs with ./main.py
#
#

# General
restart= no
print= yes
wait= yes
max_iter= 10
mapping= zeta
chem_orb= HF
#opt_crit= 0.000001
#opt_crit= 0.001
opt_crit= 0.0001

# Occupation Number optimizers
occ_method= stretch
occ_seed= user
occ_optimizer= NM
occ_opt_crit= default
occ_opt_thresh= 0.1
occ_increase= no
occ_energy= qc
occ_nm_simplex= 30
occ_gd_gradient= numerical
occ_max_iter= 40
occ_load_triangle= no
occ_method_Ntri= 3

# Input for the orbital optimizer (for chem_orb /= FCI)
orb_nm_simplex= 15
orb_optimizer= NM
orb_opt_crit= default
# for GD
#orb_opt_thresh= 0.00000001
# for NM
orb_opt_thresh= 0.0001
orb_method= givens
orb_max_iter= 2000
orb_gd_gradient= analytical
orb_print= no

# Input for the quantum algorithm
qc_backend= ibmqx4
qc_num_shots= 2048
qc_order= default
qc_algorithm= affine_2p_curved_tenerife
qc_combine= no
qc_verbose= yes
qc_connect= yes
$ 0 0 
----------
Hello. Beginning a hybrid quantum classical optimization
to find the ground state energy of your target molecule. 
Let's begin!
----------
Molecular parameters:
mol = gto.Mole()
mol.atom = '''H 0 0 0; H 0 0 -1.9374; H 0 0 1.9374'''
mol.basis = 'sto-3g'
mol.spin=1
mol.verbose=2
mol.build()
----------
Run is connected to the IBMQuantumExperience.
Checking for config file.
----------
Backend configuration file already written.
Stored in following location:
/home/sesmart/3_vqa/hqca/results/logs/20180827_ibmqx4
----------
Getting the electron integrals in the Hartree-Fock basis.
Electron integrals obtained. Moving forward.
----------
Wavefunction mapping is: zeta
Nuclear energy: 0.68284455 Hartrees
Quantum algorithm: affine_2p_curved_tenerife
Quantum backend: ibmqx4
----------
Measuring triangle for generating an  affine transformation.
Please make sure your circuit rotation is in 2D.
----------
Iteration: 0, Length: 0.8456486010028472, Difference:0.15435139899715278
--- Final f,x: [array([ 0.69134172,  0.69134172,  0.5732233 ])],[33.75] --- 
Iteration: 1, Length: 0.8603471610579805, Difference:0.014698560055133258
Difference in points: 14.0625
Iteration: 2, Length: 0.8763740208045012, Difference:0.01602685974652074
Difference in points: 0.703125
Iteration: 3, Length: 0.8867191039948074, Difference:0.010345083190306137
Difference in points: 0.87890625
Iteration: 4, Length: 0.8925716254780285, Difference:0.005852521483221129
Difference in points: 0.5712890625
Iteration: 5, Length: 0.895683848378818, Difference:0.0031122229007894964
Difference in points: 0.37353515625
Iteration: 6, Length: 0.8972885342945068, Difference:0.0016046859156888527
Difference in points: 0.16204833984375
Iteration: 7, Length: 0.8981032807479221, Difference:0.0008147464534152826
Difference in points: 0.092010498046875
Iteration: 8, Length: 0.8985137870912561, Difference:0.00041050634333394953
Difference in points: 0.0460052490234375
Iteration: 9, Length: 0.8987198275507802, Difference:0.00020604045952410388
Difference in points: 0.02300262451171875
Iteration: 10, Length: 0.8988230451020512, Difference:0.00010321755127107313
Difference in points: 0.011501312255859375
Iteration: 11, Length: 0.8988747032704, Difference:5.1658168348733824e-05
Difference in points: 0.00523298978805542
Iteration: 0, Length: 0.6123724356957945, Difference:0.38762756430420553
--- Final f,x: [array([ 0.8125,  0.8125,  0.625 ])],[0.75] --- 
Iteration: 1, Length: 0.6123724356957945, Difference:0.0
Difference in points: 0.3125
Iteration: 2, Length: 0.6123724356957946, Difference:1.1102230246251565e-16
Difference in points: 0.09375
Iteration: 3, Length: 0.6123724356957946, Difference:0.0
Difference in points: 0.01171875
Iteration: 4, Length: 0.6123724356957944, Difference:2.220446049250313e-16
Difference in points: 0.021484375
Iteration: 5, Length: 0.6123724356957942, Difference:1.1102230246251565e-16
Difference in points: 0.004638671875
Targets: [[1, 1, 1], [0.91534423828125, 0.91534423828125, 0.8306884765625], [0.8345947265625, 0.8345947265625, 0.669189453125], [0.75, 0.75, 0.5]]
Parameters: [[0, 45], [0, 0], [21.462046802043915, 21.462046802043915]]
'The same provider has already been registered!'
Circuit counts:{'ii0': {'11111': 1, '11110': 2, '10100': 5, '00000': 636, '01101': 3, '00011': 628, '11000': 6, '00101': 10, '10011': 167, '00100': 21, '11010': 3, '00010': 76, '10101': 2, '10110': 3, '01000': 32, '00001': 54, '11001': 2, '10000': 211, '01010': 5, '11011': 6, '01100': 12, '00110': 13, '10010': 24, '10001': 17, '01011': 44, '01001': 3, '10111': 4, '01110': 5, '11100': 2, '01111': 18, '00111': 33}}
Time to get backend : 7.827579975128174e-05
Time to run tomography : 1229.2010156586766
Total time: 1229.2010939344764
{'ii': {'11111': 1, '10100': 5, '00000': 636, '01101': 3, '00011': 628, '00101': 10, '11000': 6, '11110': 2, '00100': 21, '10001': 17, '11010': 3, '00010': 76, '10110': 3, '01000': 32, '00001': 54, '11001': 2, '10000': 211, '01010': 5, '11011': 6, '01100': 12, '10011': 167, '10010': 24, '00110': 13, '10101': 2, '01011': 44, '01001': 3, '10111': 4, '01110': 5, '11100': 2, '01111': 18, '00111': 33}}
Vertex: [ 0.06542969  0.484375    0.49609375  0.50390625  0.515625    0.93457031]
'The same provider has already been registered!'
----------------------------------------
--- There are 015 runs in queue. -----
--- Waited 00000 minutes so far. ----
----------------------------------------
----------------------------------------
--- There are 014 runs in queue. -----
--- Waited 00005 minutes so far. ----
----------------------------------------
Circuit counts:{'ii0': {'10100': 18, '00000': 1340, '01101': 8, '00011': 32, '00101': 15, '11101': 1, '11000': 16, '10011': 12, '10110': 1, '00010': 10, '10101': 2, '00100': 73, '01000': 57, '00001': 39, '01010': 1, '10000': 359, '01100': 27, '00110': 2, '10010': 8, '10001': 9, '01011': 2, '01001': 4, '00111': 4, '11100': 8}}
Time to get backend : 8.387863636016846e-05
Time to run tomography : 524.1063343733549
Total time: 524.1064182519913
{'ii': {'10100': 18, '00000': 1340, '01101': 8, '00011': 32, '11000': 16, '11101': 1, '00101': 15, '10011': 12, '10110': 1, '10001': 9, '00010': 10, '00100': 73, '01000': 57, '00001': 39, '01010': 1, '10000': 359, '01100': 27, '00110': 2, '10010': 8, '10101': 2, '01011': 2, '01001': 4, '00111': 4, '11100': 8}}
Vertex: [ 0.03515625  0.0625      0.07763672  0.92236328  0.9375      0.96484375]
'The same provider has already been registered!'
----------------------------------------
--- There are 015 runs in queue. -----
--- Waited 00000 minutes so far. ----
----------------------------------------
----------------------------------------
--- There are 013 runs in queue. -----
--- Waited 00005 minutes so far. ----
----------------------------------------
----------------------------------------
--- There are 011 runs in queue. -----
--- Waited 00010 minutes so far. ----
----------------------------------------
----------------------------------------
--- There are 011 runs in queue. -----
--- Waited 00015 minutes so far. ----
----------------------------------------
Circuit counts:{'ii0': {'11111': 3, '10100': 8, '00000': 973, '01101': 64, '00011': 191, '11000': 14, '11101': 17, '00101': 138, '10011': 33, '11110': 1, '00010': 32, '10101': 18, '10110': 6, '01000': 59, '00001': 41, '01010': 3, '10000': 251, '11011': 2, '01100': 22, '00110': 33, '10010': 5, '10001': 17, '00100': 62, '01011': 11, '01001': 3, '10111': 3, '01110': 16, '11100': 7, '01111': 6, '00111': 9}}
Time to get backend : 7.897615432739258e-05
Time to run tomography : 635.6958637088537
Total time: 635.695942685008
{'ii': {'11111': 3, '10100': 8, '00000': 973, '01101': 64, '00011': 191, '00101': 138, '11101': 17, '11000': 14, '10011': 33, '11110': 1, '10001': 17, '00010': 32, '10110': 6, '01000': 59, '00001': 41, '01010': 3, '10000': 251, '11011': 2, '01100': 22, '00110': 33, '10010': 5, '10101': 18, '00100': 62, '01011': 11, '01001': 3, '10111': 3, '01110': 16, '11100': 7, '01111': 6, '00111': 9}}
Vertex: [ 0.17285156  0.20166016  0.27148438  0.72851562  0.79833984  0.82714844]
Parameters: [[0, 45], [21.462046802043915, 21.462046802043915], [33.115695118904114, 33.115695118904114]]
'The same provider has already been registered!'
Circuit counts:{'ii0': {'11111': 3, '11110': 1, '10100': 3, '00000': 643, '01101': 9, '00011': 690, '11000': 15, '11101': 2, '00101': 11, '10011': 145, '00100': 23, '11010': 3, '00010': 93, '10101': 3, '01110': 7, '01000': 37, '00001': 57, '11001': 1, '10000': 149, '01010': 2, '11011': 8, '01100': 12, '00110': 8, '10010': 20, '10001': 18, '01011': 39, '01001': 6, '10111': 12, '00111': 17, '11100': 2, '01111': 9}}
Time to get backend : 6.125122308731079e-05
Time to run tomography : 252.67913573235273
Total time: 252.67919698357582
{'ii': {'11111': 3, '01100': 12, '00000': 643, '01101': 9, '00011': 690, '00101': 11, '11101': 2, '11000': 15, '11110': 1, '00100': 23, '10001': 18, '11010': 3, '00010': 93, '01110': 7, '01000': 37, '00001': 57, '11001': 1, '10000': 149, '01010': 2, '11011': 8, '10100': 3, '10011': 145, '10010': 20, '00110': 8, '10101': 3, '01011': 39, '01001': 6, '10111': 12, '00111': 17, '11100': 2, '01111': 9}}
Vertex: [ 0.05957031  0.48388672  0.49707031  0.50292969  0.51611328  0.94042969]
'The same provider has already been registered!'
Circuit counts:{'ii0': {'11111': 2, '10100': 11, '00000': 999, '01101': 65, '00011': 159, '11000': 16, '11101': 13, '00101': 142, '10011': 48, '11110': 4, '00010': 36, '10101': 21, '10110': 5, '01000': 46, '00001': 63, '11001': 1, '10000': 229, '01010': 2, '11011': 2, '01100': 31, '00110': 24, '10010': 4, '10001': 13, '00100': 65, '01011': 7, '01001': 1, '10111': 2, '01110': 15, '11100': 9, '01111': 4, '00111': 9}}
Time to get backend : 6.086379289627075e-05
Time to run tomography : 175.24012701958418
Total time: 175.24018788337708
{'ii': {'11111': 2, '10100': 11, '00000': 999, '01101': 65, '00011': 159, '00101': 142, '11101': 13, '11000': 16, '10011': 48, '11110': 4, '10001': 13, '00010': 36, '10110': 5, '01000': 46, '00001': 63, '11001': 1, '10000': 229, '01010': 2, '11011': 2, '01100': 31, '00110': 24, '10010': 4, '10101': 21, '00100': 65, '01011': 7, '01001': 1, '10111': 2, '01110': 15, '11100': 9, '01111': 4, '00111': 9}}
Vertex: [ 0.15771484  0.20605469  0.26953125  0.73046875  0.79394531  0.84228516]
'The same provider has already been registered!'
Circuit counts:{'ii0': {'11111': 2, '11110': 17, '10100': 16, '00000': 621, '01101': 114, '00011': 280, '11000': 15, '11101': 32, '00101': 196, '10011': 62, '00100': 53, '11010': 2, '00010': 55, '10101': 45, '10110': 19, '01000': 46, '00001': 51, '11001': 2, '10000': 153, '01010': 4, '11011': 4, '01100': 27, '00110': 99, '10010': 8, '10001': 13, '01011': 12, '01001': 6, '10111': 4, '01110': 49, '11100': 13, '01111': 9, '00111': 19}}
Time to get backend : 6.055086851119995e-05
Time to run tomography : 466.1509372368455
Total time: 466.150997787714
{'ii': {'11111': 2, '01100': 27, '00000': 621, '01101': 114, '00011': 280, '00101': 196, '11101': 32, '11000': 15, '11110': 17, '00100': 53, '10001': 13, '11010': 2, '00010': 55, '10110': 19, '01000': 46, '00001': 51, '11001': 2, '10000': 153, '01010': 4, '11011': 4, '10100': 16, '10011': 62, '10010': 8, '00110': 99, '10101': 45, '01011': 12, '01001': 6, '10111': 4, '01110': 49, '11100': 13, '01111': 9, '00111': 19}}
Vertex: [ 0.31494141  0.34863281  0.41552734  0.58447266  0.65136719  0.68505859]
Parameters: [[0, 45], [33.115695118904114, 33.115695118904114], [45, 45]]
'The same provider has already been registered!'
Circuit counts:{'ii0': {'11111': 2, '10100': 7, '00000': 623, '01101': 2, '00011': 653, '11000': 15, '11101': 1, '00101': 10, '10011': 159, '10110': 1, '00010': 89, '10101': 4, '00100': 34, '01000': 47, '00001': 50, '11001': 3, '10000': 170, '01010': 5, '11011': 14, '01100': 10, '00110': 7, '10010': 17, '10001': 18, '01011': 51, '01001': 7, '10111': 5, '01110': 2, '11100': 3, '01111': 8, '00111': 31}}
Time to get backend : 3.693997859954834e-05
Time to run tomography : 288.2814585864544
Total time: 288.281495526433
{'ii': {'11111': 2, '10100': 7, '00000': 623, '01101': 2, '00011': 653, '00101': 10, '11101': 1, '11000': 15, '10011': 159, '10110': 1, '10001': 18, '00010': 89, '00100': 34, '01000': 47, '00001': 50, '11001': 3, '10000': 170, '01010': 5, '11011': 14, '01100': 10, '00110': 7, '10010': 17, '10101': 4, '01011': 51, '01001': 7, '10111': 5, '01110': 2, '11100': 3, '01111': 8, '00111': 31}}
Vertex: [ 0.06201172  0.49023438  0.49707031  0.50292969  0.50976562  0.93798828]
'The same provider has already been registered!'
Circuit counts:{'ii0': {'11111': 3, '11110': 10, '10100': 14, '00000': 623, '01101': 104, '00011': 261, '11000': 9, '11101': 29, '00101': 210, '10011': 77, '00100': 50, '11010': 1, '00010': 46, '10101': 40, '10110': 28, '01000': 39, '00001': 76, '11001': 1, '10000': 157, '01010': 5, '11011': 2, '01100': 31, '00110': 106, '10010': 11, '10001': 12, '01011': 16, '01001': 3, '10111': 2, '01110': 49, '11100': 10, '01111': 7, '00111': 16}}
Time to get backend : 7.975846529006958e-05
Time to run tomography : 572.2044118568301
Total time: 572.2044916152954
{'ii': {'11111': 3, '01100': 31, '00000': 623, '01101': 104, '00011': 261, '00101': 210, '11101': 29, '11000': 9, '11110': 10, '00100': 50, '10001': 12, '11010': 1, '00010': 46, '10110': 28, '01000': 39, '00001': 76, '11001': 1, '10000': 157, '01010': 5, '11011': 2, '10100': 14, '10011': 77, '10010': 11, '00110': 106, '10101': 40, '01011': 16, '01001': 3, '10111': 2, '01110': 49, '11100': 10, '01111': 7, '00111': 16}}
Vertex: [ 0.3125      0.34619141  0.41943359  0.58056641  0.65380859  0.6875    ]
'The same provider has already been registered!'
Circuit counts:{'ii0': {'11111': 1, '10100': 17, '00000': 300, '01101': 118, '00011': 348, '11000': 7, '11101': 37, '00101': 198, '10011': 90, '11110': 51, '00010': 64, '10101': 65, '10110': 46, '01000': 19, '00001': 48, '11001': 1, '10000': 99, '01010': 7, '11011': 3, '01100': 27, '00110': 255, '10010': 17, '10001': 16, '00100': 49, '01011': 10, '01001': 1, '10111': 7, '01110': 105, '11100': 8, '01111': 3, '00111': 31}}
Time to get backend : 7.974356412887573e-05
Time to run tomography : 528.707665540278
Total time: 528.7077452838421
{'ii': {'11111': 1, '10100': 17, '00000': 300, '01101': 118, '00011': 348, '00101': 198, '11101': 37, '11000': 7, '10011': 90, '11110': 51, '10001': 16, '00010': 64, '10110': 46, '01000': 19, '00001': 48, '11001': 1, '10000': 99, '01010': 7, '11011': 3, '01100': 27, '00110': 255, '10010': 17, '10101': 65, '00100': 49, '01011': 10, '01001': 1, '10111': 7, '01110': 105, '11100': 8, '01111': 3, '00111': 31}}
Vertex: [ 0.47705078  0.49316406  0.49707031  0.50292969  0.50683594  0.52294922]
Succefully have the triangulation. Proceeding with optimization.
----------
Optimizing the wavefunction.
Initializing the Nelder-Mead optimization class.
---------- 
Circuit counts:{'ii0': {'01000': 72, '00001': 35, '01010': 1, '00000': 1352, '01101': 6, '10000': 380, '11000': 17, '11101': 3, '10100': 9, '00101': 10, '01100': 21, '10011': 8, '10101': 5, '10001': 13, '00010': 15, '00011': 33, '00111': 2, '11100': 9, '01001': 1, '00100': 56}}
Time to get backend : 7.830560207366943e-05
Time to run tomography : 494.23981042951345
Total time: 494.2398887351155
{'ii': {'01000': 72, '00001': 35, '01010': 1, '00000': 1352, '01101': 6, '10000': 380, '11000': 17, '11101': 3, '10100': 9, '00101': 10, '01100': 21, '10011': 8, '10101': 5, '10001': 13, '00010': 15, '00011': 33, '00111': 2, '11100': 9, '01001': 1, '00100': 56}}
Measure ON: [[ 0.97119141  0.94335938  0.94091797  1.        ]]
Rotated ON: [[ 1.00429555  1.00646015  1.01254111  0.99821459]]
Point on the GPC surface. Proceeding.
Parameters: 
[ 0.  0.]
Fitted wavefunction: 
Alpha: 1.0, Beta: 0.0, Gamma: 0.0
Distance from GPC plane: 0.008490346897987848
Total Energy: -1.2269210922160199 Hartrees
----------
Circuit counts:{'ii0': {'11111': 1, '10100': 18, '00000': 1013, '01101': 117, '00011': 31, '11000': 13, '11101': 29, '00101': 252, '10011': 1, '10110': 1, '00010': 16, '10101': 55, '00100': 53, '01000': 43, '00001': 53, '11001': 1, '10000': 260, '01100': 51, '00110': 7, '10010': 3, '10001': 11, '01011': 3, '01001': 3, '10111': 1, '01110': 2, '11100': 4, '01111': 1, '00111': 5}}
Time to get backend : 7.989257574081421e-05
Time to run tomography : 486.4230076819658
Total time: 486.42308757454157
{'ii': {'11111': 1, '10100': 18, '00000': 1013, '01101': 117, '00011': 31, '00101': 252, '11101': 29, '11000': 13, '10011': 1, '10110': 1, '10001': 11, '00010': 16, '00100': 53, '01000': 43, '00001': 53, '11001': 1, '10000': 260, '01100': 51, '00110': 7, '10010': 3, '10101': 55, '01011': 3, '01001': 3, '10111': 1, '01110': 2, '11100': 4, '01111': 1, '00111': 5}}
Measure ON: [[ 0.96484  0.72461  0.7085   1.     ]]
Rotated ON: [[ 1.00979  0.73509  0.74323  1.00165]]
Point on the GPC surface. Proceeding.
Parameters: 
[ 30.   0.]
Fitted wavefunction: 
Alpha: 0.8608507459235503, Beta: 0.5088575372762666, Gamma: 0.0
Distance from GPC plane: 0.0103501603782811
Total Energy: -1.3225719149344737 Hartrees
----------
Circuit counts:{'ii0': {'11111': 4, '10100': 6, '00000': 991, '01101': 8, '00011': 367, '11000': 12, '11101': 3, '00101': 11, '10011': 71, '11110': 1, '00010': 55, '10101': 2, '10110': 2, '01000': 47, '00001': 44, '11001': 2, '10000': 254, '01010': 2, '11011': 8, '01100': 16, '00110': 8, '10010': 18, '10001': 8, '00100': 56, '01011': 19, '01001': 2, '10111': 3, '01110': 1, '11100': 4, '01111': 7, '00111': 16}}
Time to get backend : 8.499622344970703e-05
Time to run tomography : 516.1512486711144
Total time: 516.1513336673379
{'ii': {'11111': 4, '10100': 6, '00000': 991, '01101': 8, '00011': 367, '00101': 11, '11101': 3, '11000': 12, '10011': 71, '11110': 1, '10001': 8, '00010': 55, '10110': 2, '01000': 47, '00001': 44, '11001': 2, '10000': 254, '01010': 2, '11011': 8, '01100': 16, '00110': 8, '10010': 18, '10101': 2, '00100': 56, '01011': 19, '01001': 2, '10111': 3, '01110': 1, '11100': 4, '01111': 7, '00111': 16}}
Measure ON: [[ 0.92773  0.71924  0.71582  1.     ]]
Rotated ON: [[ 0.98648  0.76097  0.75085  0.9966 ]]
Point on the GPC surface. Proceeding.
Parameters: 
[  0.  30.]
Fitted wavefunction: 
Alpha: 0.8658617434870322, Beta: 0.48774693924270346, Gamma: 0.11129404487649616
Distance from GPC plane: 0.001962020795728742
Total Energy: -1.3679860059338529 Hartrees
----------
Step:-01, Init. Energy: -1.22692109 Hartrees
Circuit counts:{'ii0': {'11111': 2, '11110': 7, '10100': 13, '00000': 765, '01101': 86, '00011': 232, '11000': 7, '11101': 28, '00101': 187, '10011': 79, '00100': 58, '11010': 1, '00010': 69, '10101': 40, '10110': 7, '01000': 28, '00001': 52, '01010': 1, '10000': 183, '01100': 28, '00110': 76, '10010': 9, '10001': 10, '01011': 11, '01001': 2, '10111': 4, '01110': 36, '11100': 13, '01111': 6, '00111': 8}}
Time to get backend : 6.943196058273315e-05
Time to run tomography : 480.710277184844
Total time: 480.7103466168046
{'ii': {'11111': 2, '10100': 13, '00000': 765, '01101': 86, '00011': 232, '00101': 187, '11101': 28, '11000': 7, '11110': 7, '00100': 58, '10011': 79, '11010': 1, '00010': 69, '10001': 10, '10110': 7, '01000': 28, '00001': 52, '01010': 1, '10000': 183, '01100': 28, '00110': 76, '10010': 9, '10101': 40, '01011': 11, '01001': 2, '10111': 4, '01110': 36, '11100': 13, '01111': 6, '00111': 8}}
Measure ON: [[ 0.73242  0.70752  0.63525  1.     ]]
Rotated ON: [[ 0.85778  0.87312  0.73069  1.0002 ]]
Point on the GPC surface. Proceeding.
Parameters: 
[ 30.  30.]
Fitted wavefunction: 
Alpha: 0.8548441239176997, Beta: 0.3772132534384931, Gamma: 0.35630279992406433
Distance from GPC plane: 0.00011779496814556814
Total Energy: -1.408205513673887 Hartrees
----------
NM: Reflection: [ 30.  30.]
-1.40820551367
Circuit counts:{'ii0': {'11111': 5, '11110': 54, '10100': 11, '00000': 286, '01101': 94, '00011': 285, '11000': 4, '11101': 29, '00101': 221, '10011': 94, '00100': 60, '11010': 2, '00010': 75, '10101': 60, '10110': 64, '01000': 20, '00001': 44, '01010': 5, '10000': 119, '11011': 7, '01100': 31, '00110': 267, '10010': 17, '10001': 25, '01011': 19, '01001': 5, '10111': 4, '01110': 98, '11100': 10, '01111': 8, '00111': 25}}
Time to get backend : 7.956475019454956e-05
Time to run tomography : 172.16856138408184
Total time: 172.16864094883204
{'ii': {'11111': 5, '10100': 11, '00000': 286, '01101': 94, '00011': 285, '00101': 221, '11101': 29, '11000': 4, '11110': 54, '00100': 60, '10001': 25, '11010': 2, '00010': 75, '10110': 64, '01000': 20, '00001': 44, '01010': 5, '10000': 119, '11011': 7, '01100': 31, '10011': 94, '10010': 17, '00110': 267, '10101': 60, '01011': 19, '01001': 5, '10111': 4, '01110': 98, '11100': 10, '01111': 8, '00111': 25}}
Measure ON: [[ 0.54834  0.5083   0.50244  1.     ]]
Rotated ON: [[ 0.76511  0.73565  0.50097  0.99979]]
Point on the GPC surface. Proceeding.
Parameters: 
[ 45.  45.]
Fitted wavefunction: 
Alpha: 0.7077422609880295, Beta: 0.5140857457341119, Gamma: 0.48457892860147544
Distance from GPC plane: 0.00011887500655438646
Total Energy: -1.409539651116747 Hartrees
----------
NM: Extended point better than best.
[ 45.  45.]
Maximum distance from centroid: 38.242646351945886
----------
----------
Step: 00, Total Energy: -1.40953965 Sigma: 15.85786438  
----------
----------
Circuit counts:{'ii0': {'11111': 5, '11110': 11, '01100': 10, '00000': 102, '01101': 12, '00011': 1058, '11000': 2, '11101': 1, '00101': 8, '10011': 244, '00100': 10, '11010': 1, '00010': 139, '10101': 2, '10110': 29, '01000': 7, '00001': 66, '10000': 32, '11011': 14, '10100': 3, '00110': 80, '10010': 25, '10001': 14, '01011': 50, '01001': 1, '10111': 12, '01110': 51, '11100': 2, '01111': 17, '00111': 40}}
Time to get backend : 8.45789909362793e-05
Time to run tomography : 176.36487162858248
Total time: 176.3649562075734
{'ii': {'11111': 5, '01100': 10, '00000': 102, '01101': 12, '00011': 1058, '00101': 8, '11101': 1, '11000': 2, '11110': 11, '00100': 10, '10011': 244, '11010': 1, '00010': 139, '10001': 14, '10110': 29, '01000': 7, '00001': 66, '10000': 32, '11011': 14, '10100': 3, '00110': 80, '10010': 25, '10101': 2, '01011': 50, '01001': 1, '10111': 12, '01110': 51, '11100': 2, '01111': 17, '00111': 40}}
Measure ON: [[ 0.86719  0.85693  0.75391  1.     ]]
Rotated ON: [[ 0.92504  0.96032  0.88383  1.00152]]
Point on the GPC surface. Proceeding.
Parameters: 
[ 15.  75.]
Fitted wavefunction: 
Alpha: 0.9403941913515091, Beta: 0.2747149307853034, Gamma: 0.20047561366901243
Distance from GPC plane: 0.0008779326753913937
Total Energy: -1.3657944400719015 Hartrees
----------
NM: Reflection: [ 15.  75.]
-1.36579444007
Circuit counts:{'ii0': {'11111': 1, '11110': 4, '10100': 10, '00000': 953, '01101': 90, '00011': 163, '11000': 12, '11101': 26, '00101': 178, '10011': 42, '00100': 57, '11010': 1, '00010': 26, '10101': 35, '10110': 7, '01000': 48, '00001': 43, '01010': 2, '10000': 237, '11011': 1, '01100': 31, '00110': 26, '10010': 1, '10001': 13, '01011': 4, '01001': 1, '10111': 2, '01110': 13, '11100': 7, '01111': 3, '00111': 11}}
Time to get backend : 3.419816493988037e-05
Time to run tomography : 186.21688106656075
Total time: 186.21691526472569
{'ii': {'11111': 1, '10100': 10, '00000': 953, '01101': 90, '00011': 163, '00101': 178, '11101': 26, '11000': 12, '11110': 4, '00100': 57, '10001': 13, '11010': 1, '00010': 26, '10110': 7, '01000': 48, '00001': 43, '01010': 2, '10000': 237, '11011': 1, '01100': 31, '10011': 42, '10010': 1, '00110': 26, '10101': 35, '01011': 4, '01001': 1, '10111': 2, '01110': 13, '11100': 7, '01111': 3, '00111': 11}}
Measure ON: [[ 0.8501   0.75537  0.70068  1.     ]]
Rotated ON: [[ 0.92357  0.86283  0.78651  0.99989]]
Point on the GPC surface. Proceeding.
Parameters: 
[ 26.25  18.75]
Fitted wavefunction: 
Alpha: 0.88683338659867, Beta: 0.37031518420769627, Gamma: 0.27639321402515277
Distance from GPC plane: 6.624555933655575e-05
Total Energy: -1.3989717493097797 Hartrees
----------
Circuit counts:{'ii0': {'11111': 4, '10100': 7, '00000': 384, '01101': 11, '00011': 818, '11000': 3, '11101': 1, '00101': 41, '10011': 189, '11110': 11, '00010': 97, '10101': 9, '10110': 17, '01000': 9, '00001': 52, '11001': 1, '10000': 83, '01010': 3, '11011': 9, '01100': 11, '00110': 87, '10010': 19, '10001': 19, '00100': 20, '01011': 58, '01001': 2, '10111': 6, '01110': 44, '11100': 2, '01111': 9, '00111': 22}}
Time to get backend : 0.0001217573881149292
Time to run tomography : 179.84659961611032
Total time: 179.84672137349844
{'ii': {'11111': 4, '10100': 7, '00000': 384, '01101': 11, '00011': 818, '00101': 41, '11101': 1, '11000': 3, '10011': 189, '11110': 11, '10001': 19, '00010': 97, '10110': 17, '01000': 9, '00001': 52, '11001': 1, '10000': 83, '01010': 3, '11011': 9, '01100': 11, '00110': 87, '10010': 19, '10101': 9, '00100': 20, '01011': 58, '01001': 2, '10111': 6, '01110': 44, '11100': 2, '01111': 9, '00111': 22}}
Measure ON: [[ 0.85254  0.68018  0.61084  1.     ]]
Rotated ON: [[ 0.93724  0.74913  0.68369  1.00269]]
Point on the GPC surface. Proceeding.
Parameters: 
[ 18.75  56.25]
Fitted wavefunction: 
Alpha: 0.8273972851391386, Beta: 0.5017599449316017, Gamma: 0.25229088411319817
Distance from GPC plane: 0.0015506093883161656
Total Energy: -1.4067093075015509 Hartrees
----------
NM: Contracting the triangle.
[ 18.75  56.25]
Maximum distance from centroid: 37.9658563712186
----------
----------
Step: 01, Total Energy: -1.40953965 Sigma: 14.93906731  
----------
----------
Circuit counts:{'ii0': {'11111': 1, '11110': 88, '10100': 13, '00000': 31, '01101': 36, '00011': 240, '00110': 623, '11101': 7, '00101': 58, '10011': 73, '10110': 205, '00010': 110, '10101': 20, '01110': 326, '01000': 3, '00001': 17, '01010': 7, '10000': 12, '11011': 2, '01100': 22, '01111': 12, '10010': 17, '10001': 5, '00100': 61, '01011': 11, '01001': 1, '10111': 9, '00111': 28, '11100': 10}}
Time to get backend : 9.92119312286377e-05
Time to run tomography : 182.52743136882782
Total time: 182.52753058075905
{'ii': {'11111': 1, '10100': 13, '00000': 31, '01101': 36, '00011': 240, '00110': 623, '11101': 7, '00101': 58, '11110': 88, '10110': 205, '10011': 73, '00010': 110, '10001': 5, '01110': 326, '01000': 3, '00001': 17, '01010': 7, '10000': 12, '11011': 2, '01100': 22, '01111': 12, '10010': 17, '10101': 20, '00100': 61, '01011': 11, '01001': 1, '10111': 9, '00111': 28, '11100': 10}}
Measure ON: [[ 0.85547  0.74609  0.7417   1.     ]]
Rotated ON: [[ 0.93844  0.84954  0.79696  0.99103]]
Point on the GPC surface. Proceeding.
Parameters: 
[ 63.75  71.25]
Fitted wavefunction: 
Alpha: 0.8910479825247444, Beta: 0.38401296946476304, Gamma: 0.24200729766153323
Distance from GPC plane: 0.0051772670026905285
Total Energy: -1.394943935029988 Hartrees
----------
NM: Reflection: [ 63.75  71.25]
-1.39494393503
----------------------------------------
--- There are 011 runs in queue. -----
--- Waited 00000 minutes so far. ----
----------------------------------------
Circuit counts:{'ii0': {'11111': 2, '10100': 7, '00000': 713, '01101': 26, '00011': 547, '11000': 8, '11101': 4, '00101': 52, '10011': 119, '11110': 5, '00010': 73, '10101': 12, '10110': 9, '01000': 28, '00001': 47, '01010': 6, '10000': 187, '11011': 8, '01100': 10, '00110': 37, '10010': 11, '10001': 18, '00100': 39, '01011': 20, '01001': 4, '10111': 4, '01110': 20, '11100': 8, '01111': 6, '00111': 18}}
Time to get backend : 7.300078868865967e-05
Time to run tomography : 369.5090544372797
Total time: 369.5091274380684
{'ii': {'11111': 2, '10100': 7, '00000': 713, '01101': 26, '00011': 547, '00101': 52, '11101': 4, '11000': 8, '10011': 119, '11110': 5, '10001': 18, '00010': 73, '10110': 9, '01000': 28, '00001': 47, '01010': 6, '10000': 187, '11011': 8, '01100': 10, '00110': 37, '10010': 11, '10101': 12, '00100': 39, '01011': 20, '01001': 4, '10111': 4, '01110': 20, '11100': 8, '01111': 6, '00111': 18}}
Measure ON: [[ 0.87354  0.56787  0.56689  1.     ]]
Rotated ON: [[ 0.95459  0.624    0.57983  0.99876]]
Point on the GPC surface. Proceeding.
Parameters: 
[ 15.9375  40.3125]
Fitted wavefunction: 
Alpha: 0.7611964270495165, Beta: 0.612852531224638, Gamma: 0.2121126455886212
Distance from GPC plane: 0.0007172429211957377
Total Energy: -1.3932238256117475 Hartrees
----------
Circuit counts:{'ii0': {'11111': 4, '11110': 42, '10100': 18, '00000': 145, '01101': 62, '00011': 471, '11000': 1, '11101': 16, '00101': 96, '10011': 126, '00100': 46, '11010': 3, '00010': 87, '10101': 26, '10110': 95, '01000': 9, '00001': 44, '01010': 5, '10000': 44, '11011': 4, '01100': 27, '00110': 381, '10010': 26, '10001': 11, '01011': 18, '01001': 2, '10111': 9, '01110': 183, '11100': 9, '01111': 13, '00111': 25}}
Time to get backend : 3.515183925628662e-05
Time to run tomography : 435.4882858470082
Total time: 435.4883209988475
{'ii': {'11111': 4, '10100': 18, '00000': 145, '01101': 62, '00011': 471, '00101': 96, '11101': 16, '11000': 1, '11110': 42, '00100': 46, '10001': 11, '11010': 3, '00010': 87, '10110': 95, '01000': 9, '00001': 44, '01010': 5, '10000': 44, '11011': 4, '01100': 27, '10011': 126, '10010': 26, '00110': 381, '10101': 26, '01011': 18, '01001': 2, '10111': 9, '01110': 183, '11100': 9, '01111': 13, '00111': 25}}
Measure ON: [[ 0.72852  0.54736  0.51367  1.     ]]
Rotated ON: [[ 0.86949  0.66959  0.54085  0.99823]]
Point on the GPC surface. Proceeding.
Parameters: 
[ 47.8125  60.9375]
Fitted wavefunction: 
Alpha: 0.7350211473868008, Beta: 0.5743021336376496, Gamma: 0.36044551903642
Distance from GPC plane: 0.0010200706682156893
Total Energy: -1.4158194531330868 Hartrees
----------
NM: Contracting the triangle.
[ 47.8125  60.9375]
Maximum distance from centroid: 27.850220207836777
----------
----------
Step: 02, Total Energy: -1.41581945 Sigma: 7.74371476  
----------
----------
Circuit counts:{'ii0': {'11111': 2, '11110': 73, '10100': 27, '00000': 54, '01101': 146, '00011': 67, '11000': 1, '11101': 42, '00101': 318, '10011': 25, '00100': 73, '11010': 1, '00010': 59, '10101': 75, '10110': 130, '01000': 1, '00001': 34, '01010': 5, '10000': 10, '11011': 3, '01100': 37, '00110': 524, '10010': 26, '10001': 6, '01011': 2, '10111': 4, '01110': 263, '11100': 12, '01111': 6, '00111': 22}}
Time to get backend : 6.175786256790161e-05
Time to run tomography : 178.09096653014421
Total time: 178.09102828800678
{'ii': {'11111': 2, '10100': 27, '00000': 54, '01101': 146, '00011': 67, '00101': 318, '11101': 42, '11000': 1, '11110': 73, '00100': 73, '10001': 6, '11010': 1, '00010': 59, '10110': 130, '01000': 1, '00001': 34, '01010': 5, '10000': 10, '11011': 3, '01100': 37, '10011': 25, '10010': 26, '00110': 524, '10101': 75, '01011': 2, '10111': 4, '01110': 263, '11100': 12, '01111': 6, '00111': 22}}
Measure ON: [[ 0.85645  0.63281  0.5918   1.     ]]
Rotated ON: [[ 0.93887  0.70135  0.6402   1.00003]]
Point on the GPC surface. Proceeding.
Parameters: 
[ 74.0625  49.6875]
Fitted wavefunction: 
Alpha: 0.8001290485672569, Beta: 0.5464951595285059, Gamma: 0.24725805598760406
Distance from GPC plane: 1.733578500170974e-05
Total Energy: -1.4055217176973003 Hartrees
----------
NM: Reflection: [ 74.0625  49.6875]
-1.4055217177
Circuit counts:{'ii0': {'11111': 3, '11110': 23, '10100': 4, '00000': 306, '01101': 44, '00011': 616, '11000': 2, '11101': 11, '00101': 78, '10011': 169, '00100': 39, '11010': 2, '00010': 95, '10101': 24, '10110': 36, '01000': 10, '00001': 55, '01010': 2, '10000': 67, '11011': 9, '01100': 28, '00110': 202, '10010': 19, '10001': 10, '01011': 24, '01001': 4, '10111': 6, '01110': 118, '11100': 3, '01111': 16, '00111': 23}}
Time to get backend : 6.789714097976685e-05
Time to run tomography : 183.47397254407406
Total time: 183.47404044121504
{'ii': {'11111': 3, '10100': 4, '00000': 306, '01101': 44, '00011': 616, '00101': 78, '11101': 11, '11000': 2, '11110': 23, '00100': 39, '10001': 10, '11010': 2, '00010': 95, '10110': 36, '01000': 10, '00001': 55, '01010': 2, '10000': 67, '11011': 9, '01100': 28, '10011': 169, '10010': 19, '00110': 202, '10101': 24, '01011': 24, '01001': 4, '10111': 6, '01110': 118, '11100': 3, '01111': 16, '00111': 23}}
Measure ON: [[ 0.67871  0.66553  0.5332   1.     ]]
Rotated ON: [[ 0.82316  0.84433  0.66699  1.0005 ]]
Point on the GPC surface. Proceeding.
Parameters: 
[ 32.57812  54.60938]
Fitted wavefunction: 
Alpha: 0.8167991765254845, Beta: 0.4207206018566605, Gamma: 0.3947572423663177
Distance from GPC plane: 0.0002911134008188599
Total Energy: -1.4144427893267666 Hartrees
----------
Circuit counts:{'ii0': {'11111': 3, '11110': 51, '10100': 11, '00000': 128, '01101': 185, '00011': 179, '11000': 1, '11101': 36, '00101': 210, '10011': 52, '00100': 53, '11010': 2, '00010': 74, '10101': 52, '10110': 130, '01000': 4, '00001': 36, '11001': 1, '10000': 46, '01010': 2, '11011': 1, '01100': 31, '00110': 446, '10010': 23, '10001': 9, '01011': 11, '10111': 4, '01110': 212, '11100': 14, '01111': 15, '00111': 26}}
Time to get backend : 3.473460674285889e-05
Time to run tomography : 172.22280238568783
Total time: 172.22283712029457
{'ii': {'11111': 3, '01100': 31, '00000': 128, '01101': 185, '00011': 179, '00101': 210, '11101': 36, '11000': 1, '11110': 51, '00100': 53, '10001': 9, '11010': 2, '00010': 74, '10110': 130, '01000': 4, '00001': 36, '11001': 1, '10000': 46, '01010': 2, '11011': 1, '10100': 11, '10011': 52, '10010': 23, '00110': 446, '10101': 52, '01011': 11, '10111': 4, '01110': 212, '11100': 14, '01111': 15, '00111': 26}}
Measure ON: [[ 0.72217  0.60107  0.59961  1.     ]]
Rotated ON: [[ 0.86045  0.77653  0.63932  0.99766]]
Point on the GPC surface. Proceeding.
Parameters: 
[ 60.23438  51.32812]
Fitted wavefunction: 
Alpha: 0.7990880723539365, Beta: 0.47189700024064946, Gamma: 0.3725204340510012
Distance from GPC plane: 0.001352763841110244
Total Energy: -1.418121246113176 Hartrees
----------
NM: Contracting the triangle.
[ 60.23438  51.32812]
Maximum distance from centroid: 14.330454929155685
----------
----------
Step: 03, Total Energy: -1.41812125 Sigma: 6.94345857  
----------
----------
Circuit counts:{'ii0': {'11111': 2, '11110': 86, '10100': 19, '00000': 61, '01101': 53, '00011': 255, '00110': 615, '11101': 14, '00101': 79, '10011': 61, '10110': 179, '11010': 1, '00010': 90, '10101': 25, '01110': 290, '00001': 21, '01010': 5, '10000': 10, '11011': 1, '01100': 43, '01111': 8, '10010': 25, '10001': 5, '00100': 49, '01011': 17, '01001': 1, '10111': 8, '00111': 16, '11100': 9}}
Time to get backend : 8.022785186767578e-05
Time to run tomography : 179.26208252459764
Total time: 179.2621627524495
{'ii': {'11111': 2, '10100': 19, '00000': 61, '01101': 53, '00011': 255, '00110': 615, '11101': 14, '00101': 79, '11110': 86, '10110': 179, '10011': 61, '11010': 1, '00010': 90, '10001': 5, '01110': 290, '00001': 21, '01010': 5, '10000': 10, '11011': 1, '01100': 43, '01111': 8, '10010': 25, '10101': 25, '00100': 49, '01011': 17, '01001': 1, '10111': 8, '00111': 16, '11100': 9}}
Measure ON: [[ 0.81006  0.72998  0.72363  1.     ]]
Rotated ON: [[ 0.901    0.88396  0.78729  0.99767]]
Point on the GPC surface. Proceeding.
Parameters: 
[ 63.04688  67.26562]
Fitted wavefunction: 
Alpha: 0.886855253794402, Beta: 0.33950457896024233, Gamma: 0.31340772115934773
Distance from GPC plane: 0.0013443412987598493
Total Energy: -1.3985896459046445 Hartrees
----------
NM: Reflection: [ 63.04688  67.26562]
-1.3985896459
Circuit counts:{'ii0': {'11111': 5, '11110': 48, '10100': 12, '00000': 249, '01101': 91, '00011': 349, '11000': 1, '11101': 22, '00101': 204, '10011': 106, '00100': 58, '11010': 2, '00010': 80, '10101': 32, '10110': 56, '01000': 12, '00001': 39, '01010': 5, '10000': 62, '11011': 5, '01100': 36, '00110': 337, '10010': 16, '10001': 8, '01011': 21, '01001': 3, '10111': 8, '01110': 148, '11100': 6, '01111': 8, '00111': 19}}
Time to get backend : 7.41034746170044e-05
Time to run tomography : 172.0511921197176
Total time: 172.05126622319221
{'ii': {'11111': 5, '10100': 12, '00000': 249, '01101': 91, '00011': 349, '00101': 204, '11101': 22, '11000': 1, '11110': 48, '00100': 58, '10001': 8, '11010': 2, '00010': 80, '10110': 56, '01000': 12, '00001': 39, '01010': 5, '10000': 62, '11011': 5, '01100': 36, '10011': 106, '10010': 16, '00110': 337, '10101': 32, '01011': 21, '01001': 3, '10111': 8, '01110': 148, '11100': 6, '01111': 8, '00111': 19}}
Measure ON: [[ 0.59229  0.55078  0.53223  1.     ]]
Rotated ON: [[ 0.78771  0.76655  0.55318  1.00108]]
Point on the GPC surface. Proceeding.
Parameters: 
[ 49.51172  50.56641]
Fitted wavefunction: 
Alpha: 0.7439996506819868, Beta: 0.48353975338087235, Gamma: 0.461144041147066
Distance from GPC plane: 0.0006242654665406523
Total Energy: -1.4136357621994466 Hartrees
----------
Circuit counts:{'ii0': {'11111': 6, '11110': 81, '10100': 15, '00000': 87, '01101': 75, '00011': 260, '11000': 1, '11101': 16, '00101': 114, '10011': 58, '00100': 53, '11010': 1, '00010': 108, '10101': 34, '10110': 138, '01000': 3, '00001': 32, '11001': 2, '10000': 27, '01010': 6, '11011': 1, '01100': 43, '00110': 493, '10010': 28, '10001': 5, '01011': 10, '01001': 2, '10111': 10, '01110': 276, '11100': 10, '01111': 13, '00111': 40}}
Time to get backend : 7.293373346328735e-05
Time to run tomography : 180.0956352353096
Total time: 180.09570816904306
{'ii': {'11111': 6, '01100': 43, '00000': 87, '01101': 75, '00011': 260, '00101': 114, '11101': 16, '11000': 1, '11110': 81, '00100': 53, '10001': 5, '11010': 1, '00010': 108, '10110': 138, '01000': 3, '00001': 32, '11001': 2, '10000': 27, '01010': 6, '11011': 1, '10100': 15, '10011': 58, '10010': 28, '00110': 493, '10101': 34, '01011': 10, '01001': 2, '10111': 10, '01110': 276, '11100': 10, '01111': 13, '00111': 40}}
Measure ON: [[ 0.74658  0.69189  0.66895  1.     ]]
Rotated ON: [[ 0.86683  0.86913  0.73773  0.99823]]
Point on the GPC surface. Proceeding.
Parameters: 
[ 58.53516  61.69922]
Fitted wavefunction: 
Alpha: 0.8585674240011201, Beta: 0.3641174597347784, Gamma: 0.36094383768167176
Distance from GPC plane: 0.0010247227692337935
Total Energy: -1.4063864526159386 Hartrees
----------
NM: Contracting the triangle.
[ 49.51172  50.56641]
Maximum distance from centroid: 7.852436984883259
----------
----------
Step: 04, Total Energy: -1.41812125 Sigma: 3.61401626  
----------
----------
Circuit counts:{'ii0': {'11111': 2, '11110': 67, '10100': 16, '00000': 100, '01101': 65, '00011': 280, '11000': 1, '11101': 16, '00101': 130, '10011': 79, '00100': 54, '11010': 2, '00010': 82, '10101': 28, '10110': 120, '01000': 3, '00001': 36, '01010': 3, '10000': 31, '11011': 4, '01100': 50, '00110': 532, '10010': 22, '10001': 6, '01011': 11, '01001': 2, '10111': 6, '01110': 244, '11100': 13, '01111': 12, '00111': 31}}
Time to get backend : 7.195025682449341e-05
Time to run tomography : 226.43368342518806
Total time: 226.4337553754449
{'ii': {'11111': 2, '10100': 16, '00000': 100, '01101': 65, '00011': 280, '00101': 130, '11101': 16, '11000': 1, '11110': 67, '00100': 54, '10001': 6, '11010': 2, '00010': 82, '10110': 120, '01000': 3, '00001': 36, '01010': 3, '10000': 31, '11011': 4, '01100': 50, '10011': 79, '10010': 22, '00110': 532, '10101': 28, '01011': 11, '01001': 2, '10111': 6, '01110': 244, '11100': 13, '01111': 12, '00111': 31}}
Measure ON: [[ 0.73096  0.67676  0.6543   1.     ]]
Rotated ON: [[ 0.85888  0.86026  0.72094  0.99819]]
Point on the GPC surface. Proceeding.
Parameters: 
[ 58.53516  61.69922]
Fitted wavefunction: 
Alpha: 0.8487298896909796, Beta: 0.37485921054652416, Gamma: 0.37301226067459803
Distance from GPC plane: 0.0010424124819506944
Total Energy: -1.408468732933949 Hartrees
----------
NM: Reflection: [ 58.53516  61.69922]
-1.40846873293
Circuit counts:{'ii0': {'11111': 1, '11110': 50, '10100': 7, '00000': 198, '01101': 104, '00011': 328, '11000': 3, '11101': 15, '00101': 185, '10011': 90, '00100': 58, '11010': 2, '00010': 69, '10101': 32, '10110': 92, '01000': 9, '00001': 43, '11001': 1, '10000': 60, '01010': 5, '11011': 7, '01100': 39, '00110': 352, '10010': 17, '10001': 7, '01011': 16, '01001': 1, '10111': 8, '01110': 202, '11100': 6, '01111': 9, '00111': 32}}
Time to get backend : 3.6716461181640625e-05
Time to run tomography : 191.66004169732332
Total time: 191.6600784137845
{'ii': {'11111': 1, '01100': 39, '00000': 198, '01101': 104, '00011': 328, '00101': 185, '11101': 15, '11000': 3, '11110': 50, '00100': 58, '10001': 7, '11010': 2, '00010': 69, '10110': 92, '01000': 9, '00001': 43, '11001': 1, '10000': 60, '01010': 5, '11011': 7, '10100': 7, '10011': 90, '10010': 17, '00110': 352, '10101': 32, '01011': 16, '01001': 1, '10111': 8, '01110': 202, '11100': 6, '01111': 9, '00111': 32}}
Measure ON: [[ 0.625    0.58203  0.5708   1.     ]]
Rotated ON: [[ 0.80529  0.79869  0.59902  1.00495]]
Point on the GPC surface. Proceeding.
Parameters: 
[ 51.76758  53.34961]
Fitted wavefunction: 
Alpha: 0.7750317772056196, Beta: 0.45051626846613874, Gamma: 0.44312620794627466
Distance from GPC plane: 0.002860077633631553
Total Energy: -1.4144380426761674 Hartrees
----------
----------
----------
Step: 05, Total Energy: -1.41812125 Sigma: 3.61401626  
----------
----------
Error in run. Saving optimization object to file.
Optimizing the orbitals.
Initializing the Nelder-Mead optimization class.
---------- 
Step:-01, Init. Energy: -1.41812125 Hartrees
Step: 00, Total Energy: -1.41812125 Sigma: 5.61295324  
Step: 01, Total Energy: -1.41812125 Sigma: 5.78645377  
Step: 02, Total Energy: -1.41812125 Sigma: 5.80715469  
Step: 03, Total Energy: -1.41812125 Sigma: 5.68602392  
Step: 04, Total Energy: -1.41812125 Sigma: 5.42307954  
Step: 05, Total Energy: -1.41812125 Sigma: 5.00587877  
Step: 06, Total Energy: -1.41839653 Sigma: 3.41421337  
Step: 07, Total Energy: -1.41839653 Sigma: 3.42202124  
Step: 08, Total Energy: -1.41839653 Sigma: 3.40128147  
Step: 09, Total Energy: -1.41839653 Sigma: 3.35942690  
Step: 10, Total Energy: -1.41839653 Sigma: 3.27163345  
Step: 11, Total Energy: -1.41839653 Sigma: 3.16698509  
Step: 12, Total Energy: -1.41839653 Sigma: 3.14826993  
Step: 13, Total Energy: -1.41839653 Sigma: 3.14795687  
Step: 14, Total Energy: -1.41853399 Sigma: 4.99108521  
Step: 15, Total Energy: -1.41907642 Sigma: 4.98582528  
Step: 16, Total Energy: -1.41988505 Sigma: 5.03319863  
Step: 17, Total Energy: -1.41988505 Sigma: 5.04954902  
Step: 18, Total Energy: -1.41988505 Sigma: 4.52447764  
Step: 19, Total Energy: -1.41988505 Sigma: 4.58946963  
Step: 20, Total Energy: -1.41988505 Sigma: 4.27898549  
Step: 21, Total Energy: -1.41990175 Sigma: 3.98178189  
Step: 22, Total Energy: -1.41995522 Sigma: 3.02804893  
Step: 23, Total Energy: -1.42031084 Sigma: 3.07676649  
Step: 24, Total Energy: -1.42031084 Sigma: 3.00539365  
Step: 25, Total Energy: -1.42031084 Sigma: 2.13027416  
Step: 26, Total Energy: -1.42031607 Sigma: 2.12894279  
Step: 27, Total Energy: -1.42039972 Sigma: 2.05793539  
Step: 28, Total Energy: -1.42056166 Sigma: 2.05632786  
Step: 29, Total Energy: -1.42056166 Sigma: 2.03013580  
Step: 30, Total Energy: -1.42085833 Sigma: 2.06379797  
Step: 31, Total Energy: -1.42091648 Sigma: 2.06123209  
Step: 32, Total Energy: -1.42091648 Sigma: 2.05145687  
Step: 33, Total Energy: -1.42091648 Sigma: 2.03830071  
Step: 34, Total Energy: -1.42091648 Sigma: 2.02290315  
Step: 35, Total Energy: -1.42117755 Sigma: 2.05670193  
Step: 36, Total Energy: -1.42120642 Sigma: 2.09054945  
Step: 37, Total Energy: -1.42120642 Sigma: 2.12031901  
Step: 38, Total Energy: -1.42120642 Sigma: 2.12225355  
Step: 39, Total Energy: -1.42120642 Sigma: 1.98630552  
Step: 40, Total Energy: -1.42120642 Sigma: 1.99468807  
Step: 41, Total Energy: -1.42120642 Sigma: 1.06056529  
Step: 42, Total Energy: -1.42129862 Sigma: 1.03349055  
Step: 43, Total Energy: -1.42129862 Sigma: 1.01844207  
Step: 44, Total Energy: -1.42129862 Sigma: 1.02451342  
Step: 45, Total Energy: -1.42129862 Sigma: 1.04994447  
Step: 46, Total Energy: -1.42129862 Sigma: 1.04949692  
Step: 47, Total Energy: -1.42129862 Sigma: 1.03857011  
Step: 48, Total Energy: -1.42129862 Sigma: 0.76417695  
Step: 49, Total Energy: -1.42129862 Sigma: 0.64022375  
Step: 50, Total Energy: -1.42129862 Sigma: 0.61086705  
Step: 51, Total Energy: -1.42130724 Sigma: 0.60996040  
Step: 52, Total Energy: -1.42131018 Sigma: 0.54217705  
Step: 53, Total Energy: -1.42131988 Sigma: 0.53014504  
Step: 54, Total Energy: -1.42132141 Sigma: 0.52924158  
Step: 55, Total Energy: -1.42132141 Sigma: 0.52995297  
Step: 56, Total Energy: -1.42132141 Sigma: 0.52979526  
Step: 57, Total Energy: -1.42132827 Sigma: 0.52475849  
Step: 58, Total Energy: -1.42132827 Sigma: 0.33159200  
Step: 59, Total Energy: -1.42132827 Sigma: 0.30965018  
Step: 60, Total Energy: -1.42132829 Sigma: 0.30969099  
Step: 61, Total Energy: -1.42132829 Sigma: 0.31138229  
Step: 62, Total Energy: -1.42132829 Sigma: 0.31047552  
Step: 63, Total Energy: -1.42133225 Sigma: 0.28302754  
Step: 64, Total Energy: -1.42133225 Sigma: 0.28096050  
Step: 65, Total Energy: -1.42133225 Sigma: 0.20520324  
Step: 66, Total Energy: -1.42133225 Sigma: 0.20562830  
Step: 67, Total Energy: -1.42133285 Sigma: 0.19942706  
Step: 68, Total Energy: -1.42133285 Sigma: 0.19895643  
Step: 69, Total Energy: -1.42133391 Sigma: 0.14017370  
Step: 70, Total Energy: -1.42133391 Sigma: 0.13571984  
Step: 71, Total Energy: -1.42133391 Sigma: 0.13573965  
Step: 72, Total Energy: -1.42133391 Sigma: 0.13521364  
Step: 73, Total Energy: -1.42133502 Sigma: 0.10400544  
Step: 74, Total Energy: -1.42133502 Sigma: 0.07896343  
Step: 75, Total Energy: -1.42133502 Sigma: 0.07605273  
Step: 76, Total Energy: -1.42133502 Sigma: 0.07568189  
Step: 77, Total Energy: -1.42133502 Sigma: 0.07453542  
Step: 78, Total Energy: -1.42133502 Sigma: 0.07197489  
Step: 79, Total Energy: -1.42133502 Sigma: 0.06188163  
Step: 80, Total Energy: -1.42133502 Sigma: 0.05019577  
Step: 81, Total Energy: -1.42133502 Sigma: 0.05019881  
Step: 82, Total Energy: -1.42133506 Sigma: 0.04939420  
Step: 83, Total Energy: -1.42133506 Sigma: 0.04939228  
Step: 84, Total Energy: -1.42133525 Sigma: 0.04938203  
Step: 85, Total Energy: -1.42133525 Sigma: 0.04937105  
Step: 86, Total Energy: -1.42133525 Sigma: 0.04936845  
Step: 87, Total Energy: -1.42133527 Sigma: 0.04935943  
Step: 88, Total Energy: -1.42133527 Sigma: 0.04628338  
Step: 89, Total Energy: -1.42133530 Sigma: 0.04627402  
Step: 90, Total Energy: -1.42133538 Sigma: 0.04626531  
Step: 91, Total Energy: -1.42133538 Sigma: 0.04499010  
Step: 92, Total Energy: -1.42133538 Sigma: 0.03180081  
Step: 93, Total Energy: -1.42133541 Sigma: 0.03180303  
Step: 94, Total Energy: -1.42133541 Sigma: 0.03179683  
Step: 95, Total Energy: -1.42133546 Sigma: 0.03179383  
Step: 96, Total Energy: -1.42133546 Sigma: 0.03179550  
Step: 97, Total Energy: -1.42133556 Sigma: 0.04164531  
Step: 98, Total Energy: -1.42133556 Sigma: 0.04163848  
Step: 99, Total Energy: -1.42133556 Sigma: 0.04163101  
Step: 100, Total Energy: -1.42133558 Sigma: 0.04366859  
Step: 101, Total Energy: -1.42133558 Sigma: 0.04368547  
Step: 102, Total Energy: -1.42133582 Sigma: 0.05461511  
Step: 103, Total Energy: -1.42133582 Sigma: 0.05461200  
Step: 104, Total Energy: -1.42133582 Sigma: 0.05461681  
Step: 105, Total Energy: -1.42133582 Sigma: 0.05459889  
Step: 106, Total Energy: -1.42133602 Sigma: 0.06732550  
Step: 107, Total Energy: -1.42133602 Sigma: 0.06732693  
Step: 108, Total Energy: -1.42133633 Sigma: 0.09950577  
Step: 109, Total Energy: -1.42133633 Sigma: 0.09949519  
Step: 110, Total Energy: -1.42133662 Sigma: 0.10404860  
Step: 111, Total Energy: -1.42133662 Sigma: 0.10425427  
Step: 112, Total Energy: -1.42133695 Sigma: 0.13899459  
Step: 113, Total Energy: -1.42133695 Sigma: 0.13909258  
Step: 114, Total Energy: -1.42133726 Sigma: 0.19247907  
Step: 115, Total Energy: -1.42133797 Sigma: 0.23049648  
Step: 116, Total Energy: -1.42133797 Sigma: 0.23108105  
Step: 117, Total Energy: -1.42133826 Sigma: 0.29591636  
Step: 118, Total Energy: -1.42134016 Sigma: 0.31946113  
Step: 119, Total Energy: -1.42134016 Sigma: 0.32240521  
Step: 120, Total Energy: -1.42134016 Sigma: 0.32364819  
Step: 121, Total Energy: -1.42134016 Sigma: 0.32568519  
Step: 122, Total Energy: -1.42134016 Sigma: 0.32663167  
Step: 123, Total Energy: -1.42134057 Sigma: 0.52431588  
Step: 124, Total Energy: -1.42134234 Sigma: 0.62835832  
Step: 125, Total Energy: -1.42134234 Sigma: 0.62795466  
Step: 126, Total Energy: -1.42134527 Sigma: 0.69242813  
Step: 127, Total Energy: -1.42134527 Sigma: 0.69468010  
Step: 128, Total Energy: -1.42134638 Sigma: 0.82643077  
Step: 129, Total Energy: -1.42134638 Sigma: 0.85554317  
Step: 130, Total Energy: -1.42134804 Sigma: 0.93389137  
Step: 131, Total Energy: -1.42134804 Sigma: 0.94059523  
Step: 132, Total Energy: -1.42134804 Sigma: 0.94374330  
Step: 133, Total Energy: -1.42134862 Sigma: 0.94877485  
Step: 134, Total Energy: -1.42134960 Sigma: 0.95042356  
Step: 135, Total Energy: -1.42134960 Sigma: 0.95191420  
Step: 136, Total Energy: -1.42134960 Sigma: 0.80450836  
Step: 137, Total Energy: -1.42135046 Sigma: 0.80554213  
Step: 138, Total Energy: -1.42135046 Sigma: 0.80648372  
Step: 139, Total Energy: -1.42135046 Sigma: 0.80907578  
Step: 140, Total Energy: -1.42135051 Sigma: 0.95650606  
Step: 141, Total Energy: -1.42135148 Sigma: 0.95755769  
Step: 142, Total Energy: -1.42135268 Sigma: 0.95769379  
Step: 143, Total Energy: -1.42135268 Sigma: 0.95771340  
Step: 144, Total Energy: -1.42135268 Sigma: 0.73394865  
Step: 145, Total Energy: -1.42135268 Sigma: 0.73397420  
Step: 146, Total Energy: -1.42135268 Sigma: 0.72676943  
Step: 147, Total Energy: -1.42135268 Sigma: 0.72602334  
Step: 148, Total Energy: -1.42135293 Sigma: 0.67506012  
Step: 149, Total Energy: -1.42135300 Sigma: 0.66717474  
Step: 150, Total Energy: -1.42135300 Sigma: 0.61750819  
Step: 151, Total Energy: -1.42135307 Sigma: 0.53960606  
Step: 152, Total Energy: -1.42135311 Sigma: 0.41732487  
Step: 153, Total Energy: -1.42135311 Sigma: 0.41733766  
Step: 154, Total Energy: -1.42135323 Sigma: 0.34538182  
Step: 155, Total Energy: -1.42135328 Sigma: 0.28785939  
Step: 156, Total Energy: -1.42135331 Sigma: 0.28477703  
Step: 157, Total Energy: -1.42135331 Sigma: 0.28238380  
Step: 158, Total Energy: -1.42135331 Sigma: 0.28230492  
Step: 159, Total Energy: -1.42135335 Sigma: 0.24734329  
Step: 160, Total Energy: -1.42135336 Sigma: 0.20454653  
Step: 161, Total Energy: -1.42135336 Sigma: 0.19340393  
Step: 162, Total Energy: -1.42135336 Sigma: 0.19392007  
Step: 163, Total Energy: -1.42135339 Sigma: 0.18912289  
Step: 164, Total Energy: -1.42135339 Sigma: 0.14805113  
Step: 165, Total Energy: -1.42135341 Sigma: 0.13954322  
Step: 166, Total Energy: -1.42135341 Sigma: 0.10004842  
Step: 167, Total Energy: -1.42135341 Sigma: 0.10006691  
Step: 168, Total Energy: -1.42135341 Sigma: 0.10005109  
Step: 169, Total Energy: -1.42135341 Sigma: 0.10000316  
Step: 170, Total Energy: -1.42135341 Sigma: 0.09998375  
Step: 171, Total Energy: -1.42135341 Sigma: 0.08788204  
Step: 172, Total Energy: -1.42135342 Sigma: 0.08546408  
Step: 173, Total Energy: -1.42135342 Sigma: 0.08458876  
Step: 174, Total Energy: -1.42135342 Sigma: 0.08460310  
Step: 175, Total Energy: -1.42135342 Sigma: 0.07077521  
Step: 176, Total Energy: -1.42135342 Sigma: 0.06981564  
Step: 177, Total Energy: -1.42135342 Sigma: 0.06981603  
Step: 178, Total Energy: -1.42135342 Sigma: 0.05864077  
Step: 179, Total Energy: -1.42135343 Sigma: 0.04157588  
Step: 180, Total Energy: -1.42135343 Sigma: 0.04157772  
Step: 181, Total Energy: -1.42135343 Sigma: 0.04157893  
Step: 182, Total Energy: -1.42135343 Sigma: 0.04157957  
Step: 183, Total Energy: -1.42135343 Sigma: 0.03633465  
Step: 184, Total Energy: -1.42135343 Sigma: 0.03540220  
Step: 185, Total Energy: -1.42135343 Sigma: 0.03540196  
Step: 186, Total Energy: -1.42135343 Sigma: 0.03540450  
Step: 187, Total Energy: -1.42135343 Sigma: 0.03514313  
Step: 188, Total Energy: -1.42135343 Sigma: 0.02450291  
Step: 189, Total Energy: -1.42135343 Sigma: 0.02471231  
Step: 190, Total Energy: -1.42135343 Sigma: 0.02433724  
Step: 191, Total Energy: -1.42135343 Sigma: 0.02433735  
Step: 192, Total Energy: -1.42135343 Sigma: 0.02433780  
Step: 193, Total Energy: -1.42135343 Sigma: 0.02763574  
Step: 194, Total Energy: -1.42135343 Sigma: 0.02763535  
Step: 195, Total Energy: -1.42135344 Sigma: 0.03764667  
Step: 196, Total Energy: -1.42135344 Sigma: 0.03764591  
Step: 197, Total Energy: -1.42135344 Sigma: 0.03765323  
Step: 198, Total Energy: -1.42135344 Sigma: 0.03765176  
Step: 199, Total Energy: -1.42135344 Sigma: 0.03765413  
Step: 200, Total Energy: -1.42135344 Sigma: 0.03765481  
Step: 201, Total Energy: -1.42135344 Sigma: 0.03012364  
Step: 202, Total Energy: -1.42135344 Sigma: 0.03003013  
Step: 203, Total Energy: -1.42135344 Sigma: 0.02946427  
Step: 204, Total Energy: -1.42135344 Sigma: 0.02562477  
Step: 205, Total Energy: -1.42135344 Sigma: 0.02293890  
Step: 206, Total Energy: -1.42135344 Sigma: 0.02211412  
Step: 207, Total Energy: -1.42135344 Sigma: 0.02211804  
Step: 208, Total Energy: -1.42135344 Sigma: 0.01984359  
Step: 209, Total Energy: -1.42135344 Sigma: 0.01984345  
Step: 210, Total Energy: -1.42135344 Sigma: 0.01563715  
Step: 211, Total Energy: -1.42135344 Sigma: 0.01527046  
Step: 212, Total Energy: -1.42135344 Sigma: 0.01525873  
Step: 213, Total Energy: -1.42135344 Sigma: 0.01185244  
Step: 214, Total Energy: -1.42135344 Sigma: 0.01174121  
Step: 215, Total Energy: -1.42135344 Sigma: 0.00978126  
Step: 216, Total Energy: -1.42135344 Sigma: 0.00978079  
Step: 217, Total Energy: -1.42135344 Sigma: 0.00729849  
Step: 218, Total Energy: -1.42135344 Sigma: 0.00691015  
Step: 219, Total Energy: -1.42135344 Sigma: 0.00617926  
Step: 220, Total Energy: -1.42135344 Sigma: 0.00616908  
Step: 221, Total Energy: -1.42135344 Sigma: 0.00616903  
Step: 222, Total Energy: -1.42135344 Sigma: 0.00592827  
Step: 223, Total Energy: -1.42135344 Sigma: 0.00499228  
Step: 224, Total Energy: -1.42135344 Sigma: 0.00484914  
Step: 225, Total Energy: -1.42135344 Sigma: 0.00356136  
Step: 226, Total Energy: -1.42135344 Sigma: 0.00356137  
Step: 227, Total Energy: -1.42135344 Sigma: 0.00359390  
Step: 228, Total Energy: -1.42135344 Sigma: 0.00336188  
Step: 229, Total Energy: -1.42135344 Sigma: 0.00336189  
Step: 230, Total Energy: -1.42135344 Sigma: 0.00320450  
Step: 231, Total Energy: -1.42135344 Sigma: 0.00320449  
Step: 232, Total Energy: -1.42135344 Sigma: 0.00320449  
Step: 233, Total Energy: -1.42135344 Sigma: 0.00198885  
Step: 234, Total Energy: -1.42135344 Sigma: 0.00198882  
Step: 235, Total Energy: -1.42135344 Sigma: 0.00216312  
Step: 236, Total Energy: -1.42135344 Sigma: 0.00216310  
Step: 237, Total Energy: -1.42135344 Sigma: 0.00197887  
Step: 238, Total Energy: -1.42135344 Sigma: 0.00197888  
Step: 239, Total Energy: -1.42135344 Sigma: 0.00197887  
Step: 240, Total Energy: -1.42135344 Sigma: 0.00197889  
Step: 241, Total Energy: -1.42135344 Sigma: 0.00160105  
Step: 242, Total Energy: -1.42135344 Sigma: 0.00160104  
Step: 243, Total Energy: -1.42135344 Sigma: 0.00159381  
Step: 244, Total Energy: -1.42135344 Sigma: 0.00160283  
Step: 245, Total Energy: -1.42135344 Sigma: 0.00146449  
Step: 246, Total Energy: -1.42135344 Sigma: 0.00146449  
Step: 247, Total Energy: -1.42135344 Sigma: 0.00136984  
Step: 248, Total Energy: -1.42135344 Sigma: 0.00136986  
Step: 249, Total Energy: -1.42135344 Sigma: 0.00136986  
Step: 250, Total Energy: -1.42135344 Sigma: 0.00132970  
Step: 251, Total Energy: -1.42135344 Sigma: 0.00124853  
Step: 252, Total Energy: -1.42135344 Sigma: 0.00124306  
Step: 253, Total Energy: -1.42135344 Sigma: 0.00093944  
Step: 254, Total Energy: -1.42135344 Sigma: 0.00093938  
Step: 255, Total Energy: -1.42135344 Sigma: 0.00079338  
Step: 256, Total Energy: -1.42135344 Sigma: 0.00079338  
Step: 257, Total Energy: -1.42135344 Sigma: 0.00058725  
Step: 258, Total Energy: -1.42135344 Sigma: 0.00056489  
Step: 259, Total Energy: -1.42135344 Sigma: 0.00056489  
Step: 260, Total Energy: -1.42135344 Sigma: 0.00056489  
Step: 261, Total Energy: -1.42135344 Sigma: 0.00056489  
Step: 262, Total Energy: -1.42135344 Sigma: 0.00049674  
Step: 263, Total Energy: -1.42135344 Sigma: 0.00049674  
Step: 264, Total Energy: -1.42135344 Sigma: 0.00049674  
Step: 265, Total Energy: -1.42135344 Sigma: 0.00049674  
Step: 266, Total Energy: -1.42135344 Sigma: 0.00047755  
Step: 267, Total Energy: -1.42135344 Sigma: 0.00047755  
Step: 268, Total Energy: -1.42135344 Sigma: 0.00045597  
Step: 269, Total Energy: -1.42135344 Sigma: 0.00045597  
Step: 270, Total Energy: -1.42135344 Sigma: 0.00045596  
Step: 271, Total Energy: -1.42135344 Sigma: 0.00041501  
Step: 272, Total Energy: -1.42135344 Sigma: 0.00041501  
Step: 273, Total Energy: -1.42135344 Sigma: 0.00032955  
Step: 274, Total Energy: -1.42135344 Sigma: 0.00022423  
Step: 275, Total Energy: -1.42135344 Sigma: 0.00022269  
Step: 276, Total Energy: -1.42135344 Sigma: 0.00023161  
Step: 277, Total Energy: -1.42135344 Sigma: 0.00023161  
Step: 278, Total Energy: -1.42135344 Sigma: 0.00023161  
Step: 279, Total Energy: -1.42135344 Sigma: 0.00018803  
Step: 280, Total Energy: -1.42135344 Sigma: 0.00018803  
Step: 281, Total Energy: -1.42135344 Sigma: 0.00018803  
Step: 282, Total Energy: -1.42135344 Sigma: 0.00017348  
Step: 283, Total Energy: -1.42135344 Sigma: 0.00017348  
Step: 284, Total Energy: -1.42135344 Sigma: 0.00017348  
Step: 285, Total Energy: -1.42135344 Sigma: 0.00017332  
Step: 286, Total Energy: -1.42135344 Sigma: 0.00014407  
Step: 287, Total Energy: -1.42135344 Sigma: 0.00014407  
Step: 288, Total Energy: -1.42135344 Sigma: 0.00014407  
Step: 289, Total Energy: -1.42135344 Sigma: 0.00014407  
Step: 290, Total Energy: -1.42135344 Sigma: 0.00013896  
Step: 291, Total Energy: -1.42135344 Sigma: 0.00013896  
Step: 292, Total Energy: -1.42135344 Sigma: 0.00013776  
Step: 293, Total Energy: -1.42135344 Sigma: 0.00016310  
Step: 294, Total Energy: -1.42135344 Sigma: 0.00016310  
Step: 295, Total Energy: -1.42135344 Sigma: 0.00015788  
Step: 296, Total Energy: -1.42135344 Sigma: 0.00015788  
Step: 297, Total Energy: -1.42135344 Sigma: 0.00015788  
Step: 298, Total Energy: -1.42135344 Sigma: 0.00015788  
Step: 299, Total Energy: -1.42135344 Sigma: 0.00015788  
Step: 300, Total Energy: -1.42135344 Sigma: 0.00015788  
Step: 301, Total Energy: -1.42135344 Sigma: 0.00015788  
Step: 302, Total Energy: -1.42135344 Sigma: 0.00024903  
Step: 303, Total Energy: -1.42135344 Sigma: 0.00027103  
Step: 304, Total Energy: -1.42135344 Sigma: 0.00027103  
Step: 305, Total Energy: -1.42135344 Sigma: 0.00027103  
Step: 306, Total Energy: -1.42135344 Sigma: 0.00027103  
Step: 307, Total Energy: -1.42135344 Sigma: 0.00027103  
Step: 308, Total Energy: -1.42135344 Sigma: 0.00027103  
Step: 309, Total Energy: -1.42135344 Sigma: 0.00022207  
Step: 310, Total Energy: -1.42135344 Sigma: 0.00021890  
Step: 311, Total Energy: -1.42135344 Sigma: 0.00015087  
Step: 312, Total Energy: -1.42135344 Sigma: 0.00014655  
Step: 313, Total Energy: -1.42135344 Sigma: 0.00014655  
Step: 314, Total Energy: -1.42135344 Sigma: 0.00014967  
Step: 315, Total Energy: -1.42135344 Sigma: 0.00014967  
Step: 316, Total Energy: -1.42135344 Sigma: 0.00013165  
Step: 317, Total Energy: -1.42135344 Sigma: 0.00013165  
Step: 318, Total Energy: -1.42135344 Sigma: 0.00009902  
Criteria met for convergence.
----------
Checking orbital and occupation energies for convergence...
----------
Total number of iterations: 1
##########
ERROR: encountered some error along the way. Run is likely
not fully converged. Check what went wrong.
##########
------------------------------
------------------------------
## Energy Evaluation ## 
Final energy                : -1.42135344 Hartrees
Final sigma                 : 0.00323219

Hartree Fock Energy         : -1.22692109 Hartrees
Full CI energy              : -1.42291436 Hartrees
Difference in target and FCI  :  1.56092 mHartrees
----------
Correlation energy recovered: -194.43235 mHartrees
Correlation energy recovered: 99.204 %
------------------------------
------------------------------
Wavefunction (Hamiltonian basis):
 |011001>: 0.3725204340510012
 |101010>: 0.47189700024064946
 |110100>: 0.7990880723539365
----------
1-Electron Reduced Density Matrix:
[[ 0.86123+0.j  0.00000+0.j  0.00000+0.j  0.00000+0.j  0.00000+0.j
   0.00000+0.j]
 [ 0.00000+0.j  0.77731+0.j  0.00000+0.j  0.00000+0.j  0.00000+0.j
   0.00000+0.j]
 [ 0.00000+0.j  0.00000+0.j  0.36146+0.j  0.00000+0.j  0.00000+0.j
   0.00000+0.j]
 [ 0.00000+0.j  0.00000+0.j  0.00000+0.j  0.63854+0.j  0.00000+0.j
   0.00000+0.j]
 [ 0.00000+0.j  0.00000+0.j  0.00000+0.j  0.00000+0.j  0.22269+0.j
   0.00000+0.j]
 [ 0.00000+0.j  0.00000+0.j  0.00000+0.j  0.00000+0.j  0.00000+0.j
   0.13877+0.j]]
Total orbital energy evaluations   : 683
Total occupation energy evaluations: 18
