----------
--START---
----------
Taking parameters from config file. Must be specified elsewhere.
Importing run parameters.
----------
Run on: 2018-08-28T10:16:34.404154
----------
#
# ./ibm.txt
# reused as h3.txt
#
# IBM specific input for runs with ./main.py
#
#

# General
restart= yes
print= yes
wait= yes
max_iter= 10
mapping= zeta
chem_orb= HF
#opt_crit= 0.000001
#opt_crit= 0.001
opt_crit= 0.0001

# Occupation Number optimizers
occ_method= stretch
occ_seed= user
occ_optimizer= NM
occ_opt_crit= default
occ_opt_thresh= 0.1
occ_increase= no
occ_energy= qc
occ_nm_simplex= 30
occ_gd_gradient= numerical
occ_max_iter= 40
occ_load_triangle= no
occ_method_Ntri= 3

# Input for the orbital optimizer (for chem_orb /= FCI)
orb_nm_simplex= 15
orb_optimizer= NM
orb_opt_crit= default
# for GD
#orb_opt_thresh= 0.00000001
# for NM
orb_opt_thresh= 0.0001
orb_method= givens
orb_max_iter= 2000
orb_gd_gradient= analytical
orb_print= no

# Input for the quantum algorithm
qc_backend= ibmqx4
qc_num_shots= 2048
qc_order= default
qc_algorithm= affine_2p_curved_tenerife
qc_combine= no
qc_verbose= yes
qc_connect= yes
$ 0 0 
----------
Hello. Beginning a hybrid quantum classical optimization
to find the ground state energy of your target molecule. 
Let's begin!
----------
Molecular parameters:
mol = gto.Mole()
mol.atom = '''H 0 0 0; H 0 0 -1.9374; H 0 0 1.9374'''
mol.basis = 'sto-3g'
mol.spin=1
mol.verbose=2
mol.build()
----------
Run is connected to the IBMQuantumExperience.
Checking for config file.
----------
Backend configuration file already written.
Stored in following location:
/home/sesmart/3_vqa/hqca/results/logs/20180828_ibmqx4
----------
Getting the electron integrals in the Hartree-Fock basis.
Electron integrals obtained. Moving forward.
----------
Wavefunction mapping is: zeta
Nuclear energy: 0.68284455 Hartrees
Quantum algorithm: affine_2p_curved_tenerife
Quantum backend: ibmqx4
----------
----------------------------------------
--- There are 026 runs in queue. -----
--- Waited 00000 minutes so far. ----
----------------------------------------
----------------------------------------
--- There are 016 runs in queue. -----
--- Waited 00005 minutes so far. ----
----------------------------------------
Circuit counts:{'ii0': {'01001': 2, '11001': 2, '11100': 8, '11110': 61, '10110': 110, '01011': 4, '11000': 2, '01000': 7, '00010': 71, '01100': 47, '10111': 4, '00000': 144, '11111': 6, '01101': 189, '10001': 19, '10100': 20, '00100': 62, '10000': 36, '01010': 2, '11101': 36, '11010': 2, '00101': 315, '10101': 101, '10011': 44, '00001': 43, '00110': 365, '00111': 27, '01111': 4, '00011': 100, '10010': 17, '01110': 198}}
Time to get backend : 7.351487874984741e-05
Time to run tomography : 420.1451020464301
Total time: 420.14517556130886
{'ii': {'01001': 2, '11001': 2, '11100': 8, '11110': 61, '10110': 110, '01011': 4, '11000': 2, '01101': 189, '10011': 44, '01100': 47, '10111': 4, '00000': 144, '01000': 7, '10001': 19, '10100': 20, '00100': 62, '10000': 36, '01010': 2, '11101': 36, '11010': 2, '00101': 315, '10101': 101, '00010': 71, '00001': 43, '00110': 365, '00111': 27, '01111': 4, '00011': 100, '10010': 17, '01110': 198, '11111': 6}}
Measure ON: [[ 0.75830078  0.5625      0.50439453  1.        ]]
Rotated ON: [[ 0.88696632  0.66780326  0.55419304  1.00057655]]
Point on the GPC surface. Proceeding.
Parameters: 
[ 67.85705566  45.14831543]
Fitted wavefunction: 
Alpha: 0.744570495341259, Beta: 0.5765318021519281, Gamma: 0.33649050294877914
Distance from GPC plane: 0.0003328697299140871
Total Energy: -1.4147738540635328 Hartrees
----------
NM: Reflection: [ 67.85706  45.14832]
-1.41477385406
----------------------------------------
--- There are 018 runs in queue. -----
--- Waited 00000 minutes so far. ----
----------------------------------------
Circuit counts:{'ii0': {'01001': 5, '11001': 1, '00111': 31, '11100': 7, '11110': 48, '10110': 95, '01011': 18, '11000': 5, '01000': 6, '11011': 4, '01100': 34, '10111': 10, '00000': 166, '11111': 4, '01101': 116, '10001': 13, '10100': 12, '00100': 54, '10000': 39, '01010': 6, '11101': 20, '00101': 192, '10101': 49, '10011': 71, '00001': 42, '00110': 397, '00010': 75, '01111': 12, '00011': 277, '10010': 21, '01110': 218}}
Time to get backend : 6.988644599914551e-05
Time to run tomography : 372.89331755042076
Total time: 372.89338743686676
{'ii': {'01001': 5, '11001': 1, '11100': 7, '11110': 48, '10110': 95, '00010': 75, '01011': 18, '11000': 5, '01101': 116, '10011': 71, '01100': 34, '10111': 10, '00000': 166, '01000': 6, '10001': 13, '10100': 12, '00100': 54, '10000': 39, '01010': 6, '11101': 20, '00101': 192, '10101': 49, '11011': 4, '00001': 42, '00110': 397, '00111': 31, '01111': 12, '00011': 277, '10010': 21, '01110': 218, '11111': 4}}
Measure ON: [[ 0.63428  0.62842  0.57764  1.     ]]
Rotated ON: [[ 0.80548  0.84115  0.64481  1.00182]]
Point on the GPC surface. Proceeding.
Parameters: 
[ 57.90482  53.90854]
Fitted wavefunction: 
Alpha: 0.8033764574278407, Beta: 0.44172943246957014, Gamma: 0.3993261525880873
Distance from GPC plane: 0.0010530706835676642
Total Energy: -1.4162525803353476 Hartrees
----------
----------------------------------------
--- There are 018 runs in queue. -----
--- Waited 00000 minutes so far. ----
----------------------------------------
Circuit counts:{'ii0': {'01001': 5, '11000': 2, '00111': 26, '11100': 14, '11110': 67, '10110': 90, '01011': 3, '01000': 3, '11011': 3, '01100': 43, '10111': 11, '00000': 163, '11111': 1, '01101': 155, '10001': 14, '10100': 12, '00100': 69, '10000': 30, '11101': 26, '00101': 302, '10101': 64, '10011': 40, '00001': 51, '00110': 414, '00010': 65, '01111': 10, '00011': 151, '10010': 14, '01110': 200}}
Time to get backend : 7.179379463195801e-05
Time to run tomography : 379.63740556687117
Total time: 379.6374773606658
{'ii': {'01001': 5, '11000': 2, '11100': 14, '11110': 67, '10110': 90, '00010': 65, '01011': 3, '01101': 155, '10011': 40, '01100': 43, '10111': 11, '00000': 163, '01000': 3, '10001': 14, '10100': 12, '00100': 69, '10000': 30, '11101': 26, '00101': 302, '10101': 64, '11011': 3, '00001': 51, '00110': 414, '00111': 26, '01111': 10, '00011': 151, '10010': 14, '01110': 200, '11111': 1}}
Measure ON: [[ 0.73438  0.5791   0.53467  1.     ]]
Rotated ON: [[ 0.87073  0.7147   0.5857   0.99974]]
Point on the GPC surface. Proceeding.
Parameters: 
[ 64.53964  48.06839]
Fitted wavefunction: 
Alpha: 0.7652502491499028, Beta: 0.5340488963541509, Gamma: 0.3594215247852096
Distance from GPC plane: 0.00015218530111116296
Total Energy: -1.4182624782370497 Hartrees
----------
NM: Contracting the triangle.
[ 64.53964  48.06839]
Maximum distance from centroid: 3.706980460527977
----------
----------
Step: 00, Total Energy: -1.41857134 Sigma: 0.57938167  
----------
----------
----------------------------------------
--- There are 020 runs in queue. -----
--- Waited 00000 minutes so far. ----
----------------------------------------
----------------------------------------
--- There are 018 runs in queue. -----
--- Waited 00005 minutes so far. ----
----------------------------------------
----------------------------------------
--- There are 023 runs in queue. -----
--- Waited 00010 minutes so far. ----
----------------------------------------
----------------------------------------
--- There are 017 runs in queue. -----
--- Waited 00015 minutes so far. ----
----------------------------------------
Circuit counts:{'ii0': {'01001': 4, '11000': 2, '11100': 8, '11110': 44, '10110': 104, '01011': 4, '01000': 7, '00010': 57, '01100': 54, '10111': 5, '00000': 145, '11111': 4, '01101': 168, '10001': 11, '10100': 20, '00100': 85, '10000': 26, '01010': 2, '11101': 37, '00101': 334, '10101': 56, '10011': 35, '00001': 49, '00110': 377, '00111': 13, '01111': 10, '00011': 183, '10010': 19, '01110': 185}}
Time to get backend : 7.094442844390869e-05
Time to run tomography : 329.5691210925579
Total time: 329.56919203698635
{'ii': {'01001': 4, '11000': 2, '11100': 8, '11110': 44, '10110': 104, '01011': 4, '01101': 168, '10011': 35, '01100': 54, '10111': 5, '00000': 145, '01000': 7, '10001': 11, '10100': 20, '00100': 85, '10000': 26, '01010': 2, '11101': 37, '00101': 334, '10101': 56, '00010': 57, '00001': 49, '00110': 377, '00111': 13, '01111': 10, '00011': 183, '10010': 19, '01110': 185, '11111': 4}}
Measure ON: [[ 0.73438  0.5542   0.50879  1.     ]]
Rotated ON: [[ 0.87314  0.68075  0.55397  0.99992]]
Point on the GPC surface. Proceeding.
Parameters: 
[ 66.51535  47.38907]
Fitted wavefunction: 
Alpha: 0.7442722157692838, Beta: 0.5649963748587333, Gamma: 0.3561431808000404
Distance from GPC plane: 4.503256446730665e-05
Total Energy: -1.4165056843780623 Hartrees
----------
NM: Reflection: [ 66.51535  47.38907]
-1.41650568438
----------------------------------------
--- There are 019 runs in queue. -----
--- Waited 00000 minutes so far. ----
----------------------------------------
----------------------------------------
--- There are 013 runs in queue. -----
--- Waited 00005 minutes so far. ----
----------------------------------------
----------------------------------------
--- There are 018 runs in queue. -----
--- Waited 00010 minutes so far. ----
----------------------------------------
----------------------------------------
--- There are 016 runs in queue. -----
--- Waited 00015 minutes so far. ----
----------------------------------------
Circuit counts:{'ii0': {'01001': 1, '11000': 4, '00111': 27, '11100': 9, '11110': 63, '10110': 102, '01011': 7, '11001': 2, '01000': 5, '11011': 2, '01100': 53, '00000': 156, '11111': 4, '01101': 149, '10001': 9, '10100': 13, '00100': 60, '10000': 50, '01010': 2, '11101': 32, '00101': 231, '10101': 50, '10011': 53, '00001': 49, '00110': 396, '00010': 69, '01111': 14, '00011': 214, '10010': 22, '01110': 200}}
Time to get backend : 7.17267394065857e-05
Time to run tomography : 945.206981934607
Total time: 945.2070536613464
{'ii': {'01001': 1, '11000': 4, '11100': 9, '11110': 63, '10110': 102, '00010': 69, '01011': 7, '11001': 2, '01101': 149, '10011': 53, '01100': 53, '00000': 156, '01000': 5, '10001': 9, '10100': 13, '00100': 60, '10000': 50, '01010': 2, '11101': 32, '00101': 231, '10101': 50, '11011': 2, '00001': 49, '00110': 396, '00111': 27, '01111': 14, '00011': 214, '10010': 22, '01110': 200, '11111': 4}}
Measure ON: [[ 0.68506  0.58789  0.57373  1.     ]]
Rotated ON: [[ 0.84093  0.76938  0.60535  1.00496]]
Point on the GPC surface. Proceeding.
Parameters: 
[ 61.80462  50.34336]
Fitted wavefunction: 
Alpha: 0.7791015078073632, Beta: 0.4819487306648155, Gamma: 0.4009067990728848
Distance from GPC plane: 0.0028636867604893428
Total Energy: -1.4183474668158806 Hartrees
----------
Really long run time. Not good.
----------------------------------------
--- There are 020 runs in queue. -----
--- Waited 00000 minutes so far. ----
----------------------------------------
----------------------------------------
--- There are 015 runs in queue. -----
--- Waited 00005 minutes so far. ----
----------------------------------------
Circuit counts:{'ii0': {'01001': 3, '11001': 1, '11100': 12, '11110': 54, '10110': 104, '01011': 8, '11000': 1, '01000': 8, '00010': 66, '01100': 55, '10111': 6, '00000': 143, '11111': 1, '01101': 158, '10001': 9, '10100': 17, '00100': 69, '10000': 37, '11101': 47, '00101': 270, '10101': 54, '10011': 37, '00001': 44, '00110': 432, '00111': 26, '01111': 12, '00011': 152, '10010': 20, '01110': 202}}
Time to get backend : 7.155537605285645e-05
Time to run tomography : 254.40349885076284
Total time: 254.4035704061389
{'ii': {'01001': 3, '11001': 1, '11100': 12, '11110': 54, '10110': 104, '01011': 8, '11000': 1, '01101': 158, '10011': 37, '01100': 55, '10111': 6, '00000': 143, '01000': 8, '10001': 9, '10100': 17, '00100': 69, '10000': 37, '11101': 47, '00101': 270, '10101': 54, '00010': 66, '00001': 44, '00110': 432, '00111': 26, '01111': 12, '00011': 152, '10010': 20, '01110': 202, '11111': 1}}
Measure ON: [[ 0.7417   0.5957   0.54688  1.     ]]
Rotated ON: [[ 0.87362  0.72933  0.60307  0.99988]]
Point on the GPC surface. Proceeding.
Parameters: 
[ 64.94511  48.37383]
Fitted wavefunction: 
Alpha: 0.7765508321348257, Beta: 0.5202236068352035, Gamma: 0.3554380452372556
Distance from GPC plane: 7.026086621653162e-05
Total Energy: -1.4184494352255121 Hartrees
----------
NM: Contracting the triangle.
[ 64.94511  48.37383]
Maximum distance from centroid: 1.7787528373939814
----------
----------
Step: 01, Total Energy: -1.41857134 Sigma: 0.31601631  
----------
----------
----------------------------------------
--- There are 019 runs in queue. -----
--- Waited 00000 minutes so far. ----
----------------------------------------
----------------------------------------
--- There are 013 runs in queue. -----
--- Waited 00005 minutes so far. ----
----------------------------------------
----------------------------------------
--- There are 023 runs in queue. -----
--- Waited 00010 minutes so far. ----
----------------------------------------
----------------------------------------
--- There are 024 runs in queue. -----
--- Waited 00015 minutes so far. ----
----------------------------------------
----------------------------------------
--- There are 024 runs in queue. -----
--- Waited 00020 minutes so far. ----
----------------------------------------
----------------------------------------
--- There are 025 runs in queue. -----
--- Waited 00025 minutes so far. ----
----------------------------------------
----------------------------------------
--- There are 025 runs in queue. -----
--- Waited 00030 minutes so far. ----
----------------------------------------
----------------------------------------
--- There are 025 runs in queue. -----
--- Waited 00035 minutes so far. ----
----------------------------------------
----------------------------------------
--- There are 026 runs in queue. -----
--- Waited 00040 minutes so far. ----
----------------------------------------
'data'
Circuit counts:{}
Time to get backend : 7.27623701095581e-05
Time to run tomography : 14.299566209316254
Total time: 14.299638971686363
----------
----------
Step: 02, Total Energy: -1.41857134 Sigma: 0.31601631  
----------
----------
Error in run. Saving optimization object to file.
Optimizing the orbitals.
Initializing the Nelder-Mead optimization class.
---------- 
Step:-01, Init. Energy: -1.41857134 Hartrees
Step: 00, Total Energy: -1.41857134 Sigma: 5.61295324  
Step: 01, Total Energy: -1.41857134 Sigma: 5.78645377  
Step: 02, Total Energy: -1.41857134 Sigma: 5.80715469  
Step: 03, Total Energy: -1.41857134 Sigma: 5.68602392  
Step: 04, Total Energy: -1.41857134 Sigma: 5.42307954  
Step: 05, Total Energy: -1.41857134 Sigma: 5.00587877  
Step: 06, Total Energy: -1.41857134 Sigma: 3.41421337  
Step: 07, Total Energy: -1.41857134 Sigma: 3.42202124  
Step: 08, Total Energy: -1.41857134 Sigma: 3.41437975  
Step: 09, Total Energy: -1.41857134 Sigma: 3.36368707  
Step: 10, Total Energy: -1.41857134 Sigma: 3.26309183  
Step: 11, Total Energy: -1.41862989 Sigma: 3.14275062  
Step: 12, Total Energy: -1.41911010 Sigma: 3.14421044  
Step: 13, Total Energy: -1.41917617 Sigma: 3.14252757  
Step: 14, Total Energy: -1.41955336 Sigma: 2.51447280  
Step: 15, Total Energy: -1.41955336 Sigma: 2.48596980  
Step: 16, Total Energy: -1.41955336 Sigma: 2.44223646  
Step: 17, Total Energy: -1.41955336 Sigma: 2.30828444  
Step: 18, Total Energy: -1.41955336 Sigma: 2.30430857  
Step: 19, Total Energy: -1.42014969 Sigma: 2.57960145  
Step: 20, Total Energy: -1.42014969 Sigma: 2.56764051  
Step: 21, Total Energy: -1.42014969 Sigma: 2.56253389  
Step: 22, Total Energy: -1.42014969 Sigma: 2.55940510  
Step: 23, Total Energy: -1.42014969 Sigma: 2.54604953  
Step: 24, Total Energy: -1.42014969 Sigma: 2.55137663  
Step: 25, Total Energy: -1.42014969 Sigma: 2.54196496  
Step: 26, Total Energy: -1.42032669 Sigma: 2.55520363  
Step: 27, Total Energy: -1.42039362 Sigma: 2.56564965  
Step: 28, Total Energy: -1.42039362 Sigma: 2.40030824  
Step: 29, Total Energy: -1.42039362 Sigma: 2.05066158  
Step: 30, Total Energy: -1.42039362 Sigma: 1.61627024  
Step: 31, Total Energy: -1.42039362 Sigma: 1.62459940  
Step: 32, Total Energy: -1.42045905 Sigma: 1.62633788  
Step: 33, Total Energy: -1.42048453 Sigma: 1.60894356  
Step: 34, Total Energy: -1.42055347 Sigma: 1.60919395  
Step: 35, Total Energy: -1.42061953 Sigma: 1.60779246  
Step: 36, Total Energy: -1.42061953 Sigma: 1.60954631  
Step: 37, Total Energy: -1.42061953 Sigma: 1.61391985  
Step: 38, Total Energy: -1.42061953 Sigma: 1.46322304  
Step: 39, Total Energy: -1.42061953 Sigma: 1.35842267  
Step: 40, Total Energy: -1.42067937 Sigma: 1.63263504  
Step: 41, Total Energy: -1.42075033 Sigma: 1.63652305  
Step: 42, Total Energy: -1.42075033 Sigma: 1.53159193  
Step: 43, Total Energy: -1.42075033 Sigma: 0.99281729  
Step: 44, Total Energy: -1.42077521 Sigma: 0.99551128  
Step: 45, Total Energy: -1.42079193 Sigma: 1.02978783  
Step: 46, Total Energy: -1.42079424 Sigma: 1.02604775  
Step: 47, Total Energy: -1.42079424 Sigma: 1.02604145  
Step: 48, Total Energy: -1.42079424 Sigma: 0.71479678  
Step: 49, Total Energy: -1.42079424 Sigma: 0.72173291  
Step: 50, Total Energy: -1.42079691 Sigma: 0.71740035  
Step: 51, Total Energy: -1.42082532 Sigma: 0.72016955  
Step: 52, Total Energy: -1.42082532 Sigma: 0.62901822  
Step: 53, Total Energy: -1.42082532 Sigma: 0.62144519  
Step: 54, Total Energy: -1.42082532 Sigma: 0.64753609  
Step: 55, Total Energy: -1.42082532 Sigma: 0.65034211  
Step: 56, Total Energy: -1.42082532 Sigma: 0.64937215  
Step: 57, Total Energy: -1.42082532 Sigma: 0.64923547  
Step: 58, Total Energy: -1.42082987 Sigma: 0.45520868  
Step: 59, Total Energy: -1.42083003 Sigma: 0.44829579  
Step: 60, Total Energy: -1.42083548 Sigma: 0.42906875  
Step: 61, Total Energy: -1.42083548 Sigma: 0.43342666  
Step: 62, Total Energy: -1.42083548 Sigma: 0.43323231  
Step: 63, Total Energy: -1.42083548 Sigma: 0.32641166  
Step: 64, Total Energy: -1.42083548 Sigma: 0.32575361  
Step: 65, Total Energy: -1.42083552 Sigma: 0.32558533  
Step: 66, Total Energy: -1.42083622 Sigma: 0.28320130  
Step: 67, Total Energy: -1.42083659 Sigma: 0.28353623  
Step: 68, Total Energy: -1.42083899 Sigma: 0.27876226  
Step: 69, Total Energy: -1.42083899 Sigma: 0.27779393  
Step: 70, Total Energy: -1.42083899 Sigma: 0.27593969  
Step: 71, Total Energy: -1.42083899 Sigma: 0.26540107  
Step: 72, Total Energy: -1.42083899 Sigma: 0.25613601  
Step: 73, Total Energy: -1.42083937 Sigma: 0.25328584  
Step: 74, Total Energy: -1.42084114 Sigma: 0.25396862  
Step: 75, Total Energy: -1.42084114 Sigma: 0.22313591  
Step: 76, Total Energy: -1.42084114 Sigma: 0.22318438  
Step: 77, Total Energy: -1.42084319 Sigma: 0.27748959  
Step: 78, Total Energy: -1.42084319 Sigma: 0.27750386  
Step: 79, Total Energy: -1.42084319 Sigma: 0.27149153  
Step: 80, Total Energy: -1.42084319 Sigma: 0.27147231  
Step: 81, Total Energy: -1.42084643 Sigma: 0.40199248  
Step: 82, Total Energy: -1.42084780 Sigma: 0.51962246  
Step: 83, Total Energy: -1.42084780 Sigma: 0.51780811  
Step: 84, Total Energy: -1.42085047 Sigma: 0.65852139  
Step: 85, Total Energy: -1.42085047 Sigma: 0.65564592  
Step: 86, Total Energy: -1.42085208 Sigma: 0.85264300  
Step: 87, Total Energy: -1.42085593 Sigma: 1.03230775  
Step: 88, Total Energy: -1.42085630 Sigma: 1.16512075  
Step: 89, Total Energy: -1.42085660 Sigma: 1.24380239  
Step: 90, Total Energy: -1.42085750 Sigma: 1.12819143  
Step: 91, Total Energy: -1.42085750 Sigma: 0.90505123  
Step: 92, Total Energy: -1.42085750 Sigma: 0.56617922  
Step: 93, Total Energy: -1.42085791 Sigma: 0.45193829  
Step: 94, Total Energy: -1.42085946 Sigma: 0.42068270  
Step: 95, Total Energy: -1.42085946 Sigma: 0.41512094  
Step: 96, Total Energy: -1.42085946 Sigma: 0.44257184  
Step: 97, Total Energy: -1.42085946 Sigma: 0.42093993  
Step: 98, Total Energy: -1.42085946 Sigma: 0.40610500  
Step: 99, Total Energy: -1.42086006 Sigma: 0.31349783  
Step: 100, Total Energy: -1.42086006 Sigma: 0.31372775  
Step: 101, Total Energy: -1.42086006 Sigma: 0.29180590  
Step: 102, Total Energy: -1.42086006 Sigma: 0.23664636  
Step: 103, Total Energy: -1.42086017 Sigma: 0.13852947  
Step: 104, Total Energy: -1.42086062 Sigma: 0.12594882  
Step: 105, Total Energy: -1.42086062 Sigma: 0.11655109  
Step: 106, Total Energy: -1.42086062 Sigma: 0.07035906  
Step: 107, Total Energy: -1.42086062 Sigma: 0.06970007  
Step: 108, Total Energy: -1.42086065 Sigma: 0.07028729  
Step: 109, Total Energy: -1.42086066 Sigma: 0.06486124  
Step: 110, Total Energy: -1.42086068 Sigma: 0.08847288  
Step: 111, Total Energy: -1.42086072 Sigma: 0.08831589  
Step: 112, Total Energy: -1.42086097 Sigma: 0.08391132  
Step: 113, Total Energy: -1.42086097 Sigma: 0.08387147  
Step: 114, Total Energy: -1.42086097 Sigma: 0.08368881  
Step: 115, Total Energy: -1.42086097 Sigma: 0.06972545  
Step: 116, Total Energy: -1.42086097 Sigma: 0.06744236  
Step: 117, Total Energy: -1.42086097 Sigma: 0.04251146  
Step: 118, Total Energy: -1.42086097 Sigma: 0.04296376  
Step: 119, Total Energy: -1.42086097 Sigma: 0.04299362  
Step: 120, Total Energy: -1.42086097 Sigma: 0.04250639  
Step: 121, Total Energy: -1.42086101 Sigma: 0.04176872  
Step: 122, Total Energy: -1.42086102 Sigma: 0.04034834  
Step: 123, Total Energy: -1.42086102 Sigma: 0.02668673  
Step: 124, Total Energy: -1.42086105 Sigma: 0.02591904  
Step: 125, Total Energy: -1.42086109 Sigma: 0.02556010  
Step: 126, Total Energy: -1.42086112 Sigma: 0.02562610  
Step: 127, Total Energy: -1.42086112 Sigma: 0.02346258  
Step: 128, Total Energy: -1.42086112 Sigma: 0.02326734  
Step: 129, Total Energy: -1.42086113 Sigma: 0.02194983  
Step: 130, Total Energy: -1.42086113 Sigma: 0.02144133  
Step: 131, Total Energy: -1.42086113 Sigma: 0.02128766  
Step: 132, Total Energy: -1.42086113 Sigma: 0.01685279  
Step: 133, Total Energy: -1.42086116 Sigma: 0.01686038  
Step: 134, Total Energy: -1.42086116 Sigma: 0.01070970  
Step: 135, Total Energy: -1.42086116 Sigma: 0.01127413  
Step: 136, Total Energy: -1.42086116 Sigma: 0.01121955  
Step: 137, Total Energy: -1.42086117 Sigma: 0.01032318  
Step: 138, Total Energy: -1.42086117 Sigma: 0.01032997  
Step: 139, Total Energy: -1.42086117 Sigma: 0.01010415  
Step: 140, Total Energy: -1.42086117 Sigma: 0.00835709  
Step: 141, Total Energy: -1.42086117 Sigma: 0.00850515  
Step: 142, Total Energy: -1.42086117 Sigma: 0.00874146  
Step: 143, Total Energy: -1.42086117 Sigma: 0.00872326  
Step: 144, Total Energy: -1.42086118 Sigma: 0.00858442  
Step: 145, Total Energy: -1.42086118 Sigma: 0.00858426  
Step: 146, Total Energy: -1.42086118 Sigma: 0.00865519  
Step: 147, Total Energy: -1.42086118 Sigma: 0.00594266  
Step: 148, Total Energy: -1.42086118 Sigma: 0.00615963  
Step: 149, Total Energy: -1.42086118 Sigma: 0.00600205  
Step: 150, Total Energy: -1.42086118 Sigma: 0.00596182  
Step: 151, Total Energy: -1.42086118 Sigma: 0.00592134  
Step: 152, Total Energy: -1.42086118 Sigma: 0.00584876  
Step: 153, Total Energy: -1.42086118 Sigma: 0.00550594  
Step: 154, Total Energy: -1.42086118 Sigma: 0.00546710  
Step: 155, Total Energy: -1.42086118 Sigma: 0.00546325  
Step: 156, Total Energy: -1.42086118 Sigma: 0.00513406  
Step: 157, Total Energy: -1.42086118 Sigma: 0.00514023  
Step: 158, Total Energy: -1.42086118 Sigma: 0.00514156  
Step: 159, Total Energy: -1.42086118 Sigma: 0.00509486  
Step: 160, Total Energy: -1.42086118 Sigma: 0.00509824  
Step: 161, Total Energy: -1.42086118 Sigma: 0.00506979  
Step: 162, Total Energy: -1.42086118 Sigma: 0.00414677  
Step: 163, Total Energy: -1.42086118 Sigma: 0.00413051  
Step: 164, Total Energy: -1.42086118 Sigma: 0.00405774  
Step: 165, Total Energy: -1.42086118 Sigma: 0.00405831  
Step: 166, Total Energy: -1.42086118 Sigma: 0.00285114  
Step: 167, Total Energy: -1.42086118 Sigma: 0.00255169  
Step: 168, Total Energy: -1.42086118 Sigma: 0.00248190  
Step: 169, Total Energy: -1.42086118 Sigma: 0.00249725  
Step: 170, Total Energy: -1.42086118 Sigma: 0.00232112  
Step: 171, Total Energy: -1.42086118 Sigma: 0.00226963  
Step: 172, Total Energy: -1.42086118 Sigma: 0.00177054  
Step: 173, Total Energy: -1.42086118 Sigma: 0.00175333  
Step: 174, Total Energy: -1.42086118 Sigma: 0.00138544  
Step: 175, Total Energy: -1.42086118 Sigma: 0.00112394  
Step: 176, Total Energy: -1.42086118 Sigma: 0.00110327  
Step: 177, Total Energy: -1.42086118 Sigma: 0.00110335  
Step: 178, Total Energy: -1.42086118 Sigma: 0.00106555  
Step: 179, Total Energy: -1.42086118 Sigma: 0.00099448  
Step: 180, Total Energy: -1.42086118 Sigma: 0.00082198  
Step: 181, Total Energy: -1.42086118 Sigma: 0.00059299  
Step: 182, Total Energy: -1.42086118 Sigma: 0.00057609  
Step: 183, Total Energy: -1.42086118 Sigma: 0.00055563  
Step: 184, Total Energy: -1.42086118 Sigma: 0.00044734  
Step: 185, Total Energy: -1.42086118 Sigma: 0.00044818  
Step: 186, Total Energy: -1.42086118 Sigma: 0.00044820  
Step: 187, Total Energy: -1.42086118 Sigma: 0.00038323  
Step: 188, Total Energy: -1.42086118 Sigma: 0.00038324  
Step: 189, Total Energy: -1.42086118 Sigma: 0.00038349  
Step: 190, Total Energy: -1.42086118 Sigma: 0.00038292  
Step: 191, Total Energy: -1.42086118 Sigma: 0.00038290  
Step: 192, Total Energy: -1.42086118 Sigma: 0.00036279  
Step: 193, Total Energy: -1.42086118 Sigma: 0.00036258  
Step: 194, Total Energy: -1.42086118 Sigma: 0.00036251  
Step: 195, Total Energy: -1.42086118 Sigma: 0.00031194  
Step: 196, Total Energy: -1.42086118 Sigma: 0.00029520  
Step: 197, Total Energy: -1.42086118 Sigma: 0.00029555  
Step: 198, Total Energy: -1.42086118 Sigma: 0.00027220  
Step: 199, Total Energy: -1.42086118 Sigma: 0.00027220  
Step: 200, Total Energy: -1.42086118 Sigma: 0.00027219  
Step: 201, Total Energy: -1.42086118 Sigma: 0.00027216  
Step: 202, Total Energy: -1.42086118 Sigma: 0.00023260  
Step: 203, Total Energy: -1.42086118 Sigma: 0.00016463  
Step: 204, Total Energy: -1.42086118 Sigma: 0.00016463  
Step: 205, Total Energy: -1.42086118 Sigma: 0.00015673  
Step: 206, Total Energy: -1.42086118 Sigma: 0.00015277  
Step: 207, Total Energy: -1.42086118 Sigma: 0.00012653  
Step: 208, Total Energy: -1.42086118 Sigma: 0.00012653  
Step: 209, Total Energy: -1.42086118 Sigma: 0.00014310  
Step: 210, Total Energy: -1.42086118 Sigma: 0.00014311  
Step: 211, Total Energy: -1.42086118 Sigma: 0.00014312  
Step: 212, Total Energy: -1.42086118 Sigma: 0.00013339  
Step: 213, Total Energy: -1.42086118 Sigma: 0.00013341  
Step: 214, Total Energy: -1.42086118 Sigma: 0.00010139  
Step: 215, Total Energy: -1.42086118 Sigma: 0.00009485  
Criteria met for convergence.
----------
Checking orbital and occupation energies for convergence...
----------
Total number of iterations: 1
##########
ERROR: encountered some error along the way. Run is likely
not fully converged. Check what went wrong.
##########
------------------------------
------------------------------
## Energy Evaluation ## 
Final energy                : -1.42086118 Hartrees
Final sigma                 : 0.00228984

Hartree Fock Energy         : -1.22692109 Hartrees
Full CI energy              : -1.42291436 Hartrees
Difference in target and FCI  :  2.05318 mHartrees
----------
Correlation energy recovered: -193.94009 mHartrees
Correlation energy recovered: 98.952 %
------------------------------
------------------------------
Wavefunction (Hamiltonian basis):
 |011001>: 0.38809671494658254
 |110100>: 0.7857233563844195
 |101010>: 0.4816842815368523
----------
1-Electron Reduced Density Matrix:
[[ 0.84938+0.j  0.00000+0.j  0.00000+0.j  0.00000+0.j  0.00000+0.j
   0.00000+0.j]
 [ 0.00000+0.j  0.76798+0.j  0.00000+0.j  0.00000+0.j  0.00000+0.j
   0.00000+0.j]
 [ 0.00000+0.j  0.00000+0.j  0.38264+0.j  0.00000+0.j  0.00000+0.j
   0.00000+0.j]
 [ 0.00000+0.j  0.00000+0.j  0.00000+0.j  0.61736+0.j  0.00000+0.j
   0.00000+0.j]
 [ 0.00000+0.j  0.00000+0.j  0.00000+0.j  0.00000+0.j  0.23202+0.j
   0.00000+0.j]
 [ 0.00000+0.j  0.00000+0.j  0.00000+0.j  0.00000+0.j  0.00000+0.j
   0.15062+0.j]]
Total orbital energy evaluations   : 491
Total occupation energy evaluations: 34
