----------
--START---
----------
Taking parameters from config file. Must be specified elsewhere.
Importing run parameters.
----------
Run on: 2018-09-01T15:48:04.478896
----------
#
# ./ibm.txt
# reused as h3.txt
#
# IBM specific input for runs with ./main.py
#
#

# General
restart= yes
print= yes
wait= yes
max_iter= 10
mapping= zeta
chem_orb= HF
#opt_crit= 0.000001
#opt_crit= 0.001
opt_crit= 0.0001

# Occupation Number optimizers
occ_method= stretch
occ_seed= user
occ_optimizer= NM
occ_opt_crit= default
occ_opt_thresh= 0.1
occ_increase= no
occ_energy= qc
occ_nm_simplex= 30
occ_gd_gradient= numerical
occ_max_iter= 40
occ_load_triangle= no
occ_method_Ntri= 3

# Input for the orbital optimizer (for chem_orb /= FCI)
orb_nm_simplex= 15
orb_optimizer= NM
orb_opt_crit= default
# for GD
#orb_opt_thresh= 0.00000001
# for NM
orb_opt_thresh= 0.0001
orb_method= givens
orb_max_iter= 2000
orb_gd_gradient= analytical
orb_print= no

# Input for the quantum algorithm
qc_backend= ibmqx4
qc_num_shots= 2048
qc_order= default
qc_algorithm= affine_2p_curved_tenerife
qc_combine= no
qc_verbose= yes
qc_connect= yes
$ 0 0 
----------
Hello. Beginning a hybrid quantum classical optimization
to find the ground state energy of your target molecule. 
Let's begin!
----------
Molecular parameters:
mol = gto.Mole()
mol.atom = '''H 0 0 0; H 0 0 -2.4374; H 0 0 2.4374'''
mol.basis = 'sto-3g'
mol.spin=1
mol.verbose=2
mol.build()
----------
Run is connected to the IBMQuantumExperience.
Checking for config file.
----------
Backend configuration file written.
Stored in following location:
/home/sesmart/3_vqa/hqca/results/logs/20180901_ibmqx4
----------
Getting the electron integrals in the Hartree-Fock basis.
Electron integrals obtained. Moving forward.
----------
Wavefunction mapping is: zeta
Nuclear energy: 0.54276812 Hartrees
Quantum algorithm: affine_2p_curved_tenerife
Quantum backend: ibmqx4
----------
----------------------------------------
--- There are 011 runs in queue. -----
--- Waited 00000 minutes so far. ----
----------------------------------------
Circuit counts:{'ii0': {'11010': 2, '00111': 21, '10111': 1, '10010': 19, '11101': 41, '01110': 135, '11110': 35, '10000': 96, '10001': 24, '11001': 2, '01010': 8, '00010': 54, '11100': 8, '10100': 26, '11111': 4, '00000': 268, '01000': 24, '01100': 32, '00001': 52, '11000': 5, '01011': 27, '00100': 56, '00110': 224, '01001': 4, '01111': 8, '00101': 208, '11011': 5, '10011': 88, '10110': 81, '01101': 147, '00011': 279, '10101': 64}}
Time to get backend : 6.859004497528076e-05
Time to run tomography : 228.71822018176317
Total time: 228.71828877180815
{'ii': {'11010': 2, '00111': 21, '10111': 1, '01101': 147, '11101': 41, '01110': 135, '11110': 35, '10101': 64, '10000': 96, '10001': 24, '01011': 27, '01010': 8, '00010': 54, '11100': 8, '10100': 26, '11111': 4, '00000': 268, '01000': 24, '01100': 32, '00001': 52, '11000': 5, '11001': 2, '00100': 56, '00110': 224, '01001': 4, '01111': 8, '00101': 208, '11011': 5, '10011': 88, '10010': 19, '00011': 279, '10110': 81}}
Measure ON: [[ 0.53271484  0.52392578  0.51611328  1.        ]]
Rotated ON: [[ 0.7460889   0.7709779   0.51591547  1.00115132]]
Point on the GPC surface. Proceeding.
Parameters: 
[ 48.43643188  44.69650269]
Fitted wavefunction: 
Alpha: 0.7185396612314916, Beta: 0.504276588938809, Gamma: 0.4789633358468815
Distance from GPC plane: 0.0006647148978657925
Total Energy: -1.400106253474193 Hartrees
----------
NM: Reflection: [ 48.43643  44.6965 ]
-1.40010625347
----------------------------------------
--- There are 012 runs in queue. -----
--- Waited 00000 minutes so far. ----
----------------------------------------
Circuit counts:{'ii0': {'11010': 2, '00111': 28, '10111': 7, '10010': 21, '11101': 46, '01110': 134, '11110': 59, '10000': 95, '10001': 13, '01011': 17, '01010': 11, '00010': 49, '11100': 17, '10100': 23, '11111': 2, '00000': 249, '01000': 22, '01100': 35, '00001': 45, '11000': 8, '00100': 61, '00110': 272, '01001': 3, '01111': 14, '00101': 232, '11011': 5, '10011': 60, '10110': 68, '01101': 163, '00011': 220, '10101': 67}}
Time to get backend : 7.370859384536743e-05
Time to run tomography : 262.1398952975869
Total time: 262.13996900618076
{'ii': {'11010': 2, '00111': 28, '10111': 7, '01101': 163, '11101': 46, '01110': 134, '11110': 59, '10101': 67, '10000': 95, '10001': 13, '01011': 17, '01010': 11, '00010': 49, '11100': 17, '10100': 23, '11111': 2, '00000': 249, '01000': 22, '01100': 35, '00001': 45, '11000': 8, '00100': 61, '00110': 272, '01001': 3, '01111': 14, '00101': 232, '11011': 5, '10011': 60, '10010': 21, '00011': 220, '10110': 68}}
Measure ON: [[ 0.59961  0.5498   0.52686  1.     ]]
Rotated ON: [[ 0.78667  0.75861  0.54495  1.00034]]
Point on the GPC surface. Proceeding.
Parameters: 
[ 51.49773  43.40309]
Fitted wavefunction: 
Alpha: 0.7382825567535738, Beta: 0.4914249055621592, Gamma: 0.4619961348178458
Distance from GPC plane: 0.00019591654647982407
Total Energy: -1.3976521498813432 Hartrees
----------
NM: Reflected point better than best.
[ 48.43643  44.6965 ]
Maximum distance from centroid: 2.2549166195674086
----------
----------
Step: 00, Total Energy: -1.40010625 Sigma: 1.00027585  
----------
----------
----------------------------------------
--- There are 012 runs in queue. -----
--- Waited 00000 minutes so far. ----
----------------------------------------
Circuit counts:{'ii0': {'00111': 18, '10111': 11, '10010': 21, '11101': 45, '01110': 134, '11110': 60, '10000': 101, '10001': 27, '01011': 23, '01010': 6, '00010': 56, '11100': 15, '10100': 11, '11111': 5, '00000': 248, '01000': 19, '01100': 44, '00001': 53, '11000': 11, '11001': 1, '00100': 63, '00110': 252, '01001': 1, '01111': 12, '00101': 189, '11011': 8, '10011': 83, '10110': 91, '01101': 119, '00011': 275, '10101': 46}}
Time to get backend : 7.42003321647644e-05
Time to run tomography : 345.3321419507265
Total time: 345.3322161510587
{'ii': {'00111': 18, '10111': 11, '01101': 119, '11101': 45, '01110': 134, '11110': 60, '10101': 46, '10000': 101, '10001': 27, '01011': 23, '01010': 6, '00010': 56, '11100': 15, '10100': 11, '11111': 5, '00000': 248, '01000': 19, '01100': 44, '00001': 53, '11000': 11, '11001': 1, '00100': 63, '00110': 252, '01001': 1, '01111': 12, '00101': 189, '11011': 8, '10011': 83, '10010': 21, '00011': 275, '10110': 91}}
Measure ON: [[ 0.55273  0.54443  0.51514  1.     ]]
Rotated ON: [[ 0.75674  0.77645  0.5336   0.99959]]
Point on the GPC surface. Proceeding.
Parameters: 
[ 49.18671  46.67633]
Fitted wavefunction: 
Alpha: 0.7303878085389657, Beta: 0.4930760292937645, Gamma: 0.4726623302882745
Distance from GPC plane: 0.00023775399634468067
Total Energy: -1.3986067560950954 Hartrees
----------
NM: Reflection: [ 49.18671  46.67633]
-1.3986067561
----------------------------------------
--- There are 011 runs in queue. -----
--- Waited 00000 minutes so far. ----
----------------------------------------
Circuit counts:{'ii0': {'11010': 2, '00111': 39, '10111': 10, '10010': 28, '11101': 33, '01110': 113, '11110': 42, '10000': 98, '10001': 25, '11001': 1, '01010': 6, '00010': 61, '11100': 8, '10100': 19, '11111': 11, '00000': 268, '01000': 25, '01100': 33, '00001': 74, '11000': 13, '01011': 17, '00100': 49, '00110': 203, '01001': 1, '01111': 20, '00101': 163, '11011': 12, '10011': 87, '10110': 57, '01101': 116, '00011': 335, '10101': 79}}
Time to get backend : 7.413327693939209e-05
Time to run tomography : 244.40904949605465
Total time: 244.4091236293316
{'ii': {'11010': 2, '00111': 39, '10111': 10, '01101': 116, '11101': 33, '01110': 113, '11110': 42, '10101': 79, '10000': 98, '10001': 25, '01011': 17, '01010': 6, '00010': 61, '11100': 8, '10100': 19, '11111': 11, '00000': 268, '01000': 25, '01100': 33, '00001': 74, '11000': 13, '11001': 1, '00100': 49, '00110': 203, '01001': 1, '01111': 20, '00101': 163, '11011': 12, '10011': 87, '10010': 28, '00011': 335, '10110': 57}}
Measure ON: [[ 0.51416  0.50928  0.50049  1.     ]]
Rotated ON: [[ 0.73552  0.75953  0.4945   1.00055]]
Point on the GPC surface. Proceeding.
Parameters: 
[ 46.04668  45.41908]
Fitted wavefunction: 
Alpha: 0.7085303168896865, Beta: 0.5108754033711145, Gamma: 0.4868173294764694
Distance from GPC plane: 0.006030635650604577
Total Energy: -1.401013218336305 Hartrees
----------
----------------------------------------
--- There are 013 runs in queue. -----
--- Waited 00000 minutes so far. ----
----------------------------------------
Circuit counts:{'ii0': {'11010': 2, '00111': 16, '10111': 8, '10010': 20, '11101': 44, '01110': 130, '11110': 50, '10000': 110, '10001': 15, '01011': 23, '01010': 8, '00010': 56, '11100': 10, '10100': 19, '11111': 4, '00000': 234, '01000': 26, '01100': 48, '00001': 50, '11000': 8, '00100': 64, '00110': 252, '01001': 6, '01111': 12, '00101': 201, '11011': 14, '10011': 102, '10110': 95, '01101': 115, '00011': 244, '10101': 62}}
Time to get backend : 7.446110248565674e-05
Time to run tomography : 341.0340456739068
Total time: 341.0341201350093
{'ii': {'11010': 2, '00111': 16, '10111': 8, '01101': 115, '11101': 44, '01110': 130, '11110': 50, '10101': 62, '10000': 110, '10001': 15, '01011': 23, '01010': 8, '00010': 56, '11100': 10, '10100': 19, '11111': 4, '00000': 234, '01000': 26, '01100': 48, '00001': 50, '11000': 8, '00100': 64, '00110': 252, '01001': 6, '01111': 12, '00101': 201, '11011': 14, '10011': 102, '10010': 20, '00011': 244, '10110': 95}}
Measure ON: [[ 0.55273  0.55176  0.50586  1.     ]]
Rotated ON: [[ 0.7558   0.77739  0.53509  0.9981 ]]
Point on the GPC surface. Proceeding.
Parameters: 
[ 48.14003  46.25725]
Fitted wavefunction: 
Alpha: 0.7310625428241224, Beta: 0.49352830195743586, Gamma: 0.4711447480833658
Distance from GPC plane: 0.0010957348261986801
Total Energy: -1.398558492408911 Hartrees
----------
NM: Contracting the triangle.
[ 46.04668  45.41908]
Maximum distance from centroid: 2.432721568116075
----------
----------
Step: 01, Total Energy: -1.40101322 Sigma: 0.51973911  
----------
----------
----------------------------------------
--- There are 011 runs in queue. -----
--- Waited 00000 minutes so far. ----
----------------------------------------
Circuit counts:{'ii0': {'11010': 3, '00111': 19, '10111': 7, '10010': 13, '11101': 45, '01110': 133, '11110': 37, '10000': 80, '10001': 13, '11001': 1, '01010': 6, '00010': 63, '11100': 8, '10100': 16, '11111': 3, '00000': 296, '01000': 23, '01100': 43, '00001': 56, '11000': 9, '01011': 12, '00100': 55, '00110': 260, '01001': 8, '01111': 7, '00101': 237, '11011': 1, '10011': 83, '10110': 76, '01101': 124, '00011': 225, '10101': 86}}
Time to get backend : 7.328391075134277e-05
Time to run tomography : 238.904576189816
Total time: 238.90464947372675
{'ii': {'11010': 3, '00111': 19, '10111': 7, '01101': 124, '11101': 45, '01110': 133, '11110': 37, '10101': 86, '10000': 80, '10001': 13, '01011': 12, '01010': 6, '00010': 63, '11100': 8, '10100': 16, '11111': 3, '00000': 296, '01000': 23, '01100': 43, '00001': 56, '11000': 9, '11001': 1, '00100': 55, '00110': 260, '01001': 8, '01111': 7, '00101': 237, '11011': 1, '10011': 83, '10010': 13, '00011': 225, '10110': 76}}
Measure ON: [[ 0.56445  0.54736  0.53711  1.     ]]
Rotated ON: [[ 0.76427  0.78546  0.54804  1.00169]]
Point on the GPC surface. Proceeding.
Parameters: 
[ 48.73283  43.13576]
Fitted wavefunction: 
Alpha: 0.740679394277739, Beta: 0.48609524064171533, Gamma: 0.46379462256243814
Distance from GPC plane: 0.0009733030841543867
Total Energy: -1.3971613099925304 Hartrees
----------
NM: Reflection: [ 48.73283  43.13576]
-1.39716130999
----------------------------------------
--- There are 012 runs in queue. -----
--- Waited 00000 minutes so far. ----
----------------------------------------
Circuit counts:{'ii0': {'11010': 3, '00111': 32, '10111': 6, '10010': 22, '11101': 39, '01110': 118, '11110': 51, '10000': 108, '10001': 11, '01011': 27, '01010': 8, '00010': 61, '11100': 17, '10100': 23, '00101': 206, '00000': 247, '01000': 34, '01100': 29, '00001': 44, '11000': 10, '11001': 1, '00100': 64, '10101': 62, '01001': 6, '01111': 16, '11011': 9, '10011': 105, '10110': 66, '01101': 106, '00011': 280, '00110': 237}}
Time to get backend : 7.805228233337402e-05
Time to run tomography : 293.8508057370782
Total time: 293.8508837893605
{'ii': {'11010': 3, '00111': 32, '10111': 6, '01101': 106, '11101': 39, '01110': 118, '11110': 51, '10000': 108, '10001': 11, '01011': 27, '01010': 8, '00010': 61, '11100': 17, '10100': 23, '00101': 206, '00000': 247, '01000': 34, '01100': 29, '00001': 44, '11000': 10, '11001': 1, '00100': 64, '10101': 62, '01001': 6, '01111': 16, '00110': 237, '11011': 9, '10011': 105, '10010': 22, '00011': 280, '10110': 66}}
Measure ON: [[ 0.53613  0.52344  0.5083   1.     ]]
Rotated ON: [[ 0.74827  0.7634   0.51132  1.00035]]
Point on the GPC surface. Proceeding.
Parameters: 
[ 46.49591  46.01881]
Fitted wavefunction: 
Alpha: 0.7151490648520509, Beta: 0.5018463245284316, Gamma: 0.48653065843638393
Distance from GPC plane: 0.00020074108206163957
Total Energy: -1.4002119358981988 Hartrees
----------
----------------------------------------
--- There are 011 runs in queue. -----
--- Waited 00000 minutes so far. ----
----------------------------------------
Circuit counts:{'ii0': {'11010': 2, '00111': 18, '10111': 8, '10010': 19, '11101': 38, '01110': 126, '11110': 56, '10000': 84, '10001': 14, '11001': 1, '01010': 7, '00010': 68, '11100': 10, '10100': 15, '11111': 4, '00000': 310, '01000': 23, '01100': 40, '00001': 41, '11000': 9, '01011': 29, '00100': 46, '00110': 230, '01001': 5, '01111': 8, '00101': 224, '11011': 7, '10011': 73, '10110': 79, '01101': 140, '00011': 259, '10101': 55}}
Time to get backend : 7.417052984237671e-05
Time to run tomography : 240.40887229144573
Total time: 240.40894646197557
{'ii': {'11010': 2, '00111': 18, '10111': 8, '01101': 140, '11101': 38, '01110': 126, '11110': 56, '10101': 55, '10000': 84, '10001': 14, '01011': 29, '01010': 7, '00010': 68, '11100': 10, '10100': 15, '11111': 4, '00000': 310, '01000': 23, '01100': 40, '00001': 41, '11000': 9, '11001': 1, '00100': 46, '00110': 230, '01001': 5, '01111': 8, '00101': 224, '11011': 7, '10011': 73, '10010': 19, '00011': 259, '10110': 79}}
Measure ON: [[ 0.54883  0.53564  0.51514  1.     ]]
Rotated ON: [[ 0.7552   0.77083  0.52583  1.0002 ]]
Point on the GPC surface. Proceeding.
Parameters: 
[ 47.98719  44.09678]
Fitted wavefunction: 
Alpha: 0.7251888456015811, Beta: 0.49484013853407344, Gamma: 0.4787842682363584
Distance from GPC plane: 0.00011634629723833446
Total Energy: -1.3991559796878708 Hartrees
----------
NM: Contracting the triangle.
[ 46.49591  46.01881]
Maximum distance from centroid: 2.3944115403599713
----------
----------
Step: 02, Total Energy: -1.40101322 Sigma: 0.50581104  
----------
----------
----------------------------------------
--- There are 011 runs in queue. -----
--- Waited 00000 minutes so far. ----
----------------------------------------
Circuit counts:{'ii0': {'11010': 3, '00111': 25, '10111': 7, '10010': 18, '11101': 30, '01110': 127, '11110': 44, '10000': 88, '10001': 16, '11001': 2, '01010': 3, '00010': 54, '11100': 17, '10100': 20, '11111': 4, '00000': 266, '01000': 21, '01100': 39, '00001': 53, '11000': 5, '01011': 25, '00100': 55, '00110': 239, '01001': 4, '01111': 7, '00101': 191, '11011': 12, '10011': 103, '10110': 115, '01101': 108, '00011': 305, '10101': 42}}
Time to get backend : 7.447600364685059e-05
Time to run tomography : 283.22646330296993
Total time: 283.2265377789736
{'ii': {'11010': 3, '00111': 25, '10111': 7, '01101': 108, '11101': 30, '01110': 127, '11110': 44, '10101': 42, '10000': 88, '10001': 16, '01011': 25, '01010': 3, '00010': 54, '11100': 17, '10100': 20, '11111': 4, '00000': 266, '01000': 21, '01100': 39, '00001': 53, '11000': 5, '11001': 2, '00100': 55, '00110': 239, '01001': 4, '01111': 7, '00101': 191, '11011': 12, '10011': 103, '10010': 18, '00011': 305, '10110': 115}}
Measure ON: [[ 0.54395  0.53271  0.52246  1.     ]]
Rotated ON: [[ 0.75245  0.77588  0.52714  1.00119]]
Point on the GPC surface. Proceeding.
Parameters: 
[ 44.10616  46.74139]
Fitted wavefunction: 
Alpha: 0.7263183861781646, Beta: 0.49793884196767196, Gamma: 0.4738338438307678
Distance from GPC plane: 0.0006880590124431762
Total Energy: -1.3991997064702901 Hartrees
----------
NM: Reflection: [ 44.10616  46.74139]
-1.39919970647
----------------------------------------
--- There are 012 runs in queue. -----
--- Waited 00000 minutes so far. ----
----------------------------------------
Circuit counts:{'ii0': {'00111': 25, '10111': 13, '10010': 23, '11101': 35, '01110': 113, '11110': 41, '10101': 68, '10000': 105, '11100': 11, '01011': 37, '01010': 4, '00010': 76, '10001': 20, '10100': 19, '11111': 10, '00000': 244, '01000': 28, '01100': 32, '00001': 63, '11000': 7, '00100': 63, '10110': 78, '01001': 6, '01111': 13, '00101': 214, '11011': 7, '10011': 113, '01101': 100, '00011': 258, '00110': 222}}
Time to get backend : 7.387250661849976e-05
Time to run tomography : 258.7916630730033
Total time: 258.7917369455099
{'ii': {'00111': 25, '10111': 13, '01101': 100, '11101': 35, '01110': 113, '11110': 41, '10000': 105, '11100': 11, '01011': 37, '01010': 4, '00010': 76, '10001': 20, '10100': 19, '11111': 10, '00000': 244, '01000': 28, '01100': 32, '00001': 63, '11000': 7, '00110': 222, '00100': 63, '10101': 68, '01001': 6, '01111': 13, '00101': 214, '11011': 7, '10011': 113, '10010': 23, '00011': 258, '10110': 78}}
Measure ON: [[ 0.52051  0.51611  0.50439  1.     ]]
Rotated ON: [[ 0.73891  0.76423  0.50266  1.00048]]
Point on the GPC surface. Proceeding.
Parameters: 
[ 47.35386  45.20772]
Fitted wavefunction: 
Alpha: 0.7091006781067993, Beta: 0.5111206877651996, Gamma: 0.4857281861771115
Distance from GPC plane: 0.00027542273415742674
Total Energy: -1.4009950439737666 Hartrees
----------
----------------------------------------
--- There are 012 runs in queue. -----
--- Waited 00000 minutes so far. ----
----------------------------------------
Circuit counts:{'ii0': {'11010': 1, '00111': 12, '10111': 9, '10010': 23, '11101': 43, '01110': 119, '11110': 53, '10000': 90, '10001': 18, '11001': 3, '01010': 6, '00010': 46, '11100': 14, '10100': 23, '11111': 4, '00000': 289, '01000': 30, '01100': 28, '00001': 45, '11000': 13, '01011': 25, '00100': 44, '00110': 229, '01001': 7, '01111': 10, '00101': 214, '11011': 8, '10011': 107, '10110': 76, '01101': 128, '00011': 281, '10101': 50}}
Time to get backend : 7.36340880393982e-05
Time to run tomography : 290.829164005816
Total time: 290.829237639904
{'ii': {'11010': 1, '00111': 12, '10111': 9, '01101': 128, '11101': 43, '01110': 119, '11110': 53, '10101': 50, '10000': 90, '10001': 18, '01011': 25, '01010': 6, '00010': 46, '11100': 14, '10100': 23, '11111': 4, '00000': 289, '01000': 30, '01100': 28, '00001': 45, '11000': 13, '11001': 3, '00100': 44, '00110': 229, '01001': 7, '01111': 10, '00101': 214, '11011': 8, '10011': 107, '10010': 23, '00011': 281, '10110': 76}}
Measure ON: [[ 0.5293   0.51562  0.50732  1.     ]]
Rotated ON: [[ 0.74471  0.75996  0.50387  1.0008 ]]
Point on the GPC surface. Proceeding.
Parameters: 
[ 45.18873  46.23017]
Fitted wavefunction: 
Alpha: 0.7100231018543687, Beta: 0.5055300370946206, Gamma: 0.4902107469529939
Distance from GPC plane: 0.0004608059983937652
Total Energy: -1.4006730013576187 Hartrees
----------
NM: Contracting the triangle.
[ 47.35386  45.20772]
Maximum distance from centroid: 0.7344112084575256
----------
----------
Step: 03, Total Energy: -1.40101322 Sigma: 0.36167246  
----------
----------
----------------------------------------
--- There are 012 runs in queue. -----
--- Waited 00000 minutes so far. ----
----------------------------------------
Circuit counts:{'ii0': {'11010': 1, '00111': 20, '10111': 13, '10010': 16, '11101': 42, '01110': 145, '11110': 44, '10000': 104, '10001': 14, '11001': 3, '01010': 6, '00010': 61, '11100': 7, '10100': 14, '11111': 1, '00000': 294, '01000': 22, '01100': 23, '00001': 46, '11000': 3, '01011': 22, '00100': 47, '00110': 224, '01001': 3, '01111': 8, '00101': 212, '11011': 12, '10011': 98, '10110': 73, '01101': 109, '00011': 298, '10101': 63}}
Time to get backend : 7.484853267669678e-05
Time to run tomography : 257.06215508282185
Total time: 257.0622299313545
{'ii': {'11010': 1, '00111': 20, '10111': 13, '01101': 109, '11101': 42, '01110': 145, '11110': 44, '10101': 63, '10000': 104, '10001': 14, '01011': 22, '01010': 6, '00010': 61, '11100': 7, '10100': 14, '11111': 1, '00000': 294, '01000': 22, '01100': 23, '00001': 46, '11000': 3, '11001': 3, '00100': 47, '00110': 224, '01001': 3, '01111': 8, '00101': 212, '11011': 12, '10011': 98, '10010': 16, '00011': 298, '10110': 73}}
Measure ON: [[ 0.5293   0.51025  0.50879  1.     ]]
Rotated ON: [[ 0.74533  0.75591  0.49992  1.00132]]
Point on the GPC surface. Proceeding.
Parameters: 
[ 46.90463  44.608  ]
Fitted wavefunction: 
Alpha: 0.7074373473057856, Beta: 0.5050302642592515, Gamma: 0.4944459847336046
Distance from GPC plane: 0.0006699374345386367
Total Energy: -1.4007465057566293 Hartrees
----------
NM: Reflection: [ 46.90463  44.608  ]
-1.40074650576
----------------------------------------
--- There are 011 runs in queue. -----
--- Waited 00000 minutes so far. ----
----------------------------------------
Circuit counts:{'ii0': {'11010': 2, '00111': 21, '10111': 6, '10010': 16, '11101': 31, '01110': 134, '11110': 56, '10000': 110, '10001': 12, '11001': 5, '01010': 5, '00010': 49, '11100': 13, '10100': 18, '11111': 2, '00000': 264, '01000': 32, '01100': 36, '00001': 46, '11000': 11, '01011': 34, '00100': 51, '00110': 231, '01001': 5, '01111': 3, '00101': 203, '11011': 12, '10011': 96, '10110': 77, '01101': 124, '00011': 290, '10101': 53}}
Time to get backend : 7.301568984985352e-05
Time to run tomography : 235.60962429642677
Total time: 235.60969731211662
{'ii': {'11010': 2, '00111': 21, '10111': 6, '01101': 124, '11101': 31, '01110': 134, '11110': 56, '10101': 53, '10000': 110, '10001': 12, '01011': 34, '01010': 5, '00010': 49, '11100': 13, '10100': 18, '11111': 2, '00000': 264, '01000': 32, '01100': 36, '00001': 46, '11000': 11, '11001': 5, '00100': 51, '00110': 231, '01001': 5, '01111': 3, '00101': 203, '11011': 12, '10011': 96, '10010': 16, '00011': 290, '10110': 77}}
Measure ON: [[ 0.53955  0.51709  0.50488  1.     ]]
Rotated ON: [[ 0.75116  0.75317  0.50392  1.00041]]
Point on the GPC surface. Proceeding.
Parameters: 
[ 46.59809  45.66611]
Fitted wavefunction: 
Alpha: 0.7099709720250016, Beta: 0.49897627935565164, Gamma: 0.49695461716565725
Distance from GPC plane: 0.00023786583491502983
Total Energy: -1.400262690740509 Hartrees
----------
----------------------------------------
--- There are 013 runs in queue. -----
--- Waited 00000 minutes so far. ----
----------------------------------------
Circuit counts:{'ii0': {'11010': 3, '00111': 22, '10111': 11, '10010': 14, '11101': 46, '01110': 137, '11110': 46, '10000': 86, '10001': 13, '11001': 2, '01010': 5, '00010': 68, '11100': 17, '10100': 16, '11111': 2, '00000': 287, '01000': 44, '01100': 46, '00001': 43, '11000': 13, '01011': 25, '00100': 46, '00110': 229, '01001': 1, '01111': 10, '00101': 187, '11011': 11, '10011': 84, '10110': 78, '01101': 131, '00011': 257, '10101': 68}}
Time to get backend : 7.395446300506592e-05
Time to run tomography : 398.8817593753338
Total time: 398.8818333297968
{'ii': {'11010': 3, '00111': 22, '10111': 11, '01101': 131, '11101': 46, '01110': 137, '11110': 46, '10101': 68, '10000': 86, '10001': 13, '01011': 25, '01010': 5, '00010': 68, '11100': 17, '10100': 16, '11111': 2, '00000': 287, '01000': 44, '01100': 46, '00001': 43, '11000': 13, '11001': 2, '00100': 46, '00110': 229, '01001': 1, '01111': 10, '00101': 187, '11011': 11, '10011': 84, '10010': 14, '00011': 257, '10110': 78}}
Measure ON: [[ 0.5542   0.5332   0.51074  1.     ]]
Rotated ON: [[ 0.75891  0.76235  0.52136  0.99989]]
Point on the GPC surface. Proceeding.
Parameters: 
[ 46.80245  44.9607 ]
Fitted wavefunction: 
Alpha: 0.7220292488404182, Beta: 0.4909747228252039, Gamma: 0.4874603423517195
Distance from GPC plane: 6.400423133395838e-05
Total Energy: -1.3991549327719168 Hartrees
----------
NM: Contracting the triangle.
[ 46.59809  45.66611]
Maximum distance from centroid: 0.6620819996482766
----------
----------
Step: 04, Total Energy: -1.40101322 Sigma: 0.33279918  
----------
----------
----------------------------------------
--- There are 011 runs in queue. -----
--- Waited 00000 minutes so far. ----
----------------------------------------
Circuit counts:{'ii0': {'11010': 3, '00111': 13, '10111': 6, '10010': 14, '11101': 37, '01110': 144, '11110': 37, '10000': 91, '10001': 19, '11001': 5, '01010': 5, '00010': 51, '11100': 20, '10100': 13, '11111': 3, '00000': 291, '01000': 28, '01100': 46, '00001': 54, '11000': 10, '01011': 26, '00100': 46, '00110': 222, '01001': 4, '01111': 20, '00101': 191, '11011': 8, '10011': 80, '10110': 63, '01101': 141, '00011': 294, '10101': 63}}
Time to get backend : 7.358938455581665e-05
Time to run tomography : 293.91468396037817
Total time: 293.9147575497627
{'ii': {'11010': 3, '00111': 13, '10111': 6, '01101': 141, '11101': 37, '01110': 144, '11110': 37, '10101': 63, '10000': 91, '10001': 19, '01011': 26, '01010': 5, '00010': 51, '11100': 20, '10100': 13, '11111': 3, '00000': 291, '01000': 28, '01100': 46, '00001': 54, '11000': 10, '11001': 5, '00100': 46, '00110': 222, '01001': 4, '01111': 20, '00101': 191, '11011': 8, '10011': 80, '10010': 14, '00011': 294, '10110': 63}}
Measure ON: [[ 0.5293   0.52002  0.51709  1.     ]]
Rotated ON: [[ 0.74433  0.77018  0.51297  1.00153]]
Point on the GPC surface. Proceeding.
Parameters: 
[ 46.80245  44.9607 ]
Fitted wavefunction: 
Alpha: 0.7165775575051706, Beta: 0.5061465518424568, Gamma: 0.47992944495823026
Distance from GPC plane: 0.0008844019182379094
Total Energy: -1.4003252743490577 Hartrees
----------
NM: Reflection: [ 46.80245  44.9607 ]
-1.40032527435
----------------------------------------
--- There are 011 runs in queue. -----
--- Waited 00000 minutes so far. ----
----------------------------------------
Circuit counts:{'ii0': {'11010': 1, '00111': 21, '10111': 4, '10010': 22, '11101': 48, '01110': 119, '11110': 46, '10000': 93, '10001': 11, '01011': 20, '01010': 5, '00010': 42, '11100': 11, '10100': 11, '11111': 2, '00000': 299, '01000': 23, '01100': 45, '00001': 62, '11000': 5, '00100': 53, '00110': 246, '01001': 2, '01111': 10, '00101': 220, '11011': 6, '10011': 90, '10110': 81, '01101': 123, '00011': 274, '10101': 53}}
Time to get backend : 7.428228855133057e-05
Time to run tomography : 236.14359017461538
Total time: 236.14366445690393
{'ii': {'11010': 1, '00111': 21, '10111': 4, '01101': 123, '11101': 48, '01110': 119, '11110': 46, '10101': 53, '10000': 93, '10001': 11, '01011': 20, '01010': 5, '00010': 42, '11100': 11, '10100': 11, '11111': 2, '00000': 299, '01000': 23, '01100': 45, '00001': 62, '11000': 5, '00100': 53, '00110': 246, '01001': 2, '01111': 10, '00101': 220, '11011': 6, '10011': 90, '10010': 22, '00011': 274, '10110': 81}}
Measure ON: [[ 0.53809  0.53369  0.51709  1.     ]]
Rotated ON: [[ 0.74848  0.77717  0.52508  1.00057]]
Point on the GPC surface. Proceeding.
Parameters: 
[ 46.64918  45.48976]
Fitted wavefunction: 
Alpha: 0.7247564025341673, Beta: 0.5017087806476245, Gamma: 0.4722461819928306
Distance from GPC plane: 0.0003294834264672697
Total Energy: -1.3994866339110432 Hartrees
----------
----------------------------------------
--- There are 011 runs in queue. -----
--- Waited 00000 minutes so far. ----
----------------------------------------
Circuit counts:{'ii0': {'11010': 2, '00111': 20, '10111': 5, '10010': 26, '11101': 33, '01110': 125, '11110': 27, '10000': 92, '10001': 12, '01011': 34, '01010': 7, '00010': 49, '11100': 17, '10100': 27, '11111': 2, '00000': 304, '01000': 34, '01100': 26, '00001': 56, '11000': 9, '00100': 46, '00110': 252, '01001': 8, '01111': 8, '00101': 230, '11011': 9, '10011': 97, '10110': 66, '01101': 94, '00011': 274, '10101': 57}}
Time to get backend : 7.332116365432739e-05
Time to run tomography : 238.68397516012192
Total time: 238.68404848128557
{'ii': {'11010': 2, '00111': 20, '10111': 5, '01101': 94, '11101': 33, '01110': 125, '11110': 27, '10101': 57, '10000': 92, '10001': 12, '01011': 34, '01010': 7, '00010': 49, '11100': 17, '10100': 27, '11111': 2, '00000': 304, '01000': 34, '01100': 26, '00001': 56, '11000': 9, '00100': 46, '00110': 252, '01001': 8, '01111': 8, '00101': 230, '11011': 9, '10011': 97, '10010': 26, '00011': 274, '10110': 66}}
Measure ON: [[ 0.5415   0.51025  0.50537  1.     ]]
Rotated ON: [[ 0.75321  0.74589  0.49817  1.00093]]
Point on the GPC surface. Proceeding.
Parameters: 
[ 46.75136  45.13705]
Fitted wavefunction: 
Alpha: 0.707755646179411, Beta: 0.5031866270038394, Gamma: 0.4958680910339595
Distance from GPC plane: 0.0015733575667182256
Total Energy: -1.4006193856137017 Hartrees
----------
NM: Contracting the triangle.
[ 46.75136  45.13705]
Maximum distance from centroid: 0.6620819996482766
----------
----------
Step: 05, Total Energy: -1.40101322 Sigma: 0.32555852  
----------
----------
----------------------------------------
--- There are 012 runs in queue. -----
--- Waited 00000 minutes so far. ----
----------------------------------------
Circuit counts:{'ii0': {'11010': 3, '00111': 13, '10111': 4, '10010': 21, '11101': 26, '01110': 113, '11110': 31, '10000': 80, '10001': 19, '11001': 7, '01010': 12, '00010': 55, '11100': 12, '10100': 20, '11111': 8, '00000': 269, '01000': 38, '01100': 35, '00001': 55, '11000': 10, '01011': 33, '00100': 71, '00110': 244, '01001': 6, '01111': 7, '00101': 237, '11011': 8, '10011': 89, '10110': 67, '01101': 107, '00011': 282, '10101': 66}}
Time to get backend : 7.315725088119507e-05
Time to run tomography : 261.58696012198925
Total time: 261.58703327924013
{'ii': {'11010': 3, '00111': 13, '10111': 4, '01101': 107, '11101': 26, '01110': 113, '11110': 31, '10101': 66, '10000': 80, '10001': 19, '01011': 33, '01010': 12, '00010': 55, '11100': 12, '10100': 20, '11111': 8, '00000': 269, '01000': 38, '01100': 35, '00001': 55, '11000': 10, '11001': 7, '00100': 71, '00110': 244, '01001': 6, '01111': 7, '00101': 237, '11011': 8, '10011': 89, '10010': 21, '00011': 282, '10110': 67}}
Measure ON: [[ 0.52783  0.51807  0.5166   1.     ]]
Rotated ON: [[ 0.74359  0.76901  0.51098  1.00162]]
Point on the GPC surface. Proceeding.
Parameters: 
[ 46.64918  45.48976]
Fitted wavefunction: 
Alpha: 0.7152056272365741, Beta: 0.5069002255809306, Gamma: 0.4811788358553814
Distance from GPC plane: 0.0009341070971288223
Total Energy: -1.4004506869069608 Hartrees
----------
NM: Reflection: [ 46.64918  45.48976]
-1.40045068691
----------------------------------------
--- There are 011 runs in queue. -----
--- Waited 00000 minutes so far. ----
----------------------------------------
Circuit counts:{'ii0': {'11010': 3, '00111': 27, '10111': 9, '10010': 10, '11101': 41, '01110': 140, '11110': 53, '10000': 97, '10001': 18, '01011': 30, '01010': 8, '00010': 51, '11100': 7, '10100': 23, '11111': 4, '00000': 288, '01000': 21, '01100': 46, '00001': 69, '11000': 10, '00100': 62, '00110': 223, '01001': 7, '01111': 6, '00101': 185, '11011': 9, '10011': 81, '10110': 73, '01101': 127, '00011': 272, '10101': 48}}
Time to get backend : 7.295608520507812e-05
Time to run tomography : 238.359326697886
Total time: 238.3593996539712
{'ii': {'11010': 3, '00111': 27, '10111': 9, '01101': 127, '11101': 41, '01110': 140, '11110': 53, '10101': 48, '10000': 97, '10001': 18, '01011': 30, '01010': 8, '00010': 51, '11100': 7, '10100': 23, '11111': 4, '00000': 288, '01000': 21, '01100': 46, '00001': 69, '11000': 10, '00100': 62, '00110': 223, '01001': 7, '01111': 6, '00101': 185, '11011': 9, '10011': 81, '10010': 10, '00011': 272, '10110': 73}}
Measure ON: [[ 0.54443  0.52441  0.51221  1.     ]]
Rotated ON: [[ 0.75359  0.76142  0.51433  1.00067]]
Point on the GPC surface. Proceeding.
Parameters: 
[ 46.72581  45.22523]
Fitted wavefunction: 
Alpha: 0.7173278927614672, Beta: 0.4966267051735647, Gamma: 0.48867433938651017
Distance from GPC plane: 0.000388597580241068
Total Energy: -1.399788200610523 Hartrees
----------
----------------------------------------
--- There are 011 runs in queue. -----
--- Waited 00000 minutes so far. ----
----------------------------------------
"HTTPSConnectionPool(host='quantumexperience.ng.bluemix.net', port=443): Max retries exceeded with url: /api/Jobs/5b8b26f3b9508c004289a4e3?access_token=AjORYBCMg4HKC7dfpKPzsLgSdpWCqy4XnoFYRb1k3F79PxKxMlJAfa4VOtVWwky6 (Caused by NewConnectionError('<urllib3.connection.VerifiedHTTPSConnection object at 0x2b9af10337f0>: Failed to establish a new connection: [Errno 110] Connection timed out',))"
Circuit counts:{}
Time to get backend : 7.478892803192139e-05
Time to run tomography : 137.27426996082067
Total time: 137.2743447497487
----------
----------
Step: 06, Total Energy: -1.40101322 Sigma: 0.32555852  
----------
----------
Error in run. Saving optimization object to file.
Optimizing the orbitals.
Initializing the Nelder-Mead optimization class.
---------- 
Step:-01, Init. Energy: -1.40101322 Hartrees
Step: 00, Total Energy: -1.40101322 Sigma: 5.40934416  
Step: 01, Total Energy: -1.40101322 Sigma: 5.37577567  
Step: 02, Total Energy: -1.40101322 Sigma: 5.76874230  
Step: 03, Total Energy: -1.40101322 Sigma: 5.60264303  
Step: 04, Total Energy: -1.40101322 Sigma: 5.28382769  
Step: 05, Total Energy: -1.40101322 Sigma: 4.79063641  
Step: 06, Total Energy: -1.40101322 Sigma: 4.87496599  
Step: 07, Total Energy: -1.40101322 Sigma: 5.13797937  
Step: 08, Total Energy: -1.40101322 Sigma: 5.17006123  
Step: 09, Total Energy: -1.40101322 Sigma: 3.94571544  
Step: 10, Total Energy: -1.40101322 Sigma: 3.43327007  
Step: 11, Total Energy: -1.40101322 Sigma: 3.37536451  
Step: 12, Total Energy: -1.40101322 Sigma: 3.30287373  
Step: 13, Total Energy: -1.40152084 Sigma: 3.39918045  
Step: 14, Total Energy: -1.40152084 Sigma: 3.35432842  
Step: 15, Total Energy: -1.40152084 Sigma: 3.35524236  
Step: 16, Total Energy: -1.40154793 Sigma: 3.34623914  
Step: 17, Total Energy: -1.40154793 Sigma: 3.34421044  
Step: 18, Total Energy: -1.40158033 Sigma: 2.84134211  
Step: 19, Total Energy: -1.40236719 Sigma: 5.08351211  
Step: 20, Total Energy: -1.40236719 Sigma: 5.07242641  
Step: 21, Total Energy: -1.40236719 Sigma: 5.07207187  
Step: 22, Total Energy: -1.40236719 Sigma: 5.07468758  
Step: 23, Total Energy: -1.40306209 Sigma: 6.01365609  
Step: 24, Total Energy: -1.40306209 Sigma: 5.14255705  
Step: 25, Total Energy: -1.40317413 Sigma: 5.11219132  
Step: 26, Total Energy: -1.40317413 Sigma: 5.11346572  
Step: 27, Total Energy: -1.40317413 Sigma: 5.10455842  
Step: 28, Total Energy: -1.40317413 Sigma: 5.14248762  
Step: 29, Total Energy: -1.40317413 Sigma: 3.14470351  
Step: 30, Total Energy: -1.40317413 Sigma: 2.66303932  
Step: 31, Total Energy: -1.40317413 Sigma: 2.66602583  
Step: 32, Total Energy: -1.40317413 Sigma: 2.67008876  
Step: 33, Total Energy: -1.40339484 Sigma: 2.65309615  
Step: 34, Total Energy: -1.40339484 Sigma: 2.66620721  
Step: 35, Total Energy: -1.40339484 Sigma: 2.65749031  
Step: 36, Total Energy: -1.40339484 Sigma: 2.51422285  
Step: 37, Total Energy: -1.40339484 Sigma: 2.54974931  
Step: 38, Total Energy: -1.40339484 Sigma: 2.12671303  
Step: 39, Total Energy: -1.40339484 Sigma: 2.01908083  
Step: 40, Total Energy: -1.40345826 Sigma: 2.02610460  
Step: 41, Total Energy: -1.40353066 Sigma: 2.02016571  
Step: 42, Total Energy: -1.40353066 Sigma: 2.02044669  
Step: 43, Total Energy: -1.40353066 Sigma: 2.00088612  
Step: 44, Total Energy: -1.40354725 Sigma: 1.99011367  
Step: 45, Total Energy: -1.40354725 Sigma: 1.98264815  
Step: 46, Total Energy: -1.40363808 Sigma: 1.98264919  
Step: 47, Total Energy: -1.40363808 Sigma: 1.91198053  
Step: 48, Total Energy: -1.40363808 Sigma: 1.47849384  
Step: 49, Total Energy: -1.40365835 Sigma: 1.48226910  
Step: 50, Total Energy: -1.40365835 Sigma: 1.37814329  
Step: 51, Total Energy: -1.40365835 Sigma: 1.37793211  
Step: 52, Total Energy: -1.40365835 Sigma: 1.37766773  
Step: 53, Total Energy: -1.40366756 Sigma: 1.37882499  
Step: 54, Total Energy: -1.40366756 Sigma: 1.37783924  
Step: 55, Total Energy: -1.40366756 Sigma: 1.37666709  
Step: 56, Total Energy: -1.40368153 Sigma: 1.99846392  
Step: 57, Total Energy: -1.40368153 Sigma: 1.99863099  
Step: 58, Total Energy: -1.40368153 Sigma: 1.99888123  
Step: 59, Total Energy: -1.40370040 Sigma: 1.99641202  
Step: 60, Total Energy: -1.40370040 Sigma: 1.99580508  
Step: 61, Total Energy: -1.40370583 Sigma: 1.99913349  
Step: 62, Total Energy: -1.40371572 Sigma: 1.80474340  
Step: 63, Total Energy: -1.40371953 Sigma: 1.45215775  
Step: 64, Total Energy: -1.40371953 Sigma: 1.37577025  
Step: 65, Total Energy: -1.40371953 Sigma: 1.33447614  
Step: 66, Total Energy: -1.40371953 Sigma: 1.20926296  
Step: 67, Total Energy: -1.40371998 Sigma: 1.10991607  
Step: 68, Total Energy: -1.40372276 Sigma: 0.86148626  
Step: 69, Total Energy: -1.40372276 Sigma: 0.86149137  
Step: 70, Total Energy: -1.40373668 Sigma: 0.87464399  
Step: 71, Total Energy: -1.40373668 Sigma: 0.87401246  
Step: 72, Total Energy: -1.40373668 Sigma: 0.86640696  
Step: 73, Total Energy: -1.40373721 Sigma: 0.86636170  
Step: 74, Total Energy: -1.40373721 Sigma: 0.66432007  
Step: 75, Total Energy: -1.40373721 Sigma: 0.66447426  
Step: 76, Total Energy: -1.40373721 Sigma: 0.66466060  
Step: 77, Total Energy: -1.40373721 Sigma: 0.43386381  
Step: 78, Total Energy: -1.40373745 Sigma: 0.35340746  
Step: 79, Total Energy: -1.40374734 Sigma: 0.36122584  
Step: 80, Total Energy: -1.40374734 Sigma: 0.36142732  
Step: 81, Total Energy: -1.40374734 Sigma: 0.36019437  
Step: 82, Total Energy: -1.40374734 Sigma: 0.35960747  
Step: 83, Total Energy: -1.40374734 Sigma: 0.35921040  
Step: 84, Total Energy: -1.40374951 Sigma: 0.35931562  
Step: 85, Total Energy: -1.40374994 Sigma: 0.36124267  
Step: 86, Total Energy: -1.40374994 Sigma: 0.32494624  
Step: 87, Total Energy: -1.40375325 Sigma: 0.32554546  
Step: 88, Total Energy: -1.40375325 Sigma: 0.32546772  
Step: 89, Total Energy: -1.40375325 Sigma: 0.32499253  
Step: 90, Total Energy: -1.40375868 Sigma: 0.33677703  
Step: 91, Total Energy: -1.40375868 Sigma: 0.33957998  
Step: 92, Total Energy: -1.40375868 Sigma: 0.33929384  
Step: 93, Total Energy: -1.40375868 Sigma: 0.33865490  
Step: 94, Total Energy: -1.40375868 Sigma: 0.33968753  
Step: 95, Total Energy: -1.40375868 Sigma: 0.33900398  
Step: 96, Total Energy: -1.40375868 Sigma: 0.33846484  
Step: 97, Total Energy: -1.40375868 Sigma: 0.33508372  
Step: 98, Total Energy: -1.40375868 Sigma: 0.33475670  
Step: 99, Total Energy: -1.40375868 Sigma: 0.25935127  
Step: 100, Total Energy: -1.40375868 Sigma: 0.24603666  
Step: 101, Total Energy: -1.40375868 Sigma: 0.24599798  
Step: 102, Total Energy: -1.40375935 Sigma: 0.24605349  
Step: 103, Total Energy: -1.40375935 Sigma: 0.24605911  
Step: 104, Total Energy: -1.40375935 Sigma: 0.24739845  
Step: 105, Total Energy: -1.40375935 Sigma: 0.24740712  
Step: 106, Total Energy: -1.40375955 Sigma: 0.24703921  
Step: 107, Total Energy: -1.40375978 Sigma: 0.23674876  
Step: 108, Total Energy: -1.40375988 Sigma: 0.22869344  
Step: 109, Total Energy: -1.40376014 Sigma: 0.22649397  
Step: 110, Total Energy: -1.40376014 Sigma: 0.20844573  
Step: 111, Total Energy: -1.40376014 Sigma: 0.20519341  
Step: 112, Total Energy: -1.40376014 Sigma: 0.20515714  
Step: 113, Total Energy: -1.40376025 Sigma: 0.16629172  
Step: 114, Total Energy: -1.40376025 Sigma: 0.16649789  
Step: 115, Total Energy: -1.40376032 Sigma: 0.15054455  
Step: 116, Total Energy: -1.40376032 Sigma: 0.14033841  
Step: 117, Total Energy: -1.40376033 Sigma: 0.14031923  
Step: 118, Total Energy: -1.40376033 Sigma: 0.11203478  
Step: 119, Total Energy: -1.40376039 Sigma: 0.10115208  
Step: 120, Total Energy: -1.40376039 Sigma: 0.10116103  
Step: 121, Total Energy: -1.40376039 Sigma: 0.09879967  
Step: 122, Total Energy: -1.40376039 Sigma: 0.09878206  
Step: 123, Total Energy: -1.40376042 Sigma: 0.07441449  
Step: 124, Total Energy: -1.40376042 Sigma: 0.06474277  
Step: 125, Total Energy: -1.40376042 Sigma: 0.05898423  
Step: 126, Total Energy: -1.40376042 Sigma: 0.05850794  
Step: 127, Total Energy: -1.40376043 Sigma: 0.05795721  
Step: 128, Total Energy: -1.40376044 Sigma: 0.04642481  
Step: 129, Total Energy: -1.40376044 Sigma: 0.04384242  
Step: 130, Total Energy: -1.40376044 Sigma: 0.04384597  
Step: 131, Total Energy: -1.40376044 Sigma: 0.04384449  
Step: 132, Total Energy: -1.40376044 Sigma: 0.04384322  
Step: 133, Total Energy: -1.40376044 Sigma: 0.03650896  
Step: 134, Total Energy: -1.40376044 Sigma: 0.03430463  
Step: 135, Total Energy: -1.40376044 Sigma: 0.03429786  
Step: 136, Total Energy: -1.40376044 Sigma: 0.03394670  
Step: 137, Total Energy: -1.40376044 Sigma: 0.02757736  
Step: 138, Total Energy: -1.40376044 Sigma: 0.03207519  
Step: 139, Total Energy: -1.40376044 Sigma: 0.03207597  
Step: 140, Total Energy: -1.40376045 Sigma: 0.02884480  
Step: 141, Total Energy: -1.40376045 Sigma: 0.02884451  
Step: 142, Total Energy: -1.40376045 Sigma: 0.02884450  
Step: 143, Total Energy: -1.40376047 Sigma: 0.03018408  
Step: 144, Total Energy: -1.40376047 Sigma: 0.03124018  
Step: 145, Total Energy: -1.40376047 Sigma: 0.03123876  
Step: 146, Total Energy: -1.40376047 Sigma: 0.03123974  
Step: 147, Total Energy: -1.40376047 Sigma: 0.02380349  
Step: 148, Total Energy: -1.40376047 Sigma: 0.03048865  
Step: 149, Total Energy: -1.40376050 Sigma: 0.03053155  
Step: 150, Total Energy: -1.40376052 Sigma: 0.03103285  
Step: 151, Total Energy: -1.40376052 Sigma: 0.03103144  
Step: 152, Total Energy: -1.40376052 Sigma: 0.03103144  
Step: 153, Total Energy: -1.40376055 Sigma: 0.03124892  
Step: 154, Total Energy: -1.40376055 Sigma: 0.03125022  
Step: 155, Total Energy: -1.40376063 Sigma: 0.03300342  
Step: 156, Total Energy: -1.40376063 Sigma: 0.03300448  
Step: 157, Total Energy: -1.40376063 Sigma: 0.03300273  
Step: 158, Total Energy: -1.40376070 Sigma: 0.03415954  
Step: 159, Total Energy: -1.40376070 Sigma: 0.03416357  
Step: 160, Total Energy: -1.40376070 Sigma: 0.03416354  
Step: 161, Total Energy: -1.40376077 Sigma: 0.03571318  
Step: 162, Total Energy: -1.40376081 Sigma: 0.04925521  
Step: 163, Total Energy: -1.40376089 Sigma: 0.04938942  
Step: 164, Total Energy: -1.40376107 Sigma: 0.05126652  
Step: 165, Total Energy: -1.40376107 Sigma: 0.05127346  
Step: 166, Total Energy: -1.40376107 Sigma: 0.05124672  
Step: 167, Total Energy: -1.40376107 Sigma: 0.05107297  
Step: 168, Total Energy: -1.40376113 Sigma: 0.06055711  
Step: 169, Total Energy: -1.40376113 Sigma: 0.06057604  
Step: 170, Total Energy: -1.40376114 Sigma: 0.07171788  
Step: 171, Total Energy: -1.40376129 Sigma: 0.07673648  
Step: 172, Total Energy: -1.40376129 Sigma: 0.07659599  
Step: 173, Total Energy: -1.40376129 Sigma: 0.07659573  
Step: 174, Total Energy: -1.40376136 Sigma: 0.07667920  
Step: 175, Total Energy: -1.40376136 Sigma: 0.05756167  
Step: 176, Total Energy: -1.40376147 Sigma: 0.06363594  
Step: 177, Total Energy: -1.40376147 Sigma: 0.06365520  
Step: 178, Total Energy: -1.40376151 Sigma: 0.06361909  
Step: 179, Total Energy: -1.40376158 Sigma: 0.07438564  
Step: 180, Total Energy: -1.40376158 Sigma: 0.07410474  
Step: 181, Total Energy: -1.40376206 Sigma: 0.09788434  
Step: 182, Total Energy: -1.40376206 Sigma: 0.09788338  
Step: 183, Total Energy: -1.40376206 Sigma: 0.09787520  
Step: 184, Total Energy: -1.40376206 Sigma: 0.09785749  
Step: 185, Total Energy: -1.40376206 Sigma: 0.09788282  
Step: 186, Total Energy: -1.40376221 Sigma: 0.16682737  
Step: 187, Total Energy: -1.40376221 Sigma: 0.16692392  
Step: 188, Total Energy: -1.40376307 Sigma: 0.19500026  
Step: 189, Total Energy: -1.40376307 Sigma: 0.19491586  
Step: 190, Total Energy: -1.40376307 Sigma: 0.19513434  
Step: 191, Total Energy: -1.40376307 Sigma: 0.19418834  
Step: 192, Total Energy: -1.40376338 Sigma: 0.28335793  
Step: 193, Total Energy: -1.40376338 Sigma: 0.28175025  
Step: 194, Total Energy: -1.40376442 Sigma: 0.31919291  
Step: 195, Total Energy: -1.40376442 Sigma: 0.31892194  
Step: 196, Total Energy: -1.40376515 Sigma: 0.33388677  
Step: 197, Total Energy: -1.40376515 Sigma: 0.32975939  
Step: 198, Total Energy: -1.40376515 Sigma: 0.32417016  
Step: 199, Total Energy: -1.40376686 Sigma: 0.41116973  
Step: 200, Total Energy: -1.40376686 Sigma: 0.40895160  
Step: 201, Total Energy: -1.40376686 Sigma: 0.40746366  
Step: 202, Total Energy: -1.40376686 Sigma: 0.40371000  
Step: 203, Total Energy: -1.40376921 Sigma: 0.47946075  
Step: 204, Total Energy: -1.40376921 Sigma: 0.47972421  
Step: 205, Total Energy: -1.40376921 Sigma: 0.46152037  
Step: 206, Total Energy: -1.40376921 Sigma: 0.46176780  
Step: 207, Total Energy: -1.40376921 Sigma: 0.46227831  
Step: 208, Total Energy: -1.40376940 Sigma: 0.61770343  
Step: 209, Total Energy: -1.40377159 Sigma: 0.78959421  
Step: 210, Total Energy: -1.40377159 Sigma: 0.78612725  
Step: 211, Total Energy: -1.40377159 Sigma: 0.78759053  
Step: 212, Total Energy: -1.40377159 Sigma: 0.79085149  
Step: 213, Total Energy: -1.40377159 Sigma: 0.77398768  
Step: 214, Total Energy: -1.40377159 Sigma: 0.52065534  
Step: 215, Total Energy: -1.40377208 Sigma: 0.51799203  
Step: 216, Total Energy: -1.40377354 Sigma: 0.51838860  
Step: 217, Total Energy: -1.40377354 Sigma: 0.51860097  
Step: 218, Total Energy: -1.40377354 Sigma: 0.43572996  
Step: 219, Total Energy: -1.40377354 Sigma: 0.39551516  
Step: 220, Total Energy: -1.40377354 Sigma: 0.38409677  
Step: 221, Total Energy: -1.40377525 Sigma: 0.46527073  
Step: 222, Total Energy: -1.40377525 Sigma: 0.46619670  
Step: 223, Total Energy: -1.40377525 Sigma: 0.46466013  
Step: 224, Total Energy: -1.40377525 Sigma: 0.46679237  
Step: 225, Total Energy: -1.40377525 Sigma: 0.46213531  
Step: 226, Total Energy: -1.40377558 Sigma: 0.46578608  
Step: 227, Total Energy: -1.40377615 Sigma: 0.62205581  
Step: 228, Total Energy: -1.40377898 Sigma: 0.64219274  
Step: 229, Total Energy: -1.40377898 Sigma: 0.64442270  
Step: 230, Total Energy: -1.40377977 Sigma: 0.66076103  
Step: 231, Total Energy: -1.40377977 Sigma: 0.62126893  
Step: 232, Total Energy: -1.40377977 Sigma: 0.62656285  
Step: 233, Total Energy: -1.40378071 Sigma: 0.56551241  
Step: 234, Total Energy: -1.40378097 Sigma: 0.56400096  
Step: 235, Total Energy: -1.40378097 Sigma: 0.54169012  
Step: 236, Total Energy: -1.40378112 Sigma: 0.55881101  
Step: 237, Total Energy: -1.40378112 Sigma: 0.54764109  
Step: 238, Total Energy: -1.40378112 Sigma: 0.54663707  
Step: 239, Total Energy: -1.40378171 Sigma: 0.54513209  
Step: 240, Total Energy: -1.40378397 Sigma: 0.70829615  
Step: 241, Total Energy: -1.40378397 Sigma: 0.70455598  
Step: 242, Total Energy: -1.40378397 Sigma: 0.69823684  
Step: 243, Total Energy: -1.40378426 Sigma: 0.69590525  
Step: 244, Total Energy: -1.40378426 Sigma: 0.56624384  
Step: 245, Total Energy: -1.40378426 Sigma: 0.57765461  
Step: 246, Total Energy: -1.40378509 Sigma: 0.56672805  
Step: 247, Total Energy: -1.40378509 Sigma: 0.56189829  
Step: 248, Total Energy: -1.40378678 Sigma: 0.61363279  
Step: 249, Total Energy: -1.40378678 Sigma: 0.60253687  
Step: 250, Total Energy: -1.40378721 Sigma: 0.52122495  
Step: 251, Total Energy: -1.40378721 Sigma: 0.53766458  
Step: 252, Total Energy: -1.40378721 Sigma: 0.53179635  
Step: 253, Total Energy: -1.40378721 Sigma: 0.39296577  
Step: 254, Total Energy: -1.40378721 Sigma: 0.38575298  
Step: 255, Total Energy: -1.40378766 Sigma: 0.38947616  
Step: 256, Total Energy: -1.40378766 Sigma: 0.30470784  
Step: 257, Total Energy: -1.40378776 Sigma: 0.29547697  
Step: 258, Total Energy: -1.40378806 Sigma: 0.25405857  
Step: 259, Total Energy: -1.40378806 Sigma: 0.25905870  
Step: 260, Total Energy: -1.40378806 Sigma: 0.15048701  
Step: 261, Total Energy: -1.40378806 Sigma: 0.13877001  
Step: 262, Total Energy: -1.40378820 Sigma: 0.13876253  
Step: 263, Total Energy: -1.40378833 Sigma: 0.13028501  
Step: 264, Total Energy: -1.40378833 Sigma: 0.12892411  
Step: 265, Total Energy: -1.40378850 Sigma: 0.12541161  
Step: 266, Total Energy: -1.40378850 Sigma: 0.12399634  
Step: 267, Total Energy: -1.40378850 Sigma: 0.08557001  
Step: 268, Total Energy: -1.40378868 Sigma: 0.08639214  
Step: 269, Total Energy: -1.40378868 Sigma: 0.07634404  
Step: 270, Total Energy: -1.40378868 Sigma: 0.07600126  
Step: 271, Total Energy: -1.40378882 Sigma: 0.07987061  
Step: 272, Total Energy: -1.40378882 Sigma: 0.07715788  
Step: 273, Total Energy: -1.40378889 Sigma: 0.07326943  
Step: 274, Total Energy: -1.40378889 Sigma: 0.06987996  
Step: 275, Total Energy: -1.40378894 Sigma: 0.07965910  
Step: 276, Total Energy: -1.40378894 Sigma: 0.07667132  
Step: 277, Total Energy: -1.40378900 Sigma: 0.07681363  
Step: 278, Total Energy: -1.40378900 Sigma: 0.05963744  
Step: 279, Total Energy: -1.40378906 Sigma: 0.06162779  
Step: 280, Total Energy: -1.40378923 Sigma: 0.06398040  
Step: 281, Total Energy: -1.40378923 Sigma: 0.06156623  
Step: 282, Total Energy: -1.40378923 Sigma: 0.06237400  
Step: 283, Total Energy: -1.40378923 Sigma: 0.05872259  
Step: 284, Total Energy: -1.40378925 Sigma: 0.05916438  
Step: 285, Total Energy: -1.40378925 Sigma: 0.05513945  
Step: 286, Total Energy: -1.40378927 Sigma: 0.04754510  
Step: 287, Total Energy: -1.40378938 Sigma: 0.04575776  
Step: 288, Total Energy: -1.40378938 Sigma: 0.03802724  
Step: 289, Total Energy: -1.40378938 Sigma: 0.03815094  
Step: 290, Total Energy: -1.40378938 Sigma: 0.03636234  
Step: 291, Total Energy: -1.40378938 Sigma: 0.03452601  
Step: 292, Total Energy: -1.40378938 Sigma: 0.03213877  
Step: 293, Total Energy: -1.40378938 Sigma: 0.03223367  
Step: 294, Total Energy: -1.40378938 Sigma: 0.03211080  
Step: 295, Total Energy: -1.40378938 Sigma: 0.03149852  
Step: 296, Total Energy: -1.40378938 Sigma: 0.02630864  
Step: 297, Total Energy: -1.40378938 Sigma: 0.02592790  
Step: 298, Total Energy: -1.40378940 Sigma: 0.02557383  
Step: 299, Total Energy: -1.40378940 Sigma: 0.02102322  
Step: 300, Total Energy: -1.40378940 Sigma: 0.01962522  
Step: 301, Total Energy: -1.40378940 Sigma: 0.01823417  
Step: 302, Total Energy: -1.40378940 Sigma: 0.01806315  
Step: 303, Total Energy: -1.40378940 Sigma: 0.01836609  
Step: 304, Total Energy: -1.40378940 Sigma: 0.01858773  
Step: 305, Total Energy: -1.40378940 Sigma: 0.01757053  
Step: 306, Total Energy: -1.40378940 Sigma: 0.01561592  
Step: 307, Total Energy: -1.40378941 Sigma: 0.01562801  
Step: 308, Total Energy: -1.40378941 Sigma: 0.01566248  
Step: 309, Total Energy: -1.40378941 Sigma: 0.01562055  
Step: 310, Total Energy: -1.40378941 Sigma: 0.01651679  
Step: 311, Total Energy: -1.40378941 Sigma: 0.01421704  
Step: 312, Total Energy: -1.40378941 Sigma: 0.01271186  
Step: 313, Total Energy: -1.40378941 Sigma: 0.01268168  
Step: 314, Total Energy: -1.40378941 Sigma: 0.00915540  
Step: 315, Total Energy: -1.40378941 Sigma: 0.00917967  
Step: 316, Total Energy: -1.40378941 Sigma: 0.00730568  
Step: 317, Total Energy: -1.40378941 Sigma: 0.00680942  
Step: 318, Total Energy: -1.40378941 Sigma: 0.00680852  
Step: 319, Total Energy: -1.40378942 Sigma: 0.00683793  
Step: 320, Total Energy: -1.40378942 Sigma: 0.00615417  
Step: 321, Total Energy: -1.40378942 Sigma: 0.00615123  
Step: 322, Total Energy: -1.40378942 Sigma: 0.00489176  
Step: 323, Total Energy: -1.40378942 Sigma: 0.00424471  
Step: 324, Total Energy: -1.40378942 Sigma: 0.00390645  
Step: 325, Total Energy: -1.40378942 Sigma: 0.00385270  
Step: 326, Total Energy: -1.40378942 Sigma: 0.00390961  
Step: 327, Total Energy: -1.40378942 Sigma: 0.00388690  
Step: 328, Total Energy: -1.40378942 Sigma: 0.00388382  
Step: 329, Total Energy: -1.40378942 Sigma: 0.00334446  
Step: 330, Total Energy: -1.40378942 Sigma: 0.00333705  
Step: 331, Total Energy: -1.40378942 Sigma: 0.00360149  
Step: 332, Total Energy: -1.40378942 Sigma: 0.00363599  
Step: 333, Total Energy: -1.40378942 Sigma: 0.00357530  
Step: 334, Total Energy: -1.40378942 Sigma: 0.00335951  
Step: 335, Total Energy: -1.40378942 Sigma: 0.00336296  
Step: 336, Total Energy: -1.40378942 Sigma: 0.00336140  
Step: 337, Total Energy: -1.40378942 Sigma: 0.00334940  
Step: 338, Total Energy: -1.40378942 Sigma: 0.00278693  
Step: 339, Total Energy: -1.40378942 Sigma: 0.00277831  
Step: 340, Total Energy: -1.40378942 Sigma: 0.00277594  
Step: 341, Total Energy: -1.40378942 Sigma: 0.00206351  
Step: 342, Total Energy: -1.40378942 Sigma: 0.00206737  
Step: 343, Total Energy: -1.40378942 Sigma: 0.00162393  
Step: 344, Total Energy: -1.40378942 Sigma: 0.00163311  
Step: 345, Total Energy: -1.40378942 Sigma: 0.00163522  
Step: 346, Total Energy: -1.40378942 Sigma: 0.00142009  
Step: 347, Total Energy: -1.40378942 Sigma: 0.00121796  
Step: 348, Total Energy: -1.40378942 Sigma: 0.00117305  
Step: 349, Total Energy: -1.40378942 Sigma: 0.00117319  
Step: 350, Total Energy: -1.40378942 Sigma: 0.00117276  
Step: 351, Total Energy: -1.40378942 Sigma: 0.00116784  
Step: 352, Total Energy: -1.40378942 Sigma: 0.00106371  
Step: 353, Total Energy: -1.40378942 Sigma: 0.00106361  
Step: 354, Total Energy: -1.40378942 Sigma: 0.00094126  
Step: 355, Total Energy: -1.40378942 Sigma: 0.00094174  
Step: 356, Total Energy: -1.40378942 Sigma: 0.00078184  
Step: 357, Total Energy: -1.40378942 Sigma: 0.00078188  
Step: 358, Total Energy: -1.40378942 Sigma: 0.00066698  
Step: 359, Total Energy: -1.40378942 Sigma: 0.00064556  
Step: 360, Total Energy: -1.40378942 Sigma: 0.00064578  
Step: 361, Total Energy: -1.40378942 Sigma: 0.00059964  
Step: 362, Total Energy: -1.40378942 Sigma: 0.00041172  
Step: 363, Total Energy: -1.40378942 Sigma: 0.00037399  
Step: 364, Total Energy: -1.40378942 Sigma: 0.00036315  
Step: 365, Total Energy: -1.40378942 Sigma: 0.00036316  
Step: 366, Total Energy: -1.40378942 Sigma: 0.00036310  
Step: 367, Total Energy: -1.40378942 Sigma: 0.00030352  
Step: 368, Total Energy: -1.40378942 Sigma: 0.00030222  
Step: 369, Total Energy: -1.40378942 Sigma: 0.00029289  
Step: 370, Total Energy: -1.40378942 Sigma: 0.00029292  
Step: 371, Total Energy: -1.40378942 Sigma: 0.00029295  
Step: 372, Total Energy: -1.40378942 Sigma: 0.00022701  
Step: 373, Total Energy: -1.40378942 Sigma: 0.00020418  
Step: 374, Total Energy: -1.40378942 Sigma: 0.00020420  
Step: 375, Total Energy: -1.40378942 Sigma: 0.00021433  
Step: 376, Total Energy: -1.40378942 Sigma: 0.00021438  
Step: 377, Total Energy: -1.40378942 Sigma: 0.00021436  
Step: 378, Total Energy: -1.40378942 Sigma: 0.00021431  
Step: 379, Total Energy: -1.40378942 Sigma: 0.00021373  
Step: 380, Total Energy: -1.40378942 Sigma: 0.00021378  
Step: 381, Total Energy: -1.40378942 Sigma: 0.00021377  
Step: 382, Total Energy: -1.40378942 Sigma: 0.00021372  
Step: 383, Total Energy: -1.40378942 Sigma: 0.00021361  
Step: 384, Total Energy: -1.40378942 Sigma: 0.00022712  
Step: 385, Total Energy: -1.40378942 Sigma: 0.00022337  
Step: 386, Total Energy: -1.40378942 Sigma: 0.00022338  
Step: 387, Total Energy: -1.40378942 Sigma: 0.00022343  
Step: 388, Total Energy: -1.40378942 Sigma: 0.00018867  
Step: 389, Total Energy: -1.40378942 Sigma: 0.00018871  
Step: 390, Total Energy: -1.40378942 Sigma: 0.00018873  
Step: 391, Total Energy: -1.40378942 Sigma: 0.00018873  
Step: 392, Total Energy: -1.40378942 Sigma: 0.00018869  
Step: 393, Total Energy: -1.40378942 Sigma: 0.00018884  
Step: 394, Total Energy: -1.40378942 Sigma: 0.00018853  
Step: 395, Total Energy: -1.40378942 Sigma: 0.00014675  
Step: 396, Total Energy: -1.40378942 Sigma: 0.00015141  
Step: 397, Total Energy: -1.40378942 Sigma: 0.00015123  
Step: 398, Total Energy: -1.40378942 Sigma: 0.00015037  
Step: 399, Total Energy: -1.40378942 Sigma: 0.00012182  
Step: 400, Total Energy: -1.40378942 Sigma: 0.00012200  
Step: 401, Total Energy: -1.40378942 Sigma: 0.00011737  
Step: 402, Total Energy: -1.40378942 Sigma: 0.00007049  
Criteria met for convergence.
----------
Checking orbital and occupation energies for convergence...
----------
Total number of iterations: 1
##########
ERROR: encountered some error along the way. Run is likely
not fully converged. Check what went wrong.
##########
------------------------------
------------------------------
## Energy Evaluation ## 
Final energy                : -1.40378942 Hartrees
Final sigma                 : 0.00277620

Hartree Fock Energy         : -1.11657143 Hartrees
Full CI energy              : -1.40419366 Hartrees
Difference in target and FCI  :  0.40424 mHartrees
----------
Correlation energy recovered: -287.21799 mHartrees
Correlation energy recovered: 99.859 %
------------------------------
------------------------------
Wavefunction (Hamiltonian basis):
 |110100>: 0.7085303168896865
 |101010>: 0.5108754033711145
 |011001>: 0.4868173294764694
----------
1-Electron Reduced Density Matrix:
[[ 0.76301+0.j  0.00000+0.j  0.00000+0.j  0.00000+0.j  0.00000+0.j
   0.00000+0.j]
 [ 0.00000+0.j  0.73901+0.j  0.00000+0.j  0.00000+0.j  0.00000+0.j
   0.00000+0.j]
 [ 0.00000+0.j  0.00000+0.j  0.49798+0.j  0.00000+0.j  0.00000+0.j
   0.00000+0.j]
 [ 0.00000+0.j  0.00000+0.j  0.00000+0.j  0.50202+0.j  0.00000+0.j
   0.00000+0.j]
 [ 0.00000+0.j  0.00000+0.j  0.00000+0.j  0.00000+0.j  0.26099+0.j
   0.00000+0.j]
 [ 0.00000+0.j  0.00000+0.j  0.00000+0.j  0.00000+0.j  0.00000+0.j
   0.23699+0.j]]
Total orbital energy evaluations   : 816
Total occupation energy evaluations: 51
