----------
--START---
----------
Taking parameters from config file. Must be specified elsewhere.
Importing run parameters.
----------
Run on: 2018-09-08T07:03:43.858048
----------
#
# ./ibm.txt
# reused as heh2_0.txt
#
# IBM specific input for runs with ./main.py
#
#

# General
restart= no
print= yes
wait= yes
max_iter= 10
mapping= zeta
chem_orb= HF
#opt_crit= 0.000001
#opt_crit= 0.001
opt_crit= 0.0001

# Occupation Number optimizers
occ_method= stretch
occ_seed= user
occ_optimizer= NM
occ_opt_crit= default
occ_opt_thresh= 0.1
occ_increase= no
occ_energy= qc
occ_nm_simplex= 30
occ_gd_gradient= numerical
occ_max_iter= 40
occ_load_triangle= yes
occ_method_Ntri= 3

# Input for the orbital optimizer (for chem_orb /= FCI)
orb_nm_simplex= 15
orb_optimizer= NM
orb_opt_crit= default
# for GD
#orb_opt_thresh= 0.00000001
# for NM
orb_opt_thresh= 0.0001
orb_method= givens
orb_max_iter= 2000
orb_gd_gradient= analytical
orb_print= no

# Input for the quantum algorithm
qc_backend= ibmqx4
qc_num_shots= 4096
qc_order= default
qc_algorithm= affine_2p_curved_tenerife
qc_combine= no
qc_verbose= yes
qc_connect= yes
$ 0 0 
----------
Hello. Beginning a hybrid quantum classical optimization
to find the ground state energy of your target molecule. 
Let's begin!
----------
Molecular parameters:
mol = gto.Mole()
mol.atom = '''He 0 0 0; H -1.043 0 0; H 1.043 0 0 '''
mol.basis = 'sto-3g'
mol.spin=1
mol.charge=1
mol.verbose=2
mol.build()
----------
Run is connected to the IBMQuantumExperience.
Checking for config file.
----------
Backend configuration file written.
Stored in following location:
/home/sesmart/3_vqa/hqca/results/logs/20180908_ibmqx4
----------
Successfully loaded triangle file.
----------
Getting the electron integrals in the Hartree-Fock basis.
Electron integrals obtained. Moving forward.
----------
Wavefunction mapping is: zeta
Nuclear energy: 2.28312315 Hartrees
Quantum algorithm: affine_2p_curved_tenerife
Quantum backend: ibmqx4
----------
Succefully have the triangulation. Proceeding with optimization.
----------
Optimizing the wavefunction.
Initializing the Nelder-Mead optimization class.
---------- 
----------------------------------------
--- There are 032 runs in queue. -----
--- Waited 00000 minutes so far. ----
----------------------------------------
----------------------------------------
--- There are 046 runs in queue. -----
--- Waited 00005 minutes so far. ----
----------------------------------------
----------------------------------------
--- There are 051 runs in queue. -----
--- Waited 00010 minutes so far. ----
----------------------------------------
----------------------------------------
--- There are 066 runs in queue. -----
--- Waited 00015 minutes so far. ----
----------------------------------------
----------------------------------------
--- There are 064 runs in queue. -----
--- Waited 00020 minutes so far. ----
----------------------------------------
----------------------------------------
--- There are 064 runs in queue. -----
--- Waited 00025 minutes so far. ----
----------------------------------------
----------------------------------------
--- There are 063 runs in queue. -----
--- Waited 00030 minutes so far. ----
----------------------------------------
----------------------------------------
--- There are 061 runs in queue. -----
--- Waited 00035 minutes so far. ----
----------------------------------------
----------------------------------------
--- There are 059 runs in queue. -----
--- Waited 00040 minutes so far. ----
----------------------------------------
----------------------------------------
--- There are 058 runs in queue. -----
--- Waited 00045 minutes so far. ----
----------------------------------------
----------------------------------------
--- There are 057 runs in queue. -----
--- Waited 00050 minutes so far. ----
----------------------------------------
----------------------------------------
--- There are 056 runs in queue. -----
--- Waited 00055 minutes so far. ----
----------------------------------------
----------------------------------------
--- There are 050 runs in queue. -----
--- Waited 00060 minutes so far. ----
----------------------------------------
----------------------------------------
--- There are 042 runs in queue. -----
--- Waited 00065 minutes so far. ----
----------------------------------------
----------------------------------------
--- There are 039 runs in queue. -----
--- Waited 00070 minutes so far. ----
----------------------------------------
----------------------------------------
--- There are 038 runs in queue. -----
--- Waited 00075 minutes so far. ----
----------------------------------------
----------------------------------------
--- There are 036 runs in queue. -----
--- Waited 00080 minutes so far. ----
----------------------------------------
----------------------------------------
--- There are 034 runs in queue. -----
--- Waited 00085 minutes so far. ----
----------------------------------------
----------------------------------------
--- There are 034 runs in queue. -----
--- Waited 00090 minutes so far. ----
----------------------------------------
----------------------------------------
--- There are 034 runs in queue. -----
--- Waited 00095 minutes so far. ----
----------------------------------------
----------------------------------------
--- There are 033 runs in queue. -----
--- Waited 00100 minutes so far. ----
----------------------------------------
----------------------------------------
--- There are 031 runs in queue. -----
--- Waited 00105 minutes so far. ----
----------------------------------------
----------------------------------------
--- There are 032 runs in queue. -----
--- Waited 00110 minutes so far. ----
----------------------------------------
----------------------------------------
--- There are 030 runs in queue. -----
--- Waited 00115 minutes so far. ----
----------------------------------------
----------------------------------------
--- There are 028 runs in queue. -----
--- Waited 00120 minutes so far. ----
----------------------------------------
----------------------------------------
--- There are 029 runs in queue. -----
--- Waited 00125 minutes so far. ----
----------------------------------------
----------------------------------------
--- There are 027 runs in queue. -----
--- Waited 00130 minutes so far. ----
----------------------------------------
----------------------------------------
--- There are 025 runs in queue. -----
--- Waited 00135 minutes so far. ----
----------------------------------------
----------------------------------------
--- There are 024 runs in queue. -----
--- Waited 00140 minutes so far. ----
----------------------------------------
----------------------------------------
--- There are 020 runs in queue. -----
--- Waited 00145 minutes so far. ----
----------------------------------------
----------------------------------------
--- There are 019 runs in queue. -----
--- Waited 00150 minutes so far. ----
----------------------------------------
----------------------------------------
--- There are 017 runs in queue. -----
--- Waited 00155 minutes so far. ----
----------------------------------------
----------------------------------------
--- There are 017 runs in queue. -----
--- Waited 00160 minutes so far. ----
----------------------------------------
----------------------------------------
--- There are 015 runs in queue. -----
--- Waited 00165 minutes so far. ----
----------------------------------------
----------------------------------------
--- There are 013 runs in queue. -----
--- Waited 00170 minutes so far. ----
----------------------------------------
----------------------------------------
--- There are 014 runs in queue. -----
--- Waited 00175 minutes so far. ----
----------------------------------------
----------------------------------------
--- There are 014 runs in queue. -----
--- Waited 00180 minutes so far. ----
----------------------------------------
----------------------------------------
--- There are 011 runs in queue. -----
--- Waited 00185 minutes so far. ----
----------------------------------------
"HTTPSConnectionPool(host='quantumexperience.ng.bluemix.net', port=443): Max retries exceeded with url: /api/Jobs/5b93e805171e57003be2f34b?access_token=uaSAD1L5IoVpm3gWv7zCaR6W5vdHEtvw1GxqufSv0dFfPF4ZCgzmXBMlAXc2pUcg (Caused by NewConnectionError('<urllib3.connection.VerifiedHTTPSConnection object at 0x2ac404fb6c88>: Failed to establish a new connection: [Errno 110] Connection timed out',))"
Circuit counts:{}
Time to get backend : 7.268041372299194e-05
Time to run tomography : 675.0507097542286
Total time: 675.0507824346423
##########
Encountered error in initialization.
##########
----------
------------------------------
------------------------------
## Energy Evaluation ## 
Final energy                : 0.00000000 Hartrees
Final sigma                 : 0.00000000

Hartree Fock Energy         : -3.29002664 Hartrees
Full CI energy              : -3.30834498 Hartrees
Difference in target and FCI  :  3308.34498 mHartrees
----------
Correlation energy recovered: 3290.02664 mHartrees
Correlation energy recovered: -17960.287 %
------------------------------
------------------------------
Wavefunction (Hamiltonian basis):
----------
1-Electron Reduced Density Matrix:
[[ 0.+0.j  0.+0.j  0.+0.j  0.+0.j  0.+0.j  0.+0.j]
 [ 0.+0.j  0.+0.j  0.+0.j  0.+0.j  0.+0.j  0.+0.j]
 [ 0.+0.j  0.+0.j  0.+0.j  0.+0.j  0.+0.j  0.+0.j]
 [ 0.+0.j  0.+0.j  0.+0.j  0.+0.j  0.+0.j  0.+0.j]
 [ 0.+0.j  0.+0.j  0.+0.j  0.+0.j  0.+0.j  0.+0.j]
 [ 0.+0.j  0.+0.j  0.+0.j  0.+0.j  0.+0.j  0.+0.j]]
Total orbital energy evaluations   : 0
Total occupation energy evaluations: 0
