----------
--START---
----------
Taking parameters from config file. Must be specified elsewhere.
Importing run parameters.
----------
Run on: 2018-09-07T16:45:40.544635
----------
#
# ./ibm.txt
# reused as heh2_0.txt
#
# IBM specific input for runs with ./main.py
#
#

# General
restart= no
print= yes
wait= yes
max_iter= 10
mapping= zeta
chem_orb= HF
#opt_crit= 0.000001
#opt_crit= 0.001
opt_crit= 0.0001

# Occupation Number optimizers
occ_method= stretch
occ_seed= user
occ_optimizer= NM
occ_opt_crit= default
occ_opt_thresh= 0.1
occ_increase= no
occ_energy= qc
occ_nm_simplex= 30
occ_gd_gradient= numerical
occ_max_iter= 40
occ_load_triangle= no
occ_method_Ntri= 3

# Input for the orbital optimizer (for chem_orb /= FCI)
orb_nm_simplex= 15
orb_optimizer= NM
orb_opt_crit= default
# for GD
#orb_opt_thresh= 0.00000001
# for NM
orb_opt_thresh= 0.0001
orb_method= givens
orb_max_iter= 2000
orb_gd_gradient= analytical
orb_print= no

# Input for the quantum algorithm
qc_backend= ibmqx4
qc_num_shots= 4096
qc_order= default
qc_algorithm= affine_2p_curved_tenerife
qc_combine= no
qc_verbose= yes
qc_connect= yes
$ 0 0 
----------
Hello. Beginning a hybrid quantum classical optimization
to find the ground state energy of your target molecule. 
Let's begin!
----------
Molecular parameters:
mol = gto.Mole()
mol.atom = '''He 0 0 0; H -1.243 0 0; H 1.243 0 0 '''
mol.basis = 'sto-3g'
mol.spin=1
mol.charge=1
mol.verbose=2
mol.build()
----------
Run is connected to the IBMQuantumExperience.
Checking for config file.
----------
Backend configuration file written.
Stored in following location:
/home/sesmart/3_vqa/hqca/results/logs/20180907_ibmqx4
----------
Getting the electron integrals in the Hartree-Fock basis.
Electron integrals obtained. Moving forward.
----------
Wavefunction mapping is: zeta
Nuclear energy: 1.91576625 Hartrees
Quantum algorithm: affine_2p_curved_tenerife
Quantum backend: ibmqx4
----------
Measuring triangle for generating an  affine transformation.
Please make sure your circuit rotation is in 2D.
----------
Iteration: 0, Length: 0.8456486010028472, Difference:0.15435139899715278
--- Final f,x: [array([ 0.69134172,  0.69134172,  0.5732233 ])],[33.75] --- 
Iteration: 1, Length: 0.8603471610579805, Difference:0.014698560055133258
Difference in points: 14.0625
Iteration: 2, Length: 0.8763740208045012, Difference:0.01602685974652074
Difference in points: 0.703125
Iteration: 3, Length: 0.8867191039948074, Difference:0.010345083190306137
Difference in points: 0.87890625
Iteration: 4, Length: 0.8925716254780285, Difference:0.005852521483221129
Difference in points: 0.5712890625
Iteration: 5, Length: 0.895683848378818, Difference:0.0031122229007894964
Difference in points: 0.37353515625
Iteration: 6, Length: 0.8972885342945068, Difference:0.0016046859156888527
Difference in points: 0.16204833984375
Iteration: 7, Length: 0.8981032807479221, Difference:0.0008147464534152826
Difference in points: 0.092010498046875
Iteration: 8, Length: 0.8985137870912561, Difference:0.00041050634333394953
Difference in points: 0.0460052490234375
Iteration: 9, Length: 0.8987198275507802, Difference:0.00020604045952410388
Difference in points: 0.02300262451171875
Iteration: 10, Length: 0.8988230451020512, Difference:0.00010321755127107313
Difference in points: 0.011501312255859375
Iteration: 11, Length: 0.8988747032704, Difference:5.1658168348733824e-05
Difference in points: 0.00523298978805542
Iteration: 0, Length: 0.6123724356957945, Difference:0.38762756430420553
--- Final f,x: [array([ 0.8125,  0.8125,  0.625 ])],[0.75] --- 
Iteration: 1, Length: 0.6123724356957945, Difference:0.0
Difference in points: 0.3125
Iteration: 2, Length: 0.6123724356957946, Difference:1.1102230246251565e-16
Difference in points: 0.09375
Iteration: 3, Length: 0.6123724356957946, Difference:0.0
Difference in points: 0.01171875
Iteration: 4, Length: 0.6123724356957944, Difference:2.220446049250313e-16
Difference in points: 0.021484375
Iteration: 5, Length: 0.6123724356957942, Difference:1.1102230246251565e-16
Difference in points: 0.004638671875
Targets: [[1, 1, 1], [0.91534423828125, 0.91534423828125, 0.8306884765625], [0.8345947265625, 0.8345947265625, 0.669189453125], [0.75, 0.75, 0.5]]
Parameters: [[0, 45], [0, 0], [21.462046802043915, 21.462046802043915]]
'The same provider has already been registered!'
----------------------------------------
--- There are 013 runs in queue. -----
--- Waited 00000 minutes so far. ----
----------------------------------------
----------------------------------------
--- There are 011 runs in queue. -----
--- Waited 00005 minutes so far. ----
----------------------------------------
Circuit counts:{'ii0': {'10000': 290, '00001': 126, '00000': 1336, '01010': 10, '10111': 10, '00100': 54, '10110': 6, '10010': 33, '00111': 52, '00010': 143, '11101': 4, '11110': 3, '01011': 121, '10100': 13, '01001': 9, '01101': 9, '10101': 4, '00110': 16, '00101': 21, '11000': 31, '01100': 28, '10001': 35, '00011': 1234, '01111': 26, '01000': 114, '11100': 9, '10011': 310, '11111': 8, '11001': 6, '11010': 1, '01110': 14, '11011': 20}}
Time to get backend : 7.325410842895508e-05
Time to run tomography : 1084.6577112078667
Total time: 1084.657784461975
{'ii': {'10000': 290, '00001': 126, '00000': 1336, '00101': 21, '10111': 10, '00100': 54, '10110': 6, '10010': 33, '00111': 52, '00010': 143, '11101': 4, '11110': 3, '01011': 121, '10100': 13, '01111': 26, '01101': 9, '10101': 4, '00110': 16, '01010': 10, '01000': 114, '01100': 28, '10001': 35, '11100': 9, '01001': 9, '11000': 31, '00011': 1234, '10011': 310, '11111': 8, '11001': 6, '11010': 1, '01110': 14, '11011': 20}}
Vertex: [ 0.06762695  0.48706055  0.48999023  0.51000977  0.51293945  0.93237305]
'The same provider has already been registered!'
----------------------------------------
--- There are 015 runs in queue. -----
--- Waited 00000 minutes so far. ----
----------------------------------------
----------------------------------------
--- There are 013 runs in queue. -----
--- Waited 00005 minutes so far. ----
----------------------------------------
Circuit counts:{'ii0': {'10000': 750, '00001': 73, '00000': 2513, '01010': 2, '00100': 95, '10010': 4, '00111': 1, '00010': 36, '11101': 2, '01011': 4, '10100': 26, '01001': 9, '01101': 9, '10101': 6, '00110': 5, '00101': 26, '01000': 297, '01100': 59, '10001': 23, '00011': 48, '01111': 1, '11000': 77, '11100': 13, '10011': 12, '11111': 1, '11001': 2, '11011': 2}}
Time to get backend : 7.234513759613037e-05
Time to run tomography : 531.6234714686871
Total time: 531.6235438138247
{'ii': {'10000': 750, '00001': 73, '00000': 2513, '00101': 26, '00100': 95, '10010': 4, '00111': 1, '00010': 36, '11101': 2, '01011': 4, '10100': 26, '01111': 1, '01101': 9, '10101': 6, '00110': 5, '01010': 2, '11000': 77, '01100': 59, '10001': 23, '11100': 13, '01001': 9, '01000': 297, '00011': 48, '10011': 12, '11111': 1, '11001': 2, '11011': 2}}
Vertex: [ 0.02832031  0.0534668   0.05957031  0.94042969  0.9465332   0.97167969]
'The same provider has already been registered!'
----------------------------------------
--- There are 014 runs in queue. -----
--- Waited 00000 minutes so far. ----
----------------------------------------
----------------------------------------
--- There are 014 runs in queue. -----
--- Waited 00005 minutes so far. ----
----------------------------------------
----------------------------------------
--- There are 013 runs in queue. -----
--- Waited 00010 minutes so far. ----
----------------------------------------
Circuit counts:{'ii0': {'10000': 602, '00001': 88, '00000': 1841, '01010': 14, '10111': 5, '00100': 84, '10110': 3, '10010': 15, '00111': 17, '00010': 65, '11101': 33, '11110': 12, '01011': 48, '10100': 23, '01001': 11, '01101': 110, '10101': 48, '00110': 52, '00101': 213, '11000': 52, '01100': 67, '10001': 17, '00011': 343, '01111': 2, '01000': 186, '11100': 13, '10011': 87, '11111': 3, '11001': 3, '11010': 5, '01110': 25, '11011': 9}}
Time to get backend : 7.293373346328735e-05
Time to run tomography : 1016.2551384046674
Total time: 1016.2552113384008
{'ii': {'10000': 602, '00001': 88, '00000': 1841, '00101': 213, '10111': 5, '00100': 84, '10110': 3, '10010': 15, '00111': 17, '00010': 65, '11101': 33, '11110': 12, '01011': 48, '10100': 23, '01111': 2, '01101': 110, '10101': 48, '00110': 52, '01010': 14, '01000': 186, '01100': 67, '10001': 17, '11100': 13, '01001': 11, '11000': 52, '00011': 343, '10011': 87, '11111': 3, '11001': 3, '11010': 5, '01110': 25, '11011': 9}}
Vertex: [ 0.17211914  0.17333984  0.25317383  0.74682617  0.82666016  0.82788086]
Parameters: [[0, 45], [21.462046802043915, 21.462046802043915], [33.115695118904114, 33.115695118904114]]
'The same provider has already been registered!'
----------------------------------------
--- There are 017 runs in queue. -----
--- Waited 00000 minutes so far. ----
----------------------------------------
----------------------------------------
--- There are 013 runs in queue. -----
--- Waited 00005 minutes so far. ----
----------------------------------------
Circuit counts:{'ii0': {'10000': 303, '00001': 130, '00000': 1288, '01010': 12, '10111': 12, '00100': 55, '10110': 3, '10010': 27, '00111': 44, '00010': 135, '11101': 6, '11110': 2, '01011': 125, '10100': 12, '01001': 9, '01101': 9, '10101': 3, '00110': 18, '00101': 16, '11000': 27, '01100': 26, '10001': 34, '00011': 1280, '01111': 28, '01000': 108, '11100': 9, '10011': 331, '11111': 3, '11001': 5, '11010': 1, '01110': 9, '11011': 26}}
Time to get backend : 7.158517837524414e-05
Time to run tomography : 1571.90187959373
Total time: 1571.9019511789083
{'ii': {'10000': 303, '00001': 130, '00000': 1288, '00101': 16, '10111': 12, '00100': 55, '10110': 3, '10010': 27, '00111': 44, '00010': 135, '11101': 6, '11110': 2, '01011': 125, '10100': 12, '01111': 28, '01101': 9, '10101': 3, '00110': 18, '01010': 12, '01000': 108, '01100': 26, '10001': 34, '11100': 9, '01001': 9, '11000': 27, '00011': 1280, '10011': 331, '11111': 3, '11001': 5, '11010': 1, '01110': 9, '11011': 26}}
Vertex: [ 0.06225586  0.49682617  0.49804688  0.50195312  0.50317383  0.93774414]
'The same provider has already been registered!'
----------------------------------------
--- There are 015 runs in queue. -----
--- Waited 00000 minutes so far. ----
----------------------------------------
----------------------------------------
--- There are 015 runs in queue. -----
--- Waited 00005 minutes so far. ----
----------------------------------------
----------------------------------------
--- There are 013 runs in queue. -----
--- Waited 00010 minutes so far. ----
----------------------------------------
Circuit counts:{'ii0': {'10000': 431, '00001': 88, '00000': 1936, '01010': 6, '10111': 8, '00100': 103, '10110': 12, '10010': 10, '00111': 25, '00010': 64, '11101': 47, '11110': 8, '01011': 35, '10100': 24, '01001': 6, '01101': 153, '10101': 55, '00110': 44, '00101': 212, '11000': 33, '01100': 67, '10001': 25, '00011': 347, '01111': 7, '01000': 180, '11100': 19, '10011': 95, '11111': 3, '11001': 2, '11010': 2, '01110': 34, '11011': 15}}
Time to get backend : 7.21365213394165e-05
Time to run tomography : 1069.598295815289
Total time: 1069.5983679518104
{'ii': {'10000': 431, '00001': 88, '00000': 1936, '00101': 212, '10111': 8, '00100': 103, '10110': 12, '10010': 10, '00111': 25, '00010': 64, '11101': 47, '11110': 8, '01011': 35, '10100': 24, '01111': 7, '01101': 153, '10101': 55, '00110': 44, '01010': 6, '01000': 180, '01100': 67, '10001': 25, '11100': 19, '01001': 6, '11000': 33, '00011': 347, '10011': 95, '11111': 3, '11001': 2, '11010': 2, '01110': 34, '11011': 15}}
Vertex: [ 0.17456055  0.20043945  0.27416992  0.72583008  0.79956055  0.82543945]
'The same provider has already been registered!'
----------------------------------------
--- There are 013 runs in queue. -----
--- Waited 00000 minutes so far. ----
----------------------------------------
Circuit counts:{'ii0': {'10000': 302, '00001': 121, '00000': 1246, '01010': 8, '10111': 3, '00100': 145, '10110': 55, '10010': 25, '00111': 19, '00010': 104, '11101': 40, '11110': 30, '01011': 43, '10100': 25, '01001': 10, '01101': 236, '10101': 69, '00110': 175, '00101': 339, '11000': 21, '01100': 73, '10001': 28, '00011': 551, '01111': 16, '01000': 125, '11100': 21, '10011': 140, '11111': 5, '11001': 3, '11010': 7, '01110': 101, '11011': 10}}
Time to get backend : 7.69197940826416e-05
Time to run tomography : 502.10212061554193
Total time: 502.102197535336
{'ii': {'10000': 302, '00001': 121, '00000': 1246, '00101': 339, '10111': 3, '00100': 145, '10110': 55, '10010': 25, '00111': 19, '00010': 104, '11101': 40, '11110': 30, '01011': 43, '10100': 25, '01111': 16, '01101': 236, '10101': 69, '00110': 175, '01010': 8, '01000': 125, '01100': 73, '10001': 28, '11100': 21, '01001': 10, '11000': 21, '00011': 551, '10011': 140, '11111': 5, '11001': 3, '11010': 7, '01110': 101, '11011': 10}}
Vertex: [ 0.31542969  0.33007812  0.39868164  0.60131836  0.66992188  0.68457031]
Parameters: [[0, 45], [33.115695118904114, 33.115695118904114], [45, 45]]
'The same provider has already been registered!'
----------------------------------------
--- There are 015 runs in queue. -----
--- Waited 00000 minutes so far. ----
----------------------------------------
----------------------------------------
--- There are 015 runs in queue. -----
--- Waited 00005 minutes so far. ----
----------------------------------------
----------------------------------------
--- There are 014 runs in queue. -----
--- Waited 00010 minutes so far. ----
----------------------------------------
Circuit counts:{'ii0': {'10000': 399, '00001': 113, '00000': 1165, '01010': 10, '10111': 16, '00100': 62, '10110': 3, '10010': 43, '00111': 52, '00010': 135, '11101': 2, '11110': 3, '01011': 123, '10100': 22, '01001': 12, '01101': 13, '10101': 9, '00110': 21, '00101': 13, '11000': 40, '01100': 34, '10001': 35, '00011': 1181, '01111': 15, '01000': 108, '11100': 14, '10011': 372, '11111': 9, '11001': 8, '11010': 7, '01110': 11, '11011': 46}}
Time to get backend : 7.247179746627808e-05
Time to run tomography : 1051.5634300485253
Total time: 1051.5635025203228
{'ii': {'10000': 399, '00001': 113, '00000': 1165, '00101': 13, '10111': 16, '00100': 62, '10110': 3, '10010': 43, '00111': 52, '00010': 135, '11101': 2, '11110': 3, '01011': 123, '10100': 22, '01111': 15, '01101': 13, '10101': 9, '00110': 21, '01010': 10, '01000': 108, '01100': 34, '10001': 35, '11100': 14, '01001': 12, '11000': 40, '00011': 1181, '10011': 372, '11111': 9, '11001': 8, '11010': 7, '01110': 11, '11011': 46}}
Vertex: [ 0.07299805  0.49291992  0.49975586  0.50024414  0.50708008  0.92700195]
'The same provider has already been registered!'
----------------------------------------
--- There are 016 runs in queue. -----
--- Waited 00000 minutes so far. ----
----------------------------------------
----------------------------------------
--- There are 012 runs in queue. -----
--- Waited 00005 minutes so far. ----
----------------------------------------
Circuit counts:{'ii0': {'10000': 293, '00001': 128, '00000': 1161, '01010': 9, '10111': 9, '00100': 115, '10110': 42, '10010': 30, '00111': 39, '00010': 93, '11101': 80, '11110': 30, '01011': 61, '10100': 29, '01001': 13, '01101': 223, '10101': 81, '00110': 199, '00101': 356, '11000': 28, '01100': 79, '10001': 53, '00011': 523, '01111': 14, '01000': 133, '11100': 23, '10011': 121, '11111': 1, '11001': 1, '11010': 2, '01110': 115, '11011': 12}}
Time to get backend : 7.212907075881958e-05
Time to run tomography : 3677.5532914996147
Total time: 3677.5533636286855
{'ii': {'10000': 293, '00001': 128, '00000': 1161, '00101': 356, '10111': 9, '00100': 115, '10110': 42, '10010': 30, '00111': 39, '00010': 93, '11101': 80, '11110': 30, '01011': 61, '10100': 29, '01111': 14, '01101': 223, '10101': 81, '00110': 199, '01010': 9, '01000': 133, '01100': 79, '10001': 53, '11100': 23, '01001': 13, '11000': 28, '00011': 523, '10011': 121, '11111': 1, '11001': 1, '11010': 2, '01110': 115, '11011': 12}}
Vertex: [ 0.31738281  0.3503418   0.41870117  0.58129883  0.6496582   0.68261719]
'The same provider has already been registered!'
----------------------------------------
--- There are 015 runs in queue. -----
--- Waited 00000 minutes so far. ----
----------------------------------------
----------------------------------------
--- There are 013 runs in queue. -----
--- Waited 00005 minutes so far. ----
----------------------------------------
----------------------------------------
--- There are 013 runs in queue. -----
--- Waited 00010 minutes so far. ----
----------------------------------------
Circuit counts:{'ii0': {'10000': 165, '00001': 131, '00000': 555, '01010': 15, '10111': 12, '00100': 140, '10110': 104, '10010': 34, '00111': 38, '00010': 144, '11101': 80, '11110': 63, '01011': 83, '10100': 31, '01001': 15, '01101': 263, '10101': 119, '00110': 462, '00101': 407, '11000': 20, '01100': 72, '10001': 40, '00011': 584, '01111': 20, '01000': 82, '11100': 29, '10011': 116, '11111': 6, '11001': 3, '11010': 9, '01110': 241, '11011': 13}}
Time to get backend : 7.493048906326294e-05
Time to run tomography : 1047.5710740312934
Total time: 1047.5711489617825
{'ii': {'10000': 165, '00001': 131, '00000': 555, '00101': 407, '10111': 12, '00100': 140, '10110': 104, '10010': 34, '00111': 38, '00010': 144, '11101': 80, '11110': 63, '01011': 83, '10100': 31, '01111': 20, '01101': 263, '10101': 119, '00110': 462, '01010': 15, '01000': 82, '01100': 72, '10001': 40, '11100': 29, '01001': 15, '11000': 20, '00011': 584, '10011': 116, '11111': 6, '11001': 3, '11010': 9, '01110': 241, '11011': 13}}
Vertex: [ 0.47119141  0.47460938  0.49047852  0.50952148  0.52539062  0.52880859]
Succefully have the triangulation. Proceeding with optimization.
----------
Optimizing the wavefunction.
Initializing the Nelder-Mead optimization class.
---------- 
----------------------------------------
--- There are 016 runs in queue. -----
--- Waited 00000 minutes so far. ----
----------------------------------------
----------------------------------------
--- There are 015 runs in queue. -----
--- Waited 00005 minutes so far. ----
----------------------------------------
Circuit counts:{'ii0': {'10000': 667, '00001': 60, '00000': 2517, '01010': 2, '10111': 1, '00100': 126, '10110': 3, '10010': 9, '00111': 4, '00010': 28, '11101': 3, '11110': 1, '01011': 8, '10100': 29, '01101': 14, '10101': 5, '00110': 2, '00101': 27, '11000': 71, '01100': 50, '10001': 21, '00011': 79, '01001': 17, '01000': 312, '11100': 14, '10011': 19, '11001': 3, '01110': 1, '11011': 3}}
Time to get backend : 6.810575723648071e-05
Time to run tomography : 863.7926937192678
Total time: 863.7927618250251
{'ii': {'10000': 667, '00001': 60, '00000': 2517, '00101': 27, '10111': 1, '00100': 126, '10110': 3, '10010': 9, '00111': 4, '00010': 28, '11101': 3, '11110': 1, '01011': 8, '10100': 29, '01101': 14, '10101': 5, '00110': 2, '01010': 2, '01000': 312, '01100': 50, '10001': 21, '11100': 14, '01001': 17, '11000': 71, '00011': 79, '10011': 19, '11001': 3, '01110': 1, '11011': 3}}
Measure ON: [[ 0.9609375   0.93554688  0.93164062  1.        ]]
Rotated ON: [[ 0.99406195  0.99362178  0.98922186  0.99846187]]
Point on the GPC surface. Proceeding.
Parameters: 
[ 0.  0.]
Fitted wavefunction: 
Alpha: 0.9943385475723443, Beta: 0.07658661982172521, Gamma: 0.07365692415518957
Distance from GPC plane: 0.000888040916461802
Total Energy: -3.2769313919551033 Hartrees
----------
----------------------------------------
--- There are 016 runs in queue. -----
--- Waited 00000 minutes so far. ----
----------------------------------------
----------------------------------------
--- There are 012 runs in queue. -----
--- Waited 00005 minutes so far. ----
----------------------------------------
Circuit counts:{'ii0': {'10000': 560, '00001': 96, '00000': 1865, '01010': 3, '10111': 4, '00100': 113, '10110': 1, '10010': 8, '00111': 11, '00010': 21, '11101': 62, '11110': 1, '10100': 37, '01001': 11, '01101': 298, '10101': 90, '00110': 10, '00101': 486, '11000': 49, '01100': 71, '10001': 33, '00011': 44, '01111': 1, '01000': 178, '11100': 16, '10011': 12, '11111': 2, '11001': 2, '01110': 10, '11011': 1}}
Time to get backend : 8.662045001983643e-05
Time to run tomography : 1053.3416800126433
Total time: 1053.3417666330934
{'ii': {'10000': 560, '00001': 96, '00000': 1865, '00101': 486, '10111': 4, '00100': 113, '10110': 1, '10010': 8, '00111': 11, '00010': 21, '11101': 62, '11110': 1, '10100': 37, '01111': 1, '01101': 298, '10101': 90, '00110': 10, '01010': 3, '01000': 178, '01100': 71, '10001': 33, '11100': 16, '01001': 11, '11000': 49, '00011': 44, '10011': 12, '11111': 2, '11001': 2, '01110': 10, '11011': 1}}
Measure ON: [[ 0.96851  0.71851  0.70386  1.     ]]
Rotated ON: [[ 1.01043  0.72376  0.73013  1.00406]]
Point on the GPC surface. Proceeding.
Parameters: 
[ 30.   0.]
Fitted wavefunction: 
Alpha: 0.8540259371291761, Beta: 0.5202304284743758, Gamma: 0.0
Distance from GPC plane: 0.009702577979043225
Total Energy: -2.99205908964546 Hartrees
----------
----------------------------------------
--- There are 015 runs in queue. -----
--- Waited 00000 minutes so far. ----
----------------------------------------
Circuit counts:{'ii0': {'10000': 489, '00001': 119, '00000': 1872, '01010': 11, '10111': 10, '00100': 81, '10110': 2, '10010': 15, '00111': 33, '00010': 98, '11101': 2, '01011': 80, '10100': 11, '01001': 12, '01101': 20, '10101': 3, '00110': 7, '00101': 16, '11000': 57, '01100': 44, '10001': 32, '00011': 699, '01111': 12, '01000': 176, '11100': 14, '10011': 146, '11111': 6, '11001': 2, '11010': 2, '01110': 10, '11011': 15}}
Time to get backend : 7.340312004089355e-05
Time to run tomography : 807.9650899916887
Total time: 807.9651633948088
{'ii': {'10000': 489, '00001': 119, '00000': 1872, '00101': 16, '10111': 10, '00100': 81, '10110': 2, '10010': 15, '00111': 33, '00010': 98, '11101': 2, '01011': 80, '10100': 11, '01111': 12, '01101': 20, '10101': 3, '00110': 7, '01010': 11, '01000': 176, '01100': 44, '10001': 32, '11100': 14, '01001': 12, '11000': 57, '00011': 699, '10011': 146, '11111': 6, '11001': 2, '11010': 2, '01110': 10, '11011': 15}}
Measure ON: [[ 0.93384  0.72021  0.70532  1.     ]]
Rotated ON: [[ 0.98894  0.74578  0.73457  1.00015]]
Point on the GPC surface. Proceeding.
Parameters: 
[  0.  30.]
Fitted wavefunction: 
Alpha: 0.8571007434959799, Beta: 0.504252507369883, Gamma: 0.10539318910548615
Distance from GPC plane: 8.449214853434307e-05
Total Energy: -2.9896645412978087 Hartrees
----------
Step:-01, Init. Energy: -3.27693139 Hartrees
----------------------------------------
--- There are 014 runs in queue. -----
--- Waited 00000 minutes so far. ----
----------------------------------------
Circuit counts:{'ii0': {'10000': 370, '00001': 115, '00000': 1465, '01010': 9, '10111': 6, '00100': 122, '10110': 22, '10010': 15, '00111': 29, '00010': 78, '11101': 69, '11110': 27, '01011': 36, '10100': 31, '01001': 7, '01101': 223, '10101': 82, '00110': 114, '00101': 394, '11000': 32, '01100': 65, '10001': 37, '00011': 421, '01111': 15, '01000': 123, '11100': 20, '10011': 79, '11111': 7, '11001': 3, '11010': 1, '01110': 67, '11011': 12}}
Time to get backend : 7.084012031555176e-05
Time to run tomography : 1070.0184917673469
Total time: 1070.0185626074672
{'ii': {'10000': 370, '00001': 115, '00000': 1465, '00101': 394, '10111': 6, '00100': 122, '10110': 22, '10010': 15, '00111': 29, '00010': 78, '11101': 69, '11110': 27, '01011': 36, '10100': 31, '01111': 15, '01101': 223, '10101': 82, '00110': 114, '01010': 9, '01000': 123, '01100': 65, '10001': 37, '11100': 20, '01001': 7, '11000': 32, '00011': 421, '10011': 79, '11111': 7, '11001': 3, '11010': 1, '01110': 67, '11011': 12}}
Measure ON: [[ 0.771    0.68433  0.62524  1.     ]]
Rotated ON: [[ 0.88744  0.80607  0.69352  1.     ]]
Point on the GPC surface. Proceeding.
Parameters: 
[ 30. -30.]
Fitted wavefunction: 
Alpha: 0.8327769176343287, Beta: -0.4403721321863074, Gamma: 0.3354921618296795
Distance from GPC plane: 2.3188174044230796e-06
Total Energy: -3.018501190240783 Hartrees
----------
NM: Reflection: [ 30. -30.]
-3.01850119024
NM: Reflected point is soso.
Maximum distance from centroid: 21.213203435596427
----------
----------
Step: 00, Total Energy: -3.27693139 Sigma: 17.80891034  
----------
----------
----------------------------------------
--- There are 012 runs in queue. -----
--- Waited 00000 minutes so far. ----
----------------------------------------
Circuit counts:{'ii0': {'10000': 511, '00001': 121, '00000': 2103, '01010': 4, '10111': 7, '00100': 81, '10010': 19, '00111': 14, '00010': 74, '11101': 2, '01011': 37, '10100': 15, '01001': 6, '01101': 23, '10101': 4, '00110': 6, '00101': 25, '11000': 64, '01100': 35, '10001': 29, '00011': 559, '01111': 6, '01000': 167, '11100': 12, '10011': 147, '11001': 1, '11010': 3, '01110': 6, '11011': 15}}
Time to get backend : 7.177889347076416e-05
Time to run tomography : 702.6806317046285
Total time: 702.6807034835219
{'ii': {'10000': 511, '00001': 121, '00000': 2103, '00101': 25, '10111': 7, '00100': 81, '10010': 19, '00111': 14, '00010': 74, '11101': 2, '01011': 37, '10100': 15, '01111': 6, '01101': 23, '10101': 4, '00110': 6, '01010': 4, '01000': 167, '01100': 35, '10001': 29, '11100': 12, '01001': 6, '11000': 64, '00011': 559, '10011': 147, '11001': 1, '11010': 3, '01110': 6, '11011': 15}}
Measure ON: [[ 0.94238  0.78101  0.75684  1.     ]]
Rotated ON: [[ 0.9905   0.81138  0.79959  1.00228]]
Point on the GPC surface. Proceeding.
Parameters: 
[  0. -30.]
Fitted wavefunction: 
Alpha: 0.8946254150106062, Beta: -0.43518358303734594, Gamma: 0.10129469814298217
Distance from GPC plane: 0.001317627700230903
Total Energy: -3.1951962439645696 Hartrees
----------
NM: Reflection: [  0. -30.]
-3.19519624396
NM: Reflected point is soso.
Maximum distance from centroid: 33.54101966249684
----------
----------
Step: 01, Total Energy: -3.27693139 Sigma: 17.80891034  
----------
----------
----------------------------------------
--- There are 011 runs in queue. -----
--- Waited 00000 minutes so far. ----
----------------------------------------
Circuit counts:{'ii0': {'10000': 673, '00001': 87, '00000': 1887, '01010': 2, '10111': 2, '00100': 117, '10010': 8, '00111': 10, '00010': 16, '11101': 51, '11110': 3, '01011': 9, '10100': 30, '01001': 8, '01101': 219, '10101': 88, '00110': 12, '00101': 372, '11000': 46, '01100': 70, '10001': 25, '00011': 41, '01111': 4, '01000': 267, '11100': 24, '10011': 7, '11111': 2, '11001': 5, '11010': 1, '01110': 9, '11011': 1}}
Time to get backend : 7.253885269165039e-05
Time to run tomography : 758.9648268595338
Total time: 758.9648993983865
{'ii': {'10000': 673, '00001': 87, '00000': 1887, '00101': 372, '10111': 2, '00100': 117, '10010': 8, '00111': 10, '00010': 16, '11101': 51, '11110': 3, '01011': 9, '10100': 30, '01111': 4, '01101': 219, '10101': 88, '00110': 12, '01010': 2, '01000': 267, '01100': 70, '10001': 25, '11100': 24, '01001': 8, '11000': 46, '00011': 41, '10011': 7, '11111': 2, '11001': 5, '11010': 1, '01110': 9, '11011': 1}}
Measure ON: [[ 0.96899  0.77271  0.75269  1.     ]]
Rotated ON: [[ 1.00753  0.78727  0.79023  1.00457]]
Point on the GPC surface. Proceeding.
Parameters: 
[-30.   0.]
Fitted wavefunction: 
Alpha: 0.8892481509972682, Beta: -0.45742510419514554, Gamma: 0.0
Distance from GPC plane: 0.006055192156324108
Total Energy: -3.1818779000551105 Hartrees
----------
NM: Reflection: [-30.   0.]
-3.18187790006
----------------------------------------
--- There are 013 runs in queue. -----
--- Waited 00000 minutes so far. ----
----------------------------------------
Circuit counts:{'ii0': {'10000': 630, '00001': 94, '00000': 2126, '01010': 7, '10111': 5, '00100': 85, '10110': 7, '10010': 14, '00111': 11, '00010': 56, '11101': 29, '11110': 1, '01011': 11, '10100': 23, '01001': 9, '01101': 100, '10101': 48, '00110': 27, '00101': 147, '11000': 25, '01100': 55, '10001': 35, '00011': 294, '01111': 8, '01000': 128, '11100': 14, '10011': 73, '11111': 1, '11001': 3, '11010': 2, '01110': 22, '11011': 6}}
Time to get backend : 7.243454456329346e-05
Time to run tomography : 1283.1605020686984
Total time: 1283.160574503243
{'ii': {'10000': 630, '00001': 94, '00000': 2126, '00101': 147, '10111': 5, '00100': 85, '10110': 7, '10010': 14, '00111': 11, '00010': 56, '11101': 29, '11110': 1, '01011': 11, '10100': 23, '01111': 8, '01101': 100, '10101': 48, '00110': 27, '01010': 7, '01000': 128, '01100': 55, '10001': 35, '11100': 14, '01001': 9, '11000': 25, '00011': 294, '10011': 73, '11111': 1, '11001': 3, '11010': 2, '01110': 22, '11011': 6}}
Measure ON: [[ 0.86694  0.85767  0.78662  1.     ]]
Rotated ON: [[ 0.93827  0.96725  0.90569  0.99983]]
Point on the GPC surface. Proceeding.
Parameters: 
[ 15.  -22.5]
Fitted wavefunction: 
Alpha: 0.9516458485028967, Beta: -0.2483447577069821, Gamma: 0.18081775451172385
Distance from GPC plane: 9.955146616941192e-05
Total Energy: -3.245292732268968 Hartrees
----------
----------------------------------------
--- There are 013 runs in queue. -----
--- Waited 00000 minutes so far. ----
----------------------------------------
Circuit counts:{'ii0': {'10000': 595, '00001': 66, '00000': 2571, '01010': 2, '10111': 1, '00100': 95, '10110': 2, '10010': 7, '00111': 2, '00010': 22, '11101': 21, '11110': 1, '01011': 4, '10100': 15, '01001': 10, '01101': 81, '10101': 22, '00110': 1, '00101': 109, '11000': 64, '01100': 59, '10001': 19, '00011': 80, '01111': 3, '01000': 213, '11100': 10, '10011': 18, '11111': 1, '11001': 1, '01110': 1}}
Time to get backend : 7.177144289016724e-05
Time to run tomography : 905.7633694410324
Total time: 905.7634412124753
{'ii': {'10000': 595, '00001': 66, '00000': 2571, '00101': 109, '10111': 1, '00100': 95, '10110': 2, '10010': 7, '00111': 2, '00010': 22, '11101': 21, '11110': 1, '01011': 4, '10100': 15, '01111': 3, '01101': 81, '10101': 22, '00110': 1, '01010': 2, '01000': 213, '01100': 59, '10001': 19, '11100': 10, '01001': 10, '11000': 64, '00011': 80, '10011': 18, '11111': 1, '11001': 1, '01110': 1}}
Measure ON: [[ 0.9646   0.89648  0.89307  1.     ]]
Rotated ON: [[ 0.99851  0.94448  0.94375  0.99924]]
Point on the GPC surface. Proceeding.
Parameters: 
[-15.   -7.5]
Fitted wavefunction: 
Alpha: 0.9713378389606278, Beta: -0.23509401754232753, Gamma: -0.03512272083858897
Distance from GPC plane: 0.0004385183750604607
Total Energy: -3.276075585585443 Hartrees
----------
NM: Contracting the triangle.
[-15.   -7.5]
Maximum distance from centroid: 27.300412084801945
----------
----------
Step: 02, Total Energy: -3.27693139 Sigma: 12.27585439  
----------
----------
----------------------------------------
--- There are 014 runs in queue. -----
--- Waited 00000 minutes so far. ----
----------------------------------------
Circuit counts:{'ii0': {'10000': 604, '00001': 110, '00000': 2060, '01010': 3, '10111': 2, '00100': 107, '10110': 5, '10010': 20, '00111': 14, '00010': 72, '11101': 11, '11110': 2, '01011': 42, '10100': 24, '01001': 6, '01101': 57, '10101': 17, '00110': 21, '00101': 83, '11000': 40, '01100': 58, '10001': 26, '00011': 376, '01111': 8, '01000': 191, '11100': 13, '10011': 97, '11111': 3, '11010': 3, '01110': 11, '11011': 10}}
Time to get backend : 7.293373346328735e-05
Time to run tomography : 943.2514631226659
Total time: 943.2515360563993
{'ii': {'10000': 604, '00001': 110, '00000': 2060, '00101': 83, '10111': 2, '00100': 107, '10110': 5, '10010': 20, '00111': 14, '00010': 72, '11101': 11, '11110': 2, '01011': 42, '10100': 24, '01111': 8, '01101': 57, '10101': 17, '00110': 21, '01010': 3, '01000': 191, '01100': 58, '10001': 26, '11100': 13, '01001': 6, '11000': 40, '00011': 376, '10011': 97, '11111': 3, '11010': 3, '01110': 11, '11011': 10}}
Measure ON: [[ 0.89355  0.83179  0.78955  1.     ]]
Rotated ON: [[ 0.95691  0.8953   0.85242  0.99979]]
Point on the GPC surface. Proceeding.
Parameters: 
[-15.   22.5]
Fitted wavefunction: 
Alpha: 0.9232259722162207, Beta: 0.3234690715152828, Gamma: -0.2074164024334983
Distance from GPC plane: 0.00012134163749741303
Total Energy: -3.0501845922952846 Hartrees
----------
NM: Reflection: [-15.   22.5]
-3.0501845923
----------------------------------------
--- There are 014 runs in queue. -----
--- Waited 00000 minutes so far. ----
----------------------------------------
Circuit counts:{'ii0': {'10000': 702, '00001': 97, '00000': 2351, '01010': 5, '10111': 4, '00100': 77, '10010': 10, '00111': 5, '00010': 39, '11101': 3, '11110': 1, '01011': 20, '10100': 22, '01001': 11, '01101': 10, '10101': 2, '00110': 5, '00101': 18, '11000': 99, '01100': 47, '10001': 27, '00011': 216, '01111': 2, '01000': 223, '11100': 12, '10011': 64, '11111': 1, '11001': 6, '11010': 4, '01110': 1, '11011': 12}}
Time to get backend : 7.217377424240112e-05
Time to run tomography : 945.3025572150946
Total time: 945.3026293888688
{'ii': {'10000': 702, '00001': 97, '00000': 2351, '00101': 18, '10111': 4, '00100': 77, '10010': 10, '00111': 5, '00010': 39, '11101': 3, '11110': 1, '01011': 20, '10100': 22, '01111': 2, '01101': 10, '10101': 2, '00110': 5, '01010': 5, '01000': 223, '01100': 47, '10001': 27, '11100': 12, '01001': 11, '11000': 99, '00011': 216, '10011': 64, '11111': 1, '11001': 6, '11010': 4, '01110': 1, '11011': 12}}
Measure ON: [[ 0.94873  0.90503  0.87842  1.     ]]
Rotated ON: [[ 0.98743  0.95675  0.94213  1.00204]]
Point on the GPC surface. Proceeding.
Parameters: 
[ -3.75  -16.875]
Fitted wavefunction: 
Alpha: 0.9709856908609933, Beta: -0.20960344788756335, Gamma: -0.11512246860124684
Distance from GPC plane: 0.0011755308792276641
Total Energy: -3.2425478868227833 Hartrees
----------
----------------------------------------
--- There are 012 runs in queue. -----
--- Waited 00000 minutes so far. ----
----------------------------------------
Circuit counts:{'ii0': {'10000': 676, '00001': 82, '00000': 2474, '01010': 2, '10111': 1, '00100': 86, '10110': 2, '10010': 11, '00111': 3, '00010': 40, '11101': 9, '01011': 9, '10100': 15, '01101': 37, '10101': 11, '00110': 3, '00101': 67, '11000': 58, '01100': 53, '10001': 22, '00011': 132, '01001': 9, '01000': 233, '11100': 16, '10011': 36, '11111': 1, '11001': 2, '11010': 2, '01110': 2, '11011': 2}}
Time to get backend : 7.462501525878906e-05
Time to run tomography : 888.2914077937603
Total time: 888.2914824187756
{'ii': {'10000': 676, '00001': 82, '00000': 2474, '00101': 67, '10111': 1, '00100': 86, '10110': 2, '10010': 11, '00111': 3, '00010': 40, '11101': 9, '01011': 9, '10100': 15, '01101': 37, '10101': 11, '00110': 3, '01010': 2, '01000': 233, '01100': 53, '10001': 22, '11100': 16, '01001': 9, '11000': 58, '00011': 132, '10011': 36, '11111': 1, '11001': 2, '11010': 2, '01110': 2, '11011': 2}}
Measure ON: [[ 0.93994  0.92529  0.89673  1.     ]]
Rotated ON: [[ 0.98081  0.98569  0.9653   1.00119]]
Point on the GPC surface. Proceeding.
Parameters: 
[-11.25    9.375]
Fitted wavefunction: 
Alpha: 0.982700634720414, Beta: -0.1399709061535262, Gamma: 0.12127492713111056
Distance from GPC plane: 0.0006887184174296999
Total Energy: -3.2906819382315007 Hartrees
----------
NM: Contracting the triangle.
[-11.25    9.375]
Maximum distance from centroid: 15.37614325017818
----------
----------
Step: 03, Total Energy: -3.29068194 Sigma: 7.45523113  
----------
----------
----------------------------------------
--- There are 015 runs in queue. -----
--- Waited 00000 minutes so far. ----
----------------------------------------
Circuit counts:{'ii0': {'10000': 554, '00001': 95, '00000': 2375, '01010': 2, '10111': 1, '00100': 104, '10110': 3, '10010': 12, '00111': 11, '00010': 64, '11101': 6, '11110': 1, '01011': 32, '10100': 26, '01001': 6, '01101': 30, '10101': 10, '00110': 9, '00101': 41, '11000': 55, '01100': 54, '10001': 20, '00011': 272, '01111': 3, '01000': 228, '11100': 17, '10011': 46, '11111': 1, '11001': 2, '11010': 2, '01110': 7, '11011': 7}}
Time to get backend : 0.0003201588988304138
Time to run tomography : 922.1622219607234
Total time: 922.1625421196222
{'ii': {'10000': 554, '00001': 95, '00000': 2375, '00101': 41, '10111': 1, '00100': 104, '10110': 3, '10010': 12, '00111': 11, '00010': 64, '11101': 6, '11110': 1, '01011': 32, '10100': 26, '01111': 3, '01101': 30, '10101': 10, '00110': 9, '01010': 2, '01000': 228, '01100': 54, '10001': 20, '11100': 17, '01001': 6, '11000': 55, '00011': 272, '10011': 46, '11111': 1, '11001': 2, '11010': 2, '01110': 7, '11011': 7}}
Measure ON: [[ 0.9209   0.88452  0.85767  1.     ]]
Rotated ON: [[ 0.97139  0.94798  0.92021  0.99916]]
Point on the GPC surface. Proceeding.
Parameters: 
[  3.75   16.875]
Fitted wavefunction: 
Alpha: 0.9591287797427951, Beta: 0.22746228355272008, Gamma: 0.16832377559358283
Distance from GPC plane: 0.0004845782711086558
Total Energy: -3.1746663754564004 Hartrees
----------
NM: Reflection: [  3.75   16.875]
-3.17466637546
----------------------------------------
--- There are 015 runs in queue. -----
--- Waited 00000 minutes so far. ----
----------------------------------------
Circuit counts:{'ii0': {'10000': 638, '00001': 69, '00000': 2587, '01010': 2, '00100': 109, '10010': 5, '00111': 3, '00010': 22, '11101': 5, '01011': 7, '10100': 18, '01101': 52, '10101': 11, '00110': 3, '00101': 65, '01000': 268, '01100': 52, '10001': 17, '00011': 55, '01001': 7, '11000': 79, '11100': 9, '10011': 6, '11001': 2, '11010': 1, '01110': 3, '11011': 1}}
Time to get backend : 7.64802098274231e-05
Time to run tomography : 932.2148554772139
Total time: 932.2149319574237
{'ii': {'10000': 638, '00001': 69, '00000': 2587, '00101': 65, '00100': 109, '10010': 5, '00111': 3, '00010': 22, '11101': 5, '01011': 7, '10100': 18, '01101': 52, '10101': 11, '00110': 3, '01010': 2, '11000': 79, '01100': 52, '10001': 17, '11100': 9, '01001': 7, '01000': 268, '00011': 55, '10011': 6, '11001': 2, '11010': 1, '01110': 3, '11011': 1}}
Measure ON: [[ 0.97363  0.92676  0.91943  1.     ]]
Rotated ON: [[ 1.00226  0.97461  0.97617  1.0007 ]]
Point on the GPC surface. Proceeding.
Parameters: 
[-10.3125   -1.40625]
Fitted wavefunction: 
Alpha: 0.9878666110249634, Beta: -0.15530472891078892, Gamma: -0.0
Distance from GPC plane: 0.0022067916667711037
Total Energy: -3.2996695160006695 Hartrees
----------
----------------------------------------
--- There are 013 runs in queue. -----
--- Waited 00000 minutes so far. ----
----------------------------------------
Circuit counts:{'ii0': {'10000': 641, '00001': 81, '00000': 2538, '01010': 8, '00100': 97, '10010': 13, '00111': 1, '00010': 39, '11101': 2, '01011': 14, '10100': 29, '01001': 9, '01101': 14, '10101': 9, '00110': 5, '00101': 16, '01000': 275, '01100': 41, '10001': 23, '00011': 136, '01111': 4, '11000': 60, '11100': 9, '10011': 26, '11001': 1, '11010': 1, '01110': 1, '11011': 3}}
Time to get backend : 7.280707359313965e-05
Time to run tomography : 883.586423188448
Total time: 883.5864959955215
{'ii': {'10000': 641, '00001': 81, '00000': 2538, '00101': 16, '00100': 97, '10010': 13, '00111': 1, '00010': 39, '11101': 2, '01011': 14, '10100': 29, '01111': 4, '01101': 14, '10101': 9, '00110': 5, '01010': 8, '11000': 60, '01100': 41, '10001': 23, '11100': 9, '01001': 9, '01000': 275, '00011': 136, '10011': 26, '11001': 1, '11010': 1, '01110': 1, '11011': 3}}
Measure ON: [[ 0.94434  0.93872  0.91724  1.     ]]
Rotated ON: [[ 0.98302  1.00157  0.98449  1.0001 ]]
Point on the GPC surface. Proceeding.
Parameters: 
[ -0.9375   10.78125]
Fitted wavefunction: 
Alpha: 0.991986089853539, Beta: 0.12634713109954868, Gamma: -0.0
Distance from GPC plane: 0.00176003604954118
Total Energy: -3.261719620622805 Hartrees
----------
NM: Contracting the triangle.
[-10.3125   -1.40625]
Maximum distance from centroid: 11.493937345536777
----------
----------
Step: 04, Total Energy: -3.29966952 Sigma: 6.15290700  
----------
----------
----------------------------------------
--- There are 014 runs in queue. -----
--- Waited 00000 minutes so far. ----
----------------------------------------
Circuit counts:{'ii0': {'10000': 567, '00001': 85, '00000': 2358, '01010': 2, '10111': 3, '00100': 83, '10110': 1, '10010': 5, '00111': 6, '00010': 29, '11101': 25, '11110': 1, '01011': 6, '10100': 35, '01101': 125, '10101': 50, '00110': 20, '00101': 198, '11000': 51, '01100': 65, '10001': 22, '00011': 95, '01001': 9, '01000': 196, '11100': 14, '10011': 28, '11001': 1, '01110': 12, '11011': 4}}
Time to get backend : 7.543712854385376e-05
Time to run tomography : 899.6989625245333
Total time: 899.6990379616618
{'ii': {'10000': 567, '00001': 85, '00000': 2358, '00101': 198, '10111': 3, '00100': 83, '10110': 1, '10010': 5, '00111': 6, '00010': 29, '11101': 25, '11110': 1, '01011': 6, '10100': 35, '01101': 125, '10101': 50, '00110': 20, '01010': 2, '01000': 196, '01100': 65, '10001': 22, '11100': 14, '01001': 9, '11000': 51, '00011': 95, '10011': 28, '11001': 1, '01110': 12, '11011': 4}}
Measure ON: [[ 0.94824  0.84424  0.8396   1.     ]]
Rotated ON: [[ 0.99129  0.89045  0.88349  0.99824]]
Point on the GPC surface. Proceeding.
Parameters: 
[-21.5625    7.96875]
Fitted wavefunction: 
Alpha: 0.9396293881733014, Beta: -0.33010437930176756, Gamma: 0.09015382214228013
Distance from GPC plane: 0.0010143084178265566
Total Energy: -3.2526205689799212 Hartrees
----------
NM: Reflection: [-21.5625    7.96875]
-3.25262056898
----------------------------------------
--- There are 016 runs in queue. -----
--- Waited 00000 minutes so far. ----
----------------------------------------
----------------------------------------
--- There are 011 runs in queue. -----
--- Waited 00005 minutes so far. ----
----------------------------------------
Circuit counts:{'ii0': {'10000': 608, '00001': 70, '00000': 2652, '01010': 1, '00100': 96, '10010': 5, '00111': 5, '00010': 33, '11101': 4, '01011': 4, '10100': 19, '01001': 13, '01101': 26, '10101': 9, '00110': 3, '00101': 29, '01000': 250, '01100': 66, '10001': 20, '00011': 56, '01111': 2, '11000': 77, '11100': 21, '10011': 20, '11001': 2, '11010': 2, '01110': 2, '11011': 1}}
Time to get backend : 7.197260856628418e-05
Time to run tomography : 1306.3535850197077
Total time: 1306.3536569923162
{'ii': {'10000': 608, '00001': 70, '00000': 2652, '00101': 29, '00100': 96, '10010': 5, '00111': 5, '00010': 33, '11101': 4, '01011': 4, '10100': 19, '01111': 2, '01101': 26, '10101': 9, '00110': 3, '01010': 1, '11000': 77, '01100': 66, '10001': 20, '11100': 21, '01001': 13, '01000': 250, '00011': 56, '10011': 20, '11001': 2, '11010': 2, '01110': 2, '11011': 1}}
Measure ON: [[ 0.96729  0.93628  0.93115  1.     ]]
Rotated ON: [[ 0.99789  0.99046  0.98893  0.99942]]
Point on the GPC surface. Proceeding.
Parameters: 
[-5.39062  1.99219]
Fitted wavefunction: 
Alpha: 0.9943527463070851, Beta: -0.09669093786979942, Gamma: 0.0437433245811976
Distance from GPC plane: 0.0003331476075608192
Total Energy: -3.306237930065288 Hartrees
----------
Really long run time. Not good.
----------------------------------------
--- There are 015 runs in queue. -----
--- Waited 00000 minutes so far. ----
----------------------------------------
----------------------------------------
--- There are 014 runs in queue. -----
--- Waited 00005 minutes so far. ----
----------------------------------------
----------------------------------------
--- There are 013 runs in queue. -----
--- Waited 00010 minutes so far. ----
----------------------------------------
Circuit counts:{'ii0': {'10000': 538, '00001': 93, '00000': 2509, '01010': 1, '00100': 113, '10110': 3, '10010': 6, '00111': 7, '00010': 36, '11101': 26, '01011': 8, '10100': 34, '01101': 67, '10101': 34, '00110': 7, '00101': 130, '01000': 215, '01100': 65, '10001': 31, '00011': 74, '01001': 6, '11000': 56, '11100': 7, '10011': 16, '11001': 6, '01110': 5, '11011': 3}}
Time to get backend : 7.35744833946228e-05
Time to run tomography : 913.5585460737348
Total time: 913.5586196482182
{'ii': {'10000': 538, '00001': 93, '00000': 2509, '00101': 130, '00100': 113, '10110': 3, '10010': 6, '00111': 7, '00010': 36, '11101': 26, '01011': 8, '10100': 34, '01101': 67, '10101': 34, '00110': 7, '01010': 1, '11000': 56, '01100': 65, '10001': 31, '11100': 7, '01001': 6, '01000': 215, '00011': 74, '10011': 16, '11001': 6, '01110': 5, '11011': 3}}
Measure ON: [[ 0.95947  0.87842  0.87769  1.     ]]
Rotated ON: [[ 0.99645  0.92646  0.92458  0.99833]]
Point on the GPC surface. Proceeding.
Parameters: 
[-16.17188   5.97656]
Fitted wavefunction: 
Alpha: 0.9612609397555714, Beta: -0.27016002350161594, Gamma: 0.05468973762820604
Distance from GPC plane: 0.0009665967265986912
Total Energy: -3.278866738038686 Hartrees
----------
Really long run time. Not good.
NM: Contracting the triangle.
[-5.39062  1.99219]
Maximum distance from centroid: 9.697044346984436
----------
----------
Step: 05, Total Energy: -3.30623793 Sigma: 3.63366594  
----------
----------
----------------------------------------
--- There are 020 runs in queue. -----
--- Waited 00000 minutes so far. ----
----------------------------------------
----------------------------------------
--- There are 019 runs in queue. -----
--- Waited 00005 minutes so far. ----
----------------------------------------
----------------------------------------
--- There are 019 runs in queue. -----
--- Waited 00010 minutes so far. ----
----------------------------------------
----------------------------------------
--- There are 019 runs in queue. -----
--- Waited 00015 minutes so far. ----
----------------------------------------
----------------------------------------
--- There are 019 runs in queue. -----
--- Waited 00020 minutes so far. ----
----------------------------------------
----------------------------------------
--- There are 019 runs in queue. -----
--- Waited 00025 minutes so far. ----
----------------------------------------
----------------------------------------
--- There are 019 runs in queue. -----
--- Waited 00030 minutes so far. ----
----------------------------------------
----------------------------------------
--- There are 019 runs in queue. -----
--- Waited 00035 minutes so far. ----
----------------------------------------
----------------------------------------
--- There are 019 runs in queue. -----
--- Waited 00040 minutes so far. ----
----------------------------------------
----------------------------------------
--- There are 019 runs in queue. -----
--- Waited 00045 minutes so far. ----
----------------------------------------
----------------------------------------
--- There are 019 runs in queue. -----
--- Waited 00050 minutes so far. ----
----------------------------------------
----------------------------------------
--- There are 016 runs in queue. -----
--- Waited 00055 minutes so far. ----
----------------------------------------
----------------------------------------
--- There are 016 runs in queue. -----
--- Waited 00060 minutes so far. ----
----------------------------------------
----------------------------------------
--- There are 012 runs in queue. -----
--- Waited 00065 minutes so far. ----
----------------------------------------
Circuit counts:{'ii0': {'10000': 752, '00001': 59, '00000': 2749, '00101': 27, '00100': 83, '10010': 9, '00111': 2, '00010': 24, '11101': 6, '11110': 1, '01011': 4, '10100': 25, '01101': 11, '10101': 9, '00110': 4, '01000': 104, '01100': 47, '10001': 20, '00011': 93, '01001': 1, '11000': 33, '11100': 9, '10011': 22, '11001': 1, '11011': 1}}
Time to get backend : 7.174164056777954e-05
Time to run tomography : 1533.3993752673268
Total time: 1533.3994470089674
{'ii': {'10000': 752, '00001': 59, '00000': 2749, '00101': 27, '00100': 83, '10010': 9, '00111': 2, '00010': 24, '11101': 6, '11110': 1, '01011': 4, '10100': 25, '01101': 11, '10101': 9, '00110': 4, '11000': 33, '01100': 47, '10001': 20, '11100': 9, '01001': 1, '01000': 104, '00011': 93, '10011': 22, '11001': 1, '11011': 1}}
Measure ON: [[ 0.96094  0.94531  0.9375   1.     ]]
Rotated ON: [[ 0.99338  1.0042   0.99844  0.99914]]
Point on the GPC surface. Proceeding.
Parameters: 
[-4.45312 -8.78906]
Fitted wavefunction: 
Alpha: 0.9982321145454388, Beta: -0.05943606220252132, Gamma: -0.0
Distance from GPC plane: 0.00534753912859758
Total Energy: -3.302142681484659 Hartrees
----------
Really long run time. Not good.
NM: Reflection: [-4.45312 -8.78906]
-3.30214268148
NM: Reflected point is soso.
Maximum distance from centroid: 5.746968672768388
----------
----------
Step: 06, Total Energy: -3.30623793 Sigma: 2.07874893  
----------
----------
----------------------------------------
--- There are 019 runs in queue. -----
--- Waited 00000 minutes so far. ----
----------------------------------------
----------------------------------------
--- There are 016 runs in queue. -----
--- Waited 00005 minutes so far. ----
----------------------------------------
----------------------------------------
--- There are 014 runs in queue. -----
--- Waited 00010 minutes so far. ----
----------------------------------------
Circuit counts:{'ii0': {'10000': 778, '00001': 84, '00000': 2507, '01010': 2, '10111': 1, '00100': 86, '10010': 6, '00111': 2, '00010': 30, '11101': 3, '01011': 3, '10100': 23, '01001': 9, '01101': 11, '10101': 3, '00110': 3, '00101': 33, '11000': 62, '01100': 54, '10001': 21, '00011': 63, '01111': 1, '01000': 280, '11100': 12, '10011': 12, '11001': 1, '11010': 1, '01110': 2, '11011': 3}}
Time to get backend : 7.327646017074585e-05
Time to run tomography : 821.9145381376147
Total time: 821.9146114140749
{'ii': {'10000': 778, '00001': 84, '00000': 2507, '00101': 33, '10111': 1, '00100': 86, '10010': 6, '00111': 2, '00010': 30, '11101': 3, '01011': 3, '10100': 23, '01111': 1, '01101': 11, '10101': 3, '00110': 3, '01010': 2, '01000': 280, '01100': 54, '10001': 21, '11100': 12, '01001': 9, '11000': 62, '00011': 63, '10011': 12, '11001': 1, '11010': 1, '01110': 2, '11011': 3}}
Measure ON: [[ 0.96851  0.94287  0.93896  1.     ]]
Rotated ON: [[ 0.99832  0.99809  0.99718  0.99924]]
Point on the GPC surface. Proceeding.
Parameters: 
[ 0.46875 -5.39062]
Fitted wavefunction: 
Alpha: 0.9984625532434234, Beta: -0.04062709177808635, Gamma: 0.037709006673193456
Distance from GPC plane: 0.0004407413362844371
Total Energy: -3.3035990912078983 Hartrees
----------
NM: Reflection: [ 0.46875 -5.39062]
-3.30359909121
NM: Reflected point is soso.
Maximum distance from centroid: 7.3644209164448435
----------
----------
Step: 07, Total Energy: -3.30623793 Sigma: 2.01937465  
----------
----------
----------------------------------------
--- There are 021 runs in queue. -----
--- Waited 00000 minutes so far. ----
----------------------------------------
----------------------------------------
--- There are 039 runs in queue. -----
--- Waited 00005 minutes so far. ----
----------------------------------------
----------------------------------------
--- There are 031 runs in queue. -----
--- Waited 00010 minutes so far. ----
----------------------------------------
----------------------------------------
--- There are 041 runs in queue. -----
--- Waited 00015 minutes so far. ----
----------------------------------------
----------------------------------------
--- There are 039 runs in queue. -----
--- Waited 00020 minutes so far. ----
----------------------------------------
----------------------------------------
--- There are 038 runs in queue. -----
--- Waited 00025 minutes so far. ----
----------------------------------------
----------------------------------------
--- There are 036 runs in queue. -----
--- Waited 00030 minutes so far. ----
----------------------------------------
----------------------------------------
--- There are 034 runs in queue. -----
--- Waited 00035 minutes so far. ----
----------------------------------------
----------------------------------------
--- There are 032 runs in queue. -----
--- Waited 00040 minutes so far. ----
----------------------------------------
Might have run into an error.
Couldn't get backend status: HTTPSConnectionPool(host='quantumexperience.ng.bluemix.net', port=443): Max retries exceeded with url: /api/Backends?access_token=5OCuBPo3iUNHaFuEm8je7vhqkNgYfeRNz5GMi8En8JgT6JL3nAmKnToryVfR9Vh1 (Caused by NewConnectionError('<urllib3.connection.VerifiedHTTPSConnection object at 0x2b1ba0030dd8>: Failed to establish a new connection: [Errno 110] Connection timed out',))
Waiting a bit...3 minutes.
----------
----------
Step: 08, Total Energy: -3.30623793 Sigma: 2.01937465  
----------
----------
Error in run. Saving optimization object to file.
Optimizing the orbitals.
Initializing the Nelder-Mead optimization class.
---------- 
Step:-01, Init. Energy: -3.30623793 Hartrees
Step: 00, Total Energy: -3.30623793 Sigma: 5.19394270  
Step: 01, Total Energy: -3.30623793 Sigma: 5.07846094  
Step: 02, Total Energy: -3.30623793 Sigma: 4.98246520  
Step: 03, Total Energy: -3.30623793 Sigma: 5.07296654  
Step: 04, Total Energy: -3.30664194 Sigma: 4.75741269  
Step: 05, Total Energy: -3.30691795 Sigma: 4.72715281  
Step: 06, Total Energy: -3.30782909 Sigma: 4.86083599  
Step: 07, Total Energy: -3.30835616 Sigma: 4.91997258  
Step: 08, Total Energy: -3.30838383 Sigma: 4.41348195  
Step: 09, Total Energy: -3.30904424 Sigma: 4.44518678  
Step: 10, Total Energy: -3.30904424 Sigma: 3.42751742  
Step: 11, Total Energy: -3.30904424 Sigma: 3.52480297  
Step: 12, Total Energy: -3.30904424 Sigma: 3.72602646  
Step: 13, Total Energy: -3.30904424 Sigma: 3.62872152  
Step: 14, Total Energy: -3.30919778 Sigma: 2.78425766  
Step: 15, Total Energy: -3.30924196 Sigma: 2.30578595  
Step: 16, Total Energy: -3.30924196 Sigma: 2.17067581  
Step: 17, Total Energy: -3.30924196 Sigma: 2.22856541  
Step: 18, Total Energy: -3.30924196 Sigma: 2.15503137  
Step: 19, Total Energy: -3.30949081 Sigma: 1.61998637  
Step: 20, Total Energy: -3.30949081 Sigma: 1.63492797  
Step: 21, Total Energy: -3.30950194 Sigma: 1.49615993  
Step: 22, Total Energy: -3.30950194 Sigma: 1.47842535  
Step: 23, Total Energy: -3.30950194 Sigma: 1.57962766  
Step: 24, Total Energy: -3.30956578 Sigma: 1.61682791  
Step: 25, Total Energy: -3.30957655 Sigma: 1.50484465  
Step: 26, Total Energy: -3.30957655 Sigma: 1.22149103  
Step: 27, Total Energy: -3.30960983 Sigma: 1.21773653  
Step: 28, Total Energy: -3.30961124 Sigma: 1.21778712  
Step: 29, Total Energy: -3.30962498 Sigma: 1.13726268  
Step: 30, Total Energy: -3.30962939 Sigma: 0.99631337  
Step: 31, Total Energy: -3.30965240 Sigma: 0.91546547  
Step: 32, Total Energy: -3.30965240 Sigma: 0.64966739  
Step: 33, Total Energy: -3.30965240 Sigma: 0.55308372  
Step: 34, Total Energy: -3.30967287 Sigma: 0.55739748  
Step: 35, Total Energy: -3.30967287 Sigma: 0.55729081  
Step: 36, Total Energy: -3.30967287 Sigma: 0.51495566  
Step: 37, Total Energy: -3.30967287 Sigma: 0.51466428  
Step: 38, Total Energy: -3.30967287 Sigma: 0.46785865  
Step: 39, Total Energy: -3.30967287 Sigma: 0.34389203  
Step: 40, Total Energy: -3.30967287 Sigma: 0.34276045  
Step: 41, Total Energy: -3.30967287 Sigma: 0.33834769  
Step: 42, Total Energy: -3.30967287 Sigma: 0.34083595  
Step: 43, Total Energy: -3.30967287 Sigma: 0.33856827  
Step: 44, Total Energy: -3.30967300 Sigma: 0.33711527  
Step: 45, Total Energy: -3.30968051 Sigma: 0.33721043  
Step: 46, Total Energy: -3.30968051 Sigma: 0.33421731  
Step: 47, Total Energy: -3.30968051 Sigma: 0.31545980  
Step: 48, Total Energy: -3.30968051 Sigma: 0.32628100  
Step: 49, Total Energy: -3.30968051 Sigma: 0.31308136  
Step: 50, Total Energy: -3.30968051 Sigma: 0.27647719  
Step: 51, Total Energy: -3.30968149 Sigma: 0.47130831  
Step: 52, Total Energy: -3.30968149 Sigma: 0.47218376  
Step: 53, Total Energy: -3.30968287 Sigma: 0.47206939  
Step: 54, Total Energy: -3.30968287 Sigma: 0.47257763  
Step: 55, Total Energy: -3.30968535 Sigma: 0.52643195  
Step: 56, Total Energy: -3.30968562 Sigma: 0.51561210  
Step: 57, Total Energy: -3.30968860 Sigma: 0.51615965  
Step: 58, Total Energy: -3.30968860 Sigma: 0.41054664  
Step: 59, Total Energy: -3.30968860 Sigma: 0.39895522  
Step: 60, Total Energy: -3.30968860 Sigma: 0.35866424  
Step: 61, Total Energy: -3.30969127 Sigma: 0.35636852  
Step: 62, Total Energy: -3.30969127 Sigma: 0.35646940  
Step: 63, Total Energy: -3.30969127 Sigma: 0.32958945  
Step: 64, Total Energy: -3.30969127 Sigma: 0.31731789  
Step: 65, Total Energy: -3.30969127 Sigma: 0.30848790  
Step: 66, Total Energy: -3.30969459 Sigma: 0.36155622  
Step: 67, Total Energy: -3.30969459 Sigma: 0.31380119  
Step: 68, Total Energy: -3.30969459 Sigma: 0.28625872  
Step: 69, Total Energy: -3.30969513 Sigma: 0.35038741  
Step: 70, Total Energy: -3.30969513 Sigma: 0.35275847  
Step: 71, Total Energy: -3.30969553 Sigma: 0.35158173  
Step: 72, Total Energy: -3.30969553 Sigma: 0.35123866  
Step: 73, Total Energy: -3.30969553 Sigma: 0.32136083  
Step: 74, Total Energy: -3.30969746 Sigma: 0.26535235  
Step: 75, Total Energy: -3.30969746 Sigma: 0.26946979  
Step: 76, Total Energy: -3.30969746 Sigma: 0.26884742  
Step: 77, Total Energy: -3.30969842 Sigma: 0.27932328  
Step: 78, Total Energy: -3.30969842 Sigma: 0.27531232  
Step: 79, Total Energy: -3.30969976 Sigma: 0.27559000  
Step: 80, Total Energy: -3.30969976 Sigma: 0.26974930  
Step: 81, Total Energy: -3.30969997 Sigma: 0.25118263  
Step: 82, Total Energy: -3.30969997 Sigma: 0.24791898  
Step: 83, Total Energy: -3.30969997 Sigma: 0.19309324  
Step: 84, Total Energy: -3.30970174 Sigma: 0.19028389  
Step: 85, Total Energy: -3.30970174 Sigma: 0.18442105  
Step: 86, Total Energy: -3.30970270 Sigma: 0.18459466  
Step: 87, Total Energy: -3.30970270 Sigma: 0.10089203  
Step: 88, Total Energy: -3.30970270 Sigma: 0.10293649  
Step: 89, Total Energy: -3.30970270 Sigma: 0.10237476  
Step: 90, Total Energy: -3.30970284 Sigma: 0.10070340  
Step: 91, Total Energy: -3.30970284 Sigma: 0.10002106  
Step: 92, Total Energy: -3.30970358 Sigma: 0.10375199  
Step: 93, Total Energy: -3.30970358 Sigma: 0.08515412  
Step: 94, Total Energy: -3.30970358 Sigma: 0.08514824  
Step: 95, Total Energy: -3.30970529 Sigma: 0.09598924  
Step: 96, Total Energy: -3.30970529 Sigma: 0.09616504  
Step: 97, Total Energy: -3.30970529 Sigma: 0.09405723  
Step: 98, Total Energy: -3.30970529 Sigma: 0.09560347  
Step: 99, Total Energy: -3.30970552 Sigma: 0.09528509  
Step: 100, Total Energy: -3.30970553 Sigma: 0.09525114  
Step: 101, Total Energy: -3.30970571 Sigma: 0.05218060  
Step: 102, Total Energy: -3.30970592 Sigma: 0.05437897  
Step: 103, Total Energy: -3.30970592 Sigma: 0.05550255  
Step: 104, Total Energy: -3.30970592 Sigma: 0.05598554  
Step: 105, Total Energy: -3.30970636 Sigma: 0.05661213  
Step: 106, Total Energy: -3.30970636 Sigma: 0.05649805  
Step: 107, Total Energy: -3.30970638 Sigma: 0.02834468  
Step: 108, Total Energy: -3.30970653 Sigma: 0.02185947  
Step: 109, Total Energy: -3.30970653 Sigma: 0.01875780  
Step: 110, Total Energy: -3.30970653 Sigma: 0.01666418  
Step: 111, Total Energy: -3.30970653 Sigma: 0.01555001  
Step: 112, Total Energy: -3.30970653 Sigma: 0.01491248  
Step: 113, Total Energy: -3.30970657 Sigma: 0.01456594  
Step: 114, Total Energy: -3.30970659 Sigma: 0.01422762  
Step: 115, Total Energy: -3.30970659 Sigma: 0.00670215  
Step: 116, Total Energy: -3.30970659 Sigma: 0.01453294  
Step: 117, Total Energy: -3.30970659 Sigma: 0.01501907  
Step: 118, Total Energy: -3.30970663 Sigma: 0.01468221  
Step: 119, Total Energy: -3.30970666 Sigma: 0.01457062  
Step: 120, Total Energy: -3.30970666 Sigma: 0.00634396  
Step: 121, Total Energy: -3.30970671 Sigma: 0.00616159  
Step: 122, Total Energy: -3.30970671 Sigma: 0.00588614  
Step: 123, Total Energy: -3.30970671 Sigma: 0.00560605  
Step: 124, Total Energy: -3.30970671 Sigma: 0.00556471  
Step: 125, Total Energy: -3.30970671 Sigma: 0.00535965  
Step: 126, Total Energy: -3.30970671 Sigma: 0.00421231  
Step: 127, Total Energy: -3.30970672 Sigma: 0.00392837  
Step: 128, Total Energy: -3.30970674 Sigma: 0.00396787  
Step: 129, Total Energy: -3.30970674 Sigma: 0.00389489  
Step: 130, Total Energy: -3.30970674 Sigma: 0.00391808  
Step: 131, Total Energy: -3.30970674 Sigma: 0.00330601  
Step: 132, Total Energy: -3.30970674 Sigma: 0.00313944  
Step: 133, Total Energy: -3.30970674 Sigma: 0.00434530  
Step: 134, Total Energy: -3.30970674 Sigma: 0.00445017  
Step: 135, Total Energy: -3.30970674 Sigma: 0.00445460  
Step: 136, Total Energy: -3.30970675 Sigma: 0.00433043  
Step: 137, Total Energy: -3.30970675 Sigma: 0.00248053  
Step: 138, Total Energy: -3.30970678 Sigma: 0.00266714  
Step: 139, Total Energy: -3.30970678 Sigma: 0.00263592  
Step: 140, Total Energy: -3.30970678 Sigma: 0.00263250  
Step: 141, Total Energy: -3.30970678 Sigma: 0.00259952  
Step: 142, Total Energy: -3.30970678 Sigma: 0.00239451  
Step: 143, Total Energy: -3.30970679 Sigma: 0.00295252  
Step: 144, Total Energy: -3.30970679 Sigma: 0.00295270  
Step: 145, Total Energy: -3.30970679 Sigma: 0.00293734  
Step: 146, Total Energy: -3.30970679 Sigma: 0.00279683  
Step: 147, Total Energy: -3.30970679 Sigma: 0.00345904  
Step: 148, Total Energy: -3.30970679 Sigma: 0.00327999  
Step: 149, Total Energy: -3.30970679 Sigma: 0.00358277  
Step: 150, Total Energy: -3.30970679 Sigma: 0.00340599  
Step: 151, Total Energy: -3.30970679 Sigma: 0.00328649  
Step: 152, Total Energy: -3.30970679 Sigma: 0.00273084  
Step: 153, Total Energy: -3.30970679 Sigma: 0.00271215  
Step: 154, Total Energy: -3.30970680 Sigma: 0.00256443  
Step: 155, Total Energy: -3.30970680 Sigma: 0.00256326  
Step: 156, Total Energy: -3.30970680 Sigma: 0.00256341  
Step: 157, Total Energy: -3.30970680 Sigma: 0.00258166  
Step: 158, Total Energy: -3.30970680 Sigma: 0.00256622  
Step: 159, Total Energy: -3.30970680 Sigma: 0.00257322  
Step: 160, Total Energy: -3.30970680 Sigma: 0.00267468  
Step: 161, Total Energy: -3.30970680 Sigma: 0.00257876  
Step: 162, Total Energy: -3.30970680 Sigma: 0.00261264  
Step: 163, Total Energy: -3.30970680 Sigma: 0.00254823  
Step: 164, Total Energy: -3.30970680 Sigma: 0.00255550  
Step: 165, Total Energy: -3.30970680 Sigma: 0.00245615  
Step: 166, Total Energy: -3.30970681 Sigma: 0.00248332  
Step: 167, Total Energy: -3.30970681 Sigma: 0.00192485  
Step: 168, Total Energy: -3.30970681 Sigma: 0.00179955  
Step: 169, Total Energy: -3.30970681 Sigma: 0.00163572  
Step: 170, Total Energy: -3.30970681 Sigma: 0.00124892  
Step: 171, Total Energy: -3.30970681 Sigma: 0.00125208  
Step: 172, Total Energy: -3.30970681 Sigma: 0.00125268  
Step: 173, Total Energy: -3.30970681 Sigma: 0.00103666  
Step: 174, Total Energy: -3.30970681 Sigma: 0.00120938  
Step: 175, Total Energy: -3.30970681 Sigma: 0.00120527  
Step: 176, Total Energy: -3.30970681 Sigma: 0.00119758  
Step: 177, Total Energy: -3.30970681 Sigma: 0.00119532  
Step: 178, Total Energy: -3.30970681 Sigma: 0.00120551  
Step: 179, Total Energy: -3.30970681 Sigma: 0.00120733  
Step: 180, Total Energy: -3.30970681 Sigma: 0.00120419  
Step: 181, Total Energy: -3.30970681 Sigma: 0.00119064  
Step: 182, Total Energy: -3.30970681 Sigma: 0.00100312  
Step: 183, Total Energy: -3.30970681 Sigma: 0.00097423  
Step: 184, Total Energy: -3.30970681 Sigma: 0.00097178  
Step: 185, Total Energy: -3.30970681 Sigma: 0.00059891  
Step: 186, Total Energy: -3.30970681 Sigma: 0.00059079  
Step: 187, Total Energy: -3.30970681 Sigma: 0.00052581  
Step: 188, Total Energy: -3.30970681 Sigma: 0.00049532  
Step: 189, Total Energy: -3.30970681 Sigma: 0.00049373  
Step: 190, Total Energy: -3.30970681 Sigma: 0.00037399  
Step: 191, Total Energy: -3.30970681 Sigma: 0.00033676  
Step: 192, Total Energy: -3.30970681 Sigma: 0.00030107  
Step: 193, Total Energy: -3.30970681 Sigma: 0.00025979  
Step: 194, Total Energy: -3.30970681 Sigma: 0.00025921  
Step: 195, Total Energy: -3.30970681 Sigma: 0.00019141  
Step: 196, Total Energy: -3.30970681 Sigma: 0.00019093  
Step: 197, Total Energy: -3.30970681 Sigma: 0.00018997  
Step: 198, Total Energy: -3.30970681 Sigma: 0.00018936  
Step: 199, Total Energy: -3.30970681 Sigma: 0.00017175  
Step: 200, Total Energy: -3.30970681 Sigma: 0.00017199  
Step: 201, Total Energy: -3.30970681 Sigma: 0.00017122  
Step: 202, Total Energy: -3.30970681 Sigma: 0.00017074  
Step: 203, Total Energy: -3.30970681 Sigma: 0.00017073  
Step: 204, Total Energy: -3.30970681 Sigma: 0.00015676  
Step: 205, Total Energy: -3.30970681 Sigma: 0.00010648  
Step: 206, Total Energy: -3.30970681 Sigma: 0.00009371  
Criteria met for convergence.
----------
Checking orbital and occupation energies for convergence...
----------
Total number of iterations: 1
##########
ERROR: encountered some error along the way. Run is likely
not fully converged. Check what went wrong.
##########
------------------------------
------------------------------
## Energy Evaluation ## 
Final energy                : -3.30970681 Hartrees
Final sigma                 : 0.00346888

Hartree Fock Energy         : -3.29560498 Hartrees
Full CI energy              : -3.30976124 Hartrees
Difference in target and FCI  :  0.05443 mHartrees
----------
Correlation energy recovered: -14.10183 mHartrees
Correlation energy recovered: 99.615 %
------------------------------
------------------------------
Wavefunction (Hamiltonian basis):
 |011001>: 0.0437433245811976
 |101010>: -0.09669093786979942
 |110100>: 0.9943527463070851
----------
1-Electron Reduced Density Matrix:
[[ 0.99809+0.j  0.00000+0.j  0.00000+0.j  0.00000+0.j  0.00000+0.j
   0.00000+0.j]
 [ 0.00000+0.j  0.99065+0.j  0.00000+0.j  0.00000+0.j  0.00000+0.j
   0.00000+0.j]
 [ 0.00000+0.j  0.00000+0.j  0.01126+0.j  0.00000+0.j  0.00000+0.j
   0.00000+0.j]
 [ 0.00000+0.j  0.00000+0.j  0.00000+0.j  0.98874+0.j  0.00000+0.j
   0.00000+0.j]
 [ 0.00000+0.j  0.00000+0.j  0.00000+0.j  0.00000+0.j  0.00935+0.j
   0.00000+0.j]
 [ 0.00000+0.j  0.00000+0.j  0.00000+0.j  0.00000+0.j  0.00000+0.j
   0.00191+0.j]]
Total orbital energy evaluations   : 448
Total occupation energy evaluations: 19
