----------
--START---
----------
Taking parameters from config file. Must be specified elsewhere.
Importing run parameters.
----------
Run on: 2018-09-07T23:31:08.428668
----------
#
# ./ibm.txt
# reused as heh2_0.txt
#
# IBM specific input for runs with ./main.py
#
#

# General
restart= yes
print= yes
wait= yes
max_iter= 10
mapping= zeta
chem_orb= HF
#opt_crit= 0.000001
#opt_crit= 0.001
opt_crit= 0.0001

# Occupation Number optimizers
occ_method= stretch
occ_seed= user
occ_optimizer= NM
occ_opt_crit= default
occ_opt_thresh= 0.1
occ_increase= no
occ_energy= qc
occ_nm_simplex= 30
occ_gd_gradient= numerical
occ_max_iter= 40
occ_load_triangle= no
occ_method_Ntri= 3

# Input for the orbital optimizer (for chem_orb /= FCI)
orb_nm_simplex= 15
orb_optimizer= NM
orb_opt_crit= default
# for GD
#orb_opt_thresh= 0.00000001
# for NM
orb_opt_thresh= 0.0001
orb_method= givens
orb_max_iter= 2000
orb_gd_gradient= analytical
orb_print= no

# Input for the quantum algorithm
qc_backend= ibmqx4
qc_num_shots= 4096
qc_order= default
qc_algorithm= affine_2p_curved_tenerife
qc_combine= no
qc_verbose= yes
qc_connect= yes
$ 0 0 
----------
Hello. Beginning a hybrid quantum classical optimization
to find the ground state energy of your target molecule. 
Let's begin!
----------
Molecular parameters:
mol = gto.Mole()
mol.atom = '''He 0 0 0; H -1.143 0 0; H 1.143 0 0 '''
mol.basis = 'sto-3g'
mol.spin=1
mol.charge=1
mol.verbose=2
mol.build()
----------
Run is connected to the IBMQuantumExperience.
Checking for config file.
----------
Backend configuration file already written.
Stored in following location:
/home/sesmart/3_vqa/hqca/results/logs/20180907_ibmqx4
----------
Getting the electron integrals in the Hartree-Fock basis.
Electron integrals obtained. Moving forward.
----------
Wavefunction mapping is: zeta
Nuclear energy: 2.08337485 Hartrees
Quantum algorithm: affine_2p_curved_tenerife
Quantum backend: ibmqx4
----------
----------------------------------------
--- There are 013 runs in queue. -----
--- Waited 00000 minutes so far. ----
----------------------------------------
----------------------------------------
--- There are 011 runs in queue. -----
--- Waited 00005 minutes so far. ----
----------------------------------------
Circuit counts:{'ii0': {'10010': 8, '11011': 6, '11110': 5, '11001': 7, '10111': 2, '00000': 2279, '11101': 27, '01000': 197, '10100': 18, '11111': 1, '01101': 94, '01011': 28, '00101': 117, '01111': 6, '00110': 16, '11100': 18, '10011': 49, '00010': 53, '00100': 93, '01100': 51, '01010': 5, '11000': 67, '10101': 37, '01110': 8, '00001': 84, '00111': 9, '00011': 213, '10001': 44, '10000': 545, '01001': 6, '10110': 3}}
Time to get backend : 7.096678018569946e-05
Time to run tomography : 888.8332675099373
Total time: 888.8333384767175
{'ii': {'10110': 3, '11000': 67, '11110': 5, '11001': 7, '10111': 2, '00000': 2279, '01101': 94, '01110': 8, '10100': 18, '11111': 1, '11101': 27, '01011': 28, '00101': 117, '00111': 9, '01111': 6, '00110': 16, '11100': 18, '10011': 49, '00010': 53, '10010': 8, '01010': 5, '11011': 6, '10101': 37, '01000': 197, '00001': 84, '01100': 51, '00011': 213, '10001': 44, '10000': 545, '01001': 6, '00100': 93}}
Measure ON: [[ 0.89941406  0.87670898  0.82177734  1.        ]]
Rotated ON: [[ 0.95274831  0.95677673  0.90898956  1.00053549]]
Point on the GPC surface. Proceeding.
Parameters: 
[-18.94042969  14.26757812]
Fitted wavefunction: 
Alpha: 0.9535030436822077, Beta: -0.217784720117436, Gamma: 0.20833089394551166
Distance from GPC plane: 0.000309163088551695
Total Energy: -3.244253751933206 Hartrees
----------
NM: Reflection: [-18.94043  14.26758]
-3.24425375193
----------------------------------------
--- There are 013 runs in queue. -----
--- Waited 00000 minutes so far. ----
----------------------------------------
Circuit counts:{'ii0': {'10010': 5, '11110': 1, '00000': 2619, '11101': 7, '01000': 161, '10100': 19, '01101': 41, '01011': 5, '00101': 66, '01111': 2, '00110': 2, '11100': 12, '10011': 17, '00010': 27, '01100': 53, '01010': 3, '11000': 26, '10101': 13, '01110': 1, '00001': 61, '00111': 5, '00011': 60, '10001': 5, '10000': 789, '01001': 2, '00100': 94}}
Time to get backend : 6.996095180511475e-05
Time to run tomography : 1323.8070653006434
Total time: 1323.8071352615952
{'ii': {'11110': 1, '00000': 2619, '01101': 41, '01000': 161, '10100': 19, '11101': 7, '01011': 5, '00110': 2, '00111': 5, '01111': 2, '00101': 66, '11100': 12, '10011': 17, '00010': 27, '10010': 5, '01010': 3, '11000': 26, '10101': 13, '01110': 1, '00001': 61, '01100': 53, '00011': 60, '10001': 5, '10000': 789, '01001': 2, '00100': 94}}
Measure ON: [[ 0.96875  0.93066  0.92285  1.     ]]
Rotated ON: [[ 1.00072  1.00115  1.00505  0.99683]]
Point on the GPC surface. Proceeding.
Parameters: 
[-9.62402  0.38086]
Fitted wavefunction: 
Alpha: 1.0, Beta: -0.0, Gamma: 0.0
Distance from GPC plane: 0.003161080080329485
Total Energy: -3.3001150759078257 Hartrees
----------
----------------------------------------
--- There are 012 runs in queue. -----
--- Waited 00000 minutes so far. ----
----------------------------------------
Circuit counts:{'ii0': {'10010': 15, '01011': 8, '11001': 2, '10111': 2, '00000': 2550, '11101': 17, '01000': 187, '10100': 15, '11111': 1, '01101': 72, '00101': 110, '01111': 2, '00110': 9, '11100': 13, '10011': 28, '00010': 49, '00100': 93, '01100': 47, '11000': 58, '10101': 28, '01110': 7, '00001': 72, '00111': 4, '00011': 140, '10001': 18, '10000': 543, '01001': 5, '10110': 1}}
Time to get backend : 6.932765245437622e-05
Time to run tomography : 910.0462799221277
Total time: 910.0463492497802
{'ii': {'01011': 8, '11001': 2, '10111': 2, '00000': 2550, '01101': 72, '01000': 187, '10100': 15, '11111': 1, '11101': 17, '10110': 1, '00101': 110, '00111': 4, '01111': 2, '00110': 9, '11100': 13, '10011': 28, '00010': 49, '10010': 15, '11000': 58, '10101': 28, '01110': 7, '00001': 72, '01100': 47, '00011': 140, '10001': 18, '10000': 543, '01001': 5, '00100': 93}}
Measure ON: [[ 0.93506  0.89722  0.87573  1.     ]]
Rotated ON: [[ 0.97836  0.97446  0.95515  0.99768]]
Point on the GPC surface. Proceeding.
Parameters: 
[-15.83496   9.63867]
Fitted wavefunction: 
Alpha: 0.9769191379003819, Beta: -0.15737826516939216, Gamma: 0.14443365139830566
Distance from GPC plane: 0.0013417981458257145
Total Energy: -3.288910803864404 Hartrees
----------
----------------------------------------
--- There are 013 runs in queue. -----
--- Waited 00000 minutes so far. ----
----------------------------------------
Circuit counts:{'ii0': {'10010': 11, '11011': 2, '11110': 1, '11001': 2, '10111': 1, '00000': 2394, '11101': 7, '01000': 257, '10100': 16, '01101': 58, '01011': 10, '00101': 66, '01111': 2, '00110': 1, '11100': 28, '10011': 25, '00010': 26, '01100': 61, '11010': 1, '01010': 4, '11000': 70, '10101': 26, '01110': 4, '00001': 65, '00111': 3, '00011': 77, '10001': 20, '10000': 745, '01001': 15, '00100': 98}}
Time to get backend : 7.383525371551514e-05
Time to run tomography : 941.1212923824787
Total time: 941.1213662177324
{'ii': {'11000': 70, '11110': 1, '11001': 2, '10111': 1, '00000': 2394, '01101': 58, '01110': 4, '10100': 16, '11101': 7, '01011': 10, '00101': 66, '00111': 3, '01111': 2, '00110': 1, '11100': 28, '10011': 25, '00010': 26, '10010': 11, '11010': 1, '01010': 4, '11011': 2, '10101': 26, '01000': 257, '00001': 65, '01100': 61, '00011': 77, '10001': 20, '10000': 745, '01001': 15, '00100': 98}}
Measure ON: [[ 0.95898  0.90918  0.90747  1.     ]]
Rotated ON: [[ 0.99563  0.98284  0.98239  0.99608]]
Point on the GPC surface. Proceeding.
Parameters: 
[-12.72949   5.00977]
Fitted wavefunction: 
Alpha: 0.9904991682730644, Beta: -0.12590280210422305, Gamma: 0.05531620081560739
Distance from GPC plane: 0.002260694938451068
Total Energy: -3.3108307338891265 Hartrees
----------
----------------------------------------
--- There are 013 runs in queue. -----
--- Waited 00000 minutes so far. ----
----------------------------------------
Circuit counts:{'ii0': {'11011': 1, '01011': 6, '11001': 3, '10111': 1, '00000': 2564, '11101': 6, '01000': 236, '10100': 19, '01101': 24, '00101': 29, '00111': 1, '00100': 116, '00110': 6, '11100': 18, '10011': 9, '00010': 35, '01100': 49, '01010': 2, '11000': 77, '10101': 10, '01110': 1, '00001': 52, '10010': 5, '00011': 55, '10001': 24, '10000': 737, '01001': 8, '10110': 2}}
Time to get backend : 6.905943155288696e-05
Time to run tomography : 925.5973607227206
Total time: 925.5974297821522
{'ii': {'10010': 5, '11000': 77, '01011': 6, '11001': 3, '10111': 1, '00000': 2564, '01101': 24, '01000': 236, '10100': 19, '11101': 6, '00101': 29, '10110': 2, '00110': 6, '11100': 18, '10011': 9, '00010': 35, '00111': 1, '01010': 2, '11011': 1, '10101': 10, '01110': 1, '00001': 52, '01100': 49, '00011': 55, '10001': 24, '10000': 737, '01001': 8, '00100': 116}}
Measure ON: [[ 0.96973  0.94409  0.93115  1.     ]]
Rotated ON: [[ 1.00007  1.01536  1.01816  0.99727]]
Point on the GPC surface. Proceeding.
Parameters: 
[-8.51074 -0.14648]
Fitted wavefunction: 
Alpha: 1.0, Beta: -0.0, Gamma: -0.0
Distance from GPC plane: 0.019313315259518855
Total Energy: -3.3001150759078257 Hartrees
----------
NM: Had to shrink..
[[-10.50293   3.95508]
 [-12.72949   5.00977]
 [ -8.51074  -0.14648]]
Maximum distance from centroid: 5.57411062219935
----------
----------
Step: 00, Total Energy: -3.31083073 Sigma: 2.11060574  
----------
----------
----------------------------------------
--- There are 011 runs in queue. -----
--- Waited 00000 minutes so far. ----
----------------------------------------
Circuit counts:{'ii0': {'10010': 11, '11110': 1, '10111': 1, '00000': 2507, '11101': 9, '01000': 243, '10100': 20, '11111': 1, '01101': 58, '01011': 7, '00101': 82, '01111': 1, '00110': 6, '11100': 7, '10011': 21, '00010': 36, '01100': 44, '11000': 86, '10101': 27, '01110': 4, '00001': 93, '00111': 4, '00011': 115, '10001': 14, '10000': 581, '01001': 12, '00100': 105}}
Time to get backend : 7.171928882598877e-05
Time to run tomography : 875.3413545712829
Total time: 875.3414262905717
{'ii': {'11110': 1, '10111': 1, '00000': 2507, '01101': 58, '01000': 243, '10100': 20, '11111': 1, '11101': 9, '01011': 7, '00101': 82, '00111': 4, '01111': 1, '00110': 6, '11100': 7, '10011': 21, '00010': 36, '10010': 11, '11000': 86, '10101': 27, '01110': 4, '00001': 93, '01100': 44, '00011': 115, '10001': 14, '10000': 581, '01001': 12, '00100': 105}}
Measure ON: [[ 0.94922  0.90967  0.89136  1.     ]]
Rotated ON: [[ 0.98782  0.98249  0.97268  0.99763]]
Point on the GPC surface. Proceeding.
Parameters: 
[-14.72168   9.11133]
Fitted wavefunction: 
Alpha: 0.9858458567183558, Beta: -0.1293072905337214, Gamma: 0.10671256442462121
Distance from GPC plane: 0.001366152774723309
Total Energy: -3.303657591200361 Hartrees
----------
NM: Reflection: [-14.72168   9.11133]
-3.3036575912
----------------------------------------
--- There are 014 runs in queue. -----
--- Waited 00000 minutes so far. ----
----------------------------------------
Circuit counts:{'ii0': {'10010': 7, '11000': 86, '01011': 4, '11001': 1, '00000': 2578, '11101': 12, '01000': 363, '10100': 20, '01101': 31, '00101': 54, '00100': 90, '00110': 2, '11100': 8, '10011': 11, '00010': 30, '01100': 58, '01010': 5, '11011': 5, '10101': 11, '01110': 3, '00001': 77, '00111': 2, '00011': 56, '10001': 22, '10000': 549, '01001': 10, '10110': 1}}
Time to get backend : 6.81951642036438e-05
Time to run tomography : 957.1316406577826
Total time: 957.1317088529468
{'ii': {'11000': 86, '01011': 4, '11001': 1, '00000': 2578, '11101': 12, '01000': 363, '10100': 20, '01101': 31, '00101': 54, '00111': 2, '10110': 1, '00110': 2, '11100': 8, '10011': 11, '00010': 30, '10010': 7, '01010': 5, '11011': 5, '10101': 11, '01110': 3, '00001': 77, '01100': 58, '00011': 56, '10001': 22, '10000': 549, '01001': 10, '00100': 90}}
Measure ON: [[ 0.96924  0.92871  0.92773  1.     ]]
Rotated ON: [[ 1.00148  1.00137  1.00676  0.99609]]
Point on the GPC surface. Proceeding.
Parameters: 
[-10.06348   2.16797]
Fitted wavefunction: 
Alpha: 1.0, Beta: -0.0, Gamma: 0.0
Distance from GPC plane: 0.003967479431718771
Total Energy: -3.3001150759078257 Hartrees
----------
----------------------------------------
--- There are 014 runs in queue. -----
--- Waited 00000 minutes so far. ----
----------------------------------------
Circuit counts:{'ii0': {'10010': 10, '11011': 4, '11110': 2, '11001': 3, '10111': 1, '00000': 2270, '11101': 19, '01000': 244, '10100': 33, '01101': 53, '01011': 7, '00101': 82, '00100': 86, '00110': 9, '11100': 14, '10011': 24, '00010': 40, '01100': 58, '01010': 5, '11000': 73, '10101': 16, '01110': 3, '00001': 81, '00111': 5, '00011': 85, '10001': 29, '10000': 824, '01001': 15, '10110': 1}}
Time to get backend : 7.083266973495483e-05
Time to run tomography : 964.5206749364734
Total time: 964.5207457691431
{'ii': {'11000': 73, '11110': 2, '11001': 3, '10111': 1, '00000': 2270, '01101': 53, '01110': 3, '10100': 33, '11101': 19, '01011': 7, '00101': 82, '00111': 5, '10110': 1, '00110': 9, '11100': 14, '10011': 24, '00010': 40, '10010': 10, '01010': 5, '11011': 4, '10101': 16, '01000': 244, '00001': 81, '01100': 58, '00011': 85, '10001': 29, '10000': 824, '01001': 15, '00100': 86}}
Measure ON: [[ 0.95215  0.90674  0.89648  1.     ]]
Rotated ON: [[ 0.99052  0.98041  0.97407  0.99686]]
Point on the GPC surface. Proceeding.
Parameters: 
[-13.16895   6.79688]
Fitted wavefunction: 
Alpha: 0.9864204941747422, Beta: -0.13616587300068375, Gamma: 0.09183389190282049
Distance from GPC plane: 0.0018154647566986563
Total Energy: -3.306364092716432 Hartrees
----------
NM: Contracting the triangle.
[-13.16895   6.79688]
Maximum distance from centroid: 2.787055311099675
----------
----------
Step: 01, Total Energy: -3.31083073 Sigma: 1.50077184  
----------
----------
----------------------------------------
--- There are 012 runs in queue. -----
--- Waited 00000 minutes so far. ----
----------------------------------------
Circuit counts:{'ii0': {'10010': 13, '11011': 2, '01011': 7, '11001': 1, '10111': 1, '00000': 2612, '11101': 5, '01000': 268, '10100': 24, '11111': 1, '01101': 34, '00101': 45, '01111': 2, '00110': 3, '11100': 10, '10011': 11, '00010': 27, '01100': 70, '11010': 1, '01010': 1, '11000': 39, '10101': 19, '01110': 2, '00001': 87, '00111': 4, '00011': 67, '10001': 28, '10000': 627, '01001': 6, '00100': 79}}
Time to get backend : 6.956607103347778e-05
Time to run tomography : 904.4122187048197
Total time: 904.4122882708907
{'ii': {'11000': 39, '01011': 7, '11001': 1, '10111': 1, '00000': 2612, '01101': 34, '01110': 2, '10100': 24, '11111': 1, '11101': 5, '00101': 45, '00111': 4, '01111': 2, '00110': 3, '11100': 10, '10011': 11, '00010': 27, '10010': 13, '11010': 1, '01010': 1, '11011': 2, '10101': 19, '01000': 268, '00001': 87, '01100': 70, '00011': 67, '10001': 28, '10000': 627, '01001': 6, '00100': 79}}
Measure ON: [[ 0.96533  0.927    0.92188  1.     ]]
Rotated ON: [[ 0.99861  0.9999   1.00206  0.99646]]
Point on the GPC surface. Proceeding.
Parameters: 
[-10.06348   2.16797]
Fitted wavefunction: 
Alpha: 0.9998644552471143, Beta: -0.016464238014293576, Gamma: 0.0
Distance from GPC plane: 0.0019354928498069236
Total Energy: -3.3024928554220967 Hartrees
----------
NM: Reflection: [-10.06348   2.16797]
-3.30249285542
----------------------------------------
--- There are 013 runs in queue. -----
--- Waited 00000 minutes so far. ----
----------------------------------------
Circuit counts:{'ii0': {'10010': 4, '11000': 64, '11110': 1, '11001': 3, '00000': 2546, '11101': 17, '10100': 30, '01101': 67, '01011': 8, '00101': 94, '01111': 3, '00110': 5, '11100': 11, '10011': 18, '00010': 31, '00100': 105, '01100': 48, '01010': 2, '11011': 4, '10101': 15, '01000': 237, '00001': 78, '00111': 3, '00011': 88, '10001': 19, '10000': 584, '01001': 8, '10110': 3}}
Time to get backend : 7.048994302749634e-05
Time to run tomography : 928.3598417043686
Total time: 928.3599121943116
{'ii': {'10110': 3, '11000': 64, '11110': 1, '11001': 3, '00000': 2546, '01101': 67, '10100': 30, '11101': 17, '01011': 8, '00101': 94, '00111': 3, '01111': 3, '00110': 5, '11100': 11, '10011': 18, '00010': 31, '10010': 4, '01010': 2, '11011': 4, '10101': 15, '01000': 237, '00001': 78, '01100': 48, '00011': 88, '10001': 19, '10000': 584, '01001': 8, '00100': 105}}
Measure ON: [[ 0.9585   0.90186  0.89624  1.     ]]
Rotated ON: [[ 0.99581  0.9721   0.9713   0.99661]]
Point on the GPC surface. Proceeding.
Parameters: 
[-12.39258   5.63965]
Fitted wavefunction: 
Alpha: 0.9849711467507408, Beta: -0.1636215046146973, Gamma: 0.05531585031573829
Distance from GPC plane: 0.0019584869983925173
Total Energy: -3.3070469237152924 Hartrees
----------
----------------------------------------
--- There are 016 runs in queue. -----
--- Waited 00000 minutes so far. ----
----------------------------------------
Circuit counts:{'ii0': {'11000': 54, '01011': 8, '11001': 2, '00000': 2565, '11101': 8, '01000': 265, '10100': 14, '01101': 29, '00101': 59, '01111': 1, '00110': 8, '11100': 17, '10011': 23, '00010': 31, '00100': 87, '10010': 10, '01010': 3, '11011': 3, '10101': 19, '01110': 3, '00001': 95, '01100': 46, '00011': 59, '10001': 20, '10000': 660, '01001': 6, '10110': 1}}
Time to get backend : 6.977468729019165e-05
Time to run tomography : 423.6838249862194
Total time: 423.6838947609067
{'ii': {'11000': 54, '01011': 8, '11001': 2, '00000': 2565, '01101': 29, '01000': 265, '10100': 14, '11101': 8, '10110': 1, '00110': 8, '01111': 1, '00101': 59, '11100': 17, '10011': 23, '00010': 31, '01100': 46, '01010': 3, '11011': 3, '10101': 19, '01110': 3, '00001': 95, '10010': 10, '00011': 59, '10001': 20, '10000': 660, '01001': 6, '00100': 87}}
Measure ON: [[ 0.96338  0.92871  0.91895  1.     ]]
Rotated ON: [[ 0.99686  1.0013   1.00127  0.99689]]
Point on the GPC surface. Proceeding.
Parameters: 
[-10.83984   3.3252 ]
Fitted wavefunction: 
Alpha: 0.9993824178278217, Beta: -0.02518434238536667, Gamma: 0.02450575106447481
Distance from GPC plane: 0.0032985445376615104
Total Energy: -3.307037308108061 Hartrees
----------
NM: Contracting the triangle.
[-12.39258   5.63965]
Maximum distance from centroid: 1.3935276555498375
----------
----------
Step: 02, Total Energy: -3.31083073 Sigma: 1.14333035  
----------
----------
----------------------------------------
--- There are 016 runs in queue. -----
--- Waited 00000 minutes so far. ----
----------------------------------------
----------------------------------------
--- There are 016 runs in queue. -----
--- Waited 00005 minutes so far. ----
----------------------------------------
----------------------------------------
--- There are 011 runs in queue. -----
--- Waited 00010 minutes so far. ----
----------------------------------------
Circuit counts:{'ii0': {'10010': 9, '01011': 5, '11001': 4, '10111': 1, '00000': 2602, '11101': 7, '01000': 264, '10100': 25, '01101': 41, '00101': 65, '01111': 1, '00110': 2, '11100': 14, '10011': 12, '00010': 26, '00100': 103, '01100': 68, '01010': 3, '11000': 64, '10101': 18, '01110': 1, '00001': 65, '00111': 5, '00011': 58, '10001': 19, '10000': 604, '01001': 7, '10110': 3}}
Time to get backend : 7.139146327972412e-05
Time to run tomography : 914.2585804313421
Total time: 914.2586518228054
{'ii': {'01011': 5, '11001': 4, '10111': 1, '00000': 2602, '01101': 41, '01000': 264, '10100': 25, '11101': 7, '10110': 3, '00101': 65, '00111': 5, '01111': 1, '00110': 2, '11100': 14, '10011': 12, '00010': 26, '10010': 9, '01010': 3, '11000': 64, '10101': 18, '01110': 1, '00001': 65, '01100': 68, '00011': 58, '10001': 19, '10000': 604, '01001': 7, '00100': 103}}
Measure ON: [[ 0.96924  0.9248   0.91357  1.     ]]
Rotated ON: [[ 1.0015   0.99185  0.99605  0.99731]]
Point on the GPC surface. Proceeding.
Parameters: 
[-10.83984   3.3252 ]
Fitted wavefunction: 
Alpha: 0.9968707793002716, Beta: -0.07651121361337891, Gamma: 0.01986664462552751
Distance from GPC plane: 0.003289370177808226
Total Energy: -3.310160574619321 Hartrees
----------
Really long run time. Not good.
NM: Reflection: [-10.83984   3.3252 ]
-3.31016057462
NM: Reflected point is soso.
Maximum distance from centroid: 1.2992181407493497
----------
----------
Step: 03, Total Energy: -3.31083073 Sigma: 1.13196031  
----------
----------
----------------------------------------
--- There are 013 runs in queue. -----
--- Waited 00000 minutes so far. ----
----------------------------------------
Circuit counts:{'ii0': {'10010': 8, '11110': 1, '11001': 1, '10111': 2, '00000': 2456, '11101': 16, '01000': 236, '10100': 21, '01101': 54, '01011': 13, '00101': 103, '01111': 2, '00110': 9, '11100': 28, '10011': 15, '00010': 40, '01100': 72, '11010': 1, '01010': 4, '11000': 69, '10101': 10, '01110': 3, '00001': 55, '00111': 1, '00011': 69, '10001': 25, '10000': 670, '01001': 4, '00100': 108}}
Time to get backend : 0.00013781338930130005
Time to run tomography : 887.2742411270738
Total time: 887.2743789404631
{'ii': {'11110': 1, '11001': 1, '10111': 2, '00000': 2456, '01101': 54, '01110': 3, '10100': 21, '11101': 16, '01011': 13, '00101': 103, '00111': 1, '01111': 2, '00110': 9, '11100': 28, '10011': 15, '00010': 40, '10010': 8, '11010': 1, '01010': 4, '11000': 69, '10101': 10, '01000': 236, '00001': 55, '01100': 72, '00011': 69, '10001': 25, '10000': 670, '01001': 4, '00100': 108}}
Measure ON: [[ 0.95898  0.90967  0.89502  1.     ]]
Rotated ON: [[ 0.99517  0.97774  0.97536  0.99755]]
Point on the GPC surface. Proceeding.
Parameters: 
[-13.06641   4.37988]
Fitted wavefunction: 
Alpha: 0.9871897619129104, Beta: -0.14644123725577, Gamma: 0.0633351245781556
Distance from GPC plane: 0.0014148165763385823
Total Energy: -3.308804982472404 Hartrees
----------
NM: Reflection: [-13.06641   4.37988]
-3.30880498247
----------------------------------------
--- There are 019 runs in queue. -----
--- Waited 00000 minutes so far. ----
----------------------------------------
----------------------------------------
--- There are 019 runs in queue. -----
--- Waited 00005 minutes so far. ----
----------------------------------------
----------------------------------------
--- There are 019 runs in queue. -----
--- Waited 00010 minutes so far. ----
----------------------------------------
----------------------------------------
--- There are 019 runs in queue. -----
--- Waited 00015 minutes so far. ----
----------------------------------------
----------------------------------------
--- There are 019 runs in queue. -----
--- Waited 00020 minutes so far. ----
----------------------------------------
----------------------------------------
--- There are 019 runs in queue. -----
--- Waited 00025 minutes so far. ----
----------------------------------------
----------------------------------------
--- There are 018 runs in queue. -----
--- Waited 00030 minutes so far. ----
----------------------------------------
----------------------------------------
--- There are 019 runs in queue. -----
--- Waited 00035 minutes so far. ----
----------------------------------------
----------------------------------------
--- There are 019 runs in queue. -----
--- Waited 00040 minutes so far. ----
----------------------------------------
----------------------------------------
--- There are 019 runs in queue. -----
--- Waited 00045 minutes so far. ----
----------------------------------------
----------------------------------------
--- There are 018 runs in queue. -----
--- Waited 00050 minutes so far. ----
----------------------------------------
----------------------------------------
--- There are 016 runs in queue. -----
--- Waited 00055 minutes so far. ----
----------------------------------------
----------------------------------------
--- There are 017 runs in queue. -----
--- Waited 00060 minutes so far. ----
----------------------------------------
Circuit counts:{'ii0': {'10010': 7, '11000': 46, '11110': 2, '11001': 5, '10111': 3, '00000': 2522, '11101': 17, '01000': 148, '10100': 26, '11111': 1, '01101': 40, '01011': 8, '00101': 84, '01111': 1, '00110': 9, '11100': 10, '10011': 16, '00010': 32, '00100': 86, '01100': 51, '11010': 1, '01010': 2, '11011': 1, '10101': 17, '01110': 2, '00001': 167, '00111': 3, '00011': 79, '10001': 46, '10000': 651, '01001': 11, '10110': 2}}
Time to get backend : 7.224828004837036e-05
Time to run tomography : 1051.8529794290662
Total time: 1051.8530516773462
{'ii': {'10110': 2, '11011': 1, '11110': 2, '11001': 5, '10111': 3, '00000': 2522, '01101': 40, '01110': 2, '10100': 26, '11111': 1, '11101': 17, '01011': 8, '00101': 84, '00111': 3, '01111': 1, '00110': 9, '11100': 10, '10011': 16, '00010': 32, '10010': 7, '11010': 1, '01010': 2, '11000': 46, '10101': 17, '01000': 148, '00001': 167, '01100': 51, '00011': 79, '10001': 46, '10000': 651, '01001': 11, '00100': 86}}
Measure ON: [[ 0.95874  0.91357  0.87817  1.     ]]
Rotated ON: [[ 0.99397  0.97369  0.96781  0.99985]]
Point on the GPC surface. Proceeding.
Parameters: 
[-11.1438    4.06128]
Fitted wavefunction: 
Alpha: 0.9837462646634264, Beta: -0.16204688482664703, Gamma: 0.07735692521510489
Distance from GPC plane: 8.660467082527089e-05
Total Energy: -3.3058158855305866 Hartrees
----------
Really long run time. Not good.
----------------------------------------
--- There are 020 runs in queue. -----
--- Waited 00000 minutes so far. ----
----------------------------------------
----------------------------------------
--- There are 013 runs in queue. -----
--- Waited 00005 minutes so far. ----
----------------------------------------
----------------------------------------
--- There are 018 runs in queue. -----
--- Waited 00010 minutes so far. ----
----------------------------------------
----------------------------------------
--- There are 016 runs in queue. -----
--- Waited 00015 minutes so far. ----
----------------------------------------
----------------------------------------
--- There are 015 runs in queue. -----
--- Waited 00020 minutes so far. ----
----------------------------------------
Circuit counts:{'ii0': {'10010': 10, '11000': 71, '01011': 10, '11001': 1, '00000': 2523, '11101': 11, '01000': 245, '10100': 15, '11111': 2, '01101': 38, '00101': 85, '01111': 1, '00110': 6, '11100': 5, '10011': 25, '00010': 36, '00100': 104, '01100': 57, '01010': 3, '11011': 1, '10101': 25, '01110': 1, '00001': 75, '00111': 4, '00011': 72, '10001': 22, '10000': 638, '01001': 9, '10110': 1}}
Time to get backend : 7.285922765731812e-05
Time to run tomography : 982.3050127029419
Total time: 982.3050855621696
{'ii': {'11000': 71, '01011': 10, '11001': 1, '00000': 2523, '01101': 38, '01110': 1, '10100': 15, '11111': 2, '11101': 11, '10110': 1, '00101': 85, '00111': 4, '01111': 1, '00110': 6, '11100': 5, '10011': 25, '00010': 36, '10010': 10, '01010': 3, '11011': 1, '10101': 25, '01000': 245, '00001': 75, '01100': 57, '00011': 72, '10001': 22, '10000': 638, '01001': 9, '00100': 104}}
Measure ON: [[ 0.95801  0.91333  0.90698  1.     ]]
Rotated ON: [[ 0.99439  0.98672  0.98458  0.99652]]
Point on the GPC surface. Proceeding.
Parameters: 
[-12.42554   4.27368]
Fitted wavefunction: 
Alpha: 0.9916758712815407, Beta: -0.11010850891976187, Gamma: 0.0667464050077904
Distance from GPC plane: 0.002006661528356966
Total Energy: -3.31101980441791 Hartrees
----------
Really long run time. Not good.
NM: Contracting the triangle.
[-12.42554   4.27368]
Maximum distance from centroid: 2.1800795786992366
----------
----------
Step: 04, Total Energy: -3.31101980 Sigma: 1.00107780  
----------
----------
----------------------------------------
--- There are 031 runs in queue. -----
--- Waited 00000 minutes so far. ----
----------------------------------------
----------------------------------------
--- There are 035 runs in queue. -----
--- Waited 00005 minutes so far. ----
----------------------------------------
----------------------------------------
--- There are 042 runs in queue. -----
--- Waited 00010 minutes so far. ----
----------------------------------------
----------------------------------------
--- There are 040 runs in queue. -----
--- Waited 00015 minutes so far. ----
----------------------------------------
----------------------------------------
--- There are 038 runs in queue. -----
--- Waited 00020 minutes so far. ----
----------------------------------------
----------------------------------------
--- There are 037 runs in queue. -----
--- Waited 00025 minutes so far. ----
----------------------------------------
----------------------------------------
--- There are 035 runs in queue. -----
--- Waited 00030 minutes so far. ----
----------------------------------------
----------------------------------------
--- There are 034 runs in queue. -----
--- Waited 00035 minutes so far. ----
----------------------------------------
Might have run into an error.
Couldn't get backend status: ('Connection aborted.', RemoteDisconnected('Remote end closed connection without response',))
Waiting a bit...3 minutes.
----------
----------
Step: 05, Total Energy: -3.31101980 Sigma: 1.00107780  
----------
----------
Error in run. Saving optimization object to file.
Optimizing the orbitals.
Initializing the Nelder-Mead optimization class.
---------- 
Step:-01, Init. Energy: -3.31160885 Hartrees
Step: 00, Total Energy: -3.31160885 Sigma: 5.40934416  
Step: 01, Total Energy: -3.31160885 Sigma: 5.37577567  
Step: 02, Total Energy: -3.31160885 Sigma: 5.10766337  
Step: 03, Total Energy: -3.31160885 Sigma: 5.29263906  
Step: 04, Total Energy: -3.31160885 Sigma: 5.30425305  
Step: 05, Total Energy: -3.31160885 Sigma: 5.33262778  
Step: 06, Total Energy: -3.31160885 Sigma: 4.98838932  
Step: 07, Total Energy: -3.31160885 Sigma: 4.82228643  
Step: 08, Total Energy: -3.31160885 Sigma: 4.87294544  
Step: 09, Total Energy: -3.31160885 Sigma: 4.88483138  
Step: 10, Total Energy: -3.31160885 Sigma: 4.91482391  
Step: 11, Total Energy: -3.31160885 Sigma: 4.98344505  
Step: 12, Total Energy: -3.31160885 Sigma: 4.99379547  
Step: 13, Total Energy: -3.31160885 Sigma: 4.91604019  
Step: 14, Total Energy: -3.31160885 Sigma: 4.78776954  
Step: 15, Total Energy: -3.31160885 Sigma: 4.81283342  
Step: 16, Total Energy: -3.31160885 Sigma: 4.92251294  
Step: 17, Total Energy: -3.31160885 Sigma: 4.98381910  
Step: 18, Total Energy: -3.31160885 Sigma: 4.93536441  
Step: 19, Total Energy: -3.31160885 Sigma: 5.26208573  
Step: 20, Total Energy: -3.31160885 Sigma: 4.99925981  
Step: 21, Total Energy: -3.31160885 Sigma: 4.95518954  
Step: 22, Total Energy: -3.31160885 Sigma: 4.40667228  
Step: 23, Total Energy: -3.31160885 Sigma: 4.38148492  
Step: 24, Total Energy: -3.31160885 Sigma: 4.60397843  
Step: 25, Total Energy: -3.31160885 Sigma: 3.42997106  
Step: 26, Total Energy: -3.31160885 Sigma: 2.86497675  
Step: 27, Total Energy: -3.31160885 Sigma: 2.21029739  
Step: 28, Total Energy: -3.31160885 Sigma: 2.31024517  
Step: 29, Total Energy: -3.31160885 Sigma: 2.13027165  
Step: 30, Total Energy: -3.31160885 Sigma: 2.09997025  
Step: 31, Total Energy: -3.31160885 Sigma: 2.14557495  
Step: 32, Total Energy: -3.31160885 Sigma: 2.10977006  
Step: 33, Total Energy: -3.31160885 Sigma: 1.85220884  
Step: 34, Total Energy: -3.31160885 Sigma: 1.86200506  
Step: 35, Total Energy: -3.31160885 Sigma: 1.82967667  
Step: 36, Total Energy: -3.31160885 Sigma: 1.77167432  
Step: 37, Total Energy: -3.31160885 Sigma: 1.89478717  
Step: 38, Total Energy: -3.31160885 Sigma: 1.91915707  
Step: 39, Total Energy: -3.31160885 Sigma: 1.78680524  
Step: 40, Total Energy: -3.31160885 Sigma: 1.22352256  
Step: 41, Total Energy: -3.31160885 Sigma: 1.53448227  
Step: 42, Total Energy: -3.31160885 Sigma: 1.51592143  
Step: 43, Total Energy: -3.31160885 Sigma: 1.67954232  
Step: 44, Total Energy: -3.31160885 Sigma: 1.41321992  
Step: 45, Total Energy: -3.31160885 Sigma: 1.41318595  
Step: 46, Total Energy: -3.31160885 Sigma: 1.40075959  
Step: 47, Total Energy: -3.31160885 Sigma: 1.46509694  
Step: 48, Total Energy: -3.31160885 Sigma: 1.46072856  
Step: 49, Total Energy: -3.31160885 Sigma: 1.37462091  
Step: 50, Total Energy: -3.31160885 Sigma: 1.37509096  
Step: 51, Total Energy: -3.31160885 Sigma: 1.36202723  
Step: 52, Total Energy: -3.31160885 Sigma: 1.35136325  
Step: 53, Total Energy: -3.31160885 Sigma: 1.28662767  
Step: 54, Total Energy: -3.31160885 Sigma: 1.26462776  
Step: 55, Total Energy: -3.31160885 Sigma: 1.23819929  
Step: 56, Total Energy: -3.31160885 Sigma: 1.15731272  
Step: 57, Total Energy: -3.31160885 Sigma: 1.03646951  
Step: 58, Total Energy: -3.31160885 Sigma: 1.01722563  
Step: 59, Total Energy: -3.31160885 Sigma: 0.98470221  
Step: 60, Total Energy: -3.31160885 Sigma: 0.78394555  
Step: 61, Total Energy: -3.31160885 Sigma: 0.78931550  
Step: 62, Total Energy: -3.31160885 Sigma: 0.82159543  
Step: 63, Total Energy: -3.31160885 Sigma: 0.82576985  
Step: 64, Total Energy: -3.31160885 Sigma: 0.82972284  
Step: 65, Total Energy: -3.31160950 Sigma: 0.36601741  
Step: 66, Total Energy: -3.31160995 Sigma: 0.34846527  
Step: 67, Total Energy: -3.31161025 Sigma: 0.36841268  
Step: 68, Total Energy: -3.31161025 Sigma: 0.38126084  
Step: 69, Total Energy: -3.31161029 Sigma: 0.36476829  
Step: 70, Total Energy: -3.31161076 Sigma: 0.36737664  
Step: 71, Total Energy: -3.31161076 Sigma: 0.34155332  
Step: 72, Total Energy: -3.31161076 Sigma: 0.24812885  
Step: 73, Total Energy: -3.31161076 Sigma: 0.20234802  
Step: 74, Total Energy: -3.31161077 Sigma: 0.07127470  
Step: 75, Total Energy: -3.31161077 Sigma: 0.08063969  
Step: 76, Total Energy: -3.31161084 Sigma: 0.08487551  
Step: 77, Total Energy: -3.31161084 Sigma: 0.08644836  
Step: 78, Total Energy: -3.31161084 Sigma: 0.09000707  
Step: 79, Total Energy: -3.31161104 Sigma: 0.08697461  
Step: 80, Total Energy: -3.31161104 Sigma: 0.08720265  
Step: 81, Total Energy: -3.31161107 Sigma: 0.07370710  
Step: 82, Total Energy: -3.31161113 Sigma: 0.07797669  
Step: 83, Total Energy: -3.31161113 Sigma: 0.09589249  
Step: 84, Total Energy: -3.31161113 Sigma: 0.09529679  
Step: 85, Total Energy: -3.31161113 Sigma: 0.09419695  
Step: 86, Total Energy: -3.31161113 Sigma: 0.04934586  
Step: 87, Total Energy: -3.31161113 Sigma: 0.05199702  
Step: 88, Total Energy: -3.31161113 Sigma: 0.04705728  
Step: 89, Total Energy: -3.31161115 Sigma: 0.05249947  
Step: 90, Total Energy: -3.31161115 Sigma: 0.05455200  
Step: 91, Total Energy: -3.31161117 Sigma: 0.05390811  
Step: 92, Total Energy: -3.31161118 Sigma: 0.04087432  
Step: 93, Total Energy: -3.31161118 Sigma: 0.04125607  
Step: 94, Total Energy: -3.31161118 Sigma: 0.01391878  
Step: 95, Total Energy: -3.31161118 Sigma: 0.01283336  
Step: 96, Total Energy: -3.31161119 Sigma: 0.01337483  
Step: 97, Total Energy: -3.31161119 Sigma: 0.01354788  
Step: 98, Total Energy: -3.31161119 Sigma: 0.00798651  
Step: 99, Total Energy: -3.31161119 Sigma: 0.00635424  
Step: 100, Total Energy: -3.31161119 Sigma: 0.00673371  
Step: 101, Total Energy: -3.31161119 Sigma: 0.00717613  
Step: 102, Total Energy: -3.31161119 Sigma: 0.00674336  
Step: 103, Total Energy: -3.31161119 Sigma: 0.00765519  
Step: 104, Total Energy: -3.31161120 Sigma: 0.00739499  
Step: 105, Total Energy: -3.31161120 Sigma: 0.00693431  
Step: 106, Total Energy: -3.31161120 Sigma: 0.00687736  
Step: 107, Total Energy: -3.31161120 Sigma: 0.00673440  
Step: 108, Total Energy: -3.31161120 Sigma: 0.00682909  
Step: 109, Total Energy: -3.31161120 Sigma: 0.00704432  
Step: 110, Total Energy: -3.31161120 Sigma: 0.00227107  
Step: 111, Total Energy: -3.31161120 Sigma: 0.00246293  
Step: 112, Total Energy: -3.31161120 Sigma: 0.00117375  
Step: 113, Total Energy: -3.31161120 Sigma: 0.00079180  
Step: 114, Total Energy: -3.31161120 Sigma: 0.00097918  
Step: 115, Total Energy: -3.31161120 Sigma: 0.00113446  
Step: 116, Total Energy: -3.31161120 Sigma: 0.00123565  
Step: 117, Total Energy: -3.31161120 Sigma: 0.00138518  
Step: 118, Total Energy: -3.31161120 Sigma: 0.00142806  
Step: 119, Total Energy: -3.31161120 Sigma: 0.00140335  
Step: 120, Total Energy: -3.31161120 Sigma: 0.00133345  
Step: 121, Total Energy: -3.31161120 Sigma: 0.00129191  
Step: 122, Total Energy: -3.31161120 Sigma: 0.00252384  
Step: 123, Total Energy: -3.31161120 Sigma: 0.00241790  
Step: 124, Total Energy: -3.31161120 Sigma: 0.00233219  
Step: 125, Total Energy: -3.31161120 Sigma: 0.00269356  
Step: 126, Total Energy: -3.31161120 Sigma: 0.00273336  
Step: 127, Total Energy: -3.31161120 Sigma: 0.00263076  
Step: 128, Total Energy: -3.31161120 Sigma: 0.00235982  
Step: 129, Total Energy: -3.31161121 Sigma: 0.00244038  
Step: 130, Total Energy: -3.31161121 Sigma: 0.00333291  
Step: 131, Total Energy: -3.31161121 Sigma: 0.00335846  
Step: 132, Total Energy: -3.31161121 Sigma: 0.00314310  
Step: 133, Total Energy: -3.31161121 Sigma: 0.00219372  
Step: 134, Total Energy: -3.31161121 Sigma: 0.00226138  
Step: 135, Total Energy: -3.31161121 Sigma: 0.00108067  
Step: 136, Total Energy: -3.31161121 Sigma: 0.00100362  
Step: 137, Total Energy: -3.31161121 Sigma: 0.00079484  
Step: 138, Total Energy: -3.31161121 Sigma: 0.00081753  
Step: 139, Total Energy: -3.31161121 Sigma: 0.00083176  
Step: 140, Total Energy: -3.31161121 Sigma: 0.00124973  
Step: 141, Total Energy: -3.31161121 Sigma: 0.00128290  
Step: 142, Total Energy: -3.31161121 Sigma: 0.00120810  
Step: 143, Total Energy: -3.31161121 Sigma: 0.00083610  
Step: 144, Total Energy: -3.31161121 Sigma: 0.00078677  
Step: 145, Total Energy: -3.31161121 Sigma: 0.00073899  
Step: 146, Total Energy: -3.31161121 Sigma: 0.00072706  
Step: 147, Total Energy: -3.31161121 Sigma: 0.00071633  
Step: 148, Total Energy: -3.31161121 Sigma: 0.00052274  
Step: 149, Total Energy: -3.31161121 Sigma: 0.00051362  
Step: 150, Total Energy: -3.31161121 Sigma: 0.00051476  
Step: 151, Total Energy: -3.31161121 Sigma: 0.00037016  
Step: 152, Total Energy: -3.31161121 Sigma: 0.00035145  
Step: 153, Total Energy: -3.31161121 Sigma: 0.00034750  
Step: 154, Total Energy: -3.31161121 Sigma: 0.00034559  
Step: 155, Total Energy: -3.31161121 Sigma: 0.00030209  
Step: 156, Total Energy: -3.31161121 Sigma: 0.00030406  
Step: 157, Total Energy: -3.31161121 Sigma: 0.00030125  
Step: 158, Total Energy: -3.31161121 Sigma: 0.00030174  
Step: 159, Total Energy: -3.31161121 Sigma: 0.00030170  
Step: 160, Total Energy: -3.31161121 Sigma: 0.00030002  
Step: 161, Total Energy: -3.31161121 Sigma: 0.00029354  
Step: 162, Total Energy: -3.31161121 Sigma: 0.00029112  
Step: 163, Total Energy: -3.31161121 Sigma: 0.00029172  
Step: 164, Total Energy: -3.31161121 Sigma: 0.00028592  
Step: 165, Total Energy: -3.31161121 Sigma: 0.00030386  
Step: 166, Total Energy: -3.31161121 Sigma: 0.00030627  
Step: 167, Total Energy: -3.31161121 Sigma: 0.00029147  
Step: 168, Total Energy: -3.31161121 Sigma: 0.00023027  
Step: 169, Total Energy: -3.31161121 Sigma: 0.00022728  
Step: 170, Total Energy: -3.31161121 Sigma: 0.00019259  
Step: 171, Total Energy: -3.31161121 Sigma: 0.00018894  
Step: 172, Total Energy: -3.31161121 Sigma: 0.00017419  
Step: 173, Total Energy: -3.31161121 Sigma: 0.00017317  
Step: 174, Total Energy: -3.31161121 Sigma: 0.00011676  
Step: 175, Total Energy: -3.31161121 Sigma: 0.00011393  
Step: 176, Total Energy: -3.31161121 Sigma: 0.00010251  
Step: 177, Total Energy: -3.31161121 Sigma: 0.00010085  
Step: 178, Total Energy: -3.31161121 Sigma: 0.00010023  
Step: 179, Total Energy: -3.31161121 Sigma: 0.00009901  
Criteria met for convergence.
----------
Checking orbital and occupation energies for convergence...
----------
Total number of iterations: 1
##########
ERROR: encountered some error along the way. Run is likely
not fully converged. Check what went wrong.
##########
------------------------------
------------------------------
## Energy Evaluation ## 
Final energy                : -3.31185839 Hartrees
Final sigma                 : 0.00024954

Hartree Fock Energy         : -3.29552517 Hartrees
Full CI energy              : -3.31203374 Hartrees
Difference in target and FCI  :  0.17535 mHartrees
----------
Correlation energy recovered: -16.33322 mHartrees
Correlation energy recovered: 98.938 %
------------------------------
------------------------------
Wavefunction (Hamiltonian basis):
 |110100>: 0.9934503983484834
 |011001>: 0.039793620499135804
 |101010>: -0.10711103486014127
----------
1-Electron Reduced Density Matrix:
[[ 0.99842+0.j  0.00000+0.j  0.00000+0.j  0.00000+0.j  0.00000+0.j
   0.00000+0.j]
 [ 0.00000+0.j  0.98853+0.j  0.00000+0.j  0.00000+0.j  0.00000+0.j
   0.00000+0.j]
 [ 0.00000+0.j  0.00000+0.j  0.01306+0.j  0.00000+0.j  0.00000+0.j
   0.00000+0.j]
 [ 0.00000+0.j  0.00000+0.j  0.00000+0.j  0.98694+0.j  0.00000+0.j
   0.00000+0.j]
 [ 0.00000+0.j  0.00000+0.j  0.00000+0.j  0.00000+0.j  0.01147+0.j
   0.00000+0.j]
 [ 0.00000+0.j  0.00000+0.j  0.00000+0.j  0.00000+0.j  0.00000+0.j
   0.00158+0.j]]
Total orbital energy evaluations   : 1155
Total occupation energy evaluations: 126
