0.00000 0.08594 0.00391
-0.00586 0.10547 0.01172
-0.04004 0.08301 0.01172
-0.05566 0.12500 -0.00488
-0.02734 0.09082 -0.01172
0.01074 0.09082 -0.01074
-0.05273 0.10742 -0.00879
-0.03906 0.08789 -0.02148
-0.06543 0.11914 0.00391
-0.07617 0.11035 0.00195
-0.01758 0.08691 -0.00684
0.00098 0.07520 0.01758
-0.04492 0.08008 0.02051
-0.06836 0.12402 0.00488
-0.06738 0.10547 -0.01660
-0.03711 0.09570 0.02930
-0.01953 0.05762 0.01953
-0.04395 0.07715 -0.01172
-0.04102 0.05371 0.03711
-0.03809 0.07617 0.01172
-0.01953 0.04102 0.02441
-0.02637 0.06543 -0.00586
-0.05566 0.07520 0.02051
0.01367 0.02734 0.06250
-0.02930 0.05566 0.01953

###### run details ######

# backend = ibmqx4
# shots   = 1024
# order   = default

###### angles and order used ##### 

0.0 0.0 0.0 0 2 0 1 2 1
0.0 0.0 0.196349540849 0 2 0 1 2 1
0.0 0.0 0.392699081699 0 2 0 1 2 1
0.0 0.0 0.589048622548 0 2 0 1 2 1
0.0 0.0 0.785398163397 0 2 0 1 2 1
0.0 0.196349540849 0.0 0 2 0 1 2 1
0.0 0.196349540849 0.196349540849 0 2 0 1 2 1
0.0 0.196349540849 0.392699081699 0 2 0 1 2 1
0.0 0.196349540849 0.589048622548 0 2 0 1 2 1
0.0 0.196349540849 0.785398163397 0 2 0 1 2 1
0.0 0.392699081699 0.0 0 2 0 1 2 1
0.0 0.392699081699 0.196349540849 0 2 0 1 2 1
0.0 0.392699081699 0.392699081699 0 2 0 1 2 1
0.0 0.392699081699 0.589048622548 0 2 0 1 2 1
0.0 0.392699081699 0.785398163397 0 2 0 1 2 1
0.0 0.589048622548 0.0 0 2 0 1 2 1
0.0 0.589048622548 0.196349540849 0 2 0 1 2 1
0.0 0.589048622548 0.392699081699 0 2 0 1 2 1
0.0 0.589048622548 0.589048622548 0 2 0 1 2 1
0.0 0.589048622548 0.785398163397 0 2 0 1 2 1
0.0 0.785398163397 0.0 0 2 0 1 2 1
0.0 0.785398163397 0.196349540849 0 2 0 1 2 1
0.0 0.785398163397 0.392699081699 0 2 0 1 2 1
0.0 0.785398163397 0.589048622548 0 2 0 1 2 1
0.0 0.785398163397 0.785398163397 0 2 0 1 2 1
