-0.03516 0.08105 0.01074
-0.08203 0.05762 -0.01855
-0.06738 0.06934 0.01074
-0.06934 0.04395 0.01758
-0.04980 0.01660 0.01367
-0.01270 0.06250 -0.00781
-0.01758 0.06445 0.02246
-0.04102 0.06152 0.01660
-0.07227 0.05664 0.00391
-0.08887 0.06836 -0.00488
0.00391 0.08691 0.01270
-0.01855 0.06445 0.00586
-0.02637 0.03711 0.03711
-0.06250 0.05762 0.01562
-0.04883 0.03223 0.01855
0.04883 0.05664 0.02832
0.02344 0.07617 0.00879
-0.01758 0.04102 0.02539
-0.01660 0.06836 0.03711
-0.06055 0.07129 0.03027
0.06250 0.06250 0.02539
0.04590 0.04883 0.04883
0.01758 0.05762 0.02539
-0.03516 0.03320 0.02051
-0.05664 0.04590 0.02637

###### run details ######

# backend = ibmqx4
# shots   = 1024
# order   = default

###### angles and order used ##### 

0.785398163397 0.0 0.0 0 2 0 1 2 1
0.785398163397 0.0 0.196349540849 0 2 0 1 2 1
0.785398163397 0.0 0.392699081699 0 2 0 1 2 1
0.785398163397 0.0 0.589048622548 0 2 0 1 2 1
0.785398163397 0.0 0.785398163397 0 2 0 1 2 1
0.785398163397 0.196349540849 0.0 0 2 0 1 2 1
0.785398163397 0.196349540849 0.196349540849 0 2 0 1 2 1
0.785398163397 0.196349540849 0.392699081699 0 2 0 1 2 1
0.785398163397 0.196349540849 0.589048622548 0 2 0 1 2 1
0.785398163397 0.196349540849 0.785398163397 0 2 0 1 2 1
0.785398163397 0.392699081699 0.0 0 2 0 1 2 1
0.785398163397 0.392699081699 0.196349540849 0 2 0 1 2 1
0.785398163397 0.392699081699 0.392699081699 0 2 0 1 2 1
0.785398163397 0.392699081699 0.589048622548 0 2 0 1 2 1
0.785398163397 0.392699081699 0.785398163397 0 2 0 1 2 1
0.785398163397 0.589048622548 0.0 0 2 0 1 2 1
0.785398163397 0.589048622548 0.196349540849 0 2 0 1 2 1
0.785398163397 0.589048622548 0.392699081699 0 2 0 1 2 1
0.785398163397 0.589048622548 0.589048622548 0 2 0 1 2 1
0.785398163397 0.589048622548 0.785398163397 0 2 0 1 2 1
0.785398163397 0.785398163397 0.0 0 2 0 1 2 1
0.785398163397 0.785398163397 0.196349540849 0 2 0 1 2 1
0.785398163397 0.785398163397 0.392699081699 0 2 0 1 2 1
0.785398163397 0.785398163397 0.589048622548 0 2 0 1 2 1
0.785398163397 0.785398163397 0.785398163397 0 2 0 1 2 1
