-0.02246 0.10059 0.00293
-0.03320 0.07617 -0.02344
-0.05273 0.10645 -0.01074
-0.05957 0.06934 -0.01953
-0.05566 0.09082 -0.00586
-0.01758 0.09570 0.01465
-0.01660 0.08301 0.01465
-0.09180 0.11816 -0.02148
-0.05273 0.08398 -0.00879
-0.08301 0.11719 -0.01465
-0.00879 0.11230 0.00000
-0.01660 0.09863 0.04297
-0.02734 0.09570 0.03027
-0.04199 0.09570 0.00098
-0.05176 0.09082 -0.01172
0.03223 0.09082 0.02539
-0.02246 0.08789 0.01465
-0.02051 0.10547 0.00293
-0.04590 0.06934 0.00977
-0.03516 0.05664 0.02246
0.03320 0.08203 0.01660
0.01562 0.06836 0.01270
-0.00293 0.06738 0.03320
-0.01660 0.06348 0.02539
-0.04102 0.08105 0.00879

###### run details ######

# backend = ibmqx4
# shots   = 1024
# order   = default

###### angles and order used ##### 

0.392699081699 0.0 0.0 0 2 0 1 2 1
0.392699081699 0.0 0.196349540849 0 2 0 1 2 1
0.392699081699 0.0 0.392699081699 0 2 0 1 2 1
0.392699081699 0.0 0.589048622548 0 2 0 1 2 1
0.392699081699 0.0 0.785398163397 0 2 0 1 2 1
0.392699081699 0.196349540849 0.0 0 2 0 1 2 1
0.392699081699 0.196349540849 0.196349540849 0 2 0 1 2 1
0.392699081699 0.196349540849 0.392699081699 0 2 0 1 2 1
0.392699081699 0.196349540849 0.589048622548 0 2 0 1 2 1
0.392699081699 0.196349540849 0.785398163397 0 2 0 1 2 1
0.392699081699 0.392699081699 0.0 0 2 0 1 2 1
0.392699081699 0.392699081699 0.196349540849 0 2 0 1 2 1
0.392699081699 0.392699081699 0.392699081699 0 2 0 1 2 1
0.392699081699 0.392699081699 0.589048622548 0 2 0 1 2 1
0.392699081699 0.392699081699 0.785398163397 0 2 0 1 2 1
0.392699081699 0.589048622548 0.0 0 2 0 1 2 1
0.392699081699 0.589048622548 0.196349540849 0 2 0 1 2 1
0.392699081699 0.589048622548 0.392699081699 0 2 0 1 2 1
0.392699081699 0.589048622548 0.589048622548 0 2 0 1 2 1
0.392699081699 0.589048622548 0.785398163397 0 2 0 1 2 1
0.392699081699 0.785398163397 0.0 0 2 0 1 2 1
0.392699081699 0.785398163397 0.196349540849 0 2 0 1 2 1
0.392699081699 0.785398163397 0.392699081699 0 2 0 1 2 1
0.392699081699 0.785398163397 0.589048622548 0 2 0 1 2 1
0.392699081699 0.785398163397 0.785398163397 0 2 0 1 2 1
