-0.02344 0.09277 -0.02637
-0.04199 0.09863 -0.02148
-0.09570 0.13477 -0.00781
-0.03711 0.10938 -0.03027
-0.07812 0.10449 -0.00977
-0.03223 0.12012 -0.01562
-0.03613 0.12109 -0.01367
-0.07227 0.12305 -0.01270
-0.06836 0.13281 -0.01465
-0.06055 0.11719 -0.02637
-0.01660 0.11328 0.00098
-0.06055 0.12305 0.00098
-0.05371 0.10254 0.01367
-0.03711 0.08691 -0.02051
-0.05859 0.12598 0.00195
0.00195 0.08008 0.01855
-0.02734 0.08496 0.00098
-0.04102 0.10352 -0.00488
-0.04785 0.08008 0.02539
-0.02344 0.05371 0.02637
-0.01074 0.04102 0.03711
-0.03223 0.07227 0.00977
-0.03711 0.06348 0.01172
-0.00098 0.06348 0.03516
-0.03906 0.08203 0.00586

###### run details ######

# backend = ibmqx4
# shots   = 1024
# order   = default

###### angles and order used ##### 

0.196349540849 0.0 0.0 0 2 0 1 2 1
0.196349540849 0.0 0.196349540849 0 2 0 1 2 1
0.196349540849 0.0 0.392699081699 0 2 0 1 2 1
0.196349540849 0.0 0.589048622548 0 2 0 1 2 1
0.196349540849 0.0 0.785398163397 0 2 0 1 2 1
0.196349540849 0.196349540849 0.0 0 2 0 1 2 1
0.196349540849 0.196349540849 0.196349540849 0 2 0 1 2 1
0.196349540849 0.196349540849 0.392699081699 0 2 0 1 2 1
0.196349540849 0.196349540849 0.589048622548 0 2 0 1 2 1
0.196349540849 0.196349540849 0.785398163397 0 2 0 1 2 1
0.196349540849 0.392699081699 0.0 0 2 0 1 2 1
0.196349540849 0.392699081699 0.196349540849 0 2 0 1 2 1
0.196349540849 0.392699081699 0.392699081699 0 2 0 1 2 1
0.196349540849 0.392699081699 0.589048622548 0 2 0 1 2 1
0.196349540849 0.392699081699 0.785398163397 0 2 0 1 2 1
0.196349540849 0.589048622548 0.0 0 2 0 1 2 1
0.196349540849 0.589048622548 0.196349540849 0 2 0 1 2 1
0.196349540849 0.589048622548 0.392699081699 0 2 0 1 2 1
0.196349540849 0.589048622548 0.589048622548 0 2 0 1 2 1
0.196349540849 0.589048622548 0.785398163397 0 2 0 1 2 1
0.196349540849 0.785398163397 0.0 0 2 0 1 2 1
0.196349540849 0.785398163397 0.196349540849 0 2 0 1 2 1
0.196349540849 0.785398163397 0.392699081699 0 2 0 1 2 1
0.196349540849 0.785398163397 0.589048622548 0 2 0 1 2 1
0.196349540849 0.785398163397 0.785398163397 0 2 0 1 2 1
