0.00195 0.09180 0.02148
-0.05957 0.05664 -0.02637
-0.02832 0.09863 0.00781
-0.06641 0.10059 -0.01660
-0.05371 0.06738 0.02832
-0.01660 0.07129 -0.02148
-0.03027 0.07715 0.01270
-0.05762 0.10449 0.00488
-0.03906 0.04980 -0.00195
-0.07520 0.09961 -0.00781
0.03711 0.08594 0.01953
-0.00977 0.08105 0.01562
-0.02539 0.05176 0.02051
-0.05957 0.06348 0.00488
-0.06055 0.10059 0.01270
-0.00684 0.10059 -0.01270
0.00879 0.07617 0.01855
-0.01367 0.06934 0.00098
-0.02148 0.08789 0.02734
-0.04688 0.07422 0.01367
0.05078 0.06152 0.02930
0.03906 0.05078 0.02051
0.00000 0.05664 0.00977
0.00098 0.05371 0.05664
-0.04199 0.07715 0.04395

###### run details ######

# backend = ibmqx4
# shots   = 1024
# order   = default

###### angles and order used ##### 

0.589048622548 0.0 0.0 0 2 0 1 2 1
0.589048622548 0.0 0.196349540849 0 2 0 1 2 1
0.589048622548 0.0 0.392699081699 0 2 0 1 2 1
0.589048622548 0.0 0.589048622548 0 2 0 1 2 1
0.589048622548 0.0 0.785398163397 0 2 0 1 2 1
0.589048622548 0.196349540849 0.0 0 2 0 1 2 1
0.589048622548 0.196349540849 0.196349540849 0 2 0 1 2 1
0.589048622548 0.196349540849 0.392699081699 0 2 0 1 2 1
0.589048622548 0.196349540849 0.589048622548 0 2 0 1 2 1
0.589048622548 0.196349540849 0.785398163397 0 2 0 1 2 1
0.589048622548 0.392699081699 0.0 0 2 0 1 2 1
0.589048622548 0.392699081699 0.196349540849 0 2 0 1 2 1
0.589048622548 0.392699081699 0.392699081699 0 2 0 1 2 1
0.589048622548 0.392699081699 0.589048622548 0 2 0 1 2 1
0.589048622548 0.392699081699 0.785398163397 0 2 0 1 2 1
0.589048622548 0.589048622548 0.0 0 2 0 1 2 1
0.589048622548 0.589048622548 0.196349540849 0 2 0 1 2 1
0.589048622548 0.589048622548 0.392699081699 0 2 0 1 2 1
0.589048622548 0.589048622548 0.589048622548 0 2 0 1 2 1
0.589048622548 0.589048622548 0.785398163397 0 2 0 1 2 1
0.589048622548 0.785398163397 0.0 0 2 0 1 2 1
0.589048622548 0.785398163397 0.196349540849 0 2 0 1 2 1
0.589048622548 0.785398163397 0.392699081699 0 2 0 1 2 1
0.589048622548 0.785398163397 0.589048622548 0 2 0 1 2 1
0.589048622548 0.785398163397 0.785398163397 0 2 0 1 2 1
