----------
--START---
----------
Taking parameters from config file. Must be specified elsewhere.
Importing run parameters.
----------
Run on: 2018-08-23T05:03:54.256072
----------
----------
Hello. Measuring the triangle. 
Let's begin!
----------
Run is connected to the IBMQuantumExperience.
Checking for config file.
----------
Backend configuration file written.
Stored in following location:
/home/sesmart/3_vqa/hqca/results/logs/20180823_ibmqx4
----------
----------
Quantum algorithm: affine_2p_curved_tenerife
Quantum backend: ibmqx4
----------
Measuring triangle for generating an  affine transformation.
Please make sure your circuit rotation is in 2D.
----------
Iteration: 0, Length: 0.8456486010028472, Difference:0.15435139899715278
--- Final f,x: [array([ 0.69134172,  0.69134172,  0.5732233 ])],[33.75] --- 
Iteration: 1, Length: 0.8603471610579805, Difference:0.014698560055133258
Difference in points: 14.0625
Iteration: 2, Length: 0.8763740208045012, Difference:0.01602685974652074
Difference in points: 0.703125
Iteration: 3, Length: 0.8867191039948074, Difference:0.010345083190306137
Difference in points: 0.87890625
Iteration: 4, Length: 0.8925716254780285, Difference:0.005852521483221129
Difference in points: 0.5712890625
Iteration: 5, Length: 0.895683848378818, Difference:0.0031122229007894964
Difference in points: 0.37353515625
Iteration: 6, Length: 0.8972885342945068, Difference:0.0016046859156888527
Difference in points: 0.16204833984375
Iteration: 7, Length: 0.8981032807479221, Difference:0.0008147464534152826
Difference in points: 0.092010498046875
Iteration: 8, Length: 0.8985137870912561, Difference:0.00041050634333394953
Difference in points: 0.0460052490234375
Iteration: 9, Length: 0.8987198275507802, Difference:0.00020604045952410388
Difference in points: 0.02300262451171875
Iteration: 10, Length: 0.8988230451020512, Difference:0.00010321755127107313
Difference in points: 0.011501312255859375
Iteration: 11, Length: 0.8988747032704, Difference:5.1658168348733824e-05
Difference in points: 0.00523298978805542
Iteration: 0, Length: 0.6123724356957945, Difference:0.38762756430420553
--- Final f,x: [array([ 0.8125,  0.8125,  0.625 ])],[0.75] --- 
Iteration: 1, Length: 0.6123724356957945, Difference:0.0
Difference in points: 0.3125
Iteration: 2, Length: 0.6123724356957946, Difference:1.1102230246251565e-16
Difference in points: 0.09375
Iteration: 3, Length: 0.6123724356957946, Difference:0.0
Difference in points: 0.01171875
Iteration: 4, Length: 0.6123724356957944, Difference:2.220446049250313e-16
Difference in points: 0.021484375
Iteration: 5, Length: 0.6123724356957942, Difference:1.1102230246251565e-16
Difference in points: 0.004638671875
Targets: [[1, 1, 1], [0.91534423828125, 0.91534423828125, 0.8306884765625], [0.8345947265625, 0.8345947265625, 0.669189453125], [0.75, 0.75, 0.5]]
Parameters: [[0, 45], [0, 0], [21.462046802043915, 21.462046802043915]]
'The same provider has already been registered!'
Circuit counts:{'ii0': {'01011': 7, '01000': 9, '00100': 46, '01110': 2, '00010': 103, '00011': 831, '01010': 2, '11000': 2, '10011': 15, '10101': 2, '01101': 5, '00110': 12, '10001': 1, '10010': 1, '00001': 85, '00101': 16, '10000': 7, '00111': 47, '10110': 1, '00000': 824, '11011': 1, '11100': 1, '10100': 1, '01100': 19, '01111': 8}}
Time to get backend : 8.375942707061768e-05
Time to run tomography : 811.0903506055474
Total time: 811.0904343649745
{'ii': {'01011': 7, '01000': 9, '00100': 46, '01110': 2, '00010': 103, '01100': 19, '00011': 831, '00101': 16, '10011': 15, '10101': 2, '01101': 5, '00110': 12, '10001': 1, '10010': 1, '00001': 85, '11000': 2, '10000': 7, '00111': 47, '10110': 1, '00000': 824, '11011': 1, '11100': 1, '10100': 1, '01010': 2, '01111': 8}}
Vertex: [ 0.078125    0.49707031  0.49707031  0.50292969  0.50292969  0.921875  ]
'The same provider has already been registered!'
Circuit counts:{'ii0': {'01011': 2, '01000': 76, '00100': 107, '01101': 8, '00110': 5, '10001': 2, '10010': 1, '00001': 41, '11000': 1, '00010': 15, '00111': 4, '11101': 1, '01001': 2, '00000': 1643, '00011': 36, '10000': 33, '10100': 1, '10101': 2, '00101': 10, '01100': 57, '01110': 1}}
Time to get backend : 7.332116365432739e-05
Time to run tomography : 902.2890834361315
Total time: 902.2891567572951
{'ii': {'01011': 2, '01000': 76, '00100': 107, '01101': 8, '00110': 5, '10001': 2, '10010': 1, '00001': 41, '00101': 10, '00010': 15, '00111': 4, '11101': 1, '01100': 57, '00000': 1643, '00011': 36, '10000': 33, '01110': 1, '10100': 1, '11000': 1, '01001': 2, '10101': 2}}
Vertex: [ 0.03125     0.05273438  0.09570312  0.90429688  0.94726562  0.96875   ]
'The same provider has already been registered!'
----------------------------------------
--- There are 016 runs in queue. -----
--- Waited 00000 minutes so far. ----
----------------------------------------
----------------------------------------
--- There are 016 runs in queue. -----
--- Waited 00005 minutes so far. ----
----------------------------------------
----------------------------------------
--- There are 018 runs in queue. -----
--- Waited 00010 minutes so far. ----
----------------------------------------
----------------------------------------
--- There are 020 runs in queue. -----
--- Waited 00015 minutes so far. ----
----------------------------------------
----------------------------------------
--- There are 019 runs in queue. -----
--- Waited 00020 minutes so far. ----
----------------------------------------
----------------------------------------
--- There are 015 runs in queue. -----
--- Waited 00025 minutes so far. ----
----------------------------------------
----------------------------------------
--- There are 016 runs in queue. -----
--- Waited 00030 minutes so far. ----
----------------------------------------
Circuit counts:{'ii0': {'01011': 13, '01000': 44, '11110': 6, '01110': 7, '00010': 31, '10001': 12, '00100': 79, '00011': 159, '11111': 3, '11001': 1, '11000': 11, '10011': 69, '10101': 37, '01101': 51, '00110': 23, '10110': 5, '10010': 10, '00001': 37, '00101': 118, '10000': 253, '00111': 7, '11101': 18, '01001': 3, '00000': 979, '11011': 2, '11100': 10, '10100': 20, '10111': 4, '01100': 30, '01111': 6}}
Time to get backend : 8.121132850646973e-05
Time to run tomography : 1217.6614654958248
Total time: 1217.6615467071533
{'ii': {'01011': 13, '01000': 44, '11110': 6, '01110': 7, '00010': 31, '00100': 79, '01100': 30, '00011': 159, '11100': 10, '00101': 118, '10011': 69, '10101': 37, '01101': 51, '00110': 23, '10001': 12, '10010': 10, '00001': 37, '11000': 11, '10000': 253, '00111': 7, '11101': 18, '10110': 5, '01001': 3, '00000': 979, '11011': 2, '11111': 3, '10100': 20, '10111': 4, '11001': 1, '01111': 6}}
Vertex: [ 0.16845703  0.20703125  0.26367188  0.73632812  0.79296875  0.83154297]
Parameters: [[0, 45], [21.462046802043915, 21.462046802043915], [33.115695118904114, 33.115695118904114]]
"Couldn't instantiate provider! Error: Couldn't connect to IBMQuantumExperience server: error during login: 500 Server Error: Error for url: https://quantumexperience.ng.bluemix.net/api/users/loginWithToken"
----------------------------------------
--- There are 018 runs in queue. -----
--- Waited 00000 minutes so far. ----
----------------------------------------
----------------------------------------
--- There are 019 runs in queue. -----
--- Waited 00005 minutes so far. ----
----------------------------------------
----------------------------------------
--- There are 019 runs in queue. -----
--- Waited 00010 minutes so far. ----
----------------------------------------
----------------------------------------
--- There are 020 runs in queue. -----
--- Waited 00015 minutes so far. ----
----------------------------------------
----------------------------------------
--- There are 030 runs in queue. -----
--- Waited 00020 minutes so far. ----
----------------------------------------
----------------------------------------
--- There are 029 runs in queue. -----
--- Waited 00025 minutes so far. ----
----------------------------------------
----------------------------------------
--- There are 030 runs in queue. -----
--- Waited 00030 minutes so far. ----
----------------------------------------
----------------------------------------
--- There are 031 runs in queue. -----
--- Waited 00035 minutes so far. ----
----------------------------------------
----------------------------------------
--- There are 030 runs in queue. -----
--- Waited 00040 minutes so far. ----
----------------------------------------
----------------------------------------
--- There are 027 runs in queue. -----
--- Waited 00045 minutes so far. ----
----------------------------------------
----------------------------------------
--- There are 037 runs in queue. -----
--- Waited 00050 minutes so far. ----
----------------------------------------
----------------------------------------
--- There are 034 runs in queue. -----
--- Waited 00055 minutes so far. ----
----------------------------------------
----------------------------------------
--- There are 030 runs in queue. -----
--- Waited 00060 minutes so far. ----
----------------------------------------
----------------------------------------
--- There are 033 runs in queue. -----
--- Waited 00065 minutes so far. ----
----------------------------------------
----------------------------------------
--- There are 030 runs in queue. -----
--- Waited 00070 minutes so far. ----
----------------------------------------
----------------------------------------
--- There are 027 runs in queue. -----
--- Waited 00075 minutes so far. ----
----------------------------------------
----------------------------------------
--- There are 020 runs in queue. -----
--- Waited 00080 minutes so far. ----
----------------------------------------
----------------------------------------
--- There are 030 runs in queue. -----
--- Waited 00085 minutes so far. ----
----------------------------------------
----------------------------------------
--- There are 028 runs in queue. -----
--- Waited 00090 minutes so far. ----
----------------------------------------
----------------------------------------
--- There are 034 runs in queue. -----
--- Waited 00095 minutes so far. ----
----------------------------------------
----------------------------------------
--- There are 032 runs in queue. -----
--- Waited 00100 minutes so far. ----
----------------------------------------
----------------------------------------
--- There are 023 runs in queue. -----
--- Waited 00105 minutes so far. ----
----------------------------------------
----------------------------------------
--- There are 018 runs in queue. -----
--- Waited 00110 minutes so far. ----
----------------------------------------
----------------------------------------
--- There are 020 runs in queue. -----
--- Waited 00115 minutes so far. ----
----------------------------------------
----------------------------------------
--- There are 019 runs in queue. -----
--- Waited 00120 minutes so far. ----
----------------------------------------
----------------------------------------
--- There are 017 runs in queue. -----
--- Waited 00125 minutes so far. ----
----------------------------------------
----------------------------------------
--- There are 018 runs in queue. -----
--- Waited 00130 minutes so far. ----
----------------------------------------
----------------------------------------
--- There are 019 runs in queue. -----
--- Waited 00135 minutes so far. ----
----------------------------------------
----------------------------------------
--- There are 013 runs in queue. -----
--- Waited 00140 minutes so far. ----
----------------------------------------
----------------------------------------
--- There are 013 runs in queue. -----
--- Waited 00145 minutes so far. ----
----------------------------------------
----------------------------------------
--- There are 015 runs in queue. -----
--- Waited 00150 minutes so far. ----
----------------------------------------
----------------------------------------
--- There are 013 runs in queue. -----
--- Waited 00155 minutes so far. ----
----------------------------------------
----------------------------------------
--- There are 014 runs in queue. -----
--- Waited 00160 minutes so far. ----
----------------------------------------
----------------------------------------
--- There are 012 runs in queue. -----
--- Waited 00165 minutes so far. ----
----------------------------------------
----------------------------------------
--- There are 014 runs in queue. -----
--- Waited 00170 minutes so far. ----
----------------------------------------
----------------------------------------
--- There are 015 runs in queue. -----
--- Waited 00175 minutes so far. ----
----------------------------------------
----------------------------------------
--- There are 012 runs in queue. -----
--- Waited 00180 minutes so far. ----
----------------------------------------
----------------------------------------
--- There are 011 runs in queue. -----
--- Waited 00185 minutes so far. ----
----------------------------------------
----------------------------------------
--- There are 013 runs in queue. -----
--- Waited 00190 minutes so far. ----
----------------------------------------
Circuit counts:{'ii0': {'01011': 32, '01000': 25, '11110': 2, '01110': 1, '00010': 89, '01100': 16, '10001': 15, '00100': 29, '00011': 627, '11111': 1, '11000': 8, '10011': 171, '10101': 2, '00110': 11, '10110': 3, '10010': 17, '00001': 57, '00101': 10, '01010': 2, '00111': 20, '11101': 2, '01001': 5, '00000': 727, '11011': 5, '11100': 4, '10100': 4, '10111': 12, '11010': 1, '10000': 148, '01111': 2}}
Time to get backend : 0.0001128166913986206
Time to run tomography : 573.5766735076904
Total time: 573.5767863243818
{'ii': {'01011': 32, '01000': 25, '11110': 2, '01110': 1, '00010': 89, '00100': 29, '00011': 627, '11100': 4, '10000': 148, '00101': 10, '10011': 171, '10101': 2, '00110': 11, '10001': 15, '10010': 17, '00001': 57, '11000': 8, '01010': 2, '00111': 20, '11101': 2, '10110': 3, '01001': 5, '00000': 727, '11011': 5, '11111': 1, '10100': 4, '10111': 12, '11010': 1, '01100': 16, '01111': 2}}
Vertex: [ 0.05810547  0.46923828  0.48632812  0.51367188  0.53076172  0.94189453]
'The same provider has already been registered!'
----------------------------------------
--- There are 015 runs in queue. -----
--- Waited 00000 minutes so far. ----
----------------------------------------
----------------------------------------
--- There are 016 runs in queue. -----
--- Waited 00005 minutes so far. ----
----------------------------------------
----------------------------------------
--- There are 014 runs in queue. -----
--- Waited 00010 minutes so far. ----
----------------------------------------
----------------------------------------
--- There are 014 runs in queue. -----
--- Waited 00015 minutes so far. ----
----------------------------------------
----------------------------------------
--- There are 015 runs in queue. -----
--- Waited 00020 minutes so far. ----
----------------------------------------
----------------------------------------
--- There are 013 runs in queue. -----
--- Waited 00025 minutes so far. ----
----------------------------------------
----------------------------------------
--- There are 013 runs in queue. -----
--- Waited 00030 minutes so far. ----
----------------------------------------
----------------------------------------
--- There are 012 runs in queue. -----
--- Waited 00035 minutes so far. ----
----------------------------------------
Circuit counts:{'ii0': {'01011': 7, '01000': 44, '11110': 9, '01110': 7, '00010': 37, '00100': 59, '00011': 171, '11001': 1, '11000': 6, '10011': 34, '10101': 20, '01101': 76, '00110': 32, '10001': 19, '10010': 8, '00001': 48, '00101': 126, '10000': 264, '00111': 14, '11101': 17, '10110': 3, '01001': 2, '00000': 979, '11011': 1, '11100': 12, '10100': 16, '10111': 2, '01100': 33, '01111': 1}}
Time to get backend : 8.128583431243896e-05
Time to run tomography : 590.332619458437
Total time: 590.3327007442713
{'ii': {'01011': 7, '01000': 44, '11110': 9, '01110': 7, '00010': 37, '00100': 59, '01100': 33, '00011': 171, '00101': 126, '10011': 34, '10101': 20, '01101': 76, '00110': 32, '10001': 19, '10010': 8, '00001': 48, '11000': 6, '10000': 264, '00111': 14, '11101': 17, '10110': 3, '01001': 2, '00000': 979, '11011': 1, '11100': 12, '10100': 16, '10111': 2, '11001': 1, '01111': 1}}
Vertex: [ 0.15917969  0.20849609  0.26318359  0.73681641  0.79150391  0.84082031]
'The same provider has already been registered!'
----------------------------------------
--- There are 014 runs in queue. -----
--- Waited 00000 minutes so far. ----
----------------------------------------
----------------------------------------
--- There are 012 runs in queue. -----
--- Waited 00005 minutes so far. ----
----------------------------------------
----------------------------------------
--- There are 012 runs in queue. -----
--- Waited 00010 minutes so far. ----
----------------------------------------
----------------------------------------
--- There are 011 runs in queue. -----
--- Waited 00015 minutes so far. ----
----------------------------------------
----------------------------------------
--- There are 011 runs in queue. -----
--- Waited 00020 minutes so far. ----
----------------------------------------
----------------------------------------
--- There are 014 runs in queue. -----
--- Waited 00025 minutes so far. ----
----------------------------------------
Circuit counts:{'ii0': {'01011': 18, '01000': 43, '11110': 16, '01110': 41, '01100': 28, '10001': 14, '00100': 69, '00011': 268, '11111': 2, '10000': 148, '11001': 3, '00101': 167, '10011': 77, '10101': 42, '01101': 106, '00110': 91, '10110': 20, '10010': 16, '00001': 47, '11000': 6, '01010': 2, '00111': 20, '11101': 32, '01001': 7, '00000': 671, '11011': 4, '11100': 9, '10100': 12, '10111': 5, '11010': 3, '00010': 55, '01111': 6}}
Time to get backend : 7.702410221099854e-05
Time to run tomography : 701.1144241839647
Total time: 701.1145012080669
{'ii': {'01011': 18, '01000': 43, '11110': 16, '01110': 41, '00010': 55, '11100': 9, '01100': 28, '00100': 69, '00011': 268, '01010': 2, '11000': 6, '10011': 77, '10101': 42, '01101': 106, '00110': 91, '10001': 14, '10010': 16, '00001': 47, '00101': 167, '10000': 148, '00111': 20, '11101': 32, '10110': 20, '01001': 7, '00000': 671, '11011': 4, '11111': 2, '10100': 12, '10111': 5, '11010': 3, '11001': 3, '01111': 6}}
Vertex: [ 0.31445312  0.32519531  0.39941406  0.60058594  0.67480469  0.68554688]
Parameters: [[0, 45], [33.115695118904114, 33.115695118904114], [45, 45]]
'The same provider has already been registered!'
----------------------------------------
--- There are 016 runs in queue. -----
--- Waited 00000 minutes so far. ----
----------------------------------------
----------------------------------------
--- There are 013 runs in queue. -----
--- Waited 00005 minutes so far. ----
----------------------------------------
----------------------------------------
--- There are 017 runs in queue. -----
--- Waited 00010 minutes so far. ----
----------------------------------------
----------------------------------------
--- There are 028 runs in queue. -----
--- Waited 00015 minutes so far. ----
----------------------------------------
----------------------------------------
--- There are 023 runs in queue. -----
--- Waited 00020 minutes so far. ----
----------------------------------------
----------------------------------------
--- There are 018 runs in queue. -----
--- Waited 00025 minutes so far. ----
----------------------------------------
----------------------------------------
--- There are 025 runs in queue. -----
--- Waited 00030 minutes so far. ----
----------------------------------------
----------------------------------------
--- There are 022 runs in queue. -----
--- Waited 00035 minutes so far. ----
----------------------------------------
----------------------------------------
--- There are 023 runs in queue. -----
--- Waited 00040 minutes so far. ----
----------------------------------------
----------------------------------------
--- There are 021 runs in queue. -----
--- Waited 00045 minutes so far. ----
----------------------------------------
----------------------------------------
--- There are 018 runs in queue. -----
--- Waited 00050 minutes so far. ----
----------------------------------------
----------------------------------------
--- There are 019 runs in queue. -----
--- Waited 00055 minutes so far. ----
----------------------------------------
----------------------------------------
--- There are 017 runs in queue. -----
--- Waited 00060 minutes so far. ----
----------------------------------------
Might have run into an error.
Couldn't get backend status: HTTPSConnectionPool(host='quantumexperience.ng.bluemix.net', port=443): Max retries exceeded with url: /api/Backends?access_token=5golyHAOG1SNiMcpXJrHN0qVspcxbPuy40p4LS9P1flmzwU8tYIa9mTbsUyXdIh0 (Caused by NewConnectionError('<urllib3.connection.VerifiedHTTPSConnection object at 0x2adf832e0748>: Failed to establish a new connection: [Errno 110] Connection timed out',))
Waiting a bit...3 minutes.
Error in start. Goodbye!
Succefully measured the triangle.  Proceeding with optimization.
----------
