(lp0
(dp1
Videal
p2
(lp3
F0.0
aF0.0
aF0.0
aF1.0
aF1.0
aF1.0
asVerr-qasm
p4
V\u000ainclude "qelib1.inc";\u000aqreg err_qr[5];\u000acreg err_cr[5];\u000au3(0.0,0.0,0.0) err_qr[4];\u000au3(0.0,0.0,0.0) err_qr[3];\u000au3(0.0,0.0,0.0) err_qr[2];\u000acx err_qr[3],err_qr[2];\u000au3(0.0,0.0,0.0) err_qr[3];\u000acx err_qr[3],err_qr[4];\u000au3(0.0,0.0,0.0) err_qr[4];\u000au3(-1.570796326794897,0.0,0.0) err_qr[3];\u000ameasure err_qr[3] -> err_cr[3];\u000au3(0.0,0.0,0.0) err_qr[2];\u000acx err_qr[4],err_qr[2];\u000au3(1.570796326794897,0.0,0.0) err_qr[4];\u000ameasure err_qr[4] -> err_cr[4];\u000au3(1.570796326794897,0.0,0.0) err_qr[2];\u000ameasure err_qr[2] -> err_cr[2];\u000a
p5
sVparameters
p6
(lp7
F0.0
aF0.0
aF0.0
aF0.0
aF0.0
aF0.0
asVexp-ON
p8
(lp9
F0.07891778908652729
aF0.1030225390435292
aF0.13101409440738665
aF0.8689859055926134
aF0.8969774609564708
aF0.9210822109134728
asVmain-counts
p10
(dp11
V01000
p12
L46L
sV00000
p13
L1645L
sV11100
p14
L82L
sV10100
p15
L56L
sV01100
p16
L12L
sV00100
p17
L72L
sV10000
p18
L38L
sV11000
p19
L97L
ssVerr-counts
p20
(dp21
g12
L176L
sg13
L246L
sg14
L298L
sg15
L525L
sg16
L224L
sg17
L294L
sg18
L163L
sg19
L122L
ssVmain-qasm
p22
V\u000ainclude "qelib1.inc";\u000aqreg main_qr[5];\u000acreg main_cr[5];\u000au3(0.0,0.0,0.0) main_qr[4];\u000au3(0.0,0.0,0.0) main_qr[3];\u000au3(0.0,0.0,0.0) main_qr[2];\u000acx main_qr[3],main_qr[2];\u000au3(0.0,0.0,0.0) main_qr[3];\u000acx main_qr[3],main_qr[4];\u000au3(0.0,0.0,0.0) main_qr[4];\u000ameasure main_qr[3] -> main_cr[3];\u000au3(0.0,0.0,0.0) main_qr[2];\u000acx main_qr[4],main_qr[2];\u000ameasure main_qr[4] -> main_cr[4];\u000ameasure main_qr[2] -> main_cr[2];\u000a
p23
sa(dp24
g2
(lp25
F0.15375175789961948
aF0.1784036798304413
aF0.20872561521883107
aF0.791274384781169
aF0.8215963201695586
aF0.8462482421003804
asg4
V\u000ainclude "qelib1.inc";\u000aqreg err_qr[5];\u000acreg err_cr[5];\u000au3(1.123992038284348,0.0,0.0) err_qr[4];\u000au3(1.155407964820246,0.0,0.0) err_qr[3];\u000au3(0.565486677646163,0.0,0.0) err_qr[2];\u000acx err_qr[3],err_qr[2];\u000au3(1.089085453244462,0.0,0.0) err_qr[3];\u000acx err_qr[3],err_qr[4];\u000au3(0.586430628670095,0.0,0.0) err_qr[4];\u000au3(-1.570796326794897,0.0,0.0) err_qr[3];\u000ameasure err_qr[3] -> err_cr[3];\u000au3(1.497492498211135,0.0,0.0) err_qr[2];\u000acx err_qr[4],err_qr[2];\u000au3(1.570796326794897,0.0,0.0) err_qr[4];\u000ameasure err_qr[4] -> err_cr[4];\u000au3(1.570796326794897,0.0,0.0) err_qr[2];\u000ameasure err_qr[2] -> err_cr[2];\u000a
p26
sg6
(lp27
F1.123992038284348
aF1.155407964820246
aF0.565486677646163
aF1.089085453244462
aF0.586430628670095
aF1.497492498211135
asg8
(lp28
F0.24056637978290052
aF0.28149755043687064
aF0.3439905110335176
aF0.6560094889664825
aF0.7185024495631294
aF0.7594336202170995
asg10
(dp29
g12
L87L
sg13
L106L
sg14
L101L
sg15
L183L
sg16
L183L
sg17
L122L
sg18
L295L
sg19
L971L
ssg20
(dp30
g12
L561L
sg13
L371L
sg14
L312L
sg15
L440L
sg16
L86L
sg17
L81L
sg18
L101L
sg19
L96L
ssg22
V\u000ainclude "qelib1.inc";\u000aqreg main_qr[5];\u000acreg main_cr[5];\u000au3(1.123992038284348,0.0,0.0) main_qr[4];\u000au3(1.155407964820246,0.0,0.0) main_qr[3];\u000au3(0.565486677646163,0.0,0.0) main_qr[2];\u000acx main_qr[3],main_qr[2];\u000au3(1.089085453244462,0.0,0.0) main_qr[3];\u000acx main_qr[3],main_qr[4];\u000au3(0.586430628670095,0.0,0.0) main_qr[4];\u000ameasure main_qr[3] -> main_cr[3];\u000au3(1.497492498211135,0.0,0.0) main_qr[2];\u000acx main_qr[4],main_qr[2];\u000ameasure main_qr[4] -> main_cr[4];\u000ameasure main_qr[2] -> main_cr[2];\u000a
p31
sa(dp32
g2
(lp33
F0.025727028474957003
aF0.05907921465941868
aF0.05916460216152353
aF0.9408353978384765
aF0.9409207853405817
aF0.9742729715250431
asg4
V\u000ainclude "qelib1.inc";\u000aqreg err_qr[5];\u000acreg err_cr[5];\u000au3(1.452113937659282,0.0,0.0) err_qr[4];\u000au3(0.383972435438752,0.0,0.0) err_qr[3];\u000au3(0.603883921190038,0.0,0.0) err_qr[2];\u000acx err_qr[3],err_qr[2];\u000au3(0.46774823953448,0.0,0.0) err_qr[3];\u000acx err_qr[3],err_qr[4];\u000au3(0.258308729295161,0.0,0.0) err_qr[4];\u000au3(-1.570796326794897,0.0,0.0) err_qr[3];\u000ameasure err_qr[3] -> err_cr[3];\u000au3(0.544542726622231,0.0,0.0) err_qr[2];\u000acx err_qr[4],err_qr[2];\u000au3(1.570796326794897,0.0,0.0) err_qr[4];\u000ameasure err_qr[4] -> err_cr[4];\u000au3(1.570796326794897,0.0,0.0) err_qr[2];\u000ameasure err_qr[2] -> err_cr[2];\u000a
p34
sg6
(lp35
F1.452113937659282
aF0.383972435438752
aF0.603883921190038
aF0.46774823953448
aF0.258308729295161
aF0.544542726622231
asg8
(lp36
F0.12350697505365132
aF0.1442436291962832
aF0.26601900794129585
aF0.7339809920587042
aF0.8557563708037168
aF0.8764930249463487
asg10
(dp37
g12
L69L
sg13
L314L
sg14
L55L
sg15
L508L
sg16
L180L
sg17
L202L
sg18
L435L
sg19
L285L
ssg20
(dp38
g12
L70L
sg13
L134L
sg14
L668L
sg15
L984L
sg16
L67L
sg17
L72L
sg18
L35L
sg19
L18L
ssg22
V\u000ainclude "qelib1.inc";\u000aqreg main_qr[5];\u000acreg main_cr[5];\u000au3(1.452113937659282,0.0,0.0) main_qr[4];\u000au3(0.383972435438752,0.0,0.0) main_qr[3];\u000au3(0.603883921190038,0.0,0.0) main_qr[2];\u000acx main_qr[3],main_qr[2];\u000au3(0.46774823953448,0.0,0.0) main_qr[3];\u000acx main_qr[3],main_qr[4];\u000au3(0.258308729295161,0.0,0.0) main_qr[4];\u000ameasure main_qr[3] -> main_cr[3];\u000au3(0.544542726622231,0.0,0.0) main_qr[2];\u000acx main_qr[4],main_qr[2];\u000ameasure main_qr[4] -> main_cr[4];\u000ameasure main_qr[2] -> main_cr[2];\u000a
p39
sa(dp40
g2
(lp41
F0.03891367582631544
aF0.4611979266919923
aF0.47159490318622377
aF0.5284050968137762
aF0.5388020733080077
aF0.9610863241736844
asg4
V\u000ainclude "qelib1.inc";\u000aqreg err_qr[5];\u000acreg err_cr[5];\u000au3(1.200786525372099,0.0,0.0) err_qr[4];\u000au3(1.514945790731078,0.0,0.0) err_qr[3];\u000au3(0.024434609527921,0.0,0.0) err_qr[2];\u000acx err_qr[3],err_qr[2];\u000au3(1.214749159388053,0.0,0.0) err_qr[3];\u000acx err_qr[3],err_qr[4];\u000au3(1.403244718603441,0.0,0.0) err_qr[4];\u000au3(-1.570796326794897,0.0,0.0) err_qr[3];\u000ameasure err_qr[3] -> err_cr[3];\u000au3(0.987856356628791,0.0,0.0) err_qr[2];\u000acx err_qr[4],err_qr[2];\u000au3(1.570796326794897,0.0,0.0) err_qr[4];\u000ameasure err_qr[4] -> err_cr[4];\u000au3(1.570796326794897,0.0,0.0) err_qr[2];\u000ameasure err_qr[2] -> err_cr[2];\u000a
p42
sg6
(lp43
F1.200786525372099
aF1.514945790731078
aF0.024434609527921
aF1.214749159388053
aF1.403244718603441
aF0.987856356628791
asg8
(lp44
F0.06499511502257393
aF0.3453296401146917
aF0.44650255498124086
aF0.5534974450187591
aF0.6546703598853083
aF0.935004884977426
asg10
(dp45
g12
L57L
sg13
L48L
sg14
L99L
sg15
L618L
sg16
L19L
sg17
L22L
sg18
L234L
sg19
L951L
ssg20
(dp46
g12
L401L
sg13
L315L
sg14
L168L
sg15
L225L
sg16
L232L
sg17
L227L
sg18
L217L
sg19
L263L
ssg22
V\u000ainclude "qelib1.inc";\u000aqreg main_qr[5];\u000acreg main_cr[5];\u000au3(1.200786525372099,0.0,0.0) main_qr[4];\u000au3(1.514945790731078,0.0,0.0) main_qr[3];\u000au3(0.024434609527921,0.0,0.0) main_qr[2];\u000acx main_qr[3],main_qr[2];\u000au3(1.214749159388053,0.0,0.0) main_qr[3];\u000acx main_qr[3],main_qr[4];\u000au3(1.403244718603441,0.0,0.0) main_qr[4];\u000ameasure main_qr[3] -> main_cr[3];\u000au3(0.987856356628791,0.0,0.0) main_qr[2];\u000acx main_qr[4],main_qr[2];\u000ameasure main_qr[4] -> main_cr[4];\u000ameasure main_qr[2] -> main_cr[2];\u000a
p47
sa(dp48
g2
(lp49
F0.0550946403389434
aF0.12106351426228051
aF0.1405900888007524
aF0.8594099111992477
aF0.8789364857377193
aF0.9449053596610565
asg4
V\u000ainclude "qelib1.inc";\u000aqreg err_qr[5];\u000acreg err_cr[5];\u000au3(0.921533845053006,0.0,0.0) err_qr[4];\u000au3(0.705113017805709,0.0,0.0) err_qr[3];\u000au3(1.075122819228507,0.0,0.0) err_qr[2];\u000acx err_qr[3],err_qr[2];\u000au3(0.952949771588904,0.0,0.0) err_qr[3];\u000acx err_qr[3],err_qr[4];\u000au3(0.722566310325652,0.0,0.0) err_qr[4];\u000au3(-1.570796326794897,0.0,0.0) err_qr[3];\u000ameasure err_qr[3] -> err_cr[3];\u000au3(0.024434609527921,0.0,0.0) err_qr[2];\u000acx err_qr[4],err_qr[2];\u000au3(1.570796326794897,0.0,0.0) err_qr[4];\u000ameasure err_qr[4] -> err_cr[4];\u000au3(1.570796326794897,0.0,0.0) err_qr[2];\u000ameasure err_qr[2] -> err_cr[2];\u000a
p50
sg6
(lp51
F0.921533845053006
aF0.705113017805709
aF1.075122819228507
aF0.952949771588904
aF0.722566310325652
aF0.024434609527921
asg8
(lp52
F0.07397328024473093
aF0.1402258394572531
aF0.33811064794823825
aF0.6618893520517617
aF0.859774160542747
aF0.9260267197552691
asg10
(dp53
g12
L69L
sg13
L201L
sg14
L260L
sg15
L345L
sg16
L51L
sg17
L99L
sg18
L249L
sg19
L774L
ssg20
(dp54
g12
L48L
sg13
L81L
sg14
L433L
sg15
L948L
sg16
L213L
sg17
L260L
sg18
L40L
sg19
L25L
ssg22
V\u000ainclude "qelib1.inc";\u000aqreg main_qr[5];\u000acreg main_cr[5];\u000au3(0.921533845053006,0.0,0.0) main_qr[4];\u000au3(0.705113017805709,0.0,0.0) main_qr[3];\u000au3(1.075122819228507,0.0,0.0) main_qr[2];\u000acx main_qr[3],main_qr[2];\u000au3(0.952949771588904,0.0,0.0) main_qr[3];\u000acx main_qr[3],main_qr[4];\u000au3(0.722566310325652,0.0,0.0) main_qr[4];\u000ameasure main_qr[3] -> main_cr[3];\u000au3(0.024434609527921,0.0,0.0) main_qr[2];\u000acx main_qr[4],main_qr[2];\u000ameasure main_qr[4] -> main_cr[4];\u000ameasure main_qr[2] -> main_cr[2];\u000a
p55
sa(dp56
g2
(lp57
F0.1677933154134313
aF0.3137746748452295
aF0.37486936028294265
aF0.6251306397170573
aF0.6862253251547705
aF0.8322066845865688
asg4
V\u000ainclude "qelib1.inc";\u000aqreg err_qr[5];\u000acreg err_cr[5];\u000au3(0.760963553869528,0.0,0.0) err_qr[4];\u000au3(0.272271363311115,0.0,0.0) err_qr[3];\u000au3(0.066322511575785,0.0,0.0) err_qr[2];\u000acx err_qr[3],err_qr[2];\u000au3(1.567305668290908,0.0,0.0) err_qr[3];\u000acx err_qr[3],err_qr[4];\u000au3(0.10471975511966,0.0,0.0) err_qr[4];\u000au3(-1.570796326794897,0.0,0.0) err_qr[3];\u000ameasure err_qr[3] -> err_cr[3];\u000au3(0.328121899374934,0.0,0.0) err_qr[2];\u000acx err_qr[4],err_qr[2];\u000au3(1.570796326794897,0.0,0.0) err_qr[4];\u000ameasure err_qr[4] -> err_cr[4];\u000au3(1.570796326794897,0.0,0.0) err_qr[2];\u000ameasure err_qr[2] -> err_cr[2];\u000a
p58
sg6
(lp59
F0.760963553869528
aF0.272271363311115
aF0.066322511575785
aF1.567305668290908
aF0.10471975511966
aF0.328121899374934
asg8
(lp60
F0.1873314358430594
aF0.26308947988015174
aF0.27283111690521256
aF0.7271688830947874
aF0.7369105201198483
aF0.8126685641569407
asg10
(dp61
g12
L130L
sg13
L563L
sg14
L483L
sg15
L266L
sg16
L80L
sg17
L86L
sg18
L75L
sg19
L365L
ssg20
(dp62
g12
L99L
sg13
L209L
sg14
L232L
sg15
L1142L
sg16
L183L
sg17
L98L
sg18
L59L
sg19
L26L
ssg22
V\u000ainclude "qelib1.inc";\u000aqreg main_qr[5];\u000acreg main_cr[5];\u000au3(0.760963553869528,0.0,0.0) main_qr[4];\u000au3(0.272271363311115,0.0,0.0) main_qr[3];\u000au3(0.066322511575785,0.0,0.0) main_qr[2];\u000acx main_qr[3],main_qr[2];\u000au3(1.567305668290908,0.0,0.0) main_qr[3];\u000acx main_qr[3],main_qr[4];\u000au3(0.10471975511966,0.0,0.0) main_qr[4];\u000ameasure main_qr[3] -> main_cr[3];\u000au3(0.328121899374934,0.0,0.0) main_qr[2];\u000acx main_qr[4],main_qr[2];\u000ameasure main_qr[4] -> main_cr[4];\u000ameasure main_qr[2] -> main_cr[2];\u000a
p63
sa(dp64
g2
(lp65
F0.03326895520731188
aF0.2472064323615457
aF0.2479614121306758
aF0.7520385878693242
aF0.7527935676384543
aF0.9667310447926881
asg4
V\u000ainclude "qelib1.inc";\u000aqreg err_qr[5];\u000acreg err_cr[5];\u000au3(1.45909525466726,0.0,0.0) err_qr[4];\u000au3(1.288052987971815,0.0,0.0) err_qr[3];\u000au3(0.457276264022514,0.0,0.0) err_qr[2];\u000acx err_qr[3],err_qr[2];\u000au3(1.24965574442794,0.0,0.0) err_qr[3];\u000acx err_qr[3],err_qr[4];\u000au3(1.158898623324235,0.0,0.0) err_qr[4];\u000au3(-1.570796326794897,0.0,0.0) err_qr[3];\u000ameasure err_qr[3] -> err_cr[3];\u000au3(0.376991118430775,0.0,0.0) err_qr[2];\u000acx err_qr[4],err_qr[2];\u000au3(1.570796326794897,0.0,0.0) err_qr[4];\u000ameasure err_qr[4] -> err_cr[4];\u000au3(1.570796326794897,0.0,0.0) err_qr[2];\u000ameasure err_qr[2] -> err_cr[2];\u000a
p66
sg6
(lp67
F1.45909525466726
aF1.288052987971815
aF0.457276264022514
aF1.24965574442794
aF1.158898623324235
aF0.376991118430775
asg8
(lp68
F0.09615155454733859
aF0.24806769405297552
aF0.3257957840896427
aF0.6742042159103573
aF0.7519323059470244
aF0.9038484454526614
asg10
(dp69
g12
L71L
sg13
L27L
sg14
L199L
sg15
L425L
sg16
L73L
sg17
L33L
sg18
L210L
sg19
L1010L
ssg20
(dp70
g12
L288L
sg13
L125L
sg14
L312L
sg15
L633L
sg16
L152L
sg17
L351L
sg18
L53L
sg19
L134L
ssg22
V\u000ainclude "qelib1.inc";\u000aqreg main_qr[5];\u000acreg main_cr[5];\u000au3(1.45909525466726,0.0,0.0) main_qr[4];\u000au3(1.288052987971815,0.0,0.0) main_qr[3];\u000au3(0.457276264022514,0.0,0.0) main_qr[2];\u000acx main_qr[3],main_qr[2];\u000au3(1.24965574442794,0.0,0.0) main_qr[3];\u000acx main_qr[3],main_qr[4];\u000au3(1.158898623324235,0.0,0.0) main_qr[4];\u000ameasure main_qr[3] -> main_cr[3];\u000au3(0.376991118430775,0.0,0.0) main_qr[2];\u000acx main_qr[4],main_qr[2];\u000ameasure main_qr[4] -> main_cr[4];\u000ameasure main_qr[2] -> main_cr[2];\u000a
p71
sa(dp72
g2
(lp73
F0.009384888414671999
aF0.31372127181308074
aF0.316522277798319
aF0.683477722201681
aF0.6862787281869194
aF0.990615111585328
asg4
V\u000ainclude "qelib1.inc";\u000aqreg err_qr[5];\u000acreg err_cr[5];\u000au3(0.397935069454707,0.0,0.0) err_qr[4];\u000au3(1.110029404268394,0.0,0.0) err_qr[3];\u000au3(1.043706892692609,0.0,0.0) err_qr[2];\u000acx err_qr[3],err_qr[2];\u000au3(0.352556508902855,0.0,0.0) err_qr[3];\u000acx err_qr[3],err_qr[4];\u000au3(0.083775804095728,0.0,0.0) err_qr[4];\u000au3(-1.570796326794897,0.0,0.0) err_qr[3];\u000ameasure err_qr[3] -> err_cr[3];\u000au3(0.139626340159546,0.0,0.0) err_qr[2];\u000acx err_qr[4],err_qr[2];\u000au3(1.570796326794897,0.0,0.0) err_qr[4];\u000ameasure err_qr[4] -> err_cr[4];\u000au3(1.570796326794897,0.0,0.0) err_qr[2];\u000ameasure err_qr[2] -> err_cr[2];\u000a
p74
sg6
(lp75
F0.397935069454707
aF1.110029404268394
aF1.043706892692609
aF0.352556508902855
aF0.083775804095728
aF0.139626340159546
asg8
(lp76
F0.09143141173017133
aF0.2890059935349818
aF0.29602580416950464
aF0.7039741958304954
aF0.7109940064650182
aF0.9085685882698287
asg10
(dp77
g12
L65L
sg13
L488L
sg14
L135L
sg15
L120L
sg16
L87L
sg17
L374L
sg18
L127L
sg19
L652L
ssg20
(dp78
g12
L71L
sg13
L103L
sg14
L244L
sg15
L1140L
sg16
L278L
sg17
L140L
sg18
L50L
sg19
L22L
ssg22
V\u000ainclude "qelib1.inc";\u000aqreg main_qr[5];\u000acreg main_cr[5];\u000au3(0.397935069454707,0.0,0.0) main_qr[4];\u000au3(1.110029404268394,0.0,0.0) main_qr[3];\u000au3(1.043706892692609,0.0,0.0) main_qr[2];\u000acx main_qr[3],main_qr[2];\u000au3(0.352556508902855,0.0,0.0) main_qr[3];\u000acx main_qr[3],main_qr[4];\u000au3(0.083775804095728,0.0,0.0) main_qr[4];\u000ameasure main_qr[3] -> main_cr[3];\u000au3(0.139626340159546,0.0,0.0) main_qr[2];\u000acx main_qr[4],main_qr[2];\u000ameasure main_qr[4] -> main_cr[4];\u000ameasure main_qr[2] -> main_cr[2];\u000a
p79
sa(dp80
g2
(lp81
F0.24814826711120302
aF0.32704759176238773
aF0.4368492146340297
aF0.5631507853659704
aF0.6729524082376123
aF0.751851732888797
asg4
V\u000ainclude "qelib1.inc";\u000aqreg err_qr[5];\u000acreg err_cr[5];\u000au3(0.321140582366957,0.0,0.0) err_qr[4];\u000au3(0.513126800086333,0.0,0.0) err_qr[3];\u000au3(0.027925268031909,0.0,0.0) err_qr[2];\u000acx err_qr[3],err_qr[2];\u000au3(1.298524963483781,0.0,0.0) err_qr[3];\u000acx err_qr[3],err_qr[4];\u000au3(0.851720674973233,0.0,0.0) err_qr[4];\u000au3(-1.570796326794897,0.0,0.0) err_qr[3];\u000ameasure err_qr[3] -> err_cr[3];\u000au3(0.561996019142174,0.0,0.0) err_qr[2];\u000acx err_qr[4],err_qr[2];\u000au3(1.570796326794897,0.0,0.0) err_qr[4];\u000ameasure err_qr[4] -> err_cr[4];\u000au3(1.570796326794897,0.0,0.0) err_qr[2];\u000ameasure err_qr[2] -> err_cr[2];\u000a
p82
sg6
(lp83
F0.321140582366957
aF0.513126800086333
aF0.027925268031909
aF1.298524963483781
aF0.851720674973233
aF0.561996019142174
asg8
(lp84
F0.1719854631621441
aF0.35989646108169987
aF0.36843107914226497
aF0.6315689208577351
aF0.6401035389183002
aF0.828014536837856
asg10
(dp85
g12
L68L
sg13
L567L
sg14
L255L
sg15
L391L
sg16
L31L
sg17
L79L
sg18
L129L
sg19
L528L
ssg20
(dp86
g12
L168L
sg13
L152L
sg14
L222L
sg15
L781L
sg16
L371L
sg17
L266L
sg18
L54L
sg19
L34L
ssg22
V\u000ainclude "qelib1.inc";\u000aqreg main_qr[5];\u000acreg main_cr[5];\u000au3(0.321140582366957,0.0,0.0) main_qr[4];\u000au3(0.513126800086333,0.0,0.0) main_qr[3];\u000au3(0.027925268031909,0.0,0.0) main_qr[2];\u000acx main_qr[3],main_qr[2];\u000au3(1.298524963483781,0.0,0.0) main_qr[3];\u000acx main_qr[3],main_qr[4];\u000au3(0.851720674973233,0.0,0.0) main_qr[4];\u000ameasure main_qr[3] -> main_cr[3];\u000au3(0.561996019142174,0.0,0.0) main_qr[2];\u000acx main_qr[4],main_qr[2];\u000ameasure main_qr[4] -> main_cr[4];\u000ameasure main_qr[2] -> main_cr[2];\u000a
p87
sa(dp88
g2
(lp89
F0.18437462086334017
aF0.2685977941496492
aF0.3208182607332453
aF0.6791817392667547
aF0.7314022058503509
aF0.8156253791366598
asg4
V\u000ainclude "qelib1.inc";\u000aqreg err_qr[5];\u000acreg err_cr[5];\u000au3(0.942477796076938,0.0,0.0) err_qr[4];\u000au3(1.099557428756428,0.0,0.0) err_qr[3];\u000au3(0.18151424220741,0.0,0.0) err_qr[2];\u000acx err_qr[3],err_qr[2];\u000au3(0.150098315671512,0.0,0.0) err_qr[3];\u000acx err_qr[3],err_qr[4];\u000au3(0.020943951023932,0.0,0.0) err_qr[4];\u000au3(-1.570796326794897,0.0,0.0) err_qr[3];\u000ameasure err_qr[3] -> err_cr[3];\u000au3(0.376991118430775,0.0,0.0) err_qr[2];\u000acx err_qr[4],err_qr[2];\u000au3(1.570796326794897,0.0,0.0) err_qr[4];\u000ameasure err_qr[4] -> err_cr[4];\u000au3(1.570796326794897,0.0,0.0) err_qr[2];\u000ameasure err_qr[2] -> err_cr[2];\u000a
p90
sg6
(lp91
F0.942477796076938
aF1.099557428756428
aF0.18151424220741
aF0.150098315671512
aF0.020943951023932
aF0.376991118430775
asg8
(lp92
F0.2852467120492239
aF0.2911114778814988
aF0.33614544195345997
aF0.66385455804654
aF0.7088885221185012
aF0.7147532879507761
asg10
(dp93
g12
L51L
sg13
L731L
sg14
L70L
sg15
L330L
sg16
L167L
sg17
L196L
sg18
L117L
sg19
L386L
ssg20
(dp94
g12
L390L
sg13
L196L
sg14
L293L
sg15
L960L
sg16
L65L
sg17
L60L
sg18
L54L
sg19
L30L
ssg22
V\u000ainclude "qelib1.inc";\u000aqreg main_qr[5];\u000acreg main_cr[5];\u000au3(0.942477796076938,0.0,0.0) main_qr[4];\u000au3(1.099557428756428,0.0,0.0) main_qr[3];\u000au3(0.18151424220741,0.0,0.0) main_qr[2];\u000acx main_qr[3],main_qr[2];\u000au3(0.150098315671512,0.0,0.0) main_qr[3];\u000acx main_qr[3],main_qr[4];\u000au3(0.020943951023932,0.0,0.0) main_qr[4];\u000ameasure main_qr[3] -> main_cr[3];\u000au3(0.376991118430775,0.0,0.0) main_qr[2];\u000acx main_qr[4],main_qr[2];\u000ameasure main_qr[4] -> main_cr[4];\u000ameasure main_qr[2] -> main_cr[2];\u000a
p95
sa(dp96
g2
(lp97
F0.2938960774659649
aF0.3342834586839319
aF0.3547280941270218
aF0.6452719058729781
aF0.6657165413160681
aF0.7061039225340351
asg4
V\u000ainclude "qelib1.inc";\u000aqreg err_qr[5];\u000acreg err_cr[5];\u000au3(0.247836753783195,0.0,0.0) err_qr[4];\u000au3(0.904080552533063,0.0,0.0) err_qr[3];\u000au3(1.165879940332212,0.0,0.0) err_qr[2];\u000acx err_qr[3],err_qr[2];\u000au3(0.897099235525085,0.0,0.0) err_qr[3];\u000acx err_qr[3],err_qr[4];\u000au3(1.521927107739055,0.0,0.0) err_qr[4];\u000au3(-1.570796326794897,0.0,0.0) err_qr[3];\u000ameasure err_qr[3] -> err_cr[3];\u000au3(1.462585913171248,0.0,0.0) err_qr[2];\u000acx err_qr[4],err_qr[2];\u000au3(1.570796326794897,0.0,0.0) err_qr[4];\u000ameasure err_qr[4] -> err_cr[4];\u000au3(1.570796326794897,0.0,0.0) err_qr[2];\u000ameasure err_qr[2] -> err_cr[2];\u000a
p98
sg6
(lp99
F0.247836753783195
aF0.904080552533063
aF1.165879940332212
aF0.897099235525085
aF1.521927107739055
aF1.462585913171248
asg8
(lp100
F0.302152679277948
aF0.3036502153934488
aF0.32971580810623924
aF0.6702841918937608
aF0.6963497846065512
aF0.697847320722052
asg10
(dp101
g12
L72L
sg13
L65L
sg14
L72L
sg15
L39L
sg16
L295L
sg17
L228L
sg18
L506L
sg19
L771L
ssg20
(dp102
g12
L75L
sg13
L304L
sg14
L157L
sg15
L302L
sg16
L171L
sg17
L296L
sg18
L417L
sg19
L326L
ssg22
V\u000ainclude "qelib1.inc";\u000aqreg main_qr[5];\u000acreg main_cr[5];\u000au3(0.247836753783195,0.0,0.0) main_qr[4];\u000au3(0.904080552533063,0.0,0.0) main_qr[3];\u000au3(1.165879940332212,0.0,0.0) main_qr[2];\u000acx main_qr[3],main_qr[2];\u000au3(0.897099235525085,0.0,0.0) main_qr[3];\u000acx main_qr[3],main_qr[4];\u000au3(1.521927107739055,0.0,0.0) main_qr[4];\u000ameasure main_qr[3] -> main_cr[3];\u000au3(1.462585913171248,0.0,0.0) main_qr[2];\u000acx main_qr[4],main_qr[2];\u000ameasure main_qr[4] -> main_cr[4];\u000ameasure main_qr[2] -> main_cr[2];\u000a
p103
sa(dp104
g2
(lp105
F0.32345704627092736
aF0.38247986253365407
aF0.4394061146970167
aF0.5605938853029833
aF0.6175201374663459
aF0.6765429537290726
asg4
V\u000ainclude "qelib1.inc";\u000aqreg err_qr[5];\u000acreg err_cr[5];\u000au3(1.06814150222053,0.0,0.0) err_qr[4];\u000au3(1.542871058762987,0.0,0.0) err_qr[3];\u000au3(0.125663706143592,0.0,0.0) err_qr[2];\u000acx err_qr[3],err_qr[2];\u000au3(1.036725575684632,0.0,0.0) err_qr[3];\u000acx err_qr[3],err_qr[4];\u000au3(0.216420827247297,0.0,0.0) err_qr[4];\u000au3(-1.570796326794897,0.0,0.0) err_qr[3];\u000ameasure err_qr[3] -> err_cr[3];\u000au3(0.244346095279206,0.0,0.0) err_qr[2];\u000acx err_qr[4],err_qr[2];\u000au3(1.570796326794897,0.0,0.0) err_qr[4];\u000ameasure err_qr[4] -> err_cr[4];\u000au3(1.570796326794897,0.0,0.0) err_qr[2];\u000ameasure err_qr[2] -> err_cr[2];\u000a
p106
sg6
(lp107
F1.06814150222053
aF1.542871058762987
aF0.125663706143592
aF1.036725575684632
aF0.216420827247297
aF0.244346095279206
asg8
(lp108
F0.3416244128207258
aF0.3789328327438576
aF0.40545861164580627
aF0.5945413883541937
aF0.6210671672561424
aF0.6583755871792742
asg10
(dp109
g12
L101L
sg13
L325L
sg14
L100L
sg15
L279L
sg16
L265L
sg17
L94L
sg18
L134L
sg19
L750L
ssg20
(dp110
g12
L593L
sg13
L219L
sg14
L306L
sg15
L725L
sg16
L80L
sg17
L66L
sg18
L39L
sg19
L20L
ssg22
V\u000ainclude "qelib1.inc";\u000aqreg main_qr[5];\u000acreg main_cr[5];\u000au3(1.06814150222053,0.0,0.0) main_qr[4];\u000au3(1.542871058762987,0.0,0.0) main_qr[3];\u000au3(0.125663706143592,0.0,0.0) main_qr[2];\u000acx main_qr[3],main_qr[2];\u000au3(1.036725575684632,0.0,0.0) main_qr[3];\u000acx main_qr[3],main_qr[4];\u000au3(0.216420827247297,0.0,0.0) main_qr[4];\u000ameasure main_qr[3] -> main_cr[3];\u000au3(0.244346095279206,0.0,0.0) main_qr[2];\u000acx main_qr[4],main_qr[2];\u000ameasure main_qr[4] -> main_cr[4];\u000ameasure main_qr[2] -> main_cr[2];\u000a
p111
sa(dp112
g2
(lp113
F0.23793821634977808
aF0.38643979447302323
aF0.478436423342819
aF0.5215635766571808
aF0.6135602055269765
aF0.7620617836502219
asg4
V\u000ainclude "qelib1.inc";\u000aqreg err_qr[5];\u000acreg err_cr[5];\u000au3(0.167551608191456,0.0,0.0) err_qr[4];\u000au3(1.350884841043611,0.0,0.0) err_qr[3];\u000au3(0.139626340159546,0.0,0.0) err_qr[2];\u000acx err_qr[3],err_qr[2];\u000au3(0.994837673636768,0.0,0.0) err_qr[3];\u000acx err_qr[3],err_qr[4];\u000au3(0.317649923862968,0.0,0.0) err_qr[4];\u000au3(-1.570796326794897,0.0,0.0) err_qr[3];\u000ameasure err_qr[3] -> err_cr[3];\u000au3(0.013962634015955,0.0,0.0) err_qr[2];\u000acx err_qr[4],err_qr[2];\u000au3(1.570796326794897,0.0,0.0) err_qr[4];\u000ameasure err_qr[4] -> err_cr[4];\u000au3(1.570796326794897,0.0,0.0) err_qr[2];\u000ameasure err_qr[2] -> err_cr[2];\u000a
p114
sg6
(lp115
F0.167551608191456
aF1.350884841043611
aF0.139626340159546
aF0.994837673636768
aF0.317649923862968
aF0.013962634015955
asg8
(lp116
F0.18596188464339475
aF0.38041793806195884
aF0.4716923182800083
aF0.5283076817199917
aF0.6195820619380412
aF0.8140381153566052
asg10
(dp117
g12
L64L
sg13
L646L
sg14
L202L
sg15
L110L
sg16
L29L
sg17
L82L
sg18
L130L
sg19
L785L
ssg20
(dp118
g12
L382L
sg13
L216L
sg14
L184L
sg15
L506L
sg16
L370L
sg17
L193L
sg18
L124L
sg19
L73L
ssg22
V\u000ainclude "qelib1.inc";\u000aqreg main_qr[5];\u000acreg main_cr[5];\u000au3(0.167551608191456,0.0,0.0) main_qr[4];\u000au3(1.350884841043611,0.0,0.0) main_qr[3];\u000au3(0.139626340159546,0.0,0.0) main_qr[2];\u000acx main_qr[3],main_qr[2];\u000au3(0.994837673636768,0.0,0.0) main_qr[3];\u000acx main_qr[3],main_qr[4];\u000au3(0.317649923862968,0.0,0.0) main_qr[4];\u000ameasure main_qr[3] -> main_cr[3];\u000au3(0.013962634015955,0.0,0.0) main_qr[2];\u000acx main_qr[4],main_qr[2];\u000ameasure main_qr[4] -> main_cr[4];\u000ameasure main_qr[2] -> main_cr[2];\u000a
p119
sa(dp120
g2
(lp121
F0.22938320725793826
aF0.27256804153769415
aF0.37841713457480947
aF0.6215828654251903
aF0.7274319584623056
aF0.7706167927420617
asg4
V\u000ainclude "qelib1.inc";\u000aqreg err_qr[5];\u000acreg err_cr[5];\u000au3(0.544542726622231,0.0,0.0) err_qr[4];\u000au3(1.340412865531645,0.0,0.0) err_qr[3];\u000au3(0.356047167406843,0.0,0.0) err_qr[2];\u000acx err_qr[3],err_qr[2];\u000au3(0.244346095279206,0.0,0.0) err_qr[3];\u000acx err_qr[3],err_qr[4];\u000au3(1.036725575684632,0.0,0.0) err_qr[4];\u000au3(-1.570796326794897,0.0,0.0) err_qr[3];\u000ameasure err_qr[3] -> err_cr[3];\u000au3(0.373500459926786,0.0,0.0) err_qr[2];\u000acx err_qr[4],err_qr[2];\u000au3(1.570796326794897,0.0,0.0) err_qr[4];\u000ameasure err_qr[4] -> err_cr[4];\u000au3(1.570796326794897,0.0,0.0) err_qr[2];\u000ameasure err_qr[2] -> err_cr[2];\u000a
p122
sg6
(lp123
F0.544542726622231
aF1.340412865531645
aF0.356047167406843
aF0.244346095279206
aF1.036725575684632
aF0.373500459926786
asg8
(lp124
F0.22241135784375043
aF0.2558549805083001
aF0.3971347728379194
aF0.6028652271620806
aF0.7441450194917
aF0.7775886421562496
asg10
(dp125
g12
L55L
sg13
L306L
sg14
L60L
sg15
L454L
sg16
L42L
sg17
L108L
sg18
L247L
sg19
L776L
ssg20
(dp126
g12
L248L
sg13
L121L
sg14
L259L
sg15
L702L
sg16
L164L
sg17
L246L
sg18
L145L
sg19
L163L
ssg22
V\u000ainclude "qelib1.inc";\u000aqreg main_qr[5];\u000acreg main_cr[5];\u000au3(0.544542726622231,0.0,0.0) main_qr[4];\u000au3(1.340412865531645,0.0,0.0) main_qr[3];\u000au3(0.356047167406843,0.0,0.0) main_qr[2];\u000acx main_qr[3],main_qr[2];\u000au3(0.244346095279206,0.0,0.0) main_qr[3];\u000acx main_qr[3],main_qr[4];\u000au3(1.036725575684632,0.0,0.0) main_qr[4];\u000ameasure main_qr[3] -> main_cr[3];\u000au3(0.373500459926786,0.0,0.0) main_qr[2];\u000acx main_qr[4],main_qr[2];\u000ameasure main_qr[4] -> main_cr[4];\u000ameasure main_qr[2] -> main_cr[2];\u000a
p127
sa(dp128
g2
(lp129
F0.10597282248428597
aF0.37705163619632837
aF0.45204704467918594
aF0.5479529553208141
aF0.6229483638036717
aF0.894027177515714
asg4
V\u000ainclude "qelib1.inc";\u000aqreg err_qr[5];\u000acreg err_cr[5];\u000au3(1.064650843716541,0.0,0.0) err_qr[4];\u000au3(1.462585913171248,0.0,0.0) err_qr[3];\u000au3(0.010471975511966,0.0,0.0) err_qr[2];\u000acx err_qr[3],err_qr[2];\u000au3(1.207767842380076,0.0,0.0) err_qr[3];\u000acx err_qr[3],err_qr[4];\u000au3(1.078613477732496,0.0,0.0) err_qr[4];\u000au3(-1.570796326794897,0.0,0.0) err_qr[3];\u000ameasure err_qr[3] -> err_cr[3];\u000au3(1.560324351282931,0.0,0.0) err_qr[2];\u000acx err_qr[4],err_qr[2];\u000au3(1.570796326794897,0.0,0.0) err_qr[4];\u000ameasure err_qr[4] -> err_cr[4];\u000au3(1.570796326794897,0.0,0.0) err_qr[2];\u000ameasure err_qr[2] -> err_cr[2];\u000a
p130
sg6
(lp131
F1.064650843716541
aF1.462585913171248
aF0.010471975511966
aF1.207767842380076
aF1.078613477732496
aF1.560324351282931
asg8
(lp132
F0.12646197151839567
aF0.3711150215822528
aF0.4774913465398123
aF0.5225086534601877
aF0.6288849784177473
aF0.8735380284816043
asg10
(dp133
g12
L55L
sg13
L111L
sg14
L171L
sg15
L532L
sg16
L33L
sg17
L60L
sg18
L275L
sg19
L811L
ssg20
(dp134
g12
L558L
sg13
L212L
sg14
L138L
sg15
L502L
sg16
L55L
sg17
L196L
sg18
L117L
sg19
L270L
ssg22
V\u000ainclude "qelib1.inc";\u000aqreg main_qr[5];\u000acreg main_cr[5];\u000au3(1.064650843716541,0.0,0.0) main_qr[4];\u000au3(1.462585913171248,0.0,0.0) main_qr[3];\u000au3(0.010471975511966,0.0,0.0) main_qr[2];\u000acx main_qr[3],main_qr[2];\u000au3(1.207767842380076,0.0,0.0) main_qr[3];\u000acx main_qr[3],main_qr[4];\u000au3(1.078613477732496,0.0,0.0) main_qr[4];\u000ameasure main_qr[3] -> main_cr[3];\u000au3(1.560324351282931,0.0,0.0) main_qr[2];\u000acx main_qr[4],main_qr[2];\u000ameasure main_qr[4] -> main_cr[4];\u000ameasure main_qr[2] -> main_cr[2];\u000a
p135
sa(dp136
g2
(lp137
F0.09053724281290804
aF0.25545388149069576
aF0.294904158028308
aF0.7050958419716921
aF0.7445461185093043
aF0.9094627571870919
asg4
V\u000ainclude "qelib1.inc";\u000aqreg err_qr[5];\u000acreg err_cr[5];\u000au3(0.335103216382911,0.0,0.0) err_qr[4];\u000au3(0.020943951023932,0.0,0.0) err_qr[3];\u000au3(0.792379480405425,0.0,0.0) err_qr[2];\u000acx err_qr[3],err_qr[2];\u000au3(1.162389281828223,0.0,0.0) err_qr[3];\u000acx err_qr[3],err_qr[4];\u000au3(0.411897703470662,0.0,0.0) err_qr[4];\u000au3(-1.570796326794897,0.0,0.0) err_qr[3];\u000ameasure err_qr[3] -> err_cr[3];\u000au3(0.150098315671512,0.0,0.0) err_qr[2];\u000acx err_qr[4],err_qr[2];\u000au3(1.570796326794897,0.0,0.0) err_qr[4];\u000ameasure err_qr[4] -> err_cr[4];\u000au3(1.570796326794897,0.0,0.0) err_qr[2];\u000ameasure err_qr[2] -> err_cr[2];\u000a
p138
sg6
(lp139
F0.335103216382911
aF0.020943951023932
aF0.792379480405425
aF1.162389281828223
aF0.411897703470662
aF0.150098315671512
asg8
(lp140
F0.056795525407484004
aF0.27971154743247495
aF0.32418281074862193
aF0.675817189251378
aF0.720288452567525
aF0.9432044745925159
asg10
(dp141
g12
L44L
sg13
L591L
sg14
L296L
sg15
L195L
sg16
L22L
sg17
L323L
sg18
L162L
sg19
L415L
ssg20
(dp142
g12
L28L
sg13
L58L
sg14
L403L
sg15
L1020L
sg16
L310L
sg17
L179L
sg18
L29L
sg19
L21L
ssg22
V\u000ainclude "qelib1.inc";\u000aqreg main_qr[5];\u000acreg main_cr[5];\u000au3(0.335103216382911,0.0,0.0) main_qr[4];\u000au3(0.020943951023932,0.0,0.0) main_qr[3];\u000au3(0.792379480405425,0.0,0.0) main_qr[2];\u000acx main_qr[3],main_qr[2];\u000au3(1.162389281828223,0.0,0.0) main_qr[3];\u000acx main_qr[3],main_qr[4];\u000au3(0.411897703470662,0.0,0.0) main_qr[4];\u000ameasure main_qr[3] -> main_cr[3];\u000au3(0.150098315671512,0.0,0.0) main_qr[2];\u000acx main_qr[4],main_qr[2];\u000ameasure main_qr[4] -> main_cr[4];\u000ameasure main_qr[2] -> main_cr[2];\u000a
p143
sa(dp144
g2
(lp145
F0.08987442200912132
aF0.20203298663488073
aF0.21867308544549963
aF0.7813269145545003
aF0.7979670133651193
aF0.9101255779908787
asg4
V\u000ainclude "qelib1.inc";\u000aqreg err_qr[5];\u000acreg err_cr[5];\u000au3(1.151917306316258,0.0,0.0) err_qr[4];\u000au3(1.17286125734019,0.0,0.0) err_qr[3];\u000au3(0.589921287174083,0.0,0.0) err_qr[2];\u000acx err_qr[3],err_qr[2];\u000au3(0.247836753783195,0.0,0.0) err_qr[3];\u000acx err_qr[3],err_qr[4];\u000au3(0.925024503556995,0.0,0.0) err_qr[4];\u000au3(-1.570796326794897,0.0,0.0) err_qr[3];\u000ameasure err_qr[3] -> err_cr[3];\u000au3(1.434660645139339,0.0,0.0) err_qr[2];\u000acx err_qr[4],err_qr[2];\u000au3(1.570796326794897,0.0,0.0) err_qr[4];\u000ameasure err_qr[4] -> err_cr[4];\u000au3(1.570796326794897,0.0,0.0) err_qr[2];\u000ameasure err_qr[2] -> err_cr[2];\u000a
p146
sg6
(lp147
F1.151917306316258
aF1.17286125734019
aF0.589921287174083
aF0.247836753783195
aF0.925024503556995
aF1.434660645139339
asg8
(lp148
F0.13737925205665735
aF0.26117405845933905
aF0.2631921514110643
aF0.7368078485889358
aF0.738825941540661
aF0.8626207479433426
asg10
(dp149
g12
L35L
sg13
L75L
sg14
L141L
sg15
L225L
sg16
L43L
sg17
L137L
sg18
L790L
sg19
L602L
ssg20
(dp150
g12
L200L
sg13
L487L
sg14
L258L
sg15
L624L
sg16
L31L
sg17
L193L
sg18
L165L
sg19
L90L
ssg22
V\u000ainclude "qelib1.inc";\u000aqreg main_qr[5];\u000acreg main_cr[5];\u000au3(1.151917306316258,0.0,0.0) main_qr[4];\u000au3(1.17286125734019,0.0,0.0) main_qr[3];\u000au3(0.589921287174083,0.0,0.0) main_qr[2];\u000acx main_qr[3],main_qr[2];\u000au3(0.247836753783195,0.0,0.0) main_qr[3];\u000acx main_qr[3],main_qr[4];\u000au3(0.925024503556995,0.0,0.0) main_qr[4];\u000ameasure main_qr[3] -> main_cr[3];\u000au3(1.434660645139339,0.0,0.0) main_qr[2];\u000acx main_qr[4],main_qr[2];\u000ameasure main_qr[4] -> main_cr[4];\u000ameasure main_qr[2] -> main_cr[2];\u000a
p151
sa(dp152
g2
(lp153
F0.09634220316157854
aF0.2991306715174206
aF0.34093628079164545
aF0.6590637192083545
aF0.7008693284825793
aF0.9036577968384214
asg4
V\u000ainclude "qelib1.inc";\u000aqreg err_qr[5];\u000acreg err_cr[5];\u000au3(0.226892802759263,0.0,0.0) err_qr[4];\u000au3(0.027925268031909,0.0,0.0) err_qr[3];\u000au3(0.394444410950718,0.0,0.0) err_qr[2];\u000acx err_qr[3],err_qr[2];\u000au3(1.211258500884065,0.0,0.0) err_qr[3];\u000acx err_qr[3],err_qr[4];\u000au3(0.760963553869528,0.0,0.0) err_qr[4];\u000au3(-1.570796326794897,0.0,0.0) err_qr[3];\u000ameasure err_qr[3] -> err_cr[3];\u000au3(0.541052068118242,0.0,0.0) err_qr[2];\u000acx err_qr[4],err_qr[2];\u000au3(1.570796326794897,0.0,0.0) err_qr[4];\u000ameasure err_qr[4] -> err_cr[4];\u000au3(1.570796326794897,0.0,0.0) err_qr[2];\u000ameasure err_qr[2] -> err_cr[2];\u000a
p154
sg6
(lp155
F0.226892802759263
aF0.027925268031909
aF0.394444410950718
aF1.211258500884065
aF0.760963553869528
aF0.541052068118242
asg8
(lp156
F0.06525032230365008
aF0.3020027057177528
aF0.33124954788833716
aF0.6687504521116628
aF0.6979972942822472
aF0.9347496776963498
asg10
(dp157
g12
L58L
sg13
L545L
sg14
L239L
sg15
L285L
sg16
L31L
sg17
L294L
sg18
L198L
sg19
L398L
ssg20
(dp158
g12
L44L
sg13
L38L
sg14
L314L
sg15
L973L
sg16
L368L
sg17
L242L
sg18
L46L
sg19
L23L
ssg22
V\u000ainclude "qelib1.inc";\u000aqreg main_qr[5];\u000acreg main_cr[5];\u000au3(0.226892802759263,0.0,0.0) main_qr[4];\u000au3(0.027925268031909,0.0,0.0) main_qr[3];\u000au3(0.394444410950718,0.0,0.0) main_qr[2];\u000acx main_qr[3],main_qr[2];\u000au3(1.211258500884065,0.0,0.0) main_qr[3];\u000acx main_qr[3],main_qr[4];\u000au3(0.760963553869528,0.0,0.0) main_qr[4];\u000ameasure main_qr[3] -> main_cr[3];\u000au3(0.541052068118242,0.0,0.0) main_qr[2];\u000acx main_qr[4],main_qr[2];\u000ameasure main_qr[4] -> main_cr[4];\u000ameasure main_qr[2] -> main_cr[2];\u000a
p159
sa(dp160
g2
(lp161
F0.08014384137504854
aF0.32300292212434933
aF0.40148240223484394
aF0.598517597765156
aF0.6769970778756506
aF0.9198561586249515
asg4
V\u000ainclude "qelib1.inc";\u000aqreg err_qr[5];\u000acreg err_cr[5];\u000au3(0.44331363000656,0.0,0.0) err_qr[4];\u000au3(1.497492498211135,0.0,0.0) err_qr[3];\u000au3(0.380481776934764,0.0,0.0) err_qr[2];\u000acx err_qr[3],err_qr[2];\u000au3(0.530580092606276,0.0,0.0) err_qr[3];\u000acx err_qr[3],err_qr[4];\u000au3(0.492182849062401,0.0,0.0) err_qr[4];\u000au3(-1.570796326794897,0.0,0.0) err_qr[3];\u000ameasure err_qr[3] -> err_cr[3];\u000au3(0.694641042293743,0.0,0.0) err_qr[2];\u000acx err_qr[4],err_qr[2];\u000au3(1.570796326794897,0.0,0.0) err_qr[4];\u000ameasure err_qr[4] -> err_cr[4];\u000au3(1.570796326794897,0.0,0.0) err_qr[2];\u000ameasure err_qr[2] -> err_cr[2];\u000a
p162
sg6
(lp163
F0.44331363000656
aF1.497492498211135
aF0.380481776934764
aF0.530580092606276
aF0.492182849062401
aF0.694641042293743
asg8
(lp164
F0.16695853931909513
aF0.2844333672392918
aF0.39666302820684224
aF0.6033369717931578
aF0.7155666327607082
aF0.8330414606809049
asg10
(dp165
g12
L64L
sg13
L396L
sg14
L67L
sg15
L153L
sg16
L34L
sg17
L117L
sg18
L191L
sg19
L1026L
ssg20
(dp166
g12
L349L
sg13
L173L
sg14
L179L
sg15
L696L
sg16
L236L
sg17
L110L
sg18
L175L
sg19
L130L
ssg22
V\u000ainclude "qelib1.inc";\u000aqreg main_qr[5];\u000acreg main_cr[5];\u000au3(0.44331363000656,0.0,0.0) main_qr[4];\u000au3(1.497492498211135,0.0,0.0) main_qr[3];\u000au3(0.380481776934764,0.0,0.0) main_qr[2];\u000acx main_qr[3],main_qr[2];\u000au3(0.530580092606276,0.0,0.0) main_qr[3];\u000acx main_qr[3],main_qr[4];\u000au3(0.492182849062401,0.0,0.0) main_qr[4];\u000ameasure main_qr[3] -> main_cr[3];\u000au3(0.694641042293743,0.0,0.0) main_qr[2];\u000acx main_qr[4],main_qr[2];\u000ameasure main_qr[4] -> main_cr[4];\u000ameasure main_qr[2] -> main_cr[2];\u000a
p167
sa(dp168
g2
(lp169
F0.24199976416793123
aF0.2520587314508564
aF0.43864633310265244
aF0.5613536668973476
aF0.7479412685491436
aF0.7580002358320688
asg4
V\u000ainclude "qelib1.inc";\u000aqreg err_qr[5];\u000acreg err_cr[5];\u000au3(0.15707963267949,0.0,0.0) err_qr[4];\u000au3(1.525417766243044,0.0,0.0) err_qr[3];\u000au3(0.136135681655558,0.0,0.0) err_qr[2];\u000acx err_qr[3],err_qr[2];\u000au3(1.347394182539623,0.0,0.0) err_qr[3];\u000acx err_qr[3],err_qr[4];\u000au3(0.705113017805709,0.0,0.0) err_qr[4];\u000au3(-1.570796326794897,0.0,0.0) err_qr[3];\u000ameasure err_qr[3] -> err_cr[3];\u000au3(0.460766922526503,0.0,0.0) err_qr[2];\u000acx err_qr[4],err_qr[2];\u000au3(1.570796326794897,0.0,0.0) err_qr[4];\u000ameasure err_qr[4] -> err_cr[4];\u000au3(1.570796326794897,0.0,0.0) err_qr[2];\u000ameasure err_qr[2] -> err_cr[2];\u000a
p170
sg6
(lp171
F0.15707963267949
aF1.525417766243044
aF0.136135681655558
aF1.347394182539623
aF0.705113017805709
aF0.460766922526503
asg8
(lp172
F0.2234336034327289
aF0.2532898886165427
aF0.4134474138228661
aF0.5865525861771339
aF0.7467101113834572
aF0.7765663965672711
asg10
(dp173
g12
L78L
sg13
L396L
sg14
L124L
sg15
L174L
sg16
L58L
sg17
L121L
sg18
L178L
sg19
L919L
ssg20
(dp174
g12
L480L
sg13
L183L
sg14
L143L
sg15
L324L
sg16
L401L
sg17
L303L
sg18
L128L
sg19
L86L
ssg22
V\u000ainclude "qelib1.inc";\u000aqreg main_qr[5];\u000acreg main_cr[5];\u000au3(0.15707963267949,0.0,0.0) main_qr[4];\u000au3(1.525417766243044,0.0,0.0) main_qr[3];\u000au3(0.136135681655558,0.0,0.0) main_qr[2];\u000acx main_qr[3],main_qr[2];\u000au3(1.347394182539623,0.0,0.0) main_qr[3];\u000acx main_qr[3],main_qr[4];\u000au3(0.705113017805709,0.0,0.0) main_qr[4];\u000ameasure main_qr[3] -> main_cr[3];\u000au3(0.460766922526503,0.0,0.0) main_qr[2];\u000acx main_qr[4],main_qr[2];\u000ameasure main_qr[4] -> main_cr[4];\u000ameasure main_qr[2] -> main_cr[2];\u000a
p175
sa(dp176
g2
(lp177
F0.10880012958122065
aF0.11270906440530726
aF0.21393372511847725
aF0.7860662748815228
aF0.8872909355946927
aF0.8911998704187793
asg4
V\u000ainclude "qelib1.inc";\u000aqreg err_qr[5];\u000acreg err_cr[5];\u000au3(0.3385938748869,0.0,0.0) err_qr[4];\u000au3(0.39095375244673,0.0,0.0) err_qr[3];\u000au3(0.474729556542458,0.0,0.0) err_qr[2];\u000acx err_qr[3],err_qr[2];\u000au3(0.44331363000656,0.0,0.0) err_qr[3];\u000acx err_qr[3],err_qr[4];\u000au3(1.085594794740473,0.0,0.0) err_qr[4];\u000au3(-1.570796326794897,0.0,0.0) err_qr[3];\u000ameasure err_qr[3] -> err_cr[3];\u000au3(0.44331363000656,0.0,0.0) err_qr[2];\u000acx err_qr[4],err_qr[2];\u000au3(1.570796326794897,0.0,0.0) err_qr[4];\u000ameasure err_qr[4] -> err_cr[4];\u000au3(1.570796326794897,0.0,0.0) err_qr[2];\u000ameasure err_qr[2] -> err_cr[2];\u000a
p178
sg6
(lp179
F0.3385938748869
aF0.39095375244673
aF0.474729556542458
aF0.44331363000656
aF1.085594794740473
aF0.44331363000656
asg8
(lp180
F0.12078869701604222
aF0.17718257172940732
aF0.22861663721600894
aF0.771383362783991
aF0.8228174282705927
aF0.8792113029839578
asg10
(dp181
g12
L27L
sg13
L533L
sg14
L70L
sg15
L544L
sg16
L27L
sg17
L228L
sg18
L326L
sg19
L293L
ssg20
(dp182
g12
L96L
sg13
L69L
sg14
L492L
sg15
L949L
sg16
L138L
sg17
L206L
sg18
L62L
sg19
L36L
ssg22
V\u000ainclude "qelib1.inc";\u000aqreg main_qr[5];\u000acreg main_cr[5];\u000au3(0.3385938748869,0.0,0.0) main_qr[4];\u000au3(0.39095375244673,0.0,0.0) main_qr[3];\u000au3(0.474729556542458,0.0,0.0) main_qr[2];\u000acx main_qr[3],main_qr[2];\u000au3(0.44331363000656,0.0,0.0) main_qr[3];\u000acx main_qr[3],main_qr[4];\u000au3(1.085594794740473,0.0,0.0) main_qr[4];\u000ameasure main_qr[3] -> main_cr[3];\u000au3(0.44331363000656,0.0,0.0) main_qr[2];\u000acx main_qr[4],main_qr[2];\u000ameasure main_qr[4] -> main_cr[4];\u000ameasure main_qr[2] -> main_cr[2];\u000a
p183
sa(dp184
g2
(lp185
F0.26720924178702543
aF0.2950983147286075
aF0.3046483793157824
aF0.6953516206842176
aF0.7049016852713925
aF0.7327907582129746
asg4
V\u000ainclude "qelib1.inc";\u000aqreg err_qr[5];\u000acreg err_cr[5];\u000au3(0.555014702134197,0.0,0.0) err_qr[4];\u000au3(1.110029404268394,0.0,0.0) err_qr[3];\u000au3(0.383972435438752,0.0,0.0) err_qr[2];\u000acx err_qr[3],err_qr[2];\u000au3(0.275762021815104,0.0,0.0) err_qr[3];\u000acx err_qr[3],err_qr[4];\u000au3(1.385791426083498,0.0,0.0) err_qr[4];\u000au3(-1.570796326794897,0.0,0.0) err_qr[3];\u000ameasure err_qr[3] -> err_cr[3];\u000au3(0.024434609527921,0.0,0.0) err_qr[2];\u000acx err_qr[4],err_qr[2];\u000au3(1.570796326794897,0.0,0.0) err_qr[4];\u000ameasure err_qr[4] -> err_cr[4];\u000au3(1.570796326794897,0.0,0.0) err_qr[2];\u000ameasure err_qr[2] -> err_cr[2];\u000a
p186
sg6
(lp187
F0.555014702134197
aF1.110029404268394
aF0.383972435438752
aF0.275762021815104
aF1.385791426083498
aF0.024434609527921
asg8
(lp188
F0.21335894314623527
aF0.28117916709032664
aF0.3411711832897502
aF0.6588288167102498
aF0.7188208329096735
aF0.7866410568537647
asg10
(dp189
g12
L46L
sg13
L261L
sg14
L107L
sg15
L728L
sg16
L58L
sg17
L78L
sg18
L185L
sg19
L585L
ssg20
(dp190
g12
L232L
sg13
L132L
sg14
L247L
sg15
L646L
sg16
L191L
sg17
L385L
sg18
L93L
sg19
L122L
ssg22
V\u000ainclude "qelib1.inc";\u000aqreg main_qr[5];\u000acreg main_cr[5];\u000au3(0.555014702134197,0.0,0.0) main_qr[4];\u000au3(1.110029404268394,0.0,0.0) main_qr[3];\u000au3(0.383972435438752,0.0,0.0) main_qr[2];\u000acx main_qr[3],main_qr[2];\u000au3(0.275762021815104,0.0,0.0) main_qr[3];\u000acx main_qr[3],main_qr[4];\u000au3(1.385791426083498,0.0,0.0) main_qr[4];\u000ameasure main_qr[3] -> main_cr[3];\u000au3(0.024434609527921,0.0,0.0) main_qr[2];\u000acx main_qr[4],main_qr[2];\u000ameasure main_qr[4] -> main_cr[4];\u000ameasure main_qr[2] -> main_cr[2];\u000a
p191
sa(dp192
g2
(lp193
F0.2652647979465301
aF0.4424798297216506
aF0.44249499999782627
aF0.5575050000021737
aF0.5575201702783493
aF0.7347352020534699
asg4
V\u000ainclude "qelib1.inc";\u000aqreg err_qr[5];\u000acreg err_cr[5];\u000au3(0.0,0.0,0.0) err_qr[4];\u000au3(1.445132620651305,0.0,0.0) err_qr[3];\u000au3(1.452113937659282,0.0,0.0) err_qr[2];\u000acx err_qr[3],err_qr[2];\u000au3(0.010471975511966,0.0,0.0) err_qr[3];\u000acx err_qr[3],err_qr[4];\u000au3(0.024434609527921,0.0,0.0) err_qr[4];\u000au3(-1.570796326794897,0.0,0.0) err_qr[3];\u000ameasure err_qr[3] -> err_cr[3];\u000au3(1.096066770252439,0.0,0.0) err_qr[2];\u000acx err_qr[4],err_qr[2];\u000au3(1.570796326794897,0.0,0.0) err_qr[4];\u000ameasure err_qr[4] -> err_cr[4];\u000au3(1.570796326794897,0.0,0.0) err_qr[2];\u000ameasure err_qr[2] -> err_cr[2];\u000a
p194
sg6
(lp195
F0.0
aF1.445132620651305
aF1.452113937659282
aF0.010471975511966
aF0.024434609527921
aF1.096066770252439
asg8
(lp196
F0.37145955519636087
aF0.4022888338002147
aF0.4678883143604348
aF0.5321116856395652
aF0.5977111661997854
aF0.628540444803639
asg10
(dp197
g12
L46L
sg13
L100L
sg14
L26L
sg15
L26L
sg16
L44L
sg17
L899L
sg18
L134L
sg19
L773L
ssg20
(dp198
g12
L86L
sg13
L430L
sg14
L108L
sg15
L596L
sg16
L389L
sg17
L129L
sg18
L95L
sg19
L215L
ssg22
V\u000ainclude "qelib1.inc";\u000aqreg main_qr[5];\u000acreg main_cr[5];\u000au3(0.0,0.0,0.0) main_qr[4];\u000au3(1.445132620651305,0.0,0.0) main_qr[3];\u000au3(1.452113937659282,0.0,0.0) main_qr[2];\u000acx main_qr[3],main_qr[2];\u000au3(0.010471975511966,0.0,0.0) main_qr[3];\u000acx main_qr[3],main_qr[4];\u000au3(0.024434609527921,0.0,0.0) main_qr[4];\u000ameasure main_qr[3] -> main_cr[3];\u000au3(1.096066770252439,0.0,0.0) main_qr[2];\u000acx main_qr[4],main_qr[2];\u000ameasure main_qr[4] -> main_cr[4];\u000ameasure main_qr[2] -> main_cr[2];\u000a
p199
sa(dp200
g2
(lp201
F0.15983651294299672
aF0.35146624215003386
aF0.4972639313838766
aF0.5027360686161234
aF0.6485337578499661
aF0.8401634870570034
asg4
V\u000ainclude "qelib1.inc";\u000aqreg err_qr[5];\u000acreg err_cr[5];\u000au3(0.006981317007977,0.0,0.0) err_qr[4];\u000au3(1.410226035611418,0.0,0.0) err_qr[3];\u000au3(0.038397243543875,0.0,0.0) err_qr[2];\u000acx err_qr[3],err_qr[2];\u000au3(1.305506280491759,0.0,0.0) err_qr[3];\u000acx err_qr[3],err_qr[4];\u000au3(0.897099235525085,0.0,0.0) err_qr[4];\u000au3(-1.570796326794897,0.0,0.0) err_qr[3];\u000ameasure err_qr[3] -> err_cr[3];\u000au3(0.219911485751285,0.0,0.0) err_qr[2];\u000acx err_qr[4],err_qr[2];\u000au3(1.570796326794897,0.0,0.0) err_qr[4];\u000ameasure err_qr[4] -> err_cr[4];\u000au3(1.570796326794897,0.0,0.0) err_qr[2];\u000ameasure err_qr[2] -> err_cr[2];\u000a
p202
sg6
(lp203
F0.006981317007977
aF1.410226035611418
aF0.038397243543875
aF1.305506280491759
aF0.897099235525085
aF0.219911485751285
asg8
(lp204
F0.2415843274478952
aF0.29570228474718685
aF0.47700407843883474
aF0.5229959215611653
aF0.7042977152528132
aF0.7584156725521047
asg10
(dp205
g12
L96L
sg13
L443L
sg14
L157L
sg15
L229L
sg16
L97L
sg17
L139L
sg18
L166L
sg19
L721L
ssg20
(dp206
g12
L401L
sg13
L295L
sg14
L119L
sg15
L226L
sg16
L414L
sg17
L381L
sg18
L119L
sg19
L93L
ssg22
V\u000ainclude "qelib1.inc";\u000aqreg main_qr[5];\u000acreg main_cr[5];\u000au3(0.006981317007977,0.0,0.0) main_qr[4];\u000au3(1.410226035611418,0.0,0.0) main_qr[3];\u000au3(0.038397243543875,0.0,0.0) main_qr[2];\u000acx main_qr[3],main_qr[2];\u000au3(1.305506280491759,0.0,0.0) main_qr[3];\u000acx main_qr[3],main_qr[4];\u000au3(0.897099235525085,0.0,0.0) main_qr[4];\u000ameasure main_qr[3] -> main_cr[3];\u000au3(0.219911485751285,0.0,0.0) main_qr[2];\u000acx main_qr[4],main_qr[2];\u000ameasure main_qr[4] -> main_cr[4];\u000ameasure main_qr[2] -> main_cr[2];\u000a
p207
sa(dp208
g2
(lp209
F0.08057557464040455
aF0.4203631676256045
aF0.4987610775026344
aF0.5012389224973656
aF0.5796368323743956
aF0.9194244253595955
asg4
V\u000ainclude "qelib1.inc";\u000aqreg err_qr[5];\u000acreg err_cr[5];\u000au3(0.041887902047864,0.0,0.0) err_qr[4];\u000au3(1.553343034274953,0.0,0.0) err_qr[3];\u000au3(0.027925268031909,0.0,0.0) err_qr[2];\u000acx err_qr[3],err_qr[2];\u000au3(0.621337213709981,0.0,0.0) err_qr[3];\u000acx err_qr[3],err_qr[4];\u000au3(0.370009801422798,0.0,0.0) err_qr[4];\u000au3(-1.570796326794897,0.0,0.0) err_qr[3];\u000ameasure err_qr[3] -> err_cr[3];\u000au3(1.071632160724518,0.0,0.0) err_qr[2];\u000acx err_qr[4],err_qr[2];\u000au3(1.570796326794897,0.0,0.0) err_qr[4];\u000ameasure err_qr[4] -> err_cr[4];\u000au3(1.570796326794897,0.0,0.0) err_qr[2];\u000ameasure err_qr[2] -> err_cr[2];\u000a
p210
sg6
(lp211
F0.041887902047864
aF1.553343034274953
aF0.027925268031909
aF0.621337213709981
aF0.370009801422798
aF1.071632160724518
asg8
(lp212
F0.19015370826397893
aF0.3948459374937313
aF0.4603408602421458
aF0.5396591397578542
aF0.6051540625062687
aF0.8098462917360211
asg10
(dp213
g12
L65L
sg13
L598L
sg14
L129L
sg15
L99L
sg16
L36L
sg17
L128L
sg18
L205L
sg19
L788L
ssg20
(dp214
g12
L384L
sg13
L207L
sg14
L141L
sg15
L480L
sg16
L231L
sg17
L115L
sg18
L303L
sg19
L187L
ssg22
V\u000ainclude "qelib1.inc";\u000aqreg main_qr[5];\u000acreg main_cr[5];\u000au3(0.041887902047864,0.0,0.0) main_qr[4];\u000au3(1.553343034274953,0.0,0.0) main_qr[3];\u000au3(0.027925268031909,0.0,0.0) main_qr[2];\u000acx main_qr[3],main_qr[2];\u000au3(0.621337213709981,0.0,0.0) main_qr[3];\u000acx main_qr[3],main_qr[4];\u000au3(0.370009801422798,0.0,0.0) main_qr[4];\u000ameasure main_qr[3] -> main_cr[3];\u000au3(1.071632160724518,0.0,0.0) main_qr[2];\u000acx main_qr[4],main_qr[2];\u000ameasure main_qr[4] -> main_cr[4];\u000ameasure main_qr[2] -> main_cr[2];\u000a
p215
sa(dp216
g2
(lp217
F0.19388361933115564
aF0.46604434715113574
aF0.49659038821254037
aF0.5034096117874597
aF0.5339556528488643
aF0.8061163806688443
asg4
V\u000ainclude "qelib1.inc";\u000aqreg err_qr[5];\u000acreg err_cr[5];\u000au3(0.006981317007977,0.0,0.0) err_qr[4];\u000au3(0.52010811709431,0.0,0.0) err_qr[3];\u000au3(0.247836753783195,0.0,0.0) err_qr[2];\u000acx err_qr[3],err_qr[2];\u000au3(1.434660645139339,0.0,0.0) err_qr[3];\u000acx err_qr[3],err_qr[4];\u000au3(0.188495559215388,0.0,0.0) err_qr[4];\u000au3(-1.570796326794897,0.0,0.0) err_qr[3];\u000ameasure err_qr[3] -> err_cr[3];\u000au3(0.380481776934764,0.0,0.0) err_qr[2];\u000acx err_qr[4],err_qr[2];\u000au3(1.570796326794897,0.0,0.0) err_qr[4];\u000ameasure err_qr[4] -> err_cr[4];\u000au3(1.570796326794897,0.0,0.0) err_qr[2];\u000ameasure err_qr[2] -> err_cr[2];\u000a
p218
sg6
(lp219
F0.006981317007977
aF0.52010811709431
aF0.247836753783195
aF1.434660645139339
aF0.188495559215388
aF0.380481776934764
asg8
(lp220
F0.09223574635096432
aF0.41865462985280133
aF0.42817118926393244
aF0.5718288107360675
aF0.5813453701471987
aF0.9077642536490356
asg10
(dp221
g12
L46L
sg13
L713L
sg14
L338L
sg15
L123L
sg16
L27L
sg17
L73L
sg18
L133L
sg19
L595L
ssg20
(dp222
g12
L89L
sg13
L118L
sg14
L212L
sg15
L713L
sg16
L531L
sg17
L263L
sg18
L76L
sg19
L46L
ssg22
V\u000ainclude "qelib1.inc";\u000aqreg main_qr[5];\u000acreg main_cr[5];\u000au3(0.006981317007977,0.0,0.0) main_qr[4];\u000au3(0.52010811709431,0.0,0.0) main_qr[3];\u000au3(0.247836753783195,0.0,0.0) main_qr[2];\u000acx main_qr[3],main_qr[2];\u000au3(1.434660645139339,0.0,0.0) main_qr[3];\u000acx main_qr[3],main_qr[4];\u000au3(0.188495559215388,0.0,0.0) main_qr[4];\u000ameasure main_qr[3] -> main_cr[3];\u000au3(0.380481776934764,0.0,0.0) main_qr[2];\u000acx main_qr[4],main_qr[2];\u000ameasure main_qr[4] -> main_cr[4];\u000ameasure main_qr[2] -> main_cr[2];\u000a
p223
sa.