(lp0
(dp1
Vexp-ON
p2
(lp3
F0.12401836448227677
aF0.39452672897421404
aF0.40896991631743984
aF0.5910300836825602
aF0.605473271025786
aF0.8759816355177231
asVmain-counts
p4
(dp5
V10100
p6
L368L
sV10000
p7
L499L
sV00000
p8
L79L
sV01000
p9
L49L
sV11000
p10
L581L
sV00100
p11
L80L
sV01100
p12
L46L
sV11100
p13
L346L
ssVideal
p14
(lp15
F0.047548448464403315
aF0.39635769601083753
aF0.40813329721274105
aF0.591866702787259
aF0.6036423039891625
aF0.9524515515355966
asVerr-qasm
p16
V\u000ainclude "qelib1.inc";\u000aqreg err_qr[5];\u000acreg err_cr[5];\u000au3(1.308996938995747,0.0,0.0) err_qr[4];\u000au3(1.434660645139339,0.0,0.0) err_qr[3];\u000au3(0.132645023151569,0.0,0.0) err_qr[2];\u000acx err_qr[3],err_qr[2];\u000au3(0.300196631343025,0.0,0.0) err_qr[3];\u000acx err_qr[3],err_qr[4];\u000au3(1.127482696788337,0.0,0.0) err_qr[4];\u000au3(-1.570796326794897,0.0,0.0) err_qr[3];\u000ameasure err_qr[3] -> err_cr[3];\u000au3(1.448623279155294,0.0,0.0) err_qr[2];\u000acx err_qr[4],err_qr[2];\u000au3(1.570796326794897,0.0,0.0) err_qr[4];\u000ameasure err_qr[4] -> err_cr[4];\u000au3(1.570796326794897,0.0,0.0) err_qr[2];\u000ameasure err_qr[2] -> err_cr[2];\u000a
p17
sVparameters
p18
(lp19
F1.308996938995747
aF1.434660645139339
aF0.132645023151569
aF0.300196631343025
aF1.127482696788337
aF1.448623279155294
asVerr-counts
p20
(dp21
g6
L488L
sg7
L155L
sg8
L364L
sg9
L326L
sg10
L149L
sg11
L233L
sg12
L105L
sg13
L228L
ssVmain-qasm
p22
V\u000ainclude "qelib1.inc";\u000aqreg main_qr[5];\u000acreg main_cr[5];\u000au3(1.308996938995747,0.0,0.0) main_qr[4];\u000au3(1.434660645139339,0.0,0.0) main_qr[3];\u000au3(0.132645023151569,0.0,0.0) main_qr[2];\u000acx main_qr[3],main_qr[2];\u000au3(0.300196631343025,0.0,0.0) main_qr[3];\u000acx main_qr[3],main_qr[4];\u000au3(1.127482696788337,0.0,0.0) main_qr[4];\u000ameasure main_qr[3] -> main_cr[3];\u000au3(1.448623279155294,0.0,0.0) main_qr[2];\u000acx main_qr[4],main_qr[2];\u000ameasure main_qr[4] -> main_cr[4];\u000ameasure main_qr[2] -> main_cr[2];\u000a
p23
sa(dp24
g2
(lp25
F0.3242017966074737
aF0.39564708829225337
aF0.39596973448761114
aF0.6040302655123889
aF0.6043529117077466
aF0.6757982033925263
asg4
(dp26
g6
L22L
sg7
L142L
sg8
L98L
sg9
L64L
sg10
L932L
sg11
L617L
sg12
L81L
sg13
L92L
ssg14
(lp27
F0.3734933546789656
aF0.4348784740761984
aF0.4548971784974176
aF0.5451028215025824
aF0.5651215259238016
aF0.6265066453210344
asg16
V\u000ainclude "qelib1.inc";\u000aqreg err_qr[5];\u000acreg err_cr[5];\u000au3(0.108210413623648,0.0,0.0) err_qr[4];\u000au3(0.240855436775217,0.0,0.0) err_qr[3];\u000au3(1.560324351282931,0.0,0.0) err_qr[2];\u000acx err_qr[3],err_qr[2];\u000au3(1.403244718603441,0.0,0.0) err_qr[3];\u000acx err_qr[3],err_qr[4];\u000au3(0.139626340159546,0.0,0.0) err_qr[4];\u000au3(-1.570796326794897,0.0,0.0) err_qr[3];\u000ameasure err_qr[3] -> err_cr[3];\u000au3(1.340412865531645,0.0,0.0) err_qr[2];\u000acx err_qr[4],err_qr[2];\u000au3(1.570796326794897,0.0,0.0) err_qr[4];\u000ameasure err_qr[4] -> err_cr[4];\u000au3(1.570796326794897,0.0,0.0) err_qr[2];\u000ameasure err_qr[2] -> err_cr[2];\u000a
p28
sg18
(lp29
F0.108210413623648
aF0.240855436775217
aF1.560324351282931
aF1.403244718603441
aF0.139626340159546
aF1.340412865531645
asg20
(dp30
g6
L307L
sg7
L169L
sg8
L595L
sg9
L243L
sg10
L308L
sg11
L110L
sg12
L212L
sg13
L104L
ssg22
V\u000ainclude "qelib1.inc";\u000aqreg main_qr[5];\u000acreg main_cr[5];\u000au3(0.108210413623648,0.0,0.0) main_qr[4];\u000au3(0.240855436775217,0.0,0.0) main_qr[3];\u000au3(1.560324351282931,0.0,0.0) main_qr[2];\u000acx main_qr[3],main_qr[2];\u000au3(1.403244718603441,0.0,0.0) main_qr[3];\u000acx main_qr[3],main_qr[4];\u000au3(0.139626340159546,0.0,0.0) main_qr[4];\u000ameasure main_qr[3] -> main_cr[3];\u000au3(1.340412865531645,0.0,0.0) main_qr[2];\u000acx main_qr[4],main_qr[2];\u000ameasure main_qr[4] -> main_cr[4];\u000ameasure main_qr[2] -> main_cr[2];\u000a
p31
sa(dp32
g2
(lp33
F0.24477132242546618
aF0.33061636746154066
aF0.4390195557719766
aF0.5609804442280234
aF0.6693836325384593
aF0.7552286775745337
asg4
(dp34
g6
L505L
sg7
L126L
sg8
L293L
sg9
L83L
sg10
L779L
sg11
L49L
sg12
L81L
sg13
L132L
ssg14
(lp35
F0.23346533583885065
aF0.339212174783289
aF0.37034161499864776
aF0.6296583850013523
aF0.660787825216711
aF0.7665346641611493
asg16
V\u000ainclude "qelib1.inc";\u000aqreg err_qr[5];\u000acreg err_cr[5];\u000au3(1.040216234188621,0.0,0.0) err_qr[4];\u000au3(1.214749159388053,0.0,0.0) err_qr[3];\u000au3(0.115191730631626,0.0,0.0) err_qr[2];\u000acx err_qr[3],err_qr[2];\u000au3(0.904080552533063,0.0,0.0) err_qr[3];\u000acx err_qr[3],err_qr[4];\u000au3(0.740019602845596,0.0,0.0) err_qr[4];\u000au3(-1.570796326794897,0.0,0.0) err_qr[3];\u000ameasure err_qr[3] -> err_cr[3];\u000au3(0.331612557878923,0.0,0.0) err_qr[2];\u000acx err_qr[4],err_qr[2];\u000au3(1.570796326794897,0.0,0.0) err_qr[4];\u000ameasure err_qr[4] -> err_cr[4];\u000au3(1.570796326794897,0.0,0.0) err_qr[2];\u000ameasure err_qr[2] -> err_cr[2];\u000a
p36
sg18
(lp37
F1.040216234188621
aF1.214749159388053
aF0.115191730631626
aF0.904080552533063
aF0.740019602845596
aF0.331612557878923
asg20
(dp38
g6
L616L
sg7
L76L
sg8
L291L
sg9
L361L
sg10
L63L
sg11
L155L
sg12
L147L
sg13
L339L
ssg22
V\u000ainclude "qelib1.inc";\u000aqreg main_qr[5];\u000acreg main_cr[5];\u000au3(1.040216234188621,0.0,0.0) main_qr[4];\u000au3(1.214749159388053,0.0,0.0) main_qr[3];\u000au3(0.115191730631626,0.0,0.0) main_qr[2];\u000acx main_qr[3],main_qr[2];\u000au3(0.904080552533063,0.0,0.0) main_qr[3];\u000acx main_qr[3],main_qr[4];\u000au3(0.740019602845596,0.0,0.0) main_qr[4];\u000ameasure main_qr[3] -> main_cr[3];\u000au3(0.331612557878923,0.0,0.0) main_qr[2];\u000acx main_qr[4],main_qr[2];\u000ameasure main_qr[4] -> main_cr[4];\u000ameasure main_qr[2] -> main_cr[2];\u000a
p39
sa(dp40
g2
(lp41
F0.21850427130082611
aF0.30390233503503433
aF0.45786893875759677
aF0.5421310612424033
aF0.6960976649649656
aF0.7814957286991739
asg4
(dp42
g6
L291L
sg7
L340L
sg8
L199L
sg9
L72L
sg10
L713L
sg11
L187L
sg12
L182L
sg13
L64L
ssg14
(lp43
F0.17631506832046517
aF0.2011379355251886
aF0.3529956781563317
aF0.6470043218436683
aF0.7988620644748113
aF0.8236849316795348
asg16
V\u000ainclude "qelib1.inc";\u000aqreg err_qr[5];\u000acreg err_cr[5];\u000au3(0.324631240870945,0.0,0.0) err_qr[4];\u000au3(1.033234917180643,0.0,0.0) err_qr[3];\u000au3(0.502654824574367,0.0,0.0) err_qr[2];\u000acx err_qr[3],err_qr[2];\u000au3(0.555014702134197,0.0,0.0) err_qr[3];\u000acx err_qr[3],err_qr[4];\u000au3(1.392772743091475,0.0,0.0) err_qr[4];\u000au3(-1.570796326794897,0.0,0.0) err_qr[3];\u000ameasure err_qr[3] -> err_cr[3];\u000au3(1.057669526708564,0.0,0.0) err_qr[2];\u000acx err_qr[4],err_qr[2];\u000au3(1.570796326794897,0.0,0.0) err_qr[4];\u000ameasure err_qr[4] -> err_cr[4];\u000au3(1.570796326794897,0.0,0.0) err_qr[2];\u000ameasure err_qr[2] -> err_cr[2];\u000a
p44
sg18
(lp45
F0.324631240870945
aF1.033234917180643
aF0.502654824574367
aF0.555014702134197
aF1.392772743091475
aF1.057669526708564
asg20
(dp46
g6
L531L
sg7
L290L
sg8
L70L
sg9
L102L
sg10
L295L
sg11
L219L
sg12
L203L
sg13
L338L
ssg22
V\u000ainclude "qelib1.inc";\u000aqreg main_qr[5];\u000acreg main_cr[5];\u000au3(0.324631240870945,0.0,0.0) main_qr[4];\u000au3(1.033234917180643,0.0,0.0) main_qr[3];\u000au3(0.502654824574367,0.0,0.0) main_qr[2];\u000acx main_qr[3],main_qr[2];\u000au3(0.555014702134197,0.0,0.0) main_qr[3];\u000acx main_qr[3],main_qr[4];\u000au3(1.392772743091475,0.0,0.0) main_qr[4];\u000ameasure main_qr[3] -> main_cr[3];\u000au3(1.057669526708564,0.0,0.0) main_qr[2];\u000acx main_qr[4],main_qr[2];\u000ameasure main_qr[4] -> main_cr[4];\u000ameasure main_qr[2] -> main_cr[2];\u000a
p47
sa(dp48
g2
(lp49
F0.22638816941168163
aF0.41190074674509286
aF0.4343992732297637
aF0.5656007267702363
aF0.5880992532549071
aF0.7736118305883184
asg4
(dp50
g6
L321L
sg7
L123L
sg8
L696L
sg9
L133L
sg10
L604L
sg11
L61L
sg12
L39L
sg13
L71L
ssg14
(lp51
F0.1469409495745963
aF0.3033353970413294
aF0.43466618079877634
aF0.5653338192012236
aF0.6966646029586706
aF0.8530590504254038
asg16
V\u000ainclude "qelib1.inc";\u000aqreg err_qr[5];\u000acreg err_cr[5];\u000au3(0.324631240870945,0.0,0.0) err_qr[4];\u000au3(1.141445330804292,0.0,0.0) err_qr[3];\u000au3(0.05235987755983,0.0,0.0) err_qr[2];\u000acx err_qr[3],err_qr[2];\u000au3(0.258308729295161,0.0,0.0) err_qr[3];\u000acx err_qr[3],err_qr[4];\u000au3(0.621337213709981,0.0,0.0) err_qr[4];\u000au3(-1.570796326794897,0.0,0.0) err_qr[3];\u000ameasure err_qr[3] -> err_cr[3];\u000au3(0.254818070791172,0.0,0.0) err_qr[2];\u000acx err_qr[4],err_qr[2];\u000au3(1.570796326794897,0.0,0.0) err_qr[4];\u000ameasure err_qr[4] -> err_cr[4];\u000au3(1.570796326794897,0.0,0.0) err_qr[2];\u000ameasure err_qr[2] -> err_cr[2];\u000a
p52
sg18
(lp53
F0.324631240870945
aF1.141445330804292
aF0.05235987755983
aF0.258308729295161
aF0.621337213709981
aF0.254818070791172
asg20
(dp54
g6
L453L
sg7
L120L
sg8
L315L
sg9
L255L
sg10
L158L
sg11
L171L
sg12
L188L
sg13
L388L
ssg22
V\u000ainclude "qelib1.inc";\u000aqreg main_qr[5];\u000acreg main_cr[5];\u000au3(0.324631240870945,0.0,0.0) main_qr[4];\u000au3(1.141445330804292,0.0,0.0) main_qr[3];\u000au3(0.05235987755983,0.0,0.0) main_qr[2];\u000acx main_qr[3],main_qr[2];\u000au3(0.258308729295161,0.0,0.0) main_qr[3];\u000acx main_qr[3],main_qr[4];\u000au3(0.621337213709981,0.0,0.0) main_qr[4];\u000ameasure main_qr[3] -> main_cr[3];\u000au3(0.254818070791172,0.0,0.0) main_qr[2];\u000acx main_qr[4],main_qr[2];\u000ameasure main_qr[4] -> main_cr[4];\u000ameasure main_qr[2] -> main_cr[2];\u000a
p55
sa(dp56
g2
(lp57
F0.13832628435713762
aF0.2664759507076404
aF0.30976259206569423
aF0.6902374079343058
aF0.7335240492923596
aF0.8616737156428624
asg4
(dp58
g6
L152L
sg7
L409L
sg8
L303L
sg9
L45L
sg10
L449L
sg11
L512L
sg12
L81L
sg13
L97L
ssg14
(lp59
F0.0012456320503517748
aF0.10746354283962367
aF0.10772152048415096
aF0.892278479515849
aF0.8925364571603762
aF0.9987543679496482
asg16
V\u000ainclude "qelib1.inc";\u000aqreg err_qr[5];\u000acreg err_cr[5];\u000au3(0.610865238198015,0.0,0.0) err_qr[4];\u000au3(0.265290046303138,0.0,0.0) err_qr[3];\u000au3(1.427679328131362,0.0,0.0) err_qr[2];\u000acx err_qr[3],err_qr[2];\u000au3(0.593411945678072,0.0,0.0) err_qr[3];\u000acx err_qr[3],err_qr[4];\u000au3(0.555014702134197,0.0,0.0) err_qr[4];\u000au3(-1.570796326794897,0.0,0.0) err_qr[3];\u000ameasure err_qr[3] -> err_cr[3];\u000au3(0.198967534727354,0.0,0.0) err_qr[2];\u000acx err_qr[4],err_qr[2];\u000au3(1.570796326794897,0.0,0.0) err_qr[4];\u000ameasure err_qr[4] -> err_cr[4];\u000au3(1.570796326794897,0.0,0.0) err_qr[2];\u000ameasure err_qr[2] -> err_cr[2];\u000a
p60
sg18
(lp61
F0.610865238198015
aF0.265290046303138
aF1.427679328131362
aF0.593411945678072
aF0.555014702134197
aF0.198967534727354
asg20
(dp62
g6
L824L
sg7
L47L
sg8
L148L
sg9
L75L
sg10
L36L
sg11
L172L
sg12
L158L
sg13
L588L
ssg22
V\u000ainclude "qelib1.inc";\u000aqreg main_qr[5];\u000acreg main_cr[5];\u000au3(0.610865238198015,0.0,0.0) main_qr[4];\u000au3(0.265290046303138,0.0,0.0) main_qr[3];\u000au3(1.427679328131362,0.0,0.0) main_qr[2];\u000acx main_qr[3],main_qr[2];\u000au3(0.593411945678072,0.0,0.0) main_qr[3];\u000acx main_qr[3],main_qr[4];\u000au3(0.555014702134197,0.0,0.0) main_qr[4];\u000ameasure main_qr[3] -> main_cr[3];\u000au3(0.198967534727354,0.0,0.0) main_qr[2];\u000acx main_qr[4],main_qr[2];\u000ameasure main_qr[4] -> main_cr[4];\u000ameasure main_qr[2] -> main_cr[2];\u000a
p63
sa(dp64
g2
(lp65
F0.26866957542276676
aF0.3300753188090911
aF0.4544613921927186
aF0.5455386078072814
aF0.669924681190909
aF0.7313304245772333
asg4
(dp66
g6
L96L
sg7
L391L
sg8
L156L
sg9
L73L
sg10
L712L
sg11
L388L
sg12
L150L
sg13
L82L
ssg14
(lp67
F0.1717298271742171
aF0.2516506345423811
aF0.3949501499361818
aF0.605049850063818
aF0.7483493654576185
aF0.8282701728257829
asg16
V\u000ainclude "qelib1.inc";\u000aqreg err_qr[5];\u000acreg err_cr[5];\u000au3(0.146607657167524,0.0,0.0) err_qr[4];\u000au3(0.774926187885482,0.0,0.0) err_qr[3];\u000au3(0.638790506229925,0.0,0.0) err_qr[2];\u000acx err_qr[3],err_qr[2];\u000au3(0.830776723949301,0.0,0.0) err_qr[3];\u000acx err_qr[3],err_qr[4];\u000au3(1.075122819228507,0.0,0.0) err_qr[4];\u000au3(-1.570796326794897,0.0,0.0) err_qr[3];\u000ameasure err_qr[3] -> err_cr[3];\u000au3(1.480039205691191,0.0,0.0) err_qr[2];\u000acx err_qr[4],err_qr[2];\u000au3(1.570796326794897,0.0,0.0) err_qr[4];\u000ameasure err_qr[4] -> err_cr[4];\u000au3(1.570796326794897,0.0,0.0) err_qr[2];\u000ameasure err_qr[2] -> err_cr[2];\u000a
p68
sg18
(lp69
F0.146607657167524
aF0.774926187885482
aF0.638790506229925
aF0.830776723949301
aF1.075122819228507
aF1.480039205691191
asg20
(dp70
g6
L522L
sg7
L275L
sg8
L173L
sg9
L94L
sg10
L320L
sg11
L147L
sg12
L212L
sg13
L305L
ssg22
V\u000ainclude "qelib1.inc";\u000aqreg main_qr[5];\u000acreg main_cr[5];\u000au3(0.146607657167524,0.0,0.0) main_qr[4];\u000au3(0.774926187885482,0.0,0.0) main_qr[3];\u000au3(0.638790506229925,0.0,0.0) main_qr[2];\u000acx main_qr[3],main_qr[2];\u000au3(0.830776723949301,0.0,0.0) main_qr[3];\u000acx main_qr[3],main_qr[4];\u000au3(1.075122819228507,0.0,0.0) main_qr[4];\u000ameasure main_qr[3] -> main_cr[3];\u000au3(1.480039205691191,0.0,0.0) main_qr[2];\u000acx main_qr[4],main_qr[2];\u000ameasure main_qr[4] -> main_cr[4];\u000ameasure main_qr[2] -> main_cr[2];\u000a
p71
sa(dp72
g2
(lp73
F0.21663486247825098
aF0.26484251307815965
aF0.3987195924807487
aF0.6012804075192514
aF0.7351574869218404
aF0.783365137521749
asg4
(dp74
g6
L294L
sg7
L179L
sg8
L325L
sg9
L104L
sg10
L895L
sg11
L66L
sg12
L93L
sg13
L92L
ssg14
(lp75
F0.2068124878848887
aF0.3094473288324075
aF0.4927805872302667
aF0.5072194127697334
aF0.6905526711675924
aF0.7931875121151114
asg16
V\u000ainclude "qelib1.inc";\u000aqreg err_qr[5];\u000acreg err_cr[5];\u000au3(0.293215314335047,0.0,0.0) err_qr[4];\u000au3(1.521927107739055,0.0,0.0) err_qr[3];\u000au3(0.003490658503989,0.0,0.0) err_qr[2];\u000acx err_qr[3],err_qr[2];\u000au3(1.560324351282931,0.0,0.0) err_qr[3];\u000acx err_qr[3],err_qr[4];\u000au3(0.991347015132779,0.0,0.0) err_qr[4];\u000au3(-1.570796326794897,0.0,0.0) err_qr[3];\u000ameasure err_qr[3] -> err_cr[3];\u000au3(0.820304748437335,0.0,0.0) err_qr[2];\u000acx err_qr[4],err_qr[2];\u000au3(1.570796326794897,0.0,0.0) err_qr[4];\u000ameasure err_qr[4] -> err_cr[4];\u000au3(1.570796326794897,0.0,0.0) err_qr[2];\u000ameasure err_qr[2] -> err_cr[2];\u000a
p76
sg18
(lp77
F0.293215314335047
aF1.521927107739055
aF0.003490658503989
aF1.560324351282931
aF0.991347015132779
aF0.820304748437335
asg20
(dp78
g6
L210L
sg7
L108L
sg8
L310L
sg9
L465L
sg10
L191L
sg11
L264L
sg12
L368L
sg13
L132L
ssg22
V\u000ainclude "qelib1.inc";\u000aqreg main_qr[5];\u000acreg main_cr[5];\u000au3(0.293215314335047,0.0,0.0) main_qr[4];\u000au3(1.521927107739055,0.0,0.0) main_qr[3];\u000au3(0.003490658503989,0.0,0.0) main_qr[2];\u000acx main_qr[3],main_qr[2];\u000au3(1.560324351282931,0.0,0.0) main_qr[3];\u000acx main_qr[3],main_qr[4];\u000au3(0.991347015132779,0.0,0.0) main_qr[4];\u000ameasure main_qr[3] -> main_cr[3];\u000au3(0.820304748437335,0.0,0.0) main_qr[2];\u000acx main_qr[4],main_qr[2];\u000ameasure main_qr[4] -> main_cr[4];\u000ameasure main_qr[2] -> main_cr[2];\u000a
p79
sa(dp80
g2
(lp81
F0.08659991582863036
aF0.32732231998096045
aF0.3696142769209876
aF0.6303857230790124
aF0.6726776800190396
aF0.9134000841713696
asg4
(dp82
g6
L166L
sg7
L131L
sg8
L487L
sg9
L87L
sg10
L853L
sg11
L83L
sg12
L25L
sg13
L216L
ssg14
(lp83
F0.11624625890422902
aF0.36613559610934643
aF0.3722743578994413
aF0.6277256421005585
aF0.6338644038906533
aF0.883753741095771
asg16
V\u000ainclude "qelib1.inc";\u000aqreg err_qr[5];\u000acreg err_cr[5];\u000au3(0.352556508902855,0.0,0.0) err_qr[4];\u000au3(1.148426647812269,0.0,0.0) err_qr[3];\u000au3(0.715584993317675,0.0,0.0) err_qr[2];\u000acx err_qr[3],err_qr[2];\u000au3(0.740019602845596,0.0,0.0) err_qr[3];\u000acx err_qr[3],err_qr[4];\u000au3(0.527089434102287,0.0,0.0) err_qr[4];\u000au3(-1.570796326794897,0.0,0.0) err_qr[3];\u000ameasure err_qr[3] -> err_cr[3];\u000au3(0.0,0.0,0.0) err_qr[2];\u000acx err_qr[4],err_qr[2];\u000au3(1.570796326794897,0.0,0.0) err_qr[4];\u000ameasure err_qr[4] -> err_cr[4];\u000au3(1.570796326794897,0.0,0.0) err_qr[2];\u000ameasure err_qr[2] -> err_cr[2];\u000a
p84
sg18
(lp85
F0.352556508902855
aF1.148426647812269
aF0.715584993317675
aF0.740019602845596
aF0.527089434102287
aF0.0
asg20
(dp86
g6
L794L
sg7
L79L
sg8
L101L
sg9
L149L
sg10
L38L
sg11
L266L
sg12
L418L
sg13
L203L
ssg22
V\u000ainclude "qelib1.inc";\u000aqreg main_qr[5];\u000acreg main_cr[5];\u000au3(0.352556508902855,0.0,0.0) main_qr[4];\u000au3(1.148426647812269,0.0,0.0) main_qr[3];\u000au3(0.715584993317675,0.0,0.0) main_qr[2];\u000acx main_qr[3],main_qr[2];\u000au3(0.740019602845596,0.0,0.0) main_qr[3];\u000acx main_qr[3],main_qr[4];\u000au3(0.527089434102287,0.0,0.0) main_qr[4];\u000ameasure main_qr[3] -> main_cr[3];\u000au3(0.0,0.0,0.0) main_qr[2];\u000acx main_qr[4],main_qr[2];\u000ameasure main_qr[4] -> main_cr[4];\u000ameasure main_qr[2] -> main_cr[2];\u000a
p87
sa(dp88
g2
(lp89
F0.2842852129802195
aF0.4047751407511162
aF0.4354341510116159
aF0.5645658489883841
aF0.5952248592488838
aF0.7157147870197805
asg4
(dp90
g6
L18L
sg7
L160L
sg8
L99L
sg9
L51L
sg10
L857L
sg11
L653L
sg12
L94L
sg13
L116L
ssg14
(lp91
F0.46386185340022973
aF0.486709479816945
aF0.48975593846173426
aF0.5102440615382657
aF0.513290520183055
aF0.5361381465997703
asg16
V\u000ainclude "qelib1.inc";\u000aqreg err_qr[5];\u000acreg err_cr[5];\u000au3(0.010471975511966,0.0,0.0) err_qr[4];\u000au3(0.471238898038469,0.0,0.0) err_qr[3];\u000au3(1.567305668290908,0.0,0.0) err_qr[2];\u000acx err_qr[3],err_qr[2];\u000au3(1.075122819228507,0.0,0.0) err_qr[3];\u000acx err_qr[3],err_qr[4];\u000au3(0.289724655831059,0.0,0.0) err_qr[4];\u000au3(-1.570796326794897,0.0,0.0) err_qr[3];\u000ameasure err_qr[3] -> err_cr[3];\u000au3(1.504473815219112,0.0,0.0) err_qr[2];\u000acx err_qr[4],err_qr[2];\u000au3(1.570796326794897,0.0,0.0) err_qr[4];\u000ameasure err_qr[4] -> err_cr[4];\u000au3(1.570796326794897,0.0,0.0) err_qr[2];\u000ameasure err_qr[2] -> err_cr[2];\u000a
p92
sg18
(lp93
F0.010471975511966
aF0.471238898038469
aF1.567305668290908
aF1.075122819228507
aF0.289724655831059
aF1.504473815219112
asg20
(dp94
g6
L198L
sg7
L223L
sg8
L590L
sg9
L278L
sg10
L351L
sg11
L106L
sg12
L198L
sg13
L104L
ssg22
V\u000ainclude "qelib1.inc";\u000aqreg main_qr[5];\u000acreg main_cr[5];\u000au3(0.010471975511966,0.0,0.0) main_qr[4];\u000au3(0.471238898038469,0.0,0.0) main_qr[3];\u000au3(1.567305668290908,0.0,0.0) main_qr[2];\u000acx main_qr[3],main_qr[2];\u000au3(1.075122819228507,0.0,0.0) main_qr[3];\u000acx main_qr[3],main_qr[4];\u000au3(0.289724655831059,0.0,0.0) main_qr[4];\u000ameasure main_qr[3] -> main_cr[3];\u000au3(1.504473815219112,0.0,0.0) main_qr[2];\u000acx main_qr[4],main_qr[2];\u000ameasure main_qr[4] -> main_cr[4];\u000ameasure main_qr[2] -> main_cr[2];\u000a
p95
sa(dp96
g2
(lp97
F0.23876542424373332
aF0.2972785850948223
aF0.3552561081773372
aF0.6447438918226628
aF0.7027214149051778
aF0.7612345757562666
asg4
(dp98
g6
L41L
sg7
L210L
sg8
L74L
sg9
L70L
sg10
L967L
sg11
L474L
sg12
L119L
sg13
L93L
ssg14
(lp99
F0.2632570464807876
aF0.3928416615936958
aF0.396852521557723
aF0.603147478442277
aF0.6071583384063042
aF0.7367429535192125
asg16
V\u000ainclude "qelib1.inc";\u000aqreg err_qr[5];\u000acreg err_cr[5];\u000au3(0.474729556542458,0.0,0.0) err_qr[4];\u000au3(0.760963553869528,0.0,0.0) err_qr[3];\u000au3(1.549852375770965,0.0,0.0) err_qr[2];\u000acx err_qr[3],err_qr[2];\u000au3(0.949459113084915,0.0,0.0) err_qr[3];\u000acx err_qr[3],err_qr[4];\u000au3(0.18151424220741,0.0,0.0) err_qr[4];\u000au3(-1.570796326794897,0.0,0.0) err_qr[3];\u000ameasure err_qr[3] -> err_cr[3];\u000au3(1.521927107739055,0.0,0.0) err_qr[2];\u000acx err_qr[4],err_qr[2];\u000au3(1.570796326794897,0.0,0.0) err_qr[4];\u000ameasure err_qr[4] -> err_cr[4];\u000au3(1.570796326794897,0.0,0.0) err_qr[2];\u000ameasure err_qr[2] -> err_cr[2];\u000a
p100
sg18
(lp101
F0.474729556542458
aF0.760963553869528
aF1.549852375770965
aF0.949459113084915
aF0.18151424220741
aF1.521927107739055
asg20
(dp102
g6
L268L
sg7
L129L
sg8
L744L
sg9
L395L
sg10
L201L
sg11
L76L
sg12
L109L
sg13
L126L
ssg22
V\u000ainclude "qelib1.inc";\u000aqreg main_qr[5];\u000acreg main_cr[5];\u000au3(0.474729556542458,0.0,0.0) main_qr[4];\u000au3(0.760963553869528,0.0,0.0) main_qr[3];\u000au3(1.549852375770965,0.0,0.0) main_qr[2];\u000acx main_qr[3],main_qr[2];\u000au3(0.949459113084915,0.0,0.0) main_qr[3];\u000acx main_qr[3],main_qr[4];\u000au3(0.18151424220741,0.0,0.0) main_qr[4];\u000ameasure main_qr[3] -> main_cr[3];\u000au3(1.521927107739055,0.0,0.0) main_qr[2];\u000acx main_qr[4],main_qr[2];\u000ameasure main_qr[4] -> main_cr[4];\u000ameasure main_qr[2] -> main_cr[2];\u000a
p103
sa(dp104
g2
(lp105
F0.19468948286811688
aF0.4204805837865264
aF0.47490215375801487
aF0.5250978462419852
aF0.5795194162134736
aF0.8053105171318831
asg4
(dp106
g6
L314L
sg7
L63L
sg8
L627L
sg9
L133L
sg10
L274L
sg11
L61L
sg12
L52L
sg13
L524L
ssg14
(lp107
F0.3804695315411171
aF0.382360302805558
aF0.4939979079480567
aF0.5060020920519432
aF0.617639697194442
aF0.6195304684588828
asg16
V\u000ainclude "qelib1.inc";\u000aqreg err_qr[5];\u000acreg err_cr[5];\u000au3(0.160570291183478,0.0,0.0) err_qr[4];\u000au3(0.066322511575785,0.0,0.0) err_qr[3];\u000au3(0.048869219055841,0.0,0.0) err_qr[2];\u000acx err_qr[3],err_qr[2];\u000au3(1.385791426083498,0.0,0.0) err_qr[3];\u000acx err_qr[3],err_qr[4];\u000au3(0.816814089933346,0.0,0.0) err_qr[4];\u000au3(-1.570796326794897,0.0,0.0) err_qr[3];\u000ameasure err_qr[3] -> err_cr[3];\u000au3(0.188495559215388,0.0,0.0) err_qr[2];\u000acx err_qr[4],err_qr[2];\u000au3(1.570796326794897,0.0,0.0) err_qr[4];\u000ameasure err_qr[4] -> err_cr[4];\u000au3(1.570796326794897,0.0,0.0) err_qr[2];\u000ameasure err_qr[2] -> err_cr[2];\u000a
p108
sg18
(lp109
F0.160570291183478
aF0.066322511575785
aF0.048869219055841
aF1.385791426083498
aF0.816814089933346
aF0.188495559215388
asg20
(dp110
g6
L488L
sg7
L32L
sg8
L198L
sg9
L123L
sg10
L50L
sg11
L337L
sg12
L427L
sg13
L393L
ssg22
V\u000ainclude "qelib1.inc";\u000aqreg main_qr[5];\u000acreg main_cr[5];\u000au3(0.160570291183478,0.0,0.0) main_qr[4];\u000au3(0.066322511575785,0.0,0.0) main_qr[3];\u000au3(0.048869219055841,0.0,0.0) main_qr[2];\u000acx main_qr[3],main_qr[2];\u000au3(1.385791426083498,0.0,0.0) main_qr[3];\u000acx main_qr[3],main_qr[4];\u000au3(0.816814089933346,0.0,0.0) main_qr[4];\u000ameasure main_qr[3] -> main_cr[3];\u000au3(0.188495559215388,0.0,0.0) main_qr[2];\u000acx main_qr[4],main_qr[2];\u000ameasure main_qr[4] -> main_cr[4];\u000ameasure main_qr[2] -> main_cr[2];\u000a
p111
sa(dp112
g2
(lp113
F0.34072373400502587
aF0.38272098300049945
aF0.3832915880320863
aF0.6167084119679137
aF0.6172790169995006
aF0.6592762659949741
asg4
(dp114
g6
L38L
sg7
L294L
sg8
L56L
sg9
L86L
sg10
L862L
sg11
L399L
sg12
L244L
sg13
L69L
ssg14
(lp115
F0.3034078025454723
aF0.4764873990379626
aF0.47992051123658774
aF0.5200794887634123
aF0.5235126009620374
aF0.6965921974545277
asg16
V\u000ainclude "qelib1.inc";\u000aqreg err_qr[5];\u000acreg err_cr[5];\u000au3(0.034906585039887,0.0,0.0) err_qr[4];\u000au3(0.432841654494594,0.0,0.0) err_qr[3];\u000au3(1.497492498211135,0.0,0.0) err_qr[2];\u000acx err_qr[3],err_qr[2];\u000au3(1.158898623324235,0.0,0.0) err_qr[3];\u000acx err_qr[3],err_qr[4];\u000au3(0.984365698124802,0.0,0.0) err_qr[4];\u000au3(-1.570796326794897,0.0,0.0) err_qr[3];\u000ameasure err_qr[3] -> err_cr[3];\u000au3(1.235693110411985,0.0,0.0) err_qr[2];\u000acx err_qr[4],err_qr[2];\u000au3(1.570796326794897,0.0,0.0) err_qr[4];\u000ameasure err_qr[4] -> err_cr[4];\u000au3(1.570796326794897,0.0,0.0) err_qr[2];\u000ameasure err_qr[2] -> err_cr[2];\u000a
p116
sg18
(lp117
F0.034906585039887
aF0.432841654494594
aF1.497492498211135
aF1.158898623324235
aF0.984365698124802
aF1.235693110411985
asg20
(dp118
g6
L219L
sg7
L329L
sg8
L319L
sg9
L245L
sg10
L308L
sg11
L196L
sg12
L261L
sg13
L171L
ssg22
V\u000ainclude "qelib1.inc";\u000aqreg main_qr[5];\u000acreg main_cr[5];\u000au3(0.034906585039887,0.0,0.0) main_qr[4];\u000au3(0.432841654494594,0.0,0.0) main_qr[3];\u000au3(1.497492498211135,0.0,0.0) main_qr[2];\u000acx main_qr[3],main_qr[2];\u000au3(1.158898623324235,0.0,0.0) main_qr[3];\u000acx main_qr[3],main_qr[4];\u000au3(0.984365698124802,0.0,0.0) main_qr[4];\u000ameasure main_qr[3] -> main_cr[3];\u000au3(1.235693110411985,0.0,0.0) main_qr[2];\u000acx main_qr[4],main_qr[2];\u000ameasure main_qr[4] -> main_cr[4];\u000ameasure main_qr[2] -> main_cr[2];\u000a
p119
sa(dp120
g2
(lp121
F0.23139560119186053
aF0.2837222704722633
aF0.4933586569781565
aF0.5066413430218433
aF0.7162777295277367
aF0.7686043988081392
asg4
(dp122
g6
L400L
sg7
L242L
sg8
L286L
sg9
L80L
sg10
L783L
sg11
L109L
sg12
L35L
sg13
L113L
ssg14
(lp123
F0.2205238735926387
aF0.22091272818492974
aF0.2949192663658201
aF0.7050807336341796
aF0.7790872718150701
aF0.7794761264073611
asg16
V\u000ainclude "qelib1.inc";\u000aqreg err_qr[5];\u000acreg err_cr[5];\u000au3(0.78190750489346,0.0,0.0) err_qr[4];\u000au3(1.057669526708564,0.0,0.0) err_qr[3];\u000au3(0.15707963267949,0.0,0.0) err_qr[2];\u000acx err_qr[3],err_qr[2];\u000au3(0.719075651821664,0.0,0.0) err_qr[3];\u000acx err_qr[3],err_qr[4];\u000au3(0.897099235525085,0.0,0.0) err_qr[4];\u000au3(-1.570796326794897,0.0,0.0) err_qr[3];\u000ameasure err_qr[3] -> err_cr[3];\u000au3(0.91106186954104,0.0,0.0) err_qr[2];\u000acx err_qr[4],err_qr[2];\u000au3(1.570796326794897,0.0,0.0) err_qr[4];\u000ameasure err_qr[4] -> err_cr[4];\u000au3(1.570796326794897,0.0,0.0) err_qr[2];\u000ameasure err_qr[2] -> err_cr[2];\u000a
p124
sg18
(lp125
F0.78190750489346
aF1.057669526708564
aF0.15707963267949
aF0.719075651821664
aF0.897099235525085
aF0.91106186954104
asg20
(dp126
g6
L491L
sg7
L133L
sg8
L246L
sg9
L263L
sg10
L134L
sg11
L158L
sg12
L161L
sg13
L462L
ssg22
V\u000ainclude "qelib1.inc";\u000aqreg main_qr[5];\u000acreg main_cr[5];\u000au3(0.78190750489346,0.0,0.0) main_qr[4];\u000au3(1.057669526708564,0.0,0.0) main_qr[3];\u000au3(0.15707963267949,0.0,0.0) main_qr[2];\u000acx main_qr[3],main_qr[2];\u000au3(0.719075651821664,0.0,0.0) main_qr[3];\u000acx main_qr[3],main_qr[4];\u000au3(0.897099235525085,0.0,0.0) main_qr[4];\u000ameasure main_qr[3] -> main_cr[3];\u000au3(0.91106186954104,0.0,0.0) main_qr[2];\u000acx main_qr[4],main_qr[2];\u000ameasure main_qr[4] -> main_cr[4];\u000ameasure main_qr[2] -> main_cr[2];\u000a
p127
sa(dp128
g2
(lp129
F0.40011694116365437
aF0.48068355425307374
aF0.4897344745890485
aF0.5102655254109515
aF0.5193164457469263
aF0.5998830588363456
asg4
(dp130
g6
L319L
sg7
L127L
sg8
L260L
sg9
L141L
sg10
L495L
sg11
L117L
sg12
L517L
sg13
L72L
ssg14
(lp131
F0.43660855767971596
aF0.43974445368301684
aF0.44195695884530267
aF0.5580430411546974
aF0.5602555463169832
aF0.563391442320284
asg16
V\u000ainclude "qelib1.inc";\u000aqreg err_qr[5];\u000acreg err_cr[5];\u000au3(1.497492498211135,0.0,0.0) err_qr[4];\u000au3(1.497492498211135,0.0,0.0) err_qr[3];\u000au3(0.090757121103705,0.0,0.0) err_qr[2];\u000acx err_qr[3],err_qr[2];\u000au3(1.148426647812269,0.0,0.0) err_qr[3];\u000acx err_qr[3],err_qr[4];\u000au3(0.041887902047864,0.0,0.0) err_qr[4];\u000au3(-1.570796326794897,0.0,0.0) err_qr[3];\u000ameasure err_qr[3] -> err_cr[3];\u000au3(0.471238898038469,0.0,0.0) err_qr[2];\u000acx err_qr[4],err_qr[2];\u000au3(1.570796326794897,0.0,0.0) err_qr[4];\u000ameasure err_qr[4] -> err_cr[4];\u000au3(1.570796326794897,0.0,0.0) err_qr[2];\u000ameasure err_qr[2] -> err_cr[2];\u000a
p132
sg18
(lp133
F1.497492498211135
aF1.497492498211135
aF0.090757121103705
aF1.148426647812269
aF0.041887902047864
aF0.471238898038469
asg20
(dp134
g6
L360L
sg7
L36L
sg8
L562L
sg9
L349L
sg10
L56L
sg11
L28L
sg12
L47L
sg13
L610L
ssg22
V\u000ainclude "qelib1.inc";\u000aqreg main_qr[5];\u000acreg main_cr[5];\u000au3(1.497492498211135,0.0,0.0) main_qr[4];\u000au3(1.497492498211135,0.0,0.0) main_qr[3];\u000au3(0.090757121103705,0.0,0.0) main_qr[2];\u000acx main_qr[3],main_qr[2];\u000au3(1.148426647812269,0.0,0.0) main_qr[3];\u000acx main_qr[3],main_qr[4];\u000au3(0.041887902047864,0.0,0.0) main_qr[4];\u000ameasure main_qr[3] -> main_cr[3];\u000au3(0.471238898038469,0.0,0.0) main_qr[2];\u000acx main_qr[4],main_qr[2];\u000ameasure main_qr[4] -> main_cr[4];\u000ameasure main_qr[2] -> main_cr[2];\u000a
p135
sa(dp136
g2
(lp137
F0.10758102378571652
aF0.29330010209586677
aF0.34599312136270494
aF0.6540068786372951
aF0.7066998979041332
aF0.8924189762142836
asg4
(dp138
g6
L85L
sg7
L221L
sg8
L169L
sg9
L120L
sg10
L898L
sg11
L234L
sg12
L116L
sg13
L205L
ssg14
(lp139
F0.001990442644922763
aF0.3636954306525273
aF0.36442272489461963
aF0.6355772751053804
aF0.6363045693474728
aF0.9980095573550772
asg16
V\u000ainclude "qelib1.inc";\u000aqreg err_qr[5];\u000acreg err_cr[5];\u000au3(0.125663706143592,0.0,0.0) err_qr[4];\u000au3(0.373500459926786,0.0,0.0) err_qr[3];\u000au3(1.385791426083498,0.0,0.0) err_qr[2];\u000acx err_qr[3],err_qr[2];\u000au3(1.448623279155294,0.0,0.0) err_qr[3];\u000acx err_qr[3],err_qr[4];\u000au3(0.85870199198121,0.0,0.0) err_qr[4];\u000au3(-1.570796326794897,0.0,0.0) err_qr[3];\u000ameasure err_qr[3] -> err_cr[3];\u000au3(0.108210413623648,0.0,0.0) err_qr[2];\u000acx err_qr[4],err_qr[2];\u000au3(1.570796326794897,0.0,0.0) err_qr[4];\u000ameasure err_qr[4] -> err_cr[4];\u000au3(1.570796326794897,0.0,0.0) err_qr[2];\u000ameasure err_qr[2] -> err_cr[2];\u000a
p140
sg18
(lp141
F0.125663706143592
aF0.373500459926786
aF1.385791426083498
aF1.448623279155294
aF0.85870199198121
aF0.108210413623648
asg20
(dp142
g6
L352L
sg7
L87L
sg8
L96L
sg9
L65L
sg10
L70L
sg11
L473L
sg12
L566L
sg13
L339L
ssg22
V\u000ainclude "qelib1.inc";\u000aqreg main_qr[5];\u000acreg main_cr[5];\u000au3(0.125663706143592,0.0,0.0) main_qr[4];\u000au3(0.373500459926786,0.0,0.0) main_qr[3];\u000au3(1.385791426083498,0.0,0.0) main_qr[2];\u000acx main_qr[3],main_qr[2];\u000au3(1.448623279155294,0.0,0.0) main_qr[3];\u000acx main_qr[3],main_qr[4];\u000au3(0.85870199198121,0.0,0.0) main_qr[4];\u000ameasure main_qr[3] -> main_cr[3];\u000au3(0.108210413623648,0.0,0.0) main_qr[2];\u000acx main_qr[4],main_qr[2];\u000ameasure main_qr[4] -> main_cr[4];\u000ameasure main_qr[2] -> main_cr[2];\u000a
p143
sa(dp144
g2
(lp145
F0.22062929502370832
aF0.33442657121991715
aF0.438847768534517
aF0.561152231465483
aF0.6655734287800829
aF0.7793707049762917
asg4
(dp146
g6
L232L
sg7
L135L
sg8
L500L
sg9
L120L
sg10
L440L
sg11
L46L
sg12
L42L
sg13
L533L
ssg14
(lp147
F0.37151119617749534
aF0.3801292025117483
aF0.38428955021835653
aF0.6157104497816435
aF0.6198707974882517
aF0.6284888038225047
asg16
V\u000ainclude "qelib1.inc";\u000aqreg err_qr[5];\u000acreg err_cr[5];\u000au3(0.289724655831059,0.0,0.0) err_qr[4];\u000au3(0.471238898038469,0.0,0.0) err_qr[3];\u000au3(0.205948851735331,0.0,0.0) err_qr[2];\u000acx err_qr[3],err_qr[2];\u000au3(1.494001839707146,0.0,0.0) err_qr[3];\u000acx err_qr[3],err_qr[4];\u000au3(0.558505360638185,0.0,0.0) err_qr[4];\u000au3(-1.570796326794897,0.0,0.0) err_qr[3];\u000ameasure err_qr[3] -> err_cr[3];\u000au3(0.020943951023932,0.0,0.0) err_qr[2];\u000acx err_qr[4],err_qr[2];\u000au3(1.570796326794897,0.0,0.0) err_qr[4];\u000ameasure err_qr[4] -> err_cr[4];\u000au3(1.570796326794897,0.0,0.0) err_qr[2];\u000ameasure err_qr[2] -> err_cr[2];\u000a
p148
sg18
(lp149
F0.289724655831059
aF0.471238898038469
aF0.205948851735331
aF1.494001839707146
aF0.558505360638185
aF0.020943951023932
asg20
(dp150
g6
L350L
sg7
L32L
sg8
L230L
sg9
L139L
sg10
L77L
sg11
L354L
sg12
L424L
sg13
L442L
ssg22
V\u000ainclude "qelib1.inc";\u000aqreg main_qr[5];\u000acreg main_cr[5];\u000au3(0.289724655831059,0.0,0.0) main_qr[4];\u000au3(0.471238898038469,0.0,0.0) main_qr[3];\u000au3(0.205948851735331,0.0,0.0) main_qr[2];\u000acx main_qr[3],main_qr[2];\u000au3(1.494001839707146,0.0,0.0) main_qr[3];\u000acx main_qr[3],main_qr[4];\u000au3(0.558505360638185,0.0,0.0) main_qr[4];\u000ameasure main_qr[3] -> main_cr[3];\u000au3(0.020943951023932,0.0,0.0) main_qr[2];\u000acx main_qr[4],main_qr[2];\u000ameasure main_qr[4] -> main_cr[4];\u000ameasure main_qr[2] -> main_cr[2];\u000a
p151
sa(dp152
g2
(lp153
F0.409690406080493
aF0.4452144956004823
aF0.4652461725600112
aF0.5347538274399888
aF0.5547855043995177
aF0.590309593919507
asg4
(dp154
g6
L49L
sg7
L333L
sg8
L100L
sg9
L80L
sg10
L601L
sg11
L370L
sg12
L469L
sg13
L46L
ssg14
(lp155
F0.03308692036589833
aF0.17396003966366602
aF0.18716991057083399
aF0.8128300894291658
aF0.826039960336334
aF0.9669130796341019
asg16
V\u000ainclude "qelib1.inc";\u000aqreg err_qr[5];\u000acreg err_cr[5];\u000au3(1.291543646475804,0.0,0.0) err_qr[4];\u000au3(0.370009801422798,0.0,0.0) err_qr[3];\u000au3(0.855211333477221,0.0,0.0) err_qr[2];\u000acx err_qr[3],err_qr[2];\u000au3(1.270599695451872,0.0,0.0) err_qr[3];\u000acx err_qr[3],err_qr[4];\u000au3(0.010471975511966,0.0,0.0) err_qr[4];\u000au3(-1.570796326794897,0.0,0.0) err_qr[3];\u000ameasure err_qr[3] -> err_cr[3];\u000au3(1.518436449235067,0.0,0.0) err_qr[2];\u000acx err_qr[4],err_qr[2];\u000au3(1.570796326794897,0.0,0.0) err_qr[4];\u000ameasure err_qr[4] -> err_cr[4];\u000au3(1.570796326794897,0.0,0.0) err_qr[2];\u000ameasure err_qr[2] -> err_cr[2];\u000a
p156
sg18
(lp157
F1.291543646475804
aF0.370009801422798
aF0.855211333477221
aF1.270599695451872
aF0.010471975511966
aF1.518436449235067
asg20
(dp158
g6
L584L
sg7
L48L
sg8
L405L
sg9
L451L
sg10
L53L
sg11
L55L
sg12
L42L
sg13
L410L
ssg22
V\u000ainclude "qelib1.inc";\u000aqreg main_qr[5];\u000acreg main_cr[5];\u000au3(1.291543646475804,0.0,0.0) main_qr[4];\u000au3(0.370009801422798,0.0,0.0) main_qr[3];\u000au3(0.855211333477221,0.0,0.0) main_qr[2];\u000acx main_qr[3],main_qr[2];\u000au3(1.270599695451872,0.0,0.0) main_qr[3];\u000acx main_qr[3],main_qr[4];\u000au3(0.010471975511966,0.0,0.0) main_qr[4];\u000ameasure main_qr[3] -> main_cr[3];\u000au3(1.518436449235067,0.0,0.0) main_qr[2];\u000acx main_qr[4],main_qr[2];\u000ameasure main_qr[4] -> main_cr[4];\u000ameasure main_qr[2] -> main_cr[2];\u000a
p159
sa(dp160
g2
(lp161
F0.18693745701097697
aF0.21804474139895316
aF0.3319560374605881
aF0.6680439625394119
aF0.7819552586010469
aF0.813062542989023
asg4
(dp162
g6
L156L
sg7
L496L
sg8
L90L
sg9
L76L
sg10
L911L
sg11
L181L
sg12
L77L
sg13
L61L
ssg14
(lp163
F0.1475712983788121
aF0.155183358238979
aF0.2725241518404089
aF0.7274758481595909
aF0.844816641761021
aF0.8524287016211877
asg16
V\u000ainclude "qelib1.inc";\u000aqreg err_qr[5];\u000acreg err_cr[5];\u000au3(0.628318530717959,0.0,0.0) err_qr[4];\u000au3(1.329940890019679,0.0,0.0) err_qr[3];\u000au3(0.841248699461267,0.0,0.0) err_qr[2];\u000acx err_qr[3],err_qr[2];\u000au3(0.446804288510548,0.0,0.0) err_qr[3];\u000acx err_qr[3],err_qr[4];\u000au3(1.183333232852155,0.0,0.0) err_qr[4];\u000au3(-1.570796326794897,0.0,0.0) err_qr[3];\u000ameasure err_qr[3] -> err_cr[3];\u000au3(1.057669526708564,0.0,0.0) err_qr[2];\u000acx err_qr[4],err_qr[2];\u000au3(1.570796326794897,0.0,0.0) err_qr[4];\u000ameasure err_qr[4] -> err_cr[4];\u000au3(1.570796326794897,0.0,0.0) err_qr[2];\u000ameasure err_qr[2] -> err_cr[2];\u000a
p164
sg18
(lp165
F0.628318530717959
aF1.329940890019679
aF0.841248699461267
aF0.446804288510548
aF1.183333232852155
aF1.057669526708564
asg20
(dp166
g6
L562L
sg7
L271L
sg8
L248L
sg9
L126L
sg10
L200L
sg11
L272L
sg12
L152L
sg13
L217L
ssg22
V\u000ainclude "qelib1.inc";\u000aqreg main_qr[5];\u000acreg main_cr[5];\u000au3(0.628318530717959,0.0,0.0) main_qr[4];\u000au3(1.329940890019679,0.0,0.0) main_qr[3];\u000au3(0.841248699461267,0.0,0.0) main_qr[2];\u000acx main_qr[3],main_qr[2];\u000au3(0.446804288510548,0.0,0.0) main_qr[3];\u000acx main_qr[3],main_qr[4];\u000au3(1.183333232852155,0.0,0.0) main_qr[4];\u000ameasure main_qr[3] -> main_cr[3];\u000au3(1.057669526708564,0.0,0.0) main_qr[2];\u000acx main_qr[4],main_qr[2];\u000ameasure main_qr[4] -> main_cr[4];\u000ameasure main_qr[2] -> main_cr[2];\u000a
p167
sa(dp168
g2
(lp169
F0.12246732840542411
aF0.3648060404733078
aF0.3930652914584365
aF0.6069347085415635
aF0.6351939595266922
aF0.8775326715945759
asg4
(dp170
g6
L72L
sg7
L80L
sg8
L609L
sg9
L77L
sg10
L965L
sg11
L44L
sg12
L44L
sg13
L157L
ssg14
(lp171
F0.1398473321291201
aF0.43403961579487066
aF0.4767855039302069
aF0.5232144960697932
aF0.5659603842051294
aF0.86015266787088
asg16
V\u000ainclude "qelib1.inc";\u000aqreg err_qr[5];\u000acreg err_cr[5];\u000au3(0.076794487087751,0.0,0.0) err_qr[4];\u000au3(1.12050137978036,0.0,0.0) err_qr[3];\u000au3(0.205948851735331,0.0,0.0) err_qr[2];\u000acx err_qr[3],err_qr[2];\u000au3(1.232202451907997,0.0,0.0) err_qr[3];\u000acx err_qr[3],err_qr[4];\u000au3(0.254818070791172,0.0,0.0) err_qr[4];\u000au3(-1.570796326794897,0.0,0.0) err_qr[3];\u000ameasure err_qr[3] -> err_cr[3];\u000au3(0.446804288510548,0.0,0.0) err_qr[2];\u000acx err_qr[4],err_qr[2];\u000au3(1.570796326794897,0.0,0.0) err_qr[4];\u000ameasure err_qr[4] -> err_cr[4];\u000au3(1.570796326794897,0.0,0.0) err_qr[2];\u000ameasure err_qr[2] -> err_cr[2];\u000a
p172
sg18
(lp173
F0.076794487087751
aF1.12050137978036
aF0.205948851735331
aF1.232202451907997
aF0.254818070791172
aF0.446804288510548
asg20
(dp174
g6
L416L
sg7
L124L
sg8
L213L
sg9
L258L
sg10
L116L
sg11
L270L
sg12
L402L
sg13
L249L
ssg22
V\u000ainclude "qelib1.inc";\u000aqreg main_qr[5];\u000acreg main_cr[5];\u000au3(0.076794487087751,0.0,0.0) main_qr[4];\u000au3(1.12050137978036,0.0,0.0) main_qr[3];\u000au3(0.205948851735331,0.0,0.0) main_qr[2];\u000acx main_qr[3],main_qr[2];\u000au3(1.232202451907997,0.0,0.0) main_qr[3];\u000acx main_qr[3],main_qr[4];\u000au3(0.254818070791172,0.0,0.0) main_qr[4];\u000ameasure main_qr[3] -> main_cr[3];\u000au3(0.446804288510548,0.0,0.0) main_qr[2];\u000acx main_qr[4],main_qr[2];\u000ameasure main_qr[4] -> main_cr[4];\u000ameasure main_qr[2] -> main_cr[2];\u000a
p175
sa(dp176
g2
(lp177
F0.28267479740522194
aF0.31043301886909996
aF0.4064422034539309
aF0.5935577965460691
aF0.6895669811309
aF0.717325202594778
asg4
(dp178
g6
L41L
sg7
L347L
sg8
L63L
sg9
L79L
sg10
L978L
sg11
L385L
sg12
L112L
sg13
L43L
ssg14
(lp179
F0.15219910325133812
aF0.22281244721896654
aF0.2697298959819132
aF0.7302701040180868
aF0.7771875527810335
aF0.8478008967486621
asg16
V\u000ainclude "qelib1.inc";\u000aqreg err_qr[5];\u000acreg err_cr[5];\u000au3(0.764454212373516,0.0,0.0) err_qr[4];\u000au3(1.071632160724518,0.0,0.0) err_qr[3];\u000au3(1.473057888683214,0.0,0.0) err_qr[2];\u000acx err_qr[3],err_qr[2];\u000au3(0.628318530717959,0.0,0.0) err_qr[3];\u000acx err_qr[3],err_qr[4];\u000au3(0.429350995990605,0.0,0.0) err_qr[4];\u000au3(-1.570796326794897,0.0,0.0) err_qr[3];\u000ameasure err_qr[3] -> err_cr[3];\u000au3(1.179842574348167,0.0,0.0) err_qr[2];\u000acx err_qr[4],err_qr[2];\u000au3(1.570796326794897,0.0,0.0) err_qr[4];\u000ameasure err_qr[4] -> err_cr[4];\u000au3(1.570796326794897,0.0,0.0) err_qr[2];\u000ameasure err_qr[2] -> err_cr[2];\u000a
p180
sg18
(lp181
F0.764454212373516
aF1.071632160724518
aF1.473057888683214
aF0.628318530717959
aF0.429350995990605
aF1.179842574348167
asg20
(dp182
g6
L360L
sg7
L146L
sg8
L432L
sg9
L394L
sg10
L95L
sg11
L123L
sg12
L125L
sg13
L373L
ssg22
V\u000ainclude "qelib1.inc";\u000aqreg main_qr[5];\u000acreg main_cr[5];\u000au3(0.764454212373516,0.0,0.0) main_qr[4];\u000au3(1.071632160724518,0.0,0.0) main_qr[3];\u000au3(1.473057888683214,0.0,0.0) main_qr[2];\u000acx main_qr[3],main_qr[2];\u000au3(0.628318530717959,0.0,0.0) main_qr[3];\u000acx main_qr[3],main_qr[4];\u000au3(0.429350995990605,0.0,0.0) main_qr[4];\u000ameasure main_qr[3] -> main_cr[3];\u000au3(1.179842574348167,0.0,0.0) main_qr[2];\u000acx main_qr[4],main_qr[2];\u000ameasure main_qr[4] -> main_cr[4];\u000ameasure main_qr[2] -> main_cr[2];\u000a
p183
sa(dp184
g2
(lp185
F0.08801039858857776
aF0.19701961545575408
aF0.2120539600801609
aF0.787946039919839
aF0.8029803845442459
aF0.9119896014114223
asg4
(dp186
g6
L65L
sg7
L121L
sg8
L206L
sg9
L94L
sg10
L1154L
sg11
L43L
sg12
L61L
sg13
L304L
ssg14
(lp187
F0.09465107176494708
aF0.16357745282695046
aF0.16717228586571503
aF0.8328277141342849
aF0.8364225471730494
aF0.9053489282350529
asg16
V\u000ainclude "qelib1.inc";\u000aqreg err_qr[5];\u000acreg err_cr[5];\u000au3(0.198967534727354,0.0,0.0) err_qr[4];\u000au3(1.410226035611418,0.0,0.0) err_qr[3];\u000au3(0.876155284501153,0.0,0.0) err_qr[2];\u000acx err_qr[3],err_qr[2];\u000au3(1.228711793404008,0.0,0.0) err_qr[3];\u000acx err_qr[3],err_qr[4];\u000au3(0.18151424220741,0.0,0.0) err_qr[4];\u000au3(-1.570796326794897,0.0,0.0) err_qr[3];\u000ameasure err_qr[3] -> err_cr[3];\u000au3(0.048869219055841,0.0,0.0) err_qr[2];\u000acx err_qr[4],err_qr[2];\u000au3(1.570796326794897,0.0,0.0) err_qr[4];\u000ameasure err_qr[4] -> err_cr[4];\u000au3(1.570796326794897,0.0,0.0) err_qr[2];\u000ameasure err_qr[2] -> err_cr[2];\u000a
p188
sg18
(lp189
F0.198967534727354
aF1.410226035611418
aF0.876155284501153
aF1.228711793404008
aF0.18151424220741
aF0.048869219055841
asg20
(dp190
g6
L546L
sg7
L90L
sg8
L92L
sg9
L146L
sg10
L57L
sg11
L325L
sg12
L486L
sg13
L306L
ssg22
V\u000ainclude "qelib1.inc";\u000aqreg main_qr[5];\u000acreg main_cr[5];\u000au3(0.198967534727354,0.0,0.0) main_qr[4];\u000au3(1.410226035611418,0.0,0.0) main_qr[3];\u000au3(0.876155284501153,0.0,0.0) main_qr[2];\u000acx main_qr[3],main_qr[2];\u000au3(1.228711793404008,0.0,0.0) main_qr[3];\u000acx main_qr[3],main_qr[4];\u000au3(0.18151424220741,0.0,0.0) main_qr[4];\u000ameasure main_qr[3] -> main_cr[3];\u000au3(0.048869219055841,0.0,0.0) main_qr[2];\u000acx main_qr[4],main_qr[2];\u000ameasure main_qr[4] -> main_cr[4];\u000ameasure main_qr[2] -> main_cr[2];\u000a
p191
sa(dp192
g2
(lp193
F0.22070653957506842
aF0.35585775402122505
aF0.44591527436514933
aF0.5540847256348507
aF0.644142245978775
aF0.7792934604249315
asg4
(dp194
g6
L369L
sg7
L178L
sg8
L360L
sg9
L108L
sg10
L704L
sg11
L104L
sg12
L169L
sg13
L56L
ssg14
(lp195
F0.17048510616830878
aF0.408445196545768
aF0.4100475745520553
aF0.5899524254479448
aF0.5915548034542321
aF0.8295148938316912
asg16
V\u000ainclude "qelib1.inc";\u000aqreg err_qr[5];\u000acreg err_cr[5];\u000au3(0.219911485751285,0.0,0.0) err_qr[4];\u000au3(0.883136601509131,0.0,0.0) err_qr[3];\u000au3(0.314159265358979,0.0,0.0) err_qr[2];\u000acx err_qr[3],err_qr[2];\u000au3(1.047197551196598,0.0,0.0) err_qr[3];\u000acx err_qr[3],err_qr[4];\u000au3(1.242674427419963,0.0,0.0) err_qr[4];\u000au3(-1.570796326794897,0.0,0.0) err_qr[3];\u000ameasure err_qr[3] -> err_cr[3];\u000au3(0.733038285837618,0.0,0.0) err_qr[2];\u000acx err_qr[4],err_qr[2];\u000au3(1.570796326794897,0.0,0.0) err_qr[4];\u000ameasure err_qr[4] -> err_cr[4];\u000au3(1.570796326794897,0.0,0.0) err_qr[2];\u000ameasure err_qr[2] -> err_cr[2];\u000a
p196
sg18
(lp197
F0.219911485751285
aF0.883136601509131
aF0.314159265358979
aF1.047197551196598
aF1.242674427419963
aF0.733038285837618
asg20
(dp198
g6
L556L
sg7
L145L
sg8
L76L
sg9
L185L
sg10
L148L
sg11
L357L
sg12
L322L
sg13
L259L
ssg22
V\u000ainclude "qelib1.inc";\u000aqreg main_qr[5];\u000acreg main_cr[5];\u000au3(0.219911485751285,0.0,0.0) main_qr[4];\u000au3(0.883136601509131,0.0,0.0) main_qr[3];\u000au3(0.314159265358979,0.0,0.0) main_qr[2];\u000acx main_qr[3],main_qr[2];\u000au3(1.047197551196598,0.0,0.0) main_qr[3];\u000acx main_qr[3],main_qr[4];\u000au3(1.242674427419963,0.0,0.0) main_qr[4];\u000ameasure main_qr[3] -> main_cr[3];\u000au3(0.733038285837618,0.0,0.0) main_qr[2];\u000acx main_qr[4],main_qr[2];\u000ameasure main_qr[4] -> main_cr[4];\u000ameasure main_qr[2] -> main_cr[2];\u000a
p199
sa(dp200
g2
(lp201
F0.38586223420493776
aF0.3968789766095783
aF0.39956943697812103
aF0.6004305630218789
aF0.6031210233904216
aF0.6141377657950622
asg4
(dp202
g6
L291L
sg7
L199L
sg8
L211L
sg9
L92L
sg10
L650L
sg11
L123L
sg12
L439L
sg13
L43L
ssg14
(lp203
F0.2229117902021091
aF0.22786174525987718
aF0.22868071417424088
aF0.7713192858257591
aF0.7721382547401229
aF0.777088209797891
asg16
V\u000ainclude "qelib1.inc";\u000aqreg err_qr[5];\u000acreg err_cr[5];\u000au3(1.452113937659282,0.0,0.0) err_qr[4];\u000au3(1.033234917180643,0.0,0.0) err_qr[3];\u000au3(0.223402144255274,0.0,0.0) err_qr[2];\u000acx err_qr[3],err_qr[2];\u000au3(1.455604596163271,0.0,0.0) err_qr[3];\u000acx err_qr[3],err_qr[4];\u000au3(0.188495559215388,0.0,0.0) err_qr[4];\u000au3(-1.570796326794897,0.0,0.0) err_qr[3];\u000ameasure err_qr[3] -> err_cr[3];\u000au3(1.396263401595464,0.0,0.0) err_qr[2];\u000acx err_qr[4],err_qr[2];\u000au3(1.570796326794897,0.0,0.0) err_qr[4];\u000ameasure err_qr[4] -> err_cr[4];\u000au3(1.570796326794897,0.0,0.0) err_qr[2];\u000ameasure err_qr[2] -> err_cr[2];\u000a
p204
sg18
(lp205
F1.452113937659282
aF1.033234917180643
aF0.223402144255274
aF1.455604596163271
aF0.188495559215388
aF1.396263401595464
asg20
(dp206
g6
L781L
sg7
L42L
sg8
L265L
sg9
L517L
sg10
L39L
sg11
L57L
sg12
L46L
sg13
L301L
ssg22
V\u000ainclude "qelib1.inc";\u000aqreg main_qr[5];\u000acreg main_cr[5];\u000au3(1.452113937659282,0.0,0.0) main_qr[4];\u000au3(1.033234917180643,0.0,0.0) main_qr[3];\u000au3(0.223402144255274,0.0,0.0) main_qr[2];\u000acx main_qr[3],main_qr[2];\u000au3(1.455604596163271,0.0,0.0) main_qr[3];\u000acx main_qr[3],main_qr[4];\u000au3(0.188495559215388,0.0,0.0) main_qr[4];\u000ameasure main_qr[3] -> main_cr[3];\u000au3(1.396263401595464,0.0,0.0) main_qr[2];\u000acx main_qr[4],main_qr[2];\u000ameasure main_qr[4] -> main_cr[4];\u000ameasure main_qr[2] -> main_cr[2];\u000a
p207
sa(dp208
g2
(lp209
F0.25195456677953465
aF0.2743923973809902
aF0.29909140027889664
aF0.7009085997211033
aF0.7256076026190099
aF0.7480454332204654
asg4
(dp210
g6
L269L
sg7
L343L
sg8
L207L
sg9
L77L
sg10
L458L
sg11
L250L
sg12
L412L
sg13
L32L
ssg14
(lp211
F0.09111167873415627
aF0.09276023542883305
aF0.09434177907210306
aF0.9056582209278968
aF0.907239764571167
aF0.9088883212658438
asg16
V\u000ainclude "qelib1.inc";\u000aqreg err_qr[5];\u000acreg err_cr[5];\u000au3(1.539380400258999,0.0,0.0) err_qr[4];\u000au3(0.617846555205993,0.0,0.0) err_qr[3];\u000au3(0.122173047639603,0.0,0.0) err_qr[2];\u000acx err_qr[3],err_qr[2];\u000au3(1.403244718603441,0.0,0.0) err_qr[3];\u000acx err_qr[3],err_qr[4];\u000au3(0.136135681655558,0.0,0.0) err_qr[4];\u000au3(-1.570796326794897,0.0,0.0) err_qr[3];\u000ameasure err_qr[3] -> err_cr[3];\u000au3(1.556833692778942,0.0,0.0) err_qr[2];\u000acx err_qr[4],err_qr[2];\u000au3(1.570796326794897,0.0,0.0) err_qr[4];\u000ameasure err_qr[4] -> err_cr[4];\u000au3(1.570796326794897,0.0,0.0) err_qr[2];\u000ameasure err_qr[2] -> err_cr[2];\u000a
p212
sg18
(lp213
F1.539380400258999
aF0.617846555205993
aF0.122173047639603
aF1.403244718603441
aF0.136135681655558
aF1.556833692778942
asg20
(dp214
g6
L1162L
sg7
L52L
sg8
L232L
sg9
L259L
sg10
L23L
sg11
L84L
sg12
L45L
sg13
L191L
ssg22
V\u000ainclude "qelib1.inc";\u000aqreg main_qr[5];\u000acreg main_cr[5];\u000au3(1.539380400258999,0.0,0.0) main_qr[4];\u000au3(0.617846555205993,0.0,0.0) main_qr[3];\u000au3(0.122173047639603,0.0,0.0) main_qr[2];\u000acx main_qr[3],main_qr[2];\u000au3(1.403244718603441,0.0,0.0) main_qr[3];\u000acx main_qr[3],main_qr[4];\u000au3(0.136135681655558,0.0,0.0) main_qr[4];\u000ameasure main_qr[3] -> main_cr[3];\u000au3(1.556833692778942,0.0,0.0) main_qr[2];\u000acx main_qr[4],main_qr[2];\u000ameasure main_qr[4] -> main_cr[4];\u000ameasure main_qr[2] -> main_cr[2];\u000a
p215
sa(dp216
g2
(lp217
F0.1146656502315811
aF0.2605927603099363
aF0.35592724089835326
aF0.6440727591016467
aF0.7394072396900637
aF0.8853343497684188
asg4
(dp218
g6
L340L
sg7
L195L
sg8
L710L
sg9
L58L
sg10
L395L
sg11
L223L
sg12
L39L
sg13
L88L
ssg14
(lp219
F0.12443100027558182
aF0.23820032404527314
aF0.35260973189182404
aF0.647390268108176
aF0.7617996759547269
aF0.8755689997244182
asg16
V\u000ainclude "qelib1.inc";\u000aqreg err_qr[5];\u000acreg err_cr[5];\u000au3(0.132645023151569,0.0,0.0) err_qr[4];\u000au3(0.502654824574367,0.0,0.0) err_qr[3];\u000au3(0.474729556542458,0.0,0.0) err_qr[2];\u000acx err_qr[3],err_qr[2];\u000au3(0.719075651821664,0.0,0.0) err_qr[3];\u000acx err_qr[3],err_qr[4];\u000au3(0.893608577021097,0.0,0.0) err_qr[4];\u000au3(-1.570796326794897,0.0,0.0) err_qr[3];\u000ameasure err_qr[3] -> err_cr[3];\u000au3(0.307177948351002,0.0,0.0) err_qr[2];\u000acx err_qr[4],err_qr[2];\u000au3(1.570796326794897,0.0,0.0) err_qr[4];\u000ameasure err_qr[4] -> err_cr[4];\u000au3(1.570796326794897,0.0,0.0) err_qr[2];\u000ameasure err_qr[2] -> err_cr[2];\u000a
p220
sg18
(lp221
F0.132645023151569
aF0.502654824574367
aF0.474729556542458
aF0.719075651821664
aF0.893608577021097
aF0.307177948351002
asg20
(dp222
g6
L867L
sg7
L71L
sg8
L86L
sg9
L110L
sg10
L42L
sg11
L208L
sg12
L325L
sg13
L339L
ssg22
V\u000ainclude "qelib1.inc";\u000aqreg main_qr[5];\u000acreg main_cr[5];\u000au3(0.132645023151569,0.0,0.0) main_qr[4];\u000au3(0.502654824574367,0.0,0.0) main_qr[3];\u000au3(0.474729556542458,0.0,0.0) main_qr[2];\u000acx main_qr[3],main_qr[2];\u000au3(0.719075651821664,0.0,0.0) main_qr[3];\u000acx main_qr[3],main_qr[4];\u000au3(0.893608577021097,0.0,0.0) main_qr[4];\u000ameasure main_qr[3] -> main_cr[3];\u000au3(0.307177948351002,0.0,0.0) main_qr[2];\u000acx main_qr[4],main_qr[2];\u000ameasure main_qr[4] -> main_cr[4];\u000ameasure main_qr[2] -> main_cr[2];\u000a
p223
sa(dp224
g2
(lp225
F0.17206506330046215
aF0.3552635206564745
aF0.406289426828944
aF0.593710573171056
aF0.6447364793435255
aF0.8279349366995378
asg4
(dp226
g6
L213L
sg7
L63L
sg8
L745L
sg9
L60L
sg10
L437L
sg11
L54L
sg12
L37L
sg13
L439L
ssg14
(lp227
F0.3257898941151768
aF0.32710324990529777
aF0.4804497807367923
aF0.5195502192632078
aF0.6728967500947023
aF0.6742101058848232
asg16
V\u000ainclude "qelib1.inc";\u000aqreg err_qr[5];\u000acreg err_cr[5];\u000au3(0.373500459926786,0.0,0.0) err_qr[4];\u000au3(0.387463093942741,0.0,0.0) err_qr[3];\u000au3(0.013962634015955,0.0,0.0) err_qr[2];\u000acx err_qr[3],err_qr[2];\u000au3(1.466076571675237,0.0,0.0) err_qr[3];\u000acx err_qr[3],err_qr[4];\u000au3(0.310668606854991,0.0,0.0) err_qr[4];\u000au3(-1.570796326794897,0.0,0.0) err_qr[3];\u000ameasure err_qr[3] -> err_cr[3];\u000au3(0.349065850398866,0.0,0.0) err_qr[2];\u000acx err_qr[4],err_qr[2];\u000au3(1.570796326794897,0.0,0.0) err_qr[4];\u000ameasure err_qr[4] -> err_cr[4];\u000au3(1.570796326794897,0.0,0.0) err_qr[2];\u000ameasure err_qr[2] -> err_cr[2];\u000a
p228
sg18
(lp229
F0.373500459926786
aF0.387463093942741
aF0.013962634015955
aF1.466076571675237
aF0.310668606854991
aF0.349065850398866
asg20
(dp230
g6
L878L
sg7
L48L
sg8
L204L
sg9
L111L
sg10
L51L
sg11
L186L
sg12
L380L
sg13
L190L
ssg22
V\u000ainclude "qelib1.inc";\u000aqreg main_qr[5];\u000acreg main_cr[5];\u000au3(0.373500459926786,0.0,0.0) main_qr[4];\u000au3(0.387463093942741,0.0,0.0) main_qr[3];\u000au3(0.013962634015955,0.0,0.0) main_qr[2];\u000acx main_qr[3],main_qr[2];\u000au3(1.466076571675237,0.0,0.0) main_qr[3];\u000acx main_qr[3],main_qr[4];\u000au3(0.310668606854991,0.0,0.0) main_qr[4];\u000ameasure main_qr[3] -> main_cr[3];\u000au3(0.349065850398866,0.0,0.0) main_qr[2];\u000acx main_qr[4],main_qr[2];\u000ameasure main_qr[4] -> main_cr[4];\u000ameasure main_qr[2] -> main_cr[2];\u000a
p231
sa(dp232
g2
(lp233
F0.20326919041814595
aF0.3278297878850779
aF0.446083047795843
aF0.553916952204157
aF0.6721702121149221
aF0.796730809581854
asg4
(dp234
g6
L177L
sg7
L96L
sg8
L583L
sg9
L90L
sg10
L698L
sg11
L60L
sg12
L78L
sg13
L266L
ssg14
(lp235
F0.27565184615514704
aF0.28902796312325363
aF0.48293356819584365
aF0.5170664318041563
aF0.7109720368767464
aF0.724348153844853
asg16
V\u000ainclude "qelib1.inc";\u000aqreg err_qr[5];\u000acreg err_cr[5];\u000au3(0.045378560551853,0.0,0.0) err_qr[4];\u000au3(1.06814150222053,0.0,0.0) err_qr[3];\u000au3(0.247836753783195,0.0,0.0) err_qr[2];\u000acx err_qr[3],err_qr[2];\u000au3(1.19729586686811,0.0,0.0) err_qr[3];\u000acx err_qr[3],err_qr[4];\u000au3(0.663225115757845,0.0,0.0) err_qr[4];\u000au3(-1.570796326794897,0.0,0.0) err_qr[3];\u000ameasure err_qr[3] -> err_cr[3];\u000au3(0.080285145591739,0.0,0.0) err_qr[2];\u000acx err_qr[4],err_qr[2];\u000au3(1.570796326794897,0.0,0.0) err_qr[4];\u000ameasure err_qr[4] -> err_cr[4];\u000au3(1.570796326794897,0.0,0.0) err_qr[2];\u000ameasure err_qr[2] -> err_cr[2];\u000a
p236
sg18
(lp237
F0.045378560551853
aF1.06814150222053
aF0.247836753783195
aF1.19729586686811
aF0.663225115757845
aF0.080285145591739
asg20
(dp238
g6
L424L
sg7
L94L
sg8
L182L
sg9
L246L
sg10
L86L
sg11
L347L
sg12
L530L
sg13
L139L
ssg22
V\u000ainclude "qelib1.inc";\u000aqreg main_qr[5];\u000acreg main_cr[5];\u000au3(0.045378560551853,0.0,0.0) main_qr[4];\u000au3(1.06814150222053,0.0,0.0) main_qr[3];\u000au3(0.247836753783195,0.0,0.0) main_qr[2];\u000acx main_qr[3],main_qr[2];\u000au3(1.19729586686811,0.0,0.0) main_qr[3];\u000acx main_qr[3],main_qr[4];\u000au3(0.663225115757845,0.0,0.0) main_qr[4];\u000ameasure main_qr[3] -> main_cr[3];\u000au3(0.080285145591739,0.0,0.0) main_qr[2];\u000acx main_qr[4],main_qr[2];\u000ameasure main_qr[4] -> main_cr[4];\u000ameasure main_qr[2] -> main_cr[2];\u000a
p239
sa(dp240
g2
(lp241
F0.23199407985450726
aF0.25262975992442255
aF0.3353507226352233
aF0.6646492773647766
aF0.7473702400755775
aF0.7680059201454927
asg4
(dp242
g6
L43L
sg7
L228L
sg8
L63L
sg9
L150L
sg10
L1016L
sg11
L142L
sg12
L368L
sg13
L38L
ssg14
(lp243
F0.09628389600732479
aF0.19206461617482995
aF0.2807425268609669
aF0.7192574731390328
aF0.80793538382517
aF0.9037161039926751
asg16
V\u000ainclude "qelib1.inc";\u000aqreg err_qr[5];\u000acreg err_cr[5];\u000au3(0.069813170079773,0.0,0.0) err_qr[4];\u000au3(0.72954762733363,0.0,0.0) err_qr[3];\u000au3(1.190314549860133,0.0,0.0) err_qr[2];\u000acx err_qr[3],err_qr[2];\u000au3(1.563815009786919,0.0,0.0) err_qr[3];\u000acx err_qr[3],err_qr[4];\u000au3(1.30201562198777,0.0,0.0) err_qr[4];\u000au3(-1.570796326794897,0.0,0.0) err_qr[3];\u000ameasure err_qr[3] -> err_cr[3];\u000au3(0.91106186954104,0.0,0.0) err_qr[2];\u000acx err_qr[4],err_qr[2];\u000au3(1.570796326794897,0.0,0.0) err_qr[4];\u000ameasure err_qr[4] -> err_cr[4];\u000au3(1.570796326794897,0.0,0.0) err_qr[2];\u000ameasure err_qr[2] -> err_cr[2];\u000a
p244
sg18
(lp245
F0.069813170079773
aF0.72954762733363
aF1.190314549860133
aF1.563815009786919
aF1.30201562198777
aF0.91106186954104
asg20
(dp246
g6
L176L
sg7
L269L
sg8
L100L
sg9
L102L
sg10
L290L
sg11
L448L
sg12
L526L
sg13
L137L
ssg22
V\u000ainclude "qelib1.inc";\u000aqreg main_qr[5];\u000acreg main_cr[5];\u000au3(0.069813170079773,0.0,0.0) main_qr[4];\u000au3(0.72954762733363,0.0,0.0) main_qr[3];\u000au3(1.190314549860133,0.0,0.0) main_qr[2];\u000acx main_qr[3],main_qr[2];\u000au3(1.563815009786919,0.0,0.0) main_qr[3];\u000acx main_qr[3],main_qr[4];\u000au3(1.30201562198777,0.0,0.0) main_qr[4];\u000ameasure main_qr[3] -> main_cr[3];\u000au3(0.91106186954104,0.0,0.0) main_qr[2];\u000acx main_qr[4],main_qr[2];\u000ameasure main_qr[4] -> main_cr[4];\u000ameasure main_qr[2] -> main_cr[2];\u000a
p247
sa(dp248
g2
(lp249
F0.32852705383151487
aF0.3534236942115845
aF0.41544412291213784
aF0.5845558770878622
aF0.6465763057884155
aF0.6714729461684852
asg4
(dp250
g6
L24L
sg7
L217L
sg8
L71L
sg9
L47L
sg10
L999L
sg11
L544L
sg12
L75L
sg13
L71L
ssg14
(lp251
F0.2975972143110536
aF0.2984075957169416
aF0.4069088128984625
aF0.5930911871015374
aF0.7015924042830584
aF0.7024027856889464
asg16
V\u000ainclude "qelib1.inc";\u000aqreg err_qr[5];\u000acreg err_cr[5];\u000au3(0.41538836197465,0.0,0.0) err_qr[4];\u000au3(0.303687289847013,0.0,0.0) err_qr[3];\u000au3(1.40673537710743,0.0,0.0) err_qr[2];\u000acx err_qr[3],err_qr[2];\u000au3(1.260127719939906,0.0,0.0) err_qr[3];\u000acx err_qr[3],err_qr[4];\u000au3(0.240855436775217,0.0,0.0) err_qr[4];\u000au3(-1.570796326794897,0.0,0.0) err_qr[3];\u000ameasure err_qr[3] -> err_cr[3];\u000au3(1.322959573011702,0.0,0.0) err_qr[2];\u000acx err_qr[4],err_qr[2];\u000au3(1.570796326794897,0.0,0.0) err_qr[4];\u000ameasure err_qr[4] -> err_cr[4];\u000au3(1.570796326794897,0.0,0.0) err_qr[2];\u000ameasure err_qr[2] -> err_cr[2];\u000a
p252
sg18
(lp253
F0.41538836197465
aF0.303687289847013
aF1.40673537710743
aF1.260127719939906
aF0.240855436775217
aF1.322959573011702
asg20
(dp254
g6
L326L
sg7
L177L
sg8
L422L
sg9
L431L
sg10
L159L
sg11
L141L
sg12
L118L
sg13
L274L
ssg22
V\u000ainclude "qelib1.inc";\u000aqreg main_qr[5];\u000acreg main_cr[5];\u000au3(0.41538836197465,0.0,0.0) main_qr[4];\u000au3(0.303687289847013,0.0,0.0) main_qr[3];\u000au3(1.40673537710743,0.0,0.0) main_qr[2];\u000acx main_qr[3],main_qr[2];\u000au3(1.260127719939906,0.0,0.0) main_qr[3];\u000acx main_qr[3],main_qr[4];\u000au3(0.240855436775217,0.0,0.0) main_qr[4];\u000ameasure main_qr[3] -> main_cr[3];\u000au3(1.322959573011702,0.0,0.0) main_qr[2];\u000acx main_qr[4],main_qr[2];\u000ameasure main_qr[4] -> main_cr[4];\u000ameasure main_qr[2] -> main_cr[2];\u000a
p255
sa(dp256
g2
(lp257
F0.20919541195864305
aF0.38535888279332525
aF0.4447184538301991
aF0.5552815461698009
aF0.6146411172066747
aF0.790804588041357
asg4
(dp258
g6
L421L
sg7
L70L
sg8
L371L
sg9
L392L
sg10
L217L
sg11
L55L
sg12
L124L
sg13
L398L
ssg14
(lp259
F0.37896418232605683
aF0.48901127086510904
aF0.4947291157288363
aF0.5052708842711635
aF0.5109887291348908
aF0.621035817673943
asg16
V\u000ainclude "qelib1.inc";\u000aqreg err_qr[5];\u000acreg err_cr[5];\u000au3(0.010471975511966,0.0,0.0) err_qr[4];\u000au3(0.020943951023932,0.0,0.0) err_qr[3];\u000au3(0.108210413623648,0.0,0.0) err_qr[2];\u000acx err_qr[3],err_qr[2];\u000au3(1.567305668290908,0.0,0.0) err_qr[3];\u000acx err_qr[3],err_qr[4];\u000au3(1.448623279155294,0.0,0.0) err_qr[4];\u000au3(-1.570796326794897,0.0,0.0) err_qr[3];\u000ameasure err_qr[3] -> err_cr[3];\u000au3(0.136135681655558,0.0,0.0) err_qr[2];\u000acx err_qr[4],err_qr[2];\u000au3(1.570796326794897,0.0,0.0) err_qr[4];\u000ameasure err_qr[4] -> err_cr[4];\u000au3(1.570796326794897,0.0,0.0) err_qr[2];\u000ameasure err_qr[2] -> err_cr[2];\u000a
p260
sg18
(lp261
F0.010471975511966
aF0.020943951023932
aF0.108210413623648
aF1.567305668290908
aF1.448623279155294
aF0.136135681655558
asg20
(dp262
g6
L311L
sg7
L90L
sg8
L130L
sg9
L135L
sg10
L74L
sg11
L456L
sg12
L523L
sg13
L329L
ssg22
V\u000ainclude "qelib1.inc";\u000aqreg main_qr[5];\u000acreg main_cr[5];\u000au3(0.010471975511966,0.0,0.0) main_qr[4];\u000au3(0.020943951023932,0.0,0.0) main_qr[3];\u000au3(0.108210413623648,0.0,0.0) main_qr[2];\u000acx main_qr[3],main_qr[2];\u000au3(1.567305668290908,0.0,0.0) main_qr[3];\u000acx main_qr[3],main_qr[4];\u000au3(1.448623279155294,0.0,0.0) main_qr[4];\u000ameasure main_qr[3] -> main_cr[3];\u000au3(0.136135681655558,0.0,0.0) main_qr[2];\u000acx main_qr[4],main_qr[2];\u000ameasure main_qr[4] -> main_cr[4];\u000ameasure main_qr[2] -> main_cr[2];\u000a
p263
sa(dp264
g2
(lp265
F0.26155671172962025
aF0.4467236151357461
aF0.46567761372892585
aF0.5343223862710742
aF0.5532763848642539
aF0.7384432882703797
asg4
(dp266
g6
L72L
sg7
L133L
sg8
L531L
sg9
L69L
sg10
L779L
sg11
L234L
sg12
L86L
sg13
L144L
ssg14
(lp267
F0.08696623608595877
aF0.4364123791607203
aF0.43711922193547526
aF0.5628807780645246
aF0.5635876208392795
aF0.9130337639140413
asg16
V\u000ainclude "qelib1.inc";\u000aqreg err_qr[5];\u000acreg err_cr[5];\u000au3(0.28623399732707,0.0,0.0) err_qr[4];\u000au3(1.242674427419963,0.0,0.0) err_qr[3];\u000au3(0.167551608191456,0.0,0.0) err_qr[2];\u000acx err_qr[3],err_qr[2];\u000au3(0.890117918517108,0.0,0.0) err_qr[3];\u000acx err_qr[3],err_qr[4];\u000au3(0.013962634015955,0.0,0.0) err_qr[4];\u000au3(-1.570796326794897,0.0,0.0) err_qr[3];\u000ameasure err_qr[3] -> err_cr[3];\u000au3(1.424188669627373,0.0,0.0) err_qr[2];\u000acx err_qr[4],err_qr[2];\u000au3(1.570796326794897,0.0,0.0) err_qr[4];\u000ameasure err_qr[4] -> err_cr[4];\u000au3(1.570796326794897,0.0,0.0) err_qr[2];\u000ameasure err_qr[2] -> err_cr[2];\u000a
p268
sg18
(lp269
F0.28623399732707
aF1.242674427419963
aF0.167551608191456
aF0.890117918517108
aF0.013962634015955
aF1.424188669627373
asg20
(dp270
g6
L436L
sg7
L150L
sg8
L319L
sg9
L417L
sg10
L120L
sg11
L164L
sg12
L157L
sg13
L285L
ssg22
V\u000ainclude "qelib1.inc";\u000aqreg main_qr[5];\u000acreg main_cr[5];\u000au3(0.28623399732707,0.0,0.0) main_qr[4];\u000au3(1.242674427419963,0.0,0.0) main_qr[3];\u000au3(0.167551608191456,0.0,0.0) main_qr[2];\u000acx main_qr[3],main_qr[2];\u000au3(0.890117918517108,0.0,0.0) main_qr[3];\u000acx main_qr[3],main_qr[4];\u000au3(0.013962634015955,0.0,0.0) main_qr[4];\u000ameasure main_qr[3] -> main_cr[3];\u000au3(1.424188669627373,0.0,0.0) main_qr[2];\u000acx main_qr[4],main_qr[2];\u000ameasure main_qr[4] -> main_cr[4];\u000ameasure main_qr[2] -> main_cr[2];\u000a
p271
sa(dp272
g2
(lp273
F0.17687400301528178
aF0.3319312105231438
aF0.40625
aF0.59375
aF0.6680687894768562
aF0.8231259969847182
asg4
(dp274
g6
L407L
sg7
L237L
sg8
L118L
sg9
L74L
sg10
L909L
sg11
L70L
sg12
L117L
sg13
L116L
ssg14
(lp275
F0.1894149088727467
aF0.3488893215115604
aF0.4255686586656266
aF0.5744313413343735
aF0.6511106784884396
aF0.8105850911272533
asg16
V\u000ainclude "qelib1.inc";\u000aqreg err_qr[5];\u000acreg err_cr[5];\u000au3(0.635299847725936,0.0,0.0) err_qr[4];\u000au3(1.43116998663535,0.0,0.0) err_qr[3];\u000au3(0.174532925199433,0.0,0.0) err_qr[2];\u000acx err_qr[3],err_qr[2];\u000au3(1.085594794740473,0.0,0.0) err_qr[3];\u000acx err_qr[3],err_qr[4];\u000au3(1.350884841043611,0.0,0.0) err_qr[4];\u000au3(-1.570796326794897,0.0,0.0) err_qr[3];\u000ameasure err_qr[3] -> err_cr[3];\u000au3(1.288052987971815,0.0,0.0) err_qr[2];\u000acx err_qr[4],err_qr[2];\u000au3(1.570796326794897,0.0,0.0) err_qr[4];\u000ameasure err_qr[4] -> err_cr[4];\u000au3(1.570796326794897,0.0,0.0) err_qr[2];\u000ameasure err_qr[2] -> err_cr[2];\u000a
p276
sg18
(lp277
F0.635299847725936
aF1.43116998663535
aF0.174532925199433
aF1.085594794740473
aF1.350884841043611
aF1.288052987971815
asg20
(dp278
g6
L323L
sg7
L291L
sg8
L214L
sg9
L276L
sg10
L384L
sg11
L196L
sg12
L190L
sg13
L174L
ssg22
V\u000ainclude "qelib1.inc";\u000aqreg main_qr[5];\u000acreg main_cr[5];\u000au3(0.635299847725936,0.0,0.0) main_qr[4];\u000au3(1.43116998663535,0.0,0.0) main_qr[3];\u000au3(0.174532925199433,0.0,0.0) main_qr[2];\u000acx main_qr[3],main_qr[2];\u000au3(1.085594794740473,0.0,0.0) main_qr[3];\u000acx main_qr[3],main_qr[4];\u000au3(1.350884841043611,0.0,0.0) main_qr[4];\u000ameasure main_qr[3] -> main_cr[3];\u000au3(1.288052987971815,0.0,0.0) main_qr[2];\u000acx main_qr[4],main_qr[2];\u000ameasure main_qr[4] -> main_cr[4];\u000ameasure main_qr[2] -> main_cr[2];\u000a
p279
sa.