----------
--START---
----------
Taking parameters from config file. Must be specified elsewhere.
Importing run parameters.
----------
Run on: 2018-08-26T09:23:49.714633
----------
#
# ./ibm.txt
# reused as h3.txt
#
# IBM specific input for runs with ./main.py
#
#

# General
restart= yes
print= yes
wait= yes
max_iter= 10
mapping= zeta
chem_orb= HF
#opt_crit= 0.000001
#opt_crit= 0.001
opt_crit= 0.0001

# Occupation Number optimizers
occ_method= stretch
occ_seed= user
occ_optimizer= NM
occ_opt_crit= default
occ_opt_thresh= 0.1
occ_increase= no
occ_energy= qc
occ_nm_simplex= 30
occ_gd_gradient= numerical
occ_max_iter= 40
occ_load_triangle= no
occ_method_Ntri= 3

# Input for the orbital optimizer (for chem_orb /= FCI)
orb_nm_simplex= 15
orb_optimizer= NM
orb_opt_crit= default
# for GD
#orb_opt_thresh= 0.00000001
# for NM
orb_opt_thresh= 0.0001
orb_method= givens
orb_max_iter= 2000
orb_gd_gradient= analytical
orb_print= no

# Input for the quantum algorithm
qc_backend= ibmqx4
qc_num_shots= 2048
qc_order= default
qc_algorithm= affine_2p_curved_tenerife
qc_combine= no
qc_verbose= yes
qc_connect= yes
$ 0 0 
----------
Hello. Beginning a hybrid quantum classical optimization
to find the ground state energy of your target molecule. 
Let's begin!
----------
Molecular parameters:
mol = gto.Mole()
mol.atom = '''H 0 0 0; H 0 0 -0.9374; H 0 0 0.9374'''
mol.basis = 'sto-3g'
mol.spin=1
mol.verbose=2
mol.build()
----------
Run is connected to the IBMQuantumExperience.
Checking for config file.
----------
Backend configuration file written.
Stored in following location:
/home/sesmart/3_vqa/hqca/results/logs/20180826_ibmqx4
----------
Getting the electron integrals in the Hartree-Fock basis.
Electron integrals obtained. Moving forward.
----------
Wavefunction mapping is: zeta
Nuclear energy: 1.41128977 Hartrees
Quantum algorithm: affine_2p_curved_tenerife
Quantum backend: ibmqx4
----------
Was stuck!
Circuit counts:{'ii0': {'00101': 16, '00010': 32, '11111': 1, '10011': 17, '00100': 50, '11001': 1, '01000': 42, '10000': 320, '10001': 11, '10101': 5, '11101': 2, '00011': 69, '11100': 5, '00110': 2, '10110': 2, '00001': 45, '00111': 3, '10111': 2, '10010': 8, '01011': 6, '10100': 8, '11000': 18, '01001': 1, '01101': 19, '01100': 28, '00000': 1335}}
Time to get backend : 8.449703454971313e-05
Time to run tomography : 740.2758332192898
Total time: 740.2759177163243
{'ii': {'00101': 16, '00010': 32, '11111': 1, '10011': 17, '00100': 50, '11001': 1, '01000': 42, '10000': 320, '10001': 11, '10101': 5, '11101': 2, '01101': 19, '11100': 5, '00110': 2, '10110': 2, '00001': 45, '00111': 3, '10111': 2, '10010': 8, '01011': 6, '10100': 8, '11000': 18, '01001': 1, '00011': 69, '01100': 28, '00000': 1335}}
Measure ON: [[ 0.93066406  0.93017578  0.90332031  1.        ]]
Rotated ON: [[ 0.96772098  1.00808215  0.97480842  1.00099471]]
Point on the GPC surface. Proceeding.
Parameters: 
[  5.10223389  10.3477478 ]
Fitted wavefunction: 
Alpha: 0.9862948382080815, Beta: 0.16499240020102238, Gamma: 0.0
Distance from GPC plane: 0.008758170058489636
Total Energy: -1.5517461040927816 Hartrees
----------
NM: Reflection: [  5.10223  10.34775]
-1.55174610409
Circuit counts:{'ii0': {'00101': 30, '00010': 22, '10011': 22, '00100': 63, '11011': 1, '01000': 49, '10000': 290, '10001': 15, '10101': 5, '11101': 3, '01111': 1, '00011': 63, '11100': 11, '00110': 3, '10110': 1, '00001': 41, '00111': 2, '10111': 1, '10010': 10, '01011': 1, '10100': 8, '11000': 16, '01001': 2, '01101': 12, '01100': 36, '00000': 1340}}
Time to get backend : 3.7610530853271484e-05
Time to run tomography : 783.8651769906282
Total time: 783.8652146011591
{'ii': {'00101': 30, '00010': 22, '10011': 22, '00100': 63, '11011': 1, '01000': 49, '10000': 290, '10001': 15, '10101': 5, '11101': 3, '01111': 1, '01101': 12, '11100': 11, '00110': 3, '10110': 1, '00001': 41, '00111': 2, '10111': 1, '10010': 10, '01011': 1, '10100': 8, '11000': 16, '01001': 2, '00011': 63, '01100': 36, '00000': 1340}}
Measure ON: [[ 0.93799  0.91406  0.90283  1.     ]]
Rotated ON: [[ 0.97464  0.98858  0.96434  0.99888]]
Point on the GPC surface. Proceeding.
Parameters: 
[ 5.52887  9.42581]
Fitted wavefunction: 
Alpha: 0.9818185941099965, Beta: 0.15807376900975564, Gamma: 0.10509487052620774
Distance from GPC plane: 0.0006463288758557611
Total Energy: -1.5631549156177917 Hartrees
----------
Circuit counts:{'ii0': {'00101': 22, '00010': 21, '10011': 15, '00100': 58, '01000': 56, '10000': 448, '10001': 12, '10101': 4, '11101': 2, '00011': 68, '11100': 3, '00110': 5, '00001': 47, '00111': 4, '10010': 3, '01011': 2, '10100': 19, '11000': 11, '01001': 1, '01101': 14, '01100': 25, '00000': 1205, '01110': 3}}
Time to get backend : 7.283687591552734e-05
Time to run tomography : 1126.5019594207406
Total time: 1126.5020322576165
{'ii': {'00101': 22, '00010': 21, '10011': 15, '00100': 58, '01000': 56, '10000': 448, '10001': 12, '10101': 4, '11101': 2, '01101': 14, '01100': 25, '00110': 5, '00001': 47, '00111': 4, '10010': 3, '01011': 2, '10100': 19, '11000': 11, '01001': 1, '00011': 68, '11100': 3, '00000': 1205, '01110': 3}}
Measure ON: [[ 0.94092  0.92236  0.90674  1.     ]]
Rotated ON: [[ 0.97598  0.99523  0.97134  0.99987]]
Point on the GPC surface. Proceeding.
Parameters: 
[  5.20889  10.11726]
Fitted wavefunction: 
Alpha: 0.9855430341661152, Beta: 0.15485769719924095, Gamma: 0.06873151696853247
Distance from GPC plane: 7.54432557996572e-05
Total Energy: -1.5641499064654618 Hartrees
----------
NM: Contracting the triangle.
[  5.20889  10.11726]
Maximum distance from centroid: 0.3053077150305006
----------
----------
Step: 00, Total Energy: -1.56414991 Sigma: 0.10175635  
----------
----------
----------------------------------------
--- There are 012 runs in queue. -----
--- Waited 00000 minutes so far. ----
----------------------------------------
Circuit counts:{'ii0': {'00101': 31, '00010': 32, '11111': 1, '10011': 26, '00100': 49, '11011': 2, '01000': 54, '10000': 357, '10001': 12, '10101': 2, '11101': 7, '00011': 62, '11100': 4, '00110': 3, '10110': 1, '00001': 40, '00111': 1, '10111': 1, '10010': 8, '01011': 2, '10100': 17, '11000': 7, '01001': 2, '01101': 16, '01100': 21, '00000': 1289, '01110': 1}}
Time to get backend : 6.711483001708984e-05
Time to run tomography : 1034.832359969616
Total time: 1034.832427084446
{'ii': {'00101': 31, '00010': 32, '11111': 1, '10011': 26, '00100': 49, '11011': 2, '01000': 54, '10000': 357, '10001': 12, '10101': 2, '11101': 7, '01101': 16, '11100': 4, '00110': 3, '10110': 1, '00001': 40, '00111': 1, '10111': 1, '10010': 8, '01011': 2, '10100': 17, '11000': 7, '01001': 2, '00011': 62, '01100': 21, '00000': 1289, '01110': 1}}
Measure ON: [[ 0.93164  0.92432  0.8999   1.     ]]
Rotated ON: [[ 0.96887  1.00109  0.96929  1.00067]]
Point on the GPC surface. Proceeding.
Parameters: 
[  5.67581  10.13832]
Fitted wavefunction: 
Alpha: 0.9845677512137273, Beta: 0.175003837872042, Gamma: 0.0
Distance from GPC plane: 0.0008760533949823715
Total Energy: -1.551205104024446 Hartrees
----------
NM: Reflection: [  5.67581  10.13832]
-1.55120510402
Circuit counts:{'ii0': {'00101': 29, '00010': 20, '10011': 18, '00100': 41, '11011': 1, '01000': 54, '10000': 354, '10001': 17, '10101': 6, '11101': 3, '01111': 2, '00011': 73, '11100': 7, '00110': 2, '00001': 35, '00111': 5, '10010': 4, '01011': 5, '10100': 11, '11000': 17, '01001': 3, '01101': 17, '01100': 33, '00000': 1288, '01110': 3}}
Time to get backend : 6.180256605148315e-05
Time to run tomography : 1377.604130230844
Total time: 1377.60419203341
{'ii': {'00101': 29, '00010': 20, '10011': 18, '00100': 41, '11011': 1, '01000': 54, '10000': 354, '10001': 17, '10101': 6, '11101': 3, '01111': 2, '01101': 17, '11100': 7, '00110': 2, '00001': 35, '00111': 5, '10010': 4, '01011': 5, '10100': 11, '11000': 17, '01001': 3, '00011': 73, '01100': 33, '00000': 1288, '01110': 3}}
Measure ON: [[ 0.93506  0.92236  0.89551  1.     ]]
Rotated ON: [[ 0.97122  0.9956   0.96541  1.00141]]
Point on the GPC surface. Proceeding.
Parameters: 
[ 5.40562  9.94967]
Fitted wavefunction: 
Alpha: 0.9827919325309282, Beta: 0.17102132943803808, Gamma: 0.0697977236689679
Distance from GPC plane: 0.0008141547363881599
Total Energy: -1.5638038916399544 Hartrees
----------
Circuit counts:{'ii0': {'00101': 23, '00010': 28, '01010': 1, '11010': 1, '11011': 2, '01000': 38, '10000': 345, '10001': 10, '10101': 8, '11101': 2, '01111': 1, '00011': 86, '11100': 10, '00110': 4, '00000': 1307, '10011': 13, '00001': 40, '00111': 4, '10010': 11, '01011': 4, '10100': 12, '11000': 16, '01001': 1, '01101': 9, '01100': 26, '00100': 45, '01110': 1}}
Time to get backend : 8.169561624526978e-05
Time to run tomography : 1122.997554473579
Total time: 1122.9976361691952
{'ii': {'00101': 23, '00010': 28, '10011': 13, '11010': 1, '11011': 2, '01000': 38, '10000': 345, '10001': 10, '10101': 8, '11101': 2, '01111': 1, '01101': 9, '11100': 10, '00110': 4, '01010': 1, '00001': 40, '00111': 4, '10010': 11, '01011': 4, '10100': 12, '11000': 16, '00100': 45, '01001': 1, '00011': 86, '01100': 26, '00000': 1307, '01110': 1}}
Measure ON: [[ 0.9292   0.92383  0.90088  1.     ]]
Rotated ON: [[ 0.96727  1.00264  0.96971  1.0002 ]]
Point on the GPC surface. Proceeding.
Parameters: 
[  5.58575  10.07544]
Fitted wavefunction: 
Alpha: 0.9843614702149719, Beta: 0.17616042675986865, Gamma: 0.0
Distance from GPC plane: 0.002934186553401556
Total Energy: -1.5511294965208564 Hartrees
----------
NM: Contracting the triangle.
[ 5.40562  9.94967]
Maximum distance from centroid: 0.4915408793716135
----------
----------
Step: 01, Total Energy: -1.56414991 Sigma: 0.06123305  
----------
----------
Criteria met for convergence.
----------
Optimizing the orbitals.
Initializing the Nelder-Mead optimization class.
---------- 
Step:-01, Init. Energy: -1.56414991 Hartrees
Step: 00, Total Energy: -1.56414991 Sigma: 5.61295324  
Step: 01, Total Energy: -1.56414991 Sigma: 5.78645377  
Step: 02, Total Energy: -1.56414991 Sigma: 5.80715469  
Step: 03, Total Energy: -1.56414991 Sigma: 5.04197262  
Step: 04, Total Energy: -1.56414991 Sigma: 4.72337959  
Step: 05, Total Energy: -1.56487456 Sigma: 4.75138723  
Step: 06, Total Energy: -1.56727175 Sigma: 4.78846934  
Step: 07, Total Energy: -1.56727175 Sigma: 4.95309724  
Step: 08, Total Energy: -1.56727175 Sigma: 4.63013641  
Step: 09, Total Energy: -1.56811368 Sigma: 4.70367627  
Step: 10, Total Energy: -1.56898610 Sigma: 4.66021852  
Step: 11, Total Energy: -1.56914647 Sigma: 3.65809988  
Step: 12, Total Energy: -1.56914647 Sigma: 2.62830960  
Step: 13, Total Energy: -1.56922720 Sigma: 2.22037339  
Step: 14, Total Energy: -1.56922720 Sigma: 1.75790567  
Step: 15, Total Energy: -1.56966553 Sigma: 1.73339605  
Step: 16, Total Energy: -1.56966553 Sigma: 1.73711761  
Step: 17, Total Energy: -1.56996365 Sigma: 1.49169467  
Step: 18, Total Energy: -1.56999699 Sigma: 1.49939178  
Step: 19, Total Energy: -1.57007805 Sigma: 1.43113608  
Step: 20, Total Energy: -1.57014000 Sigma: 1.38527961  
Step: 21, Total Energy: -1.57014000 Sigma: 0.89791554  
Step: 22, Total Energy: -1.57014000 Sigma: 0.68346186  
Step: 23, Total Energy: -1.57016881 Sigma: 0.67572665  
Step: 24, Total Energy: -1.57022475 Sigma: 0.60521696  
Step: 25, Total Energy: -1.57023070 Sigma: 0.60535580  
Step: 26, Total Energy: -1.57023615 Sigma: 0.40365017  
Step: 27, Total Energy: -1.57025721 Sigma: 0.32799736  
Step: 28, Total Energy: -1.57026756 Sigma: 0.27160104  
Step: 29, Total Energy: -1.57029886 Sigma: 0.26832959  
Step: 30, Total Energy: -1.57029886 Sigma: 0.26042324  
Step: 31, Total Energy: -1.57029886 Sigma: 0.27469282  
Step: 32, Total Energy: -1.57029886 Sigma: 0.27473824  
Step: 33, Total Energy: -1.57029886 Sigma: 0.15937379  
Step: 34, Total Energy: -1.57029886 Sigma: 0.16289193  
Step: 35, Total Energy: -1.57029949 Sigma: 0.15443374  
Step: 36, Total Energy: -1.57030206 Sigma: 0.14616045  
Step: 37, Total Energy: -1.57030206 Sigma: 0.14395001  
Step: 38, Total Energy: -1.57030360 Sigma: 0.14014195  
Step: 39, Total Energy: -1.57030655 Sigma: 0.12814445  
Step: 40, Total Energy: -1.57030655 Sigma: 0.12502577  
Step: 41, Total Energy: -1.57031247 Sigma: 0.11827382  
Step: 42, Total Energy: -1.57031247 Sigma: 0.08465753  
Step: 43, Total Energy: -1.57031247 Sigma: 0.07995928  
Step: 44, Total Energy: -1.57031247 Sigma: 0.07888282  
Step: 45, Total Energy: -1.57031247 Sigma: 0.07748814  
Step: 46, Total Energy: -1.57031247 Sigma: 0.07723047  
Step: 47, Total Energy: -1.57031247 Sigma: 0.07598177  
Step: 48, Total Energy: -1.57031247 Sigma: 0.05693618  
Step: 49, Total Energy: -1.57031342 Sigma: 0.05662524  
Step: 50, Total Energy: -1.57031342 Sigma: 0.05501853  
Step: 51, Total Energy: -1.57031342 Sigma: 0.04567334  
Step: 52, Total Energy: -1.57031477 Sigma: 0.04509139  
Step: 53, Total Energy: -1.57031477 Sigma: 0.04447010  
Step: 54, Total Energy: -1.57031477 Sigma: 0.04443777  
Step: 55, Total Energy: -1.57031477 Sigma: 0.04261795  
Step: 56, Total Energy: -1.57031493 Sigma: 0.04256336  
Step: 57, Total Energy: -1.57031542 Sigma: 0.04083336  
Step: 58, Total Energy: -1.57031542 Sigma: 0.04082952  
Step: 59, Total Energy: -1.57031542 Sigma: 0.04031207  
Step: 60, Total Energy: -1.57031542 Sigma: 0.04031235  
Step: 61, Total Energy: -1.57031542 Sigma: 0.03846781  
Step: 62, Total Energy: -1.57031603 Sigma: 0.05394651  
Step: 63, Total Energy: -1.57031603 Sigma: 0.05411658  
Step: 64, Total Energy: -1.57031603 Sigma: 0.05155607  
Step: 65, Total Energy: -1.57031721 Sigma: 0.05759421  
Step: 66, Total Energy: -1.57031721 Sigma: 0.05764753  
Step: 67, Total Energy: -1.57031721 Sigma: 0.05571012  
Step: 68, Total Energy: -1.57031721 Sigma: 0.05582163  
Step: 69, Total Energy: -1.57031721 Sigma: 0.05497918  
Step: 70, Total Energy: -1.57031721 Sigma: 0.05398892  
Step: 71, Total Energy: -1.57031728 Sigma: 0.05384850  
Step: 72, Total Energy: -1.57031764 Sigma: 0.05389682  
Step: 73, Total Energy: -1.57031764 Sigma: 0.05401593  
Step: 74, Total Energy: -1.57031831 Sigma: 0.07118429  
Step: 75, Total Energy: -1.57031948 Sigma: 0.07155096  
Step: 76, Total Energy: -1.57031948 Sigma: 0.07150775  
Step: 77, Total Energy: -1.57031956 Sigma: 0.07134773  
Step: 78, Total Energy: -1.57031956 Sigma: 0.07146557  
Step: 79, Total Energy: -1.57031962 Sigma: 0.07150903  
Step: 80, Total Energy: -1.57032000 Sigma: 0.07057687  
Step: 81, Total Energy: -1.57032148 Sigma: 0.09743058  
Step: 82, Total Energy: -1.57032148 Sigma: 0.09750254  
Step: 83, Total Energy: -1.57032293 Sigma: 0.10639285  
Step: 84, Total Energy: -1.57032293 Sigma: 0.10334992  
Step: 85, Total Energy: -1.57032338 Sigma: 0.10382214  
Step: 86, Total Energy: -1.57032622 Sigma: 0.14117087  
Step: 87, Total Energy: -1.57032622 Sigma: 0.13426818  
Step: 88, Total Energy: -1.57032622 Sigma: 0.11679612  
Step: 89, Total Energy: -1.57032828 Sigma: 0.12975183  
Step: 90, Total Energy: -1.57032828 Sigma: 0.13057766  
Step: 91, Total Energy: -1.57032828 Sigma: 0.13047039  
Step: 92, Total Energy: -1.57033070 Sigma: 0.17033053  
Step: 93, Total Energy: -1.57033070 Sigma: 0.16039559  
Step: 94, Total Energy: -1.57033084 Sigma: 0.16050446  
Step: 95, Total Energy: -1.57033084 Sigma: 0.14046685  
Step: 96, Total Energy: -1.57033548 Sigma: 0.14770878  
Step: 97, Total Energy: -1.57033548 Sigma: 0.12945825  
Step: 98, Total Energy: -1.57033548 Sigma: 0.10120441  
Step: 99, Total Energy: -1.57033548 Sigma: 0.09858218  
Step: 100, Total Energy: -1.57033548 Sigma: 0.10229910  
Step: 101, Total Energy: -1.57033548 Sigma: 0.09189255  
Step: 102, Total Energy: -1.57033548 Sigma: 0.05122316  
Step: 103, Total Energy: -1.57033548 Sigma: 0.04192328  
Step: 104, Total Energy: -1.57033548 Sigma: 0.04283912  
Step: 105, Total Energy: -1.57033548 Sigma: 0.02924656  
Step: 106, Total Energy: -1.57033571 Sigma: 0.02930506  
Step: 107, Total Energy: -1.57033571 Sigma: 0.02874816  
Step: 108, Total Energy: -1.57033571 Sigma: 0.02909510  
Step: 109, Total Energy: -1.57033571 Sigma: 0.02569852  
Step: 110, Total Energy: -1.57033571 Sigma: 0.02874792  
Step: 111, Total Energy: -1.57033629 Sigma: 0.02882055  
Step: 112, Total Energy: -1.57033711 Sigma: 0.02896354  
Step: 113, Total Energy: -1.57033711 Sigma: 0.02359985  
Step: 114, Total Energy: -1.57033711 Sigma: 0.02229482  
Step: 115, Total Energy: -1.57033711 Sigma: 0.01940596  
Step: 116, Total Energy: -1.57033711 Sigma: 0.01922045  
Step: 117, Total Energy: -1.57033711 Sigma: 0.01889276  
Step: 118, Total Energy: -1.57033711 Sigma: 0.01898498  
Step: 119, Total Energy: -1.57033711 Sigma: 0.01880600  
Step: 120, Total Energy: -1.57033711 Sigma: 0.01895516  
Step: 121, Total Energy: -1.57033741 Sigma: 0.01894234  
Step: 122, Total Energy: -1.57033742 Sigma: 0.01428361  
Step: 123, Total Energy: -1.57033743 Sigma: 0.01425358  
Step: 124, Total Energy: -1.57033743 Sigma: 0.01400798  
Step: 125, Total Energy: -1.57033765 Sigma: 0.01319821  
Step: 126, Total Energy: -1.57033765 Sigma: 0.01091565  
Step: 127, Total Energy: -1.57033765 Sigma: 0.00968081  
Step: 128, Total Energy: -1.57033765 Sigma: 0.00943989  
Step: 129, Total Energy: -1.57033765 Sigma: 0.00854852  
Step: 130, Total Energy: -1.57033765 Sigma: 0.00837065  
Step: 131, Total Energy: -1.57033771 Sigma: 0.00878579  
Step: 132, Total Energy: -1.57033771 Sigma: 0.00867627  
Step: 133, Total Energy: -1.57033771 Sigma: 0.00877782  
Step: 134, Total Energy: -1.57033774 Sigma: 0.00778512  
Step: 135, Total Energy: -1.57033778 Sigma: 0.00790276  
Step: 136, Total Energy: -1.57033778 Sigma: 0.00784682  
Step: 137, Total Energy: -1.57033778 Sigma: 0.00754452  
Step: 138, Total Energy: -1.57033778 Sigma: 0.00601660  
Step: 139, Total Energy: -1.57033778 Sigma: 0.00559729  
Step: 140, Total Energy: -1.57033778 Sigma: 0.00559403  
Step: 141, Total Energy: -1.57033780 Sigma: 0.00433814  
Step: 142, Total Energy: -1.57033780 Sigma: 0.00385822  
Step: 143, Total Energy: -1.57033780 Sigma: 0.00366033  
Step: 144, Total Energy: -1.57033780 Sigma: 0.00368515  
Step: 145, Total Energy: -1.57033781 Sigma: 0.00370674  
Step: 146, Total Energy: -1.57033782 Sigma: 0.00316343  
Step: 147, Total Energy: -1.57033782 Sigma: 0.00316232  
Step: 148, Total Energy: -1.57033782 Sigma: 0.00317256  
Step: 149, Total Energy: -1.57033782 Sigma: 0.00300789  
Step: 150, Total Energy: -1.57033782 Sigma: 0.00183365  
Step: 151, Total Energy: -1.57033782 Sigma: 0.00169978  
Step: 152, Total Energy: -1.57033782 Sigma: 0.00170013  
Step: 153, Total Energy: -1.57033783 Sigma: 0.00160300  
Step: 154, Total Energy: -1.57033783 Sigma: 0.00151023  
Step: 155, Total Energy: -1.57033783 Sigma: 0.00138268  
Step: 156, Total Energy: -1.57033783 Sigma: 0.00193277  
Step: 157, Total Energy: -1.57033783 Sigma: 0.00182381  
Step: 158, Total Energy: -1.57033783 Sigma: 0.00182348  
Step: 159, Total Energy: -1.57033783 Sigma: 0.00182980  
Step: 160, Total Energy: -1.57033783 Sigma: 0.00181895  
Step: 161, Total Energy: -1.57033783 Sigma: 0.00181269  
Step: 162, Total Energy: -1.57033783 Sigma: 0.00151867  
Step: 163, Total Energy: -1.57033783 Sigma: 0.00134533  
Step: 164, Total Energy: -1.57033783 Sigma: 0.00093982  
Step: 165, Total Energy: -1.57033783 Sigma: 0.00093577  
Step: 166, Total Energy: -1.57033783 Sigma: 0.00093388  
Step: 167, Total Energy: -1.57033783 Sigma: 0.00092308  
Step: 168, Total Energy: -1.57033783 Sigma: 0.00092691  
Step: 169, Total Energy: -1.57033783 Sigma: 0.00071413  
Step: 170, Total Energy: -1.57033783 Sigma: 0.00070705  
Step: 171, Total Energy: -1.57033783 Sigma: 0.00069548  
Step: 172, Total Energy: -1.57033783 Sigma: 0.00067542  
Step: 173, Total Energy: -1.57033783 Sigma: 0.00068064  
Step: 174, Total Energy: -1.57033783 Sigma: 0.00067602  
Step: 175, Total Energy: -1.57033783 Sigma: 0.00055921  
Step: 176, Total Energy: -1.57033783 Sigma: 0.00046359  
Step: 177, Total Energy: -1.57033783 Sigma: 0.00035361  
Step: 178, Total Energy: -1.57033783 Sigma: 0.00033795  
Step: 179, Total Energy: -1.57033783 Sigma: 0.00033817  
Step: 180, Total Energy: -1.57033783 Sigma: 0.00033795  
Step: 181, Total Energy: -1.57033783 Sigma: 0.00033688  
Step: 182, Total Energy: -1.57033783 Sigma: 0.00029268  
Step: 183, Total Energy: -1.57033783 Sigma: 0.00029301  
Step: 184, Total Energy: -1.57033783 Sigma: 0.00029308  
Step: 185, Total Energy: -1.57033783 Sigma: 0.00022784  
Step: 186, Total Energy: -1.57033783 Sigma: 0.00022348  
Step: 187, Total Energy: -1.57033783 Sigma: 0.00020989  
Step: 188, Total Energy: -1.57033783 Sigma: 0.00022717  
Step: 189, Total Energy: -1.57033783 Sigma: 0.00022733  
Step: 190, Total Energy: -1.57033783 Sigma: 0.00022701  
Step: 191, Total Energy: -1.57033783 Sigma: 0.00022681  
Step: 192, Total Energy: -1.57033783 Sigma: 0.00022525  
Step: 193, Total Energy: -1.57033783 Sigma: 0.00022537  
Step: 194, Total Energy: -1.57033783 Sigma: 0.00022545  
Step: 195, Total Energy: -1.57033783 Sigma: 0.00019360  
Step: 196, Total Energy: -1.57033783 Sigma: 0.00019359  
Step: 197, Total Energy: -1.57033783 Sigma: 0.00019383  
Step: 198, Total Energy: -1.57033783 Sigma: 0.00019381  
Step: 199, Total Energy: -1.57033783 Sigma: 0.00019390  
Step: 200, Total Energy: -1.57033783 Sigma: 0.00019382  
Step: 201, Total Energy: -1.57033783 Sigma: 0.00018945  
Step: 202, Total Energy: -1.57033783 Sigma: 0.00018922  
Step: 203, Total Energy: -1.57033783 Sigma: 0.00015702  
Step: 204, Total Energy: -1.57033783 Sigma: 0.00015702  
Step: 205, Total Energy: -1.57033783 Sigma: 0.00015711  
Step: 206, Total Energy: -1.57033783 Sigma: 0.00014985  
Step: 207, Total Energy: -1.57033783 Sigma: 0.00014979  
Step: 208, Total Energy: -1.57033783 Sigma: 0.00011602  
Step: 209, Total Energy: -1.57033783 Sigma: 0.00009455  
Criteria met for convergence.
----------
Checking orbital and occupation energies for convergence...
Difference in orbital and occupation energies: 6.187926 mH
----------
Total number of iterations: 1
----------
Finished orbital optimization. Optimizing determinants.
----------
Optimizing the wavefunction.
Initializing the Nelder-Mead optimization class.
---------- 
Circuit counts:{'ii0': {'00101': 31, '00010': 17, '10011': 19, '00100': 46, '11011': 1, '01000': 48, '10000': 348, '10001': 9, '10101': 11, '11101': 2, '01111': 1, '00011': 78, '11100': 9, '00110': 1, '00001': 49, '00111': 5, '10111': 1, '10010': 7, '01011': 3, '10100': 11, '11000': 13, '01001': 1, '01101': 18, '01100': 24, '00000': 1293, '01110': 2}}
Time to get backend : 6.491690874099731e-05
Time to run tomography : 1286.7511928901076
Total time: 1286.7512578070164
{'ii': {'00101': 31, '00010': 17, '10011': 19, '00100': 46, '11011': 1, '01000': 48, '10000': 348, '10001': 9, '10101': 11, '11101': 2, '01111': 1, '01101': 18, '11100': 9, '00110': 1, '00001': 49, '00111': 5, '10111': 1, '10010': 7, '01011': 3, '10100': 11, '11000': 13, '01001': 1, '00011': 78, '01100': 24, '00000': 1293, '01110': 2}}
Measure ON: [[ 0.93408  0.9209   0.88818  1.     ]]
Rotated ON: [[ 0.97028  0.99259  0.96047  1.0024 ]]
Point on the GPC surface. Proceeding.
Parameters: 
[  5.20889  10.11726]
Fitted wavefunction: 
Alpha: 0.9804430683731438, Beta: 0.17470716744128598, Gamma: 0.09060240241680867
Distance from GPC plane: 0.001383938537343508
Total Energy: -1.5690794298584905 Hartrees
----------
##########
Encountered error in initialization.
##########
----------
------------------------------
------------------------------
## Energy Evaluation ## 
Final energy                : 0.00000000 Hartrees
Final sigma                 : 0.00000000

Hartree Fock Energy         : -1.53210144 Hartrees
Full CI energy              : -1.57110702 Hartrees
Difference in target and FCI  :  1571.10702 mHartrees
----------
Correlation energy recovered: 1532.10144 mHartrees
Correlation energy recovered: -3927.903 %
------------------------------
------------------------------
Wavefunction (Hamiltonian basis):
 |101010>: 0.17470716744128598
 |011001>: 0.09060240241680867
 |110100>: 0.9804430683731438
----------
1-Electron Reduced Density Matrix:
[[ 0.99179+0.j  0.00000+0.j  0.00000+0.j  0.00000+0.j  0.00000+0.j
   0.00000+0.j]
 [ 0.00000+0.j  0.96948+0.j  0.00000+0.j  0.00000+0.j  0.00000+0.j
   0.00000+0.j]
 [ 0.00000+0.j  0.00000+0.j  0.03873+0.j  0.00000+0.j  0.00000+0.j
   0.00000+0.j]
 [ 0.00000+0.j  0.00000+0.j  0.00000+0.j  0.96127+0.j  0.00000+0.j
   0.00000+0.j]
 [ 0.00000+0.j  0.00000+0.j  0.00000+0.j  0.00000+0.j  0.03052+0.j
   0.00000+0.j]
 [ 0.00000+0.j  0.00000+0.j  0.00000+0.j  0.00000+0.j  0.00000+0.j
   0.00821+0.j]]
Total orbital energy evaluations   : 460
Total occupation energy evaluations: 47
