----------
--START---
----------
Taking parameters from config file. Must be specified elsewhere.
Importing run parameters.
----------
Run on: 2018-08-23T16:43:31.274157
----------
#
# ./ibm.txt
# reused as h3.txt
#
# IBM specific input for runs with ./main.py
#
#

# General
restart= yes
print= yes
wait= yes
max_iter= 10
mapping= zeta
chem_orb= HF
#opt_crit= 0.000001
#opt_crit= 0.001
opt_crit= 0.0001

# Occupation Number optimizers
occ_method= stretch
occ_seed= user
occ_optimizer= NM
occ_opt_crit= default
occ_opt_thresh= 0.1
occ_increase= no
occ_energy= qc
occ_nm_simplex= 30
occ_gd_gradient= numerical
occ_max_iter= 40
occ_load_triangle= no
occ_method_Ntri= 3

# Input for the orbital optimizer (for chem_orb /= FCI)
orb_nm_simplex= 15
orb_optimizer= NM
orb_opt_crit= default
# for GD
#orb_opt_thresh= 0.00000001
# for NM
orb_opt_thresh= 0.0001
orb_method= givens
orb_max_iter= 2000
orb_gd_gradient= analytical
orb_print= no

# Input for the quantum algorithm
qc_backend= ibmqx4
qc_num_shots= 2048
qc_order= default
qc_algorithm= affine_2p_curved_tenerife
qc_combine= no
qc_verbose= yes
qc_connect= yes
$ 0 0 
----------
Hello. Beginning a hybrid quantum classical optimization
to find the ground state energy of your target molecule. 
Let's begin!
----------
Molecular parameters:
mol = gto.Mole()
mol.atom = '''H 0 0 0; H 0 0 -1.1374; H 0 0 1.1374'''
mol.basis = 'sto-3g'
mol.spin=1
mol.verbose=2
mol.build()
----------
Run is connected to the IBMQuantumExperience.
Checking for config file.
----------
Backend configuration file already written.
Stored in following location:
/home/sesmart/3_vqa/hqca/results/logs/20180823_ibmqx4
----------
Getting the electron integrals in the Hartree-Fock basis.
Electron integrals obtained. Moving forward.
----------
Wavefunction mapping is: zeta
Nuclear energy: 1.16312909 Hartrees
Quantum algorithm: affine_2p_curved_tenerife
Quantum backend: ibmqx4
----------
----------------------------------------
--- There are 019 runs in queue. -----
--- Waited 00000 minutes so far. ----
----------------------------------------
----------------------------------------
--- There are 029 runs in queue. -----
--- Waited 00005 minutes so far. ----
----------------------------------------
----------------------------------------
--- There are 026 runs in queue. -----
--- Waited 00010 minutes so far. ----
----------------------------------------
----------------------------------------
--- There are 025 runs in queue. -----
--- Waited 00015 minutes so far. ----
----------------------------------------
----------------------------------------
--- There are 027 runs in queue. -----
--- Waited 00020 minutes so far. ----
----------------------------------------
----------------------------------------
--- There are 021 runs in queue. -----
--- Waited 00025 minutes so far. ----
----------------------------------------
----------------------------------------
--- There are 027 runs in queue. -----
--- Waited 00030 minutes so far. ----
----------------------------------------
----------------------------------------
--- There are 027 runs in queue. -----
--- Waited 00035 minutes so far. ----
----------------------------------------
----------------------------------------
--- There are 024 runs in queue. -----
--- Waited 00040 minutes so far. ----
----------------------------------------
----------------------------------------
--- There are 026 runs in queue. -----
--- Waited 00045 minutes so far. ----
----------------------------------------
----------------------------------------
--- There are 019 runs in queue. -----
--- Waited 00050 minutes so far. ----
----------------------------------------
----------------------------------------
--- There are 030 runs in queue. -----
--- Waited 00055 minutes so far. ----
----------------------------------------
----------------------------------------
--- There are 028 runs in queue. -----
--- Waited 00060 minutes so far. ----
----------------------------------------
----------------------------------------
--- There are 026 runs in queue. -----
--- Waited 00065 minutes so far. ----
----------------------------------------
----------------------------------------
--- There are 022 runs in queue. -----
--- Waited 00070 minutes so far. ----
----------------------------------------
----------------------------------------
--- There are 015 runs in queue. -----
--- Waited 00075 minutes so far. ----
----------------------------------------
----------------------------------------
--- There are 025 runs in queue. -----
--- Waited 00080 minutes so far. ----
----------------------------------------
----------------------------------------
--- There are 025 runs in queue. -----
--- Waited 00085 minutes so far. ----
----------------------------------------
----------------------------------------
--- There are 022 runs in queue. -----
--- Waited 00090 minutes so far. ----
----------------------------------------
----------------------------------------
--- There are 027 runs in queue. -----
--- Waited 00095 minutes so far. ----
----------------------------------------
----------------------------------------
--- There are 026 runs in queue. -----
--- Waited 00100 minutes so far. ----
----------------------------------------
----------------------------------------
--- There are 027 runs in queue. -----
--- Waited 00105 minutes so far. ----
----------------------------------------
----------------------------------------
--- There are 025 runs in queue. -----
--- Waited 00110 minutes so far. ----
----------------------------------------
----------------------------------------
--- There are 020 runs in queue. -----
--- Waited 00115 minutes so far. ----
----------------------------------------
----------------------------------------
--- There are 026 runs in queue. -----
--- Waited 00120 minutes so far. ----
----------------------------------------
----------------------------------------
--- There are 025 runs in queue. -----
--- Waited 00125 minutes so far. ----
----------------------------------------
----------------------------------------
--- There are 024 runs in queue. -----
--- Waited 00130 minutes so far. ----
----------------------------------------
----------------------------------------
--- There are 020 runs in queue. -----
--- Waited 00135 minutes so far. ----
----------------------------------------
----------------------------------------
--- There are 015 runs in queue. -----
--- Waited 00140 minutes so far. ----
----------------------------------------
----------------------------------------
--- There are 027 runs in queue. -----
--- Waited 00145 minutes so far. ----
----------------------------------------
----------------------------------------
--- There are 028 runs in queue. -----
--- Waited 00150 minutes so far. ----
----------------------------------------
----------------------------------------
--- There are 022 runs in queue. -----
--- Waited 00155 minutes so far. ----
----------------------------------------
----------------------------------------
--- There are 016 runs in queue. -----
--- Waited 00160 minutes so far. ----
----------------------------------------
----------------------------------------
--- There are 014 runs in queue. -----
--- Waited 00165 minutes so far. ----
----------------------------------------
----------------------------------------
--- There are 013 runs in queue. -----
--- Waited 00170 minutes so far. ----
----------------------------------------
----------------------------------------
--- There are 011 runs in queue. -----
--- Waited 00175 minutes so far. ----
----------------------------------------
Circuit counts:{'ii0': {'01101': 23, '10100': 16, '00101': 30, '00110': 5, '00111': 5, '00011': 31, '01001': 2, '10000': 335, '11101': 5, '10101': 11, '11100': 5, '10111': 1, '10011': 9, '00001': 44, '01000': 37, '00100': 54, '01100': 22, '10001': 10, '10110': 1, '01111': 1, '11000': 11, '10010': 4, '00000': 1369, '00010': 17}}
Time to get backend : 9.6835196018219e-05
Time to run tomography : 969.1207950636744
Total time: 969.1208918988705
{'ii': {'01101': 23, '10100': 16, '00101': 30, '00110': 5, '00111': 5, '00011': 31, '01001': 2, '10000': 335, '11101': 5, '10101': 11, '11100': 5, '10111': 1, '10011': 9, '00001': 44, '01000': 37, '00100': 54, '01100': 22, '10001': 10, '10110': 1, '01111': 1, '11000': 11, '10010': 4, '00000': 1369, '00010': 17}}
Measure ON: [[ 0.96386719  0.91601562  0.91259766  1.        ]]
Rotated ON: [[ 0.99308286  0.97580496  0.9692677   0.99962012]]
Point on the GPC surface. Proceeding.
Parameters: 
[ 6.3110733   3.32719803]
Fitted wavefunction: 
Alpha: 0.9844496309006968, Beta: 0.15513996723252557, Gamma: 0.08240457988833373
Distance from GPC plane: 0.00021932470612680624
Total Energy: -1.5472375078147742 Hartrees
----------
Really long run time. Not good.
NM: Reflection: [ 6.31107  3.3272 ]
-1.54723750781
----------------------------------------
--- There are 013 runs in queue. -----
--- Waited 00000 minutes so far. ----
----------------------------------------
Circuit counts:{'ii0': {'01101': 13, '10100': 20, '00101': 31, '00110': 3, '00111': 1, '00011': 36, '01001': 2, '10000': 313, '11101': 2, '10101': 15, '11100': 8, '11001': 1, '10011': 10, '00001': 89, '01000': 39, '00100': 69, '01100': 31, '11110': 2, '10001': 34, '01111': 1, '11000': 9, '10010': 6, '00000': 1294, '00010': 19}}
Time to get backend : 9.726732969284058e-05
Time to run tomography : 4223.695315591991
Total time: 4223.695412859321
{'ii': {'01101': 13, '10100': 20, '00101': 31, '00110': 3, '00111': 1, '00011': 36, '01001': 2, '10000': 313, '11101': 2, '10101': 15, '11100': 8, '11001': 1, '10011': 10, '00001': 89, '01000': 39, '00100': 69, '01100': 31, '11110': 2, '10001': 34, '01111': 1, '11000': 9, '10010': 6, '00000': 1294, '00010': 19}}
Measure ON: [[ 0.96191  0.9043   0.88525  1.     ]]
Rotated ON: [[ 0.99145  0.95786  0.94695  1.00235]]
Point on the GPC surface. Proceeding.
Parameters: 
[ 4.95975  4.66753]
Fitted wavefunction: 
Alpha: 0.9735155949806196, Beta: 0.20719107206876813, Gamma: 0.09663977434019978
Distance from GPC plane: 0.0013591968759186503
Total Energy: -1.5480952793202176 Hartrees
----------
Really long run time. Not good.
Circuit counts:{'ii0': {'01101': 8, '01010': 3, '10100': 13, '00101': 16, '00111': 1, '00011': 33, '01001': 1, '10000': 441, '11101': 1, '10101': 7, '11100': 4, '10011': 8, '00001': 35, '01000': 77, '00100': 74, '01100': 24, '10001': 25, '10110': 1, '01111': 2, '11000': 18, '10010': 6, '00000': 1234, '00010': 16}}
Time to get backend : 9.051710367202759e-05
Time to run tomography : 729.707353413105
Total time: 729.7074439302087
{'ii': {'01101': 8, '00011': 33, '10100': 13, '00101': 16, '00111': 1, '01010': 3, '01001': 1, '10000': 441, '11101': 1, '10101': 7, '11100': 4, '10011': 8, '00001': 35, '01000': 77, '00100': 74, '01100': 24, '10001': 25, '10110': 1, '01111': 2, '11000': 18, '10010': 6, '00000': 1234, '00010': 16}}
Measure ON: [[ 0.96582  0.93311  0.92627  1.     ]]
Rotated ON: [[ 0.99331  0.99411  0.98712  1.0003 ]]
Point on the GPC surface. Proceeding.
Parameters: 
[ 5.86063  3.77398]
Fitted wavefunction: 
Alpha: 0.9935892412198302, Beta: 0.08238659631537038, Gamma: 0.07741361947209495
Distance from GPC plane: 0.00017132839116867224
Total Energy: -1.5404521273673697 Hartrees
----------
NM: Contracting the triangle.
[ 4.95975  4.66753]
Maximum distance from centroid: 0.9438531898142926
----------
----------
Step: 00, Total Energy: -1.54835556 Sigma: 0.66523057  
----------
----------
Circuit counts:{'ii0': {'01101': 13, '10100': 9, '00101': 24, '00110': 2, '00111': 2, '00011': 30, '01001': 2, '10000': 324, '11101': 1, '10101': 8, '01011': 1, '11100': 5, '11001': 1, '10111': 2, '10011': 4, '00001': 39, '01000': 67, '00100': 69, '01100': 35, '10001': 9, '01110': 1, '11000': 11, '10010': 6, '00000': 1364, '00010': 19}}
Time to get backend : 7.644295692443848e-05
Time to run tomography : 646.1746151819825
Total time: 646.1746916249394
{'ii': {'01101': 13, '10100': 9, '00101': 24, '00110': 2, '00111': 2, '00011': 30, '01001': 2, '10000': 324, '11101': 1, '10101': 8, '01011': 1, '11100': 5, '11001': 1, '10111': 2, '10011': 4, '00001': 39, '01000': 67, '00100': 69, '01100': 35, '10001': 9, '01110': 1, '11000': 11, '10010': 6, '00000': 1364, '00010': 19}}
Measure ON: [[ 0.96729  0.93359  0.9165   1.     ]]
Rotated ON: [[ 0.99371  0.99038  0.98182  1.00227]]
Point on the GPC surface. Proceeding.
Parameters: 
[ 3.52421  4.14019]
Fitted wavefunction: 
Alpha: 0.991248113609235, Beta: 0.10187748087020947, Gamma: 0.08395329747945092
Distance from GPC plane: 0.001310895993079436
Total Energy: -1.5434284099692341 Hartrees
----------
NM: Reflection: [ 3.52421  4.14019]
-1.54342840997
----------------------------------------
--- There are 015 runs in queue. -----
--- Waited 00000 minutes so far. ----
----------------------------------------
----------------------------------------
--- There are 012 runs in queue. -----
--- Waited 00005 minutes so far. ----
----------------------------------------
----------------------------------------
--- There are 013 runs in queue. -----
--- Waited 00010 minutes so far. ----
----------------------------------------
----------------------------------------
--- There are 012 runs in queue. -----
--- Waited 00015 minutes so far. ----
----------------------------------------
----------------------------------------
--- There are 011 runs in queue. -----
--- Waited 00020 minutes so far. ----
----------------------------------------
"HTTPSConnectionPool(host='quantumexperience.ng.bluemix.net', port=443): Max retries exceeded with url: /api/Jobs/5b7f75d17d9a97004a0a6ba4?access_token=h1XqUvPV2AaYh8uhCMyXG2nnP98XpRpF1YzjKbtkSKmxhkwrEkIkNtPMpZmsEE0E (Caused by NewConnectionError('<urllib3.connection.VerifiedHTTPSConnection object at 0x2afb89000ef0>: Failed to establish a new connection: [Errno 110] Connection timed out',))"
Circuit counts:{}
Time to get backend : 9.956955909729004e-05
Time to run tomography : 170.89619587361813
Total time: 170.89629544317722
----------
----------
Step: 01, Total Energy: -1.54835556 Sigma: 0.66523057  
----------
----------
Error in run. Saving optimization object to file.
Optimizing the orbitals.
Initializing the Nelder-Mead optimization class.
---------- 
Step:-01, Init. Energy: -1.54835556 Hartrees
Step: 00, Total Energy: -1.54835556 Sigma: 5.61295324  
Step: 01, Total Energy: -1.54835556 Sigma: 5.78645377  
Step: 02, Total Energy: -1.54835556 Sigma: 5.19884712  
Step: 03, Total Energy: -1.54835556 Sigma: 5.05233395  
Step: 04, Total Energy: -1.54835556 Sigma: 4.72348299  
Step: 05, Total Energy: -1.54835556 Sigma: 4.83819078  
Step: 06, Total Energy: -1.54835556 Sigma: 4.77809153  
Step: 07, Total Energy: -1.54835556 Sigma: 4.78606433  
Step: 08, Total Energy: -1.54835556 Sigma: 4.78669074  
Step: 09, Total Energy: -1.54835556 Sigma: 4.09170908  
Step: 10, Total Energy: -1.54835556 Sigma: 3.05682150  
Step: 11, Total Energy: -1.54835556 Sigma: 3.03554124  
Step: 12, Total Energy: -1.54835556 Sigma: 3.05296893  
Step: 13, Total Energy: -1.54835556 Sigma: 3.01622431  
Step: 14, Total Energy: -1.54857150 Sigma: 2.81818380  
Step: 15, Total Energy: -1.54857150 Sigma: 2.82003810  
Step: 16, Total Energy: -1.54857150 Sigma: 2.58257088  
Step: 17, Total Energy: -1.54859169 Sigma: 2.56969451  
Step: 18, Total Energy: -1.54864797 Sigma: 2.39034468  
Step: 19, Total Energy: -1.54864797 Sigma: 2.35415692  
Step: 20, Total Energy: -1.54864928 Sigma: 1.28417203  
Step: 21, Total Energy: -1.54864928 Sigma: 1.28253631  
Step: 22, Total Energy: -1.54868979 Sigma: 1.21444099  
Step: 23, Total Energy: -1.54869293 Sigma: 1.12009476  
Step: 24, Total Energy: -1.54870839 Sigma: 1.11168889  
Step: 25, Total Energy: -1.54870839 Sigma: 1.10257225  
Step: 26, Total Energy: -1.54870839 Sigma: 1.08506949  
Step: 27, Total Energy: -1.54872296 Sigma: 0.97542135  
Step: 28, Total Energy: -1.54872296 Sigma: 0.58980329  
Step: 29, Total Energy: -1.54875860 Sigma: 0.80262287  
Step: 30, Total Energy: -1.54875860 Sigma: 0.80123411  
Step: 31, Total Energy: -1.54875860 Sigma: 0.76699381  
Step: 32, Total Energy: -1.54875860 Sigma: 0.76587629  
Step: 33, Total Energy: -1.54875860 Sigma: 0.76499547  
Step: 34, Total Energy: -1.54875860 Sigma: 0.75871390  
Step: 35, Total Energy: -1.54875860 Sigma: 0.75984591  
Step: 36, Total Energy: -1.54875860 Sigma: 0.75999004  
Step: 37, Total Energy: -1.54875860 Sigma: 0.74628938  
Step: 38, Total Energy: -1.54875860 Sigma: 0.74483219  
Step: 39, Total Energy: -1.54875860 Sigma: 0.68116806  
Step: 40, Total Energy: -1.54875860 Sigma: 0.67159798  
Step: 41, Total Energy: -1.54875860 Sigma: 0.66877665  
Step: 42, Total Energy: -1.54875860 Sigma: 0.66363426  
Step: 43, Total Energy: -1.54875860 Sigma: 0.66061812  
Step: 44, Total Energy: -1.54875860 Sigma: 0.61519616  
Step: 45, Total Energy: -1.54876078 Sigma: 0.53951837  
Step: 46, Total Energy: -1.54876078 Sigma: 0.53886702  
Step: 47, Total Energy: -1.54876078 Sigma: 0.47177184  
Step: 48, Total Energy: -1.54876078 Sigma: 0.45124643  
Step: 49, Total Energy: -1.54876097 Sigma: 0.41236425  
Step: 50, Total Energy: -1.54876097 Sigma: 0.40237596  
Step: 51, Total Energy: -1.54876304 Sigma: 0.36455462  
Step: 52, Total Energy: -1.54876304 Sigma: 0.35742171  
Step: 53, Total Energy: -1.54876304 Sigma: 0.27870220  
Step: 54, Total Energy: -1.54876317 Sigma: 0.24655344  
Step: 55, Total Energy: -1.54876317 Sigma: 0.23766552  
Step: 56, Total Energy: -1.54876354 Sigma: 0.21465585  
Step: 57, Total Energy: -1.54876435 Sigma: 0.21560238  
Step: 58, Total Energy: -1.54876435 Sigma: 0.17128080  
Step: 59, Total Energy: -1.54876435 Sigma: 0.16735197  
Step: 60, Total Energy: -1.54876435 Sigma: 0.16493771  
Step: 61, Total Energy: -1.54876438 Sigma: 0.15936337  
Step: 62, Total Energy: -1.54876438 Sigma: 0.15930053  
Step: 63, Total Energy: -1.54876465 Sigma: 0.22229038  
Step: 64, Total Energy: -1.54876465 Sigma: 0.22504383  
Step: 65, Total Energy: -1.54876476 Sigma: 0.22519040  
Step: 66, Total Energy: -1.54876506 Sigma: 0.22465398  
Step: 67, Total Energy: -1.54876634 Sigma: 0.25596020  
Step: 68, Total Energy: -1.54876634 Sigma: 0.22989416  
Step: 69, Total Energy: -1.54876634 Sigma: 0.22172599  
Step: 70, Total Energy: -1.54876634 Sigma: 0.22346535  
Step: 71, Total Energy: -1.54876634 Sigma: 0.22755392  
Step: 72, Total Energy: -1.54876634 Sigma: 0.22832694  
Step: 73, Total Energy: -1.54876662 Sigma: 0.22874310  
Step: 74, Total Energy: -1.54876662 Sigma: 0.18864340  
Step: 75, Total Energy: -1.54876662 Sigma: 0.18810035  
Step: 76, Total Energy: -1.54876662 Sigma: 0.15783600  
Step: 77, Total Energy: -1.54876663 Sigma: 0.15584125  
Step: 78, Total Energy: -1.54876663 Sigma: 0.15640517  
Step: 79, Total Energy: -1.54876663 Sigma: 0.15468638  
Step: 80, Total Energy: -1.54876689 Sigma: 0.13592221  
Step: 81, Total Energy: -1.54876690 Sigma: 0.14312137  
Step: 82, Total Energy: -1.54876690 Sigma: 0.14985132  
Step: 83, Total Energy: -1.54876690 Sigma: 0.14850183  
Step: 84, Total Energy: -1.54876726 Sigma: 0.15212493  
Step: 85, Total Energy: -1.54876726 Sigma: 0.14984781  
Step: 86, Total Energy: -1.54876726 Sigma: 0.05634852  
Step: 87, Total Energy: -1.54876726 Sigma: 0.05830994  
Step: 88, Total Energy: -1.54876746 Sigma: 0.05995989  
Step: 89, Total Energy: -1.54876746 Sigma: 0.05950825  
Step: 90, Total Energy: -1.54876746 Sigma: 0.05062229  
Step: 91, Total Energy: -1.54876746 Sigma: 0.05099549  
Step: 92, Total Energy: -1.54876754 Sigma: 0.05031122  
Step: 93, Total Energy: -1.54876754 Sigma: 0.05038993  
Step: 94, Total Energy: -1.54876754 Sigma: 0.05072322  
Step: 95, Total Energy: -1.54876754 Sigma: 0.01806987  
Step: 96, Total Energy: -1.54876758 Sigma: 0.01580252  
Step: 97, Total Energy: -1.54876759 Sigma: 0.01595761  
Step: 98, Total Energy: -1.54876761 Sigma: 0.01494548  
Step: 99, Total Energy: -1.54876761 Sigma: 0.01451817  
Step: 100, Total Energy: -1.54876762 Sigma: 0.00849566  
Step: 101, Total Energy: -1.54876764 Sigma: 0.00555869  
Step: 102, Total Energy: -1.54876764 Sigma: 0.00468734  
Step: 103, Total Energy: -1.54876765 Sigma: 0.00453205  
Step: 104, Total Energy: -1.54876767 Sigma: 0.00467813  
Step: 105, Total Energy: -1.54876767 Sigma: 0.00385579  
Step: 106, Total Energy: -1.54876767 Sigma: 0.00251320  
Step: 107, Total Energy: -1.54876767 Sigma: 0.00669753  
Step: 108, Total Energy: -1.54876767 Sigma: 0.00664194  
Step: 109, Total Energy: -1.54876768 Sigma: 0.00672267  
Step: 110, Total Energy: -1.54876768 Sigma: 0.00288224  
Step: 111, Total Energy: -1.54876768 Sigma: 0.00265783  
Step: 112, Total Energy: -1.54876769 Sigma: 0.00239066  
Step: 113, Total Energy: -1.54876770 Sigma: 0.00216941  
Step: 114, Total Energy: -1.54876770 Sigma: 0.00208946  
Step: 115, Total Energy: -1.54876770 Sigma: 0.00187605  
Step: 116, Total Energy: -1.54876770 Sigma: 0.00193329  
Step: 117, Total Energy: -1.54876770 Sigma: 0.00237922  
Step: 118, Total Energy: -1.54876770 Sigma: 0.00223472  
Step: 119, Total Energy: -1.54876770 Sigma: 0.00253234  
Step: 120, Total Energy: -1.54876770 Sigma: 0.00166300  
Step: 121, Total Energy: -1.54876770 Sigma: 0.00178966  
Step: 122, Total Energy: -1.54876770 Sigma: 0.00178717  
Step: 123, Total Energy: -1.54876770 Sigma: 0.00159583  
Step: 124, Total Energy: -1.54876770 Sigma: 0.00159893  
Step: 125, Total Energy: -1.54876770 Sigma: 0.00134769  
Step: 126, Total Energy: -1.54876770 Sigma: 0.00123620  
Step: 127, Total Energy: -1.54876770 Sigma: 0.00132591  
Step: 128, Total Energy: -1.54876770 Sigma: 0.00115424  
Step: 129, Total Energy: -1.54876770 Sigma: 0.00117895  
Step: 130, Total Energy: -1.54876770 Sigma: 0.00104505  
Step: 131, Total Energy: -1.54876770 Sigma: 0.00104724  
Step: 132, Total Energy: -1.54876770 Sigma: 0.00107574  
Step: 133, Total Energy: -1.54876770 Sigma: 0.00102106  
Step: 134, Total Energy: -1.54876770 Sigma: 0.00095986  
Step: 135, Total Energy: -1.54876770 Sigma: 0.00096117  
Step: 136, Total Energy: -1.54876770 Sigma: 0.00074071  
Step: 137, Total Energy: -1.54876770 Sigma: 0.00074070  
Step: 138, Total Energy: -1.54876770 Sigma: 0.00072217  
Step: 139, Total Energy: -1.54876770 Sigma: 0.00072277  
Step: 140, Total Energy: -1.54876770 Sigma: 0.00072421  
Step: 141, Total Energy: -1.54876770 Sigma: 0.00050578  
Step: 142, Total Energy: -1.54876770 Sigma: 0.00050556  
Step: 143, Total Energy: -1.54876770 Sigma: 0.00042024  
Step: 144, Total Energy: -1.54876770 Sigma: 0.00042836  
Step: 145, Total Energy: -1.54876770 Sigma: 0.00041711  
Step: 146, Total Energy: -1.54876770 Sigma: 0.00041815  
Step: 147, Total Energy: -1.54876771 Sigma: 0.00041916  
Step: 148, Total Energy: -1.54876771 Sigma: 0.00046153  
Step: 149, Total Energy: -1.54876771 Sigma: 0.00038951  
Step: 150, Total Energy: -1.54876771 Sigma: 0.00058134  
Step: 151, Total Energy: -1.54876771 Sigma: 0.00058007  
Step: 152, Total Energy: -1.54876771 Sigma: 0.00057834  
Step: 153, Total Energy: -1.54876771 Sigma: 0.00058136  
Step: 154, Total Energy: -1.54876771 Sigma: 0.00060708  
Step: 155, Total Energy: -1.54876771 Sigma: 0.00061584  
Step: 156, Total Energy: -1.54876771 Sigma: 0.00062135  
Step: 157, Total Energy: -1.54876771 Sigma: 0.00061272  
Step: 158, Total Energy: -1.54876771 Sigma: 0.00059452  
Step: 159, Total Energy: -1.54876771 Sigma: 0.00057932  
Step: 160, Total Energy: -1.54876771 Sigma: 0.00058406  
Step: 161, Total Energy: -1.54876771 Sigma: 0.00058308  
Step: 162, Total Energy: -1.54876771 Sigma: 0.00050521  
Step: 163, Total Energy: -1.54876771 Sigma: 0.00047212  
Step: 164, Total Energy: -1.54876771 Sigma: 0.00047422  
Step: 165, Total Energy: -1.54876771 Sigma: 0.00047506  
Step: 166, Total Energy: -1.54876771 Sigma: 0.00047914  
Step: 167, Total Energy: -1.54876771 Sigma: 0.00041622  
Step: 168, Total Energy: -1.54876771 Sigma: 0.00037785  
Step: 169, Total Energy: -1.54876771 Sigma: 0.00038166  
Step: 170, Total Energy: -1.54876771 Sigma: 0.00038192  
Step: 171, Total Energy: -1.54876771 Sigma: 0.00034549  
Step: 172, Total Energy: -1.54876771 Sigma: 0.00034650  
Step: 173, Total Energy: -1.54876771 Sigma: 0.00035184  
Step: 174, Total Energy: -1.54876771 Sigma: 0.00029712  
Step: 175, Total Energy: -1.54876771 Sigma: 0.00029511  
Step: 176, Total Energy: -1.54876771 Sigma: 0.00029422  
Step: 177, Total Energy: -1.54876771 Sigma: 0.00028885  
Step: 178, Total Energy: -1.54876771 Sigma: 0.00020590  
Step: 179, Total Energy: -1.54876771 Sigma: 0.00019963  
Step: 180, Total Energy: -1.54876771 Sigma: 0.00016828  
Step: 181, Total Energy: -1.54876771 Sigma: 0.00018685  
Step: 182, Total Energy: -1.54876771 Sigma: 0.00018619  
Step: 183, Total Energy: -1.54876771 Sigma: 0.00018618  
Step: 184, Total Energy: -1.54876771 Sigma: 0.00018686  
Step: 185, Total Energy: -1.54876771 Sigma: 0.00015810  
Step: 186, Total Energy: -1.54876771 Sigma: 0.00015807  
Step: 187, Total Energy: -1.54876771 Sigma: 0.00015580  
Step: 188, Total Energy: -1.54876771 Sigma: 0.00015511  
Step: 189, Total Energy: -1.54876771 Sigma: 0.00017060  
Step: 190, Total Energy: -1.54876771 Sigma: 0.00013625  
Step: 191, Total Energy: -1.54876771 Sigma: 0.00013204  
Step: 192, Total Energy: -1.54876771 Sigma: 0.00011133  
Step: 193, Total Energy: -1.54876771 Sigma: 0.00011126  
Step: 194, Total Energy: -1.54876771 Sigma: 0.00011102  
Step: 195, Total Energy: -1.54876771 Sigma: 0.00011104  
Step: 196, Total Energy: -1.54876771 Sigma: 0.00009727  
Criteria met for convergence.
----------
Checking orbital and occupation energies for convergence...
----------
Total number of iterations: 1
##########
ERROR: encountered some error along the way. Run is likely
not fully converged. Check what went wrong.
##########
------------------------------
------------------------------
## Energy Evaluation ## 
Final energy                : -1.54876771 Hartrees
Final sigma                 : 0.00041215

Hartree Fock Energy         : -1.49120478 Hartrees
Full CI energy              : -1.54934409 Hartrees
Difference in target and FCI  :  0.57638 mHartrees
----------
Correlation energy recovered: -57.56293 mHartrees
Correlation energy recovered: 99.009 %
------------------------------
------------------------------
Wavefunction (Hamiltonian basis):
 |110100>: 0.9828435198587159
 |011001>: 0.10712176381209015
 |101010>: 0.15014507381035483
----------
1-Electron Reduced Density Matrix:
[[ 0.98852+0.j  0.00000+0.j  0.00000+0.j  0.00000+0.j  0.00000+0.j
   0.00000+0.j]
 [ 0.00000+0.j  0.97746+0.j  0.00000+0.j  0.00000+0.j  0.00000+0.j
   0.00000+0.j]
 [ 0.00000+0.j  0.00000+0.j  0.03402+0.j  0.00000+0.j  0.00000+0.j
   0.00000+0.j]
 [ 0.00000+0.j  0.00000+0.j  0.00000+0.j  0.96598+0.j  0.00000+0.j
   0.00000+0.j]
 [ 0.00000+0.j  0.00000+0.j  0.00000+0.j  0.00000+0.j  0.02254+0.j
   0.00000+0.j]
 [ 0.00000+0.j  0.00000+0.j  0.00000+0.j  0.00000+0.j  0.00000+0.j
   0.01148+0.j]]
Total orbital energy evaluations   : 882
Total occupation energy evaluations: 76
