----------
--START---
----------
Taking parameters from config file. Must be specified elsewhere.
Importing run parameters.
----------
Run on: 2018-08-28T00:24:20.436483
----------
#
# ./ibm.txt
# reused as h3.txt
#
# IBM specific input for runs with ./main.py
#
#

# General
restart= yes
print= yes
wait= yes
max_iter= 10
mapping= zeta
chem_orb= HF
#opt_crit= 0.000001
#opt_crit= 0.001
opt_crit= 0.0001

# Occupation Number optimizers
occ_method= stretch
occ_seed= user
occ_optimizer= NM
occ_opt_crit= default
occ_opt_thresh= 0.1
occ_increase= no
occ_energy= qc
occ_nm_simplex= 30
occ_gd_gradient= numerical
occ_max_iter= 40
occ_load_triangle= no
occ_method_Ntri= 3

# Input for the orbital optimizer (for chem_orb /= FCI)
orb_nm_simplex= 15
orb_optimizer= NM
orb_opt_crit= default
# for GD
#orb_opt_thresh= 0.00000001
# for NM
orb_opt_thresh= 0.0001
orb_method= givens
orb_max_iter= 2000
orb_gd_gradient= analytical
orb_print= no

# Input for the quantum algorithm
qc_backend= ibmqx4
qc_num_shots= 2048
qc_order= default
qc_algorithm= affine_2p_curved_tenerife
qc_combine= no
qc_verbose= yes
qc_connect= yes
$ 0 0 
----------
Hello. Beginning a hybrid quantum classical optimization
to find the ground state energy of your target molecule. 
Let's begin!
----------
Molecular parameters:
mol = gto.Mole()
mol.atom = '''H 0 0 0; H 0 0 -1.9374; H 0 0 1.9374'''
mol.basis = 'sto-3g'
mol.spin=1
mol.verbose=2
mol.build()
----------
Run is connected to the IBMQuantumExperience.
Checking for config file.
----------
Backend configuration file already written.
Stored in following location:
/home/sesmart/3_vqa/hqca/results/logs/20180828_ibmqx4
----------
Getting the electron integrals in the Hartree-Fock basis.
Electron integrals obtained. Moving forward.
----------
Wavefunction mapping is: zeta
Nuclear energy: 0.68284455 Hartrees
Quantum algorithm: affine_2p_curved_tenerife
Quantum backend: ibmqx4
----------
Was stuck!
----------------------------------------
--- There are 012 runs in queue. -----
--- Waited 00000 minutes so far. ----
----------------------------------------
Circuit counts:{'ii0': {'11001': 1, '01010': 5, '11000': 3, '00101': 141, '00110': 446, '11010': 1, '01001': 5, '10010': 18, '00111': 21, '00000': 132, '00011': 307, '11111': 2, '00010': 86, '11100': 10, '11101': 18, '10111': 12, '11110': 69, '01111': 11, '10000': 27, '01011': 15, '11011': 2, '10001': 14, '10011': 95, '10100': 13, '00001': 38, '01000': 8, '10110': 113, '01110': 239, '00100': 57, '01100': 33, '10101': 25, '01101': 81}}
Time to get backend : 5.5011361837387085e-05
Time to run tomography : 413.06486632302403
Total time: 413.0649213343859
{'ii': {'11001': 1, '01010': 5, '11000': 3, '00101': 141, '00110': 446, '10100': 13, '01001': 5, '10010': 18, '00111': 21, '00000': 132, '00011': 307, '11111': 2, '01000': 8, '11100': 10, '01100': 33, '10111': 12, '11110': 69, '01111': 11, '10000': 27, '01011': 15, '11011': 2, '10001': 14, '10011': 95, '11010': 1, '00001': 38, '00010': 86, '10110': 113, '01110': 239, '00100': 57, '11101': 18, '10101': 25, '01101': 81}}
Measure ON: [[ 0.70410156  0.63037109  0.61523438  1.        ]]
Rotated ON: [[ 0.84704563  0.82124918  0.67031956  0.99797526]]
Point on the GPC surface. Proceeding.
Parameters: 
[ 56.27929688  58.91601562]
Fitted wavefunction: 
Alpha: 0.8183181820006725, Beta: 0.42199040453115305, Gamma: 0.39022999819433163
Distance from GPC plane: 0.001168986467137201
Total Energy: -1.4146013669752555 Hartrees
----------
NM: Reflection: [ 56.2793   58.91602]
-1.41460136698
----------------------------------------
--- There are 013 runs in queue. -----
--- Waited 00000 minutes so far. ----
----------------------------------------
Circuit counts:{'ii0': {'01010': 2, '11000': 4, '11100': 12, '00110': 350, '11010': 2, '01001': 1, '10010': 18, '00111': 21, '10001': 21, '00011': 321, '11111': 3, '00010': 82, '00101': 195, '11101': 23, '10111': 8, '11110': 53, '01111': 12, '10000': 65, '01011': 22, '11011': 8, '00000': 187, '10011': 86, '10100': 20, '00001': 38, '01000': 4, '10110': 89, '01110': 151, '00100': 68, '01100': 46, '10101': 39, '01101': 97}}
Time to get backend : 8.048117160797119e-05
Time to run tomography : 435.14693535864353
Total time: 435.14701583981514
{'ii': {'01010': 2, '11000': 4, '11100': 12, '00110': 350, '10100': 20, '01001': 1, '10010': 18, '00111': 21, '00000': 187, '00011': 321, '11111': 3, '01000': 4, '00101': 195, '01100': 46, '10111': 8, '11110': 53, '01111': 12, '10000': 65, '01011': 22, '11011': 8, '10001': 21, '10011': 86, '11010': 2, '00001': 38, '00010': 82, '10110': 89, '01110': 151, '00100': 68, '11101': 23, '10101': 39, '01101': 97}}
Measure ON: [[ 0.59961  0.57959  0.56299  1.     ]]
Rotated ON: [[ 0.78993  0.80731  0.59345  1.00379]]
Point on the GPC surface. Proceeding.
Parameters: 
[ 51.76758  53.34961]
Fitted wavefunction: 
Alpha: 0.7711745938749167, Beta: 0.4597094388097493, Gamma: 0.4404054695744395
Distance from GPC plane: 0.0021902919327345394
Total Energy: -1.415180924947516 Hartrees
----------
----------------------------------------
--- There are 013 runs in queue. -----
--- Waited 00000 minutes so far. ----
----------------------------------------
Circuit counts:{'ii0': {'11001': 1, '01010': 3, '11110': 60, '11100': 19, '00110': 449, '10100': 15, '10010': 20, '00111': 32, '10001': 17, '00011': 293, '11111': 7, '00010': 74, '00101': 168, '11101': 27, '10111': 3, '01111': 8, '10000': 40, '01011': 9, '11011': 11, '00000': 149, '10011': 79, '00100': 63, '00001': 38, '01000': 8, '10110': 106, '01110': 199, '01100': 43, '10101': 26, '01101': 81}}
Time to get backend : 8.234009146690369e-05
Time to run tomography : 440.6800051368773
Total time: 440.68008747696877
{'ii': {'11001': 1, '01010': 3, '11110': 60, '11100': 19, '00110': 449, '00100': 63, '10010': 20, '00111': 32, '00000': 149, '00011': 293, '11111': 7, '01000': 8, '00101': 168, '01100': 43, '10111': 3, '01111': 8, '10000': 40, '01011': 9, '11011': 11, '10001': 17, '10011': 79, '10100': 15, '00001': 38, '00010': 74, '10110': 106, '01110': 199, '11101': 27, '10101': 26, '01101': 81}}
Measure ON: [[ 0.66064  0.6377   0.60938  1.     ]]
Rotated ON: [[ 0.82048  0.85491  0.67715  0.99824]]
Point on the GPC surface. Proceeding.
Parameters: 
[ 55.15137  57.52441]
Fitted wavefunction: 
Alpha: 0.8225350468155217, Beta: 0.42300325935350236, Gamma: 0.38013726380940505
Distance from GPC plane: 0.0010149487507423729
Total Energy: -1.4146607377065494 Hartrees
----------
NM: Contracting the triangle.
[ 51.76758  53.34961]
Maximum distance from centroid: 7.852436984883259
----------
----------
Step: 00, Total Energy: -1.41812125 Sigma: 1.98866991  
----------
----------
Was stuck!
----------------------------------------
--- There are 012 runs in queue. -----
--- Waited 00000 minutes so far. ----
----------------------------------------
Circuit counts:{'ii0': {'01010': 6, '11000': 4, '11100': 15, '00110': 449, '10100': 7, '01001': 1, '10010': 17, '00111': 26, '10001': 7, '00011': 332, '11111': 6, '00010': 75, '00101': 153, '11101': 20, '10111': 4, '11110': 72, '01111': 16, '10000': 41, '01011': 14, '11011': 3, '00000': 150, '10011': 81, '00100': 68, '00001': 39, '01000': 5, '10110': 83, '01110': 180, '01100': 45, '10101': 44, '01101': 85}}
Time to get backend : 8.22804868221283e-05
Time to run tomography : 433.69355734810233
Total time: 433.69363962858915
{'ii': {'01010': 6, '11000': 4, '11100': 15, '00110': 449, '00100': 68, '01001': 1, '10010': 17, '00111': 26, '00000': 150, '00011': 332, '11111': 6, '01000': 5, '00101': 153, '01100': 45, '10111': 4, '11110': 72, '01111': 16, '10000': 41, '01011': 14, '11011': 3, '10001': 7, '10011': 81, '10100': 7, '00001': 39, '00010': 75, '10110': 83, '01110': 180, '11101': 20, '10101': 44, '01101': 85}}
Measure ON: [[ 0.66602  0.62158  0.59424  1.     ]]
Rotated ON: [[ 0.8262   0.82491  0.64571  1.0054 ]]
Point on the GPC surface. Proceeding.
Parameters: 
[ 55.15137  57.52441]
Fitted wavefunction: 
Alpha: 0.804680263945257, Beta: 0.42057951659507026, Gamma: 0.41904957109827523
Distance from GPC plane: 0.0031168169965338503
Total Energy: -1.4137287733094366 Hartrees
----------
NM: Reflection: [ 55.15137  57.52441]
-1.41372877331
----------------------------------------
--- There are 012 runs in queue. -----
--- Waited 00000 minutes so far. ----
----------------------------------------
----------------------------------------
--- There are 013 runs in queue. -----
--- Waited 00005 minutes so far. ----
----------------------------------------
----------------------------------------
--- There are 022 runs in queue. -----
--- Waited 00010 minutes so far. ----
----------------------------------------
----------------------------------------
--- There are 017 runs in queue. -----
--- Waited 00015 minutes so far. ----
----------------------------------------
Circuit counts:{'ii0': {'01010': 7, '11000': 1, '11100': 13, '00110': 337, '11010': 1, '01001': 3, '10010': 22, '00111': 25, '10001': 14, '00011': 345, '11111': 1, '00010': 79, '00101': 160, '11101': 25, '10111': 6, '11110': 41, '01111': 10, '10000': 45, '01011': 15, '11011': 5, '00000': 208, '10011': 73, '10100': 7, '00001': 38, '01000': 10, '10110': 98, '01110': 223, '00100': 63, '01100': 38, '10101': 40, '01101': 95}}
Time to get backend : 5.533173680305481e-05
Time to run tomography : 364.75174640864134
Total time: 364.75180174037814
{'ii': {'01010': 7, '11000': 1, '11100': 13, '00110': 337, '10100': 7, '01001': 3, '10010': 22, '00111': 25, '00000': 208, '00011': 345, '11111': 1, '01000': 10, '00101': 160, '01100': 38, '10111': 6, '11110': 41, '01111': 10, '10000': 45, '01011': 15, '11011': 5, '10001': 14, '10011': 73, '11010': 1, '00001': 38, '00010': 79, '10110': 98, '01110': 223, '00100': 63, '11101': 25, '10101': 40, '01101': 95}}
Measure ON: [[ 0.62891  0.58252  0.57715  1.     ]]
Rotated ON: [[ 0.80787  0.80044  0.60228  1.00603]]
Point on the GPC surface. Proceeding.
Parameters: 
[ 52.89551  54.74121]
Fitted wavefunction: 
Alpha: 0.7773624870583602, Beta: 0.4489591561067871, Gamma: 0.44061688558465667
Distance from GPC plane: 0.0034786102234636027
Total Energy: -1.414568419988459 Hartrees
----------
----------------------------------------
--- There are 012 runs in queue. -----
--- Waited 00000 minutes so far. ----
----------------------------------------
Circuit counts:{'ii0': {'01010': 4, '11000': 2, '11100': 7, '00110': 377, '11010': 2, '01001': 3, '10010': 27, '00111': 25, '10001': 12, '00011': 357, '11111': 3, '00010': 85, '00101': 152, '11101': 17, '10111': 9, '11110': 60, '01111': 12, '10000': 44, '01011': 10, '11011': 3, '00000': 170, '10011': 99, '10100': 13, '00001': 45, '01000': 3, '10110': 82, '01110': 197, '00100': 58, '01100': 34, '10101': 42, '01101': 94}}
Time to get backend : 5.967915058135986e-05
Time to run tomography : 415.01591463014483
Total time: 415.0159743092954
{'ii': {'01010': 4, '11000': 2, '11100': 7, '00110': 377, '10100': 13, '01001': 3, '10010': 27, '00111': 25, '00000': 170, '00011': 357, '11111': 3, '01000': 3, '00101': 152, '01100': 34, '10111': 9, '11110': 60, '01111': 12, '10000': 44, '01011': 10, '11011': 3, '10001': 12, '10011': 99, '11010': 2, '00001': 45, '00010': 85, '10110': 82, '01110': 197, '00100': 58, '11101': 17, '10101': 42, '01101': 94}}
Measure ON: [[ 0.66016  0.57715  0.56885  1.     ]]
Rotated ON: [[ 0.82701  0.7715   0.59342  1.00509]]
Point on the GPC surface. Proceeding.
Parameters: 
[ 54.5874   56.82861]
Fitted wavefunction: 
Alpha: 0.7714364392856884, Beta: 0.4797927538938843, Gamma: 0.41795302780712207
Distance from GPC plane: 0.002939021385421598
Total Energy: -1.417571539793842 Hartrees
----------
NM: Contracting the triangle.
[ 54.5874   56.82861]
Maximum distance from centroid: 11.797319239658167
----------
----------
Step: 01, Total Energy: -1.41812125 Sigma: 0.72622346  
----------
----------
----------------------------------------
--- There are 013 runs in queue. -----
--- Waited 00000 minutes so far. ----
----------------------------------------
Circuit counts:{'ii0': {'11001': 1, '01010': 3, '11000': 1, '11100': 20, '00110': 383, '10100': 17, '01001': 2, '10010': 20, '00111': 22, '00000': 139, '00011': 138, '11111': 3, '00010': 54, '00101': 273, '11101': 46, '10111': 11, '11110': 49, '01111': 8, '10000': 46, '01011': 7, '11011': 4, '10001': 26, '10011': 30, '00100': 73, '00001': 44, '01000': 3, '10110': 91, '01110': 209, '01100': 61, '10101': 104, '01101': 160}}
Time to get backend : 5.62518835067749e-05
Time to run tomography : 509.68506572395563
Total time: 509.68512197583914
{'ii': {'11001': 1, '01010': 3, '11000': 1, '11100': 20, '00110': 383, '00100': 73, '01001': 2, '10010': 20, '00111': 22, '00000': 139, '00011': 138, '11111': 3, '01000': 3, '00101': 273, '01100': 61, '10111': 11, '11110': 49, '01111': 8, '10000': 46, '01011': 7, '11011': 4, '10001': 26, '10011': 30, '10100': 17, '00001': 44, '00010': 54, '10110': 91, '01110': 209, '11101': 46, '10101': 104, '01101': 160}}
Measure ON: [[ 0.74707  0.5708   0.50391  1.     ]]
Rotated ON: [[ 0.87959  0.68214  0.56089  1.00084]]
Point on the GPC surface. Proceeding.
Parameters: 
[ 67.00928  47.21924]
Fitted wavefunction: 
Alpha: 0.749113805792034, Beta: 0.5640380636174542, Gamma: 0.3474040425246189
Distance from GPC plane: 0.0004872734976282267
Total Energy: -1.416290076992144 Hartrees
----------
NM: Reflection: [ 67.00928  47.21924]
-1.41629007699
----------------------------------------
--- There are 015 runs in queue. -----
--- Waited 00000 minutes so far. ----
----------------------------------------
----------------------------------------
--- There are 012 runs in queue. -----
--- Waited 00005 minutes so far. ----
----------------------------------------
Circuit counts:{'ii0': {'11001': 1, '01010': 5, '11000': 1, '11100': 11, '00110': 376, '10100': 16, '01001': 1, '10010': 27, '00111': 30, '00000': 180, '00011': 348, '11111': 4, '00010': 81, '00101': 135, '11101': 17, '10111': 4, '11110': 44, '01111': 11, '10000': 52, '01011': 12, '11011': 1, '10001': 12, '10011': 107, '00100': 62, '00001': 49, '01000': 9, '10110': 92, '01110': 192, '01100': 42, '10101': 33, '01101': 93}}
Time to get backend : 6.205588579177856e-05
Time to run tomography : 979.5617185756564
Total time: 979.5617806315422
{'ii': {'11001': 1, '01010': 5, '11000': 1, '11100': 11, '00110': 376, '00100': 62, '01001': 1, '10010': 27, '00111': 30, '00000': 180, '00011': 348, '11111': 4, '01000': 9, '00101': 135, '01100': 42, '10111': 4, '11110': 44, '01111': 11, '10000': 52, '01011': 12, '11011': 1, '10001': 12, '10011': 107, '10100': 16, '00001': 49, '00010': 81, '10110': 92, '01110': 192, '11101': 17, '10101': 33, '01101': 93}}
Measure ON: [[ 0.65137  0.58105  0.56738  1.     ]]
Rotated ON: [[ 0.82117  0.77972  0.59642  1.00446]]
Point on the GPC surface. Proceeding.
Parameters: 
[ 52.61169  57.50793]
Fitted wavefunction: 
Alpha: 0.7732469403340103, Beta: 0.47092199048945294, Gamma: 0.42464296548694075
Distance from GPC plane: 0.002576381934258271
Total Energy: -1.4168784777305288 Hartrees
----------
----------------------------------------
--- There are 018 runs in queue. -----
--- Waited 00000 minutes so far. ----
----------------------------------------
----------------------------------------
--- There are 015 runs in queue. -----
--- Waited 00005 minutes so far. ----
----------------------------------------
----------------------------------------
--- There are 011 runs in queue. -----
--- Waited 00010 minutes so far. ----
----------------------------------------
Circuit counts:{'ii0': {'01010': 3, '11000': 2, '11100': 19, '00110': 422, '11010': 1, '01001': 3, '10010': 18, '00111': 26, '10001': 8, '00011': 190, '11111': 5, '00010': 73, '00101': 251, '11101': 33, '10111': 4, '11110': 66, '01111': 9, '10000': 40, '01011': 16, '11011': 4, '00000': 133, '10011': 57, '10100': 13, '00001': 54, '01000': 6, '10110': 113, '01110': 184, '00100': 83, '01100': 43, '10101': 46, '01101': 123}}
Time to get backend : 6.0752034187316895e-05
Time to run tomography : 1031.4255783706903
Total time: 1031.4256391227245
{'ii': {'01010': 3, '11000': 2, '11100': 19, '00110': 422, '10100': 13, '01001': 3, '10010': 18, '00111': 26, '00000': 133, '00011': 190, '11111': 5, '01000': 6, '00101': 251, '01100': 43, '10111': 4, '11110': 66, '01111': 9, '10000': 40, '01011': 16, '11011': 4, '10001': 8, '10011': 57, '11010': 1, '00001': 54, '00010': 73, '10110': 113, '01110': 184, '00100': 83, '11101': 33, '10101': 46, '01101': 123}}
Measure ON: [[ 0.70312  0.59521  0.58154  1.     ]]
Rotated ON: [[ 0.85127  0.76987  0.61547  1.00566]]
Point on the GPC surface. Proceeding.
Parameters: 
[ 62.21008  50.6488 ]
Fitted wavefunction: 
Alpha: 0.7857233563844195, Beta: 0.4816842815368523, Gamma: 0.38809671494658254
Distance from GPC plane: 0.0032671633553086063
Total Energy: -1.4185713426971132 Hartrees
----------
Really long run time. Not good.
NM: Contracting the triangle.
[ 62.21008  50.6488 ]
Maximum distance from centroid: 8.83901941878306
----------
----------
Step: 02, Total Energy: -1.41857134 Sigma: 0.60647069  
----------
----------
----------------------------------------
--- There are 017 runs in queue. -----
--- Waited 00000 minutes so far. ----
----------------------------------------
----------------------------------------
--- There are 015 runs in queue. -----
--- Waited 00005 minutes so far. ----
----------------------------------------
Circuit counts:{'ii0': {'11001': 2, '01010': 3, '11000': 2, '00101': 306, '00110': 340, '11010': 1, '01001': 4, '10010': 12, '00111': 41, '00000': 135, '00011': 107, '11111': 5, '00010': 57, '11100': 16, '11101': 47, '10111': 4, '11110': 55, '01111': 11, '10000': 41, '01011': 7, '11011': 4, '10001': 17, '10011': 31, '10100': 26, '00001': 68, '01000': 10, '10110': 100, '01110': 158, '00100': 105, '01100': 73, '10101': 74, '01101': 186}}
Time to get backend : 6.897374987602234e-05
Time to run tomography : 672.4278249442577
Total time: 672.4278939180076
{'ii': {'11001': 2, '01010': 3, '11000': 2, '00101': 306, '00110': 340, '10100': 26, '01001': 4, '10010': 12, '00111': 41, '00000': 135, '00011': 107, '11111': 5, '01000': 10, '11100': 16, '01100': 73, '10111': 4, '11110': 55, '01111': 11, '10000': 41, '01011': 7, '11011': 4, '10001': 17, '10011': 31, '11010': 1, '00001': 68, '00010': 57, '10110': 100, '01110': 158, '00100': 105, '11101': 47, '10101': 74, '01101': 186}}
Measure ON: [[ 0.75537  0.55371  0.54297  1.     ]]
Rotated ON: [[ 0.88619  0.67622  0.55962  1.0028 ]]
Point on the GPC surface. Proceeding.
Parameters: 
[ 67.85706  45.14832]
Fitted wavefunction: 
Alpha: 0.7486980667733472, Beta: 0.5698350100741594, Gamma: 0.3387318498512286
Distance from GPC plane: 0.0016171072126919819
Total Energy: -1.4154524472617969 Hartrees
----------
NM: Reflection: [ 67.85706  45.14832]
-1.41545244726
----------------------------------------
--- There are 022 runs in queue. -----
--- Waited 00000 minutes so far. ----
----------------------------------------
----------------------------------------
--- There are 014 runs in queue. -----
--- Waited 00005 minutes so far. ----
----------------------------------------
----------------------------------------
--- There are 020 runs in queue. -----
--- Waited 00010 minutes so far. ----
----------------------------------------
----------------------------------------
--- There are 015 runs in queue. -----
--- Waited 00015 minutes so far. ----
----------------------------------------
----------------------------------------
--- There are 013 runs in queue. -----
--- Waited 00020 minutes so far. ----
----------------------------------------
----------------------------------------
--- There are 020 runs in queue. -----
--- Waited 00025 minutes so far. ----
----------------------------------------
----------------------------------------
--- There are 018 runs in queue. -----
--- Waited 00030 minutes so far. ----
----------------------------------------
----------------------------------------
--- There are 012 runs in queue. -----
--- Waited 00035 minutes so far. ----
----------------------------------------
----------------------------------------
--- There are 019 runs in queue. -----
--- Waited 00040 minutes so far. ----
----------------------------------------
----------------------------------------
--- There are 019 runs in queue. -----
--- Waited 00045 minutes so far. ----
----------------------------------------
----------------------------------------
--- There are 023 runs in queue. -----
--- Waited 00050 minutes so far. ----
----------------------------------------
----------------------------------------
--- There are 025 runs in queue. -----
--- Waited 00055 minutes so far. ----
----------------------------------------
----------------------------------------
--- There are 028 runs in queue. -----
--- Waited 00060 minutes so far. ----
----------------------------------------
----------------------------------------
--- There are 028 runs in queue. -----
--- Waited 00065 minutes so far. ----
----------------------------------------
----------------------------------------
--- There are 028 runs in queue. -----
--- Waited 00070 minutes so far. ----
----------------------------------------
----------------------------------------
--- There are 028 runs in queue. -----
--- Waited 00075 minutes so far. ----
----------------------------------------
----------------------------------------
--- There are 028 runs in queue. -----
--- Waited 00080 minutes so far. ----
----------------------------------------
----------------------------------------
--- There are 028 runs in queue. -----
--- Waited 00085 minutes so far. ----
----------------------------------------
----------------------------------------
--- There are 028 runs in queue. -----
--- Waited 00090 minutes so far. ----
----------------------------------------
----------------------------------------
--- There are 030 runs in queue. -----
--- Waited 00095 minutes so far. ----
----------------------------------------
----------------------------------------
--- There are 024 runs in queue. -----
--- Waited 00100 minutes so far. ----
----------------------------------------
----------------------------------------
--- There are 021 runs in queue. -----
--- Waited 00105 minutes so far. ----
----------------------------------------
----------------------------------------
--- There are 019 runs in queue. -----
--- Waited 00110 minutes so far. ----
----------------------------------------
Circuit counts:{'ii0': {'01010': 1, '11000': 4, '11100': 10, '00110': 417, '11010': 2, '01001': 6, '10010': 21, '00111': 24, '10001': 12, '00011': 258, '11111': 2, '00010': 78, '00101': 199, '11101': 28, '10111': 8, '11110': 57, '01111': 11, '10000': 43, '01011': 9, '11011': 4, '00000': 144, '10011': 58, '10100': 14, '00001': 49, '01000': 9, '10110': 96, '01110': 223, '00100': 58, '01100': 37, '10101': 41, '01101': 125}}
Time to get backend : 7.011741399765015e-05
Time to run tomography : 1180.3824645839632
Total time: 1180.3825347013772
{'ii': {'01010': 1, '11000': 4, '11100': 10, '00110': 417, '10100': 14, '01001': 6, '10010': 21, '00111': 24, '00000': 144, '00011': 258, '11111': 2, '01000': 9, '00101': 199, '01100': 37, '10111': 8, '11110': 57, '01111': 11, '10000': 43, '01011': 9, '11011': 4, '10001': 12, '10011': 58, '11010': 2, '00001': 49, '00010': 78, '10110': 96, '01110': 223, '00100': 58, '11101': 28, '10101': 41, '01101': 125}}
Measure ON: [[ 0.65918  0.61963  0.59277  1.     ]]
Rotated ON: [[ 0.82225  0.82637  0.6433   1.00532]]
Point on the GPC surface. Proceeding.
Parameters: 
[ 57.90482  53.90854]
Fitted wavefunction: 
Alpha: 0.8031639604454773, Beta: 0.42370255789115063, Gamma: 0.41881236261365506
Distance from GPC plane: 0.0030711442858291364
Total Energy: -1.4140430674221738 Hartrees
----------
Really long run time. Not good.
----------------------------------------
--- There are 023 runs in queue. -----
--- Waited 00000 minutes so far. ----
----------------------------------------
----------------------------------------
--- There are 021 runs in queue. -----
--- Waited 00005 minutes so far. ----
----------------------------------------
----------------------------------------
--- There are 017 runs in queue. -----
--- Waited 00010 minutes so far. ----
----------------------------------------
----------------------------------------
--- There are 014 runs in queue. -----
--- Waited 00015 minutes so far. ----
----------------------------------------
----------------------------------------
--- There are 024 runs in queue. -----
--- Waited 00020 minutes so far. ----
----------------------------------------
----------------------------------------
--- There are 021 runs in queue. -----
--- Waited 00025 minutes so far. ----
----------------------------------------
----------------------------------------
--- There are 017 runs in queue. -----
--- Waited 00030 minutes so far. ----
----------------------------------------
----------------------------------------
--- There are 021 runs in queue. -----
--- Waited 00035 minutes so far. ----
----------------------------------------
----------------------------------------
--- There are 024 runs in queue. -----
--- Waited 00040 minutes so far. ----
----------------------------------------
----------------------------------------
--- There are 025 runs in queue. -----
--- Waited 00045 minutes so far. ----
----------------------------------------
----------------------------------------
--- There are 022 runs in queue. -----
--- Waited 00050 minutes so far. ----
----------------------------------------
----------------------------------------
--- There are 031 runs in queue. -----
--- Waited 00055 minutes so far. ----
----------------------------------------
----------------------------------------
--- There are 031 runs in queue. -----
--- Waited 00060 minutes so far. ----
----------------------------------------
----------------------------------------
--- There are 025 runs in queue. -----
--- Waited 00065 minutes so far. ----
----------------------------------------
----------------------------------------
--- There are 025 runs in queue. -----
--- Waited 00070 minutes so far. ----
----------------------------------------
----------------------------------------
--- There are 017 runs in queue. -----
--- Waited 00075 minutes so far. ----
----------------------------------------
----------------------------------------
--- There are 026 runs in queue. -----
--- Waited 00080 minutes so far. ----
----------------------------------------
----------------------------------------
--- There are 025 runs in queue. -----
--- Waited 00085 minutes so far. ----
----------------------------------------
----------------------------------------
--- There are 021 runs in queue. -----
--- Waited 00090 minutes so far. ----
----------------------------------------
----------------------------------------
--- There are 018 runs in queue. -----
--- Waited 00095 minutes so far. ----
----------------------------------------
----------
----------
Step: 03, Total Energy: -1.41857134 Sigma: 0.60647069  
----------
----------
Error in run. Saving optimization object to file.
Optimizing the orbitals.
Initializing the Nelder-Mead optimization class.
---------- 
Step:-01, Init. Energy: -1.41857134 Hartrees
Step: 00, Total Energy: -1.41857134 Sigma: 5.61295324  
Step: 01, Total Energy: -1.41857134 Sigma: 5.78645377  
Step: 02, Total Energy: -1.41857134 Sigma: 5.80715469  
Step: 03, Total Energy: -1.41857134 Sigma: 5.68602392  
Step: 04, Total Energy: -1.41857134 Sigma: 5.42307954  
Step: 05, Total Energy: -1.41857134 Sigma: 5.00587877  
Step: 06, Total Energy: -1.41857134 Sigma: 3.41421337  
Step: 07, Total Energy: -1.41857134 Sigma: 3.42202124  
Step: 08, Total Energy: -1.41857134 Sigma: 3.41437975  
Step: 09, Total Energy: -1.41857134 Sigma: 3.36368707  
Step: 10, Total Energy: -1.41857134 Sigma: 3.26309183  
Step: 11, Total Energy: -1.41862989 Sigma: 3.14275062  
Step: 12, Total Energy: -1.41911010 Sigma: 3.14421044  
Step: 13, Total Energy: -1.41917617 Sigma: 3.14252757  
Step: 14, Total Energy: -1.41955336 Sigma: 2.51447280  
Step: 15, Total Energy: -1.41955336 Sigma: 2.48596980  
Step: 16, Total Energy: -1.41955336 Sigma: 2.44223646  
Step: 17, Total Energy: -1.41955336 Sigma: 2.30828444  
Step: 18, Total Energy: -1.41955336 Sigma: 2.30430857  
Step: 19, Total Energy: -1.42014969 Sigma: 2.57960145  
Step: 20, Total Energy: -1.42014969 Sigma: 2.56764051  
Step: 21, Total Energy: -1.42014969 Sigma: 2.56253389  
Step: 22, Total Energy: -1.42014969 Sigma: 2.55940510  
Step: 23, Total Energy: -1.42014969 Sigma: 2.54604953  
Step: 24, Total Energy: -1.42014969 Sigma: 2.55137663  
Step: 25, Total Energy: -1.42014969 Sigma: 2.54196496  
Step: 26, Total Energy: -1.42032669 Sigma: 2.55520363  
Step: 27, Total Energy: -1.42039362 Sigma: 2.56564965  
Step: 28, Total Energy: -1.42039362 Sigma: 2.40030824  
Step: 29, Total Energy: -1.42039362 Sigma: 2.05066158  
Step: 30, Total Energy: -1.42039362 Sigma: 1.61627024  
Step: 31, Total Energy: -1.42039362 Sigma: 1.62459940  
Step: 32, Total Energy: -1.42045905 Sigma: 1.62633788  
Step: 33, Total Energy: -1.42048453 Sigma: 1.60894356  
Step: 34, Total Energy: -1.42055347 Sigma: 1.60919395  
Step: 35, Total Energy: -1.42061953 Sigma: 1.60779246  
Step: 36, Total Energy: -1.42061953 Sigma: 1.60954631  
Step: 37, Total Energy: -1.42061953 Sigma: 1.61391985  
Step: 38, Total Energy: -1.42061953 Sigma: 1.46322304  
Step: 39, Total Energy: -1.42061953 Sigma: 1.35842267  
Step: 40, Total Energy: -1.42067937 Sigma: 1.63263504  
Step: 41, Total Energy: -1.42075033 Sigma: 1.63652305  
Step: 42, Total Energy: -1.42075033 Sigma: 1.53159193  
Step: 43, Total Energy: -1.42075033 Sigma: 0.99281729  
Step: 44, Total Energy: -1.42077521 Sigma: 0.99551128  
Step: 45, Total Energy: -1.42079193 Sigma: 1.02978783  
Step: 46, Total Energy: -1.42079424 Sigma: 1.02604775  
Step: 47, Total Energy: -1.42079424 Sigma: 1.02604145  
Step: 48, Total Energy: -1.42079424 Sigma: 0.71479678  
Step: 49, Total Energy: -1.42079424 Sigma: 0.72173291  
Step: 50, Total Energy: -1.42079691 Sigma: 0.71740035  
Step: 51, Total Energy: -1.42082532 Sigma: 0.72016955  
Step: 52, Total Energy: -1.42082532 Sigma: 0.62901822  
Step: 53, Total Energy: -1.42082532 Sigma: 0.62144519  
Step: 54, Total Energy: -1.42082532 Sigma: 0.64753609  
Step: 55, Total Energy: -1.42082532 Sigma: 0.65034211  
Step: 56, Total Energy: -1.42082532 Sigma: 0.64937215  
Step: 57, Total Energy: -1.42082532 Sigma: 0.64923547  
Step: 58, Total Energy: -1.42082987 Sigma: 0.45520868  
Step: 59, Total Energy: -1.42083003 Sigma: 0.44829579  
Step: 60, Total Energy: -1.42083548 Sigma: 0.42906875  
Step: 61, Total Energy: -1.42083548 Sigma: 0.43342666  
Step: 62, Total Energy: -1.42083548 Sigma: 0.43323231  
Step: 63, Total Energy: -1.42083548 Sigma: 0.32641166  
Step: 64, Total Energy: -1.42083548 Sigma: 0.32575361  
Step: 65, Total Energy: -1.42083552 Sigma: 0.32558533  
Step: 66, Total Energy: -1.42083622 Sigma: 0.28320130  
Step: 67, Total Energy: -1.42083659 Sigma: 0.28353623  
Step: 68, Total Energy: -1.42083899 Sigma: 0.27876226  
Step: 69, Total Energy: -1.42083899 Sigma: 0.27779393  
Step: 70, Total Energy: -1.42083899 Sigma: 0.27593969  
Step: 71, Total Energy: -1.42083899 Sigma: 0.26540107  
Step: 72, Total Energy: -1.42083899 Sigma: 0.25613601  
Step: 73, Total Energy: -1.42083937 Sigma: 0.25328584  
Step: 74, Total Energy: -1.42084114 Sigma: 0.25396862  
Step: 75, Total Energy: -1.42084114 Sigma: 0.22313591  
Step: 76, Total Energy: -1.42084114 Sigma: 0.22318438  
Step: 77, Total Energy: -1.42084319 Sigma: 0.27748959  
Step: 78, Total Energy: -1.42084319 Sigma: 0.27750386  
Step: 79, Total Energy: -1.42084319 Sigma: 0.27149153  
Step: 80, Total Energy: -1.42084319 Sigma: 0.27147231  
Step: 81, Total Energy: -1.42084643 Sigma: 0.40199248  
Step: 82, Total Energy: -1.42084780 Sigma: 0.51962246  
Step: 83, Total Energy: -1.42084780 Sigma: 0.51780811  
Step: 84, Total Energy: -1.42085047 Sigma: 0.65852139  
Step: 85, Total Energy: -1.42085047 Sigma: 0.65564592  
Step: 86, Total Energy: -1.42085208 Sigma: 0.85264300  
Step: 87, Total Energy: -1.42085593 Sigma: 1.03230775  
Step: 88, Total Energy: -1.42085630 Sigma: 1.16512075  
Step: 89, Total Energy: -1.42085660 Sigma: 1.24380239  
Step: 90, Total Energy: -1.42085750 Sigma: 1.12819143  
Step: 91, Total Energy: -1.42085750 Sigma: 0.90505123  
Step: 92, Total Energy: -1.42085750 Sigma: 0.56617922  
Step: 93, Total Energy: -1.42085791 Sigma: 0.45193829  
Step: 94, Total Energy: -1.42085946 Sigma: 0.42068270  
Step: 95, Total Energy: -1.42085946 Sigma: 0.41512094  
Step: 96, Total Energy: -1.42085946 Sigma: 0.44257184  
Step: 97, Total Energy: -1.42085946 Sigma: 0.42093993  
Step: 98, Total Energy: -1.42085946 Sigma: 0.40610500  
Step: 99, Total Energy: -1.42086006 Sigma: 0.31349783  
Step: 100, Total Energy: -1.42086006 Sigma: 0.31372775  
Step: 101, Total Energy: -1.42086006 Sigma: 0.29180590  
Step: 102, Total Energy: -1.42086006 Sigma: 0.23664636  
Step: 103, Total Energy: -1.42086017 Sigma: 0.13852947  
Step: 104, Total Energy: -1.42086062 Sigma: 0.12594882  
Step: 105, Total Energy: -1.42086062 Sigma: 0.11655109  
Step: 106, Total Energy: -1.42086062 Sigma: 0.07035906  
Step: 107, Total Energy: -1.42086062 Sigma: 0.06970007  
Step: 108, Total Energy: -1.42086065 Sigma: 0.07028729  
Step: 109, Total Energy: -1.42086066 Sigma: 0.06486124  
Step: 110, Total Energy: -1.42086068 Sigma: 0.08847288  
Step: 111, Total Energy: -1.42086072 Sigma: 0.08831589  
Step: 112, Total Energy: -1.42086097 Sigma: 0.08391132  
Step: 113, Total Energy: -1.42086097 Sigma: 0.08387147  
Step: 114, Total Energy: -1.42086097 Sigma: 0.08368881  
Step: 115, Total Energy: -1.42086097 Sigma: 0.06972545  
Step: 116, Total Energy: -1.42086097 Sigma: 0.06744236  
Step: 117, Total Energy: -1.42086097 Sigma: 0.04251146  
Step: 118, Total Energy: -1.42086097 Sigma: 0.04296376  
Step: 119, Total Energy: -1.42086097 Sigma: 0.04299362  
Step: 120, Total Energy: -1.42086097 Sigma: 0.04250639  
Step: 121, Total Energy: -1.42086101 Sigma: 0.04176872  
Step: 122, Total Energy: -1.42086102 Sigma: 0.04034834  
Step: 123, Total Energy: -1.42086102 Sigma: 0.02668673  
Step: 124, Total Energy: -1.42086105 Sigma: 0.02591904  
Step: 125, Total Energy: -1.42086109 Sigma: 0.02556010  
Step: 126, Total Energy: -1.42086112 Sigma: 0.02562610  
Step: 127, Total Energy: -1.42086112 Sigma: 0.02346258  
Step: 128, Total Energy: -1.42086112 Sigma: 0.02326734  
Step: 129, Total Energy: -1.42086113 Sigma: 0.02194983  
Step: 130, Total Energy: -1.42086113 Sigma: 0.02144133  
Step: 131, Total Energy: -1.42086113 Sigma: 0.02128766  
Step: 132, Total Energy: -1.42086113 Sigma: 0.01685279  
Step: 133, Total Energy: -1.42086116 Sigma: 0.01686038  
Step: 134, Total Energy: -1.42086116 Sigma: 0.01070970  
Step: 135, Total Energy: -1.42086116 Sigma: 0.01127413  
Step: 136, Total Energy: -1.42086116 Sigma: 0.01121955  
Step: 137, Total Energy: -1.42086117 Sigma: 0.01032318  
Step: 138, Total Energy: -1.42086117 Sigma: 0.01032997  
Step: 139, Total Energy: -1.42086117 Sigma: 0.01010415  
Step: 140, Total Energy: -1.42086117 Sigma: 0.00835709  
Step: 141, Total Energy: -1.42086117 Sigma: 0.00850515  
Step: 142, Total Energy: -1.42086117 Sigma: 0.00874146  
Step: 143, Total Energy: -1.42086117 Sigma: 0.00872326  
Step: 144, Total Energy: -1.42086118 Sigma: 0.00858442  
Step: 145, Total Energy: -1.42086118 Sigma: 0.00858426  
Step: 146, Total Energy: -1.42086118 Sigma: 0.00865519  
Step: 147, Total Energy: -1.42086118 Sigma: 0.00594266  
Step: 148, Total Energy: -1.42086118 Sigma: 0.00615963  
Step: 149, Total Energy: -1.42086118 Sigma: 0.00600205  
Step: 150, Total Energy: -1.42086118 Sigma: 0.00596182  
Step: 151, Total Energy: -1.42086118 Sigma: 0.00592134  
Step: 152, Total Energy: -1.42086118 Sigma: 0.00584876  
Step: 153, Total Energy: -1.42086118 Sigma: 0.00550594  
Step: 154, Total Energy: -1.42086118 Sigma: 0.00546710  
Step: 155, Total Energy: -1.42086118 Sigma: 0.00546325  
Step: 156, Total Energy: -1.42086118 Sigma: 0.00513406  
Step: 157, Total Energy: -1.42086118 Sigma: 0.00514023  
Step: 158, Total Energy: -1.42086118 Sigma: 0.00514156  
Step: 159, Total Energy: -1.42086118 Sigma: 0.00509486  
Step: 160, Total Energy: -1.42086118 Sigma: 0.00509824  
Step: 161, Total Energy: -1.42086118 Sigma: 0.00506979  
Step: 162, Total Energy: -1.42086118 Sigma: 0.00414677  
Step: 163, Total Energy: -1.42086118 Sigma: 0.00413051  
Step: 164, Total Energy: -1.42086118 Sigma: 0.00405774  
Step: 165, Total Energy: -1.42086118 Sigma: 0.00405831  
Step: 166, Total Energy: -1.42086118 Sigma: 0.00285114  
Step: 167, Total Energy: -1.42086118 Sigma: 0.00255169  
Step: 168, Total Energy: -1.42086118 Sigma: 0.00248190  
Step: 169, Total Energy: -1.42086118 Sigma: 0.00249725  
Step: 170, Total Energy: -1.42086118 Sigma: 0.00232112  
Step: 171, Total Energy: -1.42086118 Sigma: 0.00226963  
Step: 172, Total Energy: -1.42086118 Sigma: 0.00177054  
Step: 173, Total Energy: -1.42086118 Sigma: 0.00175333  
Step: 174, Total Energy: -1.42086118 Sigma: 0.00138544  
Step: 175, Total Energy: -1.42086118 Sigma: 0.00112394  
Step: 176, Total Energy: -1.42086118 Sigma: 0.00110327  
Step: 177, Total Energy: -1.42086118 Sigma: 0.00110335  
Step: 178, Total Energy: -1.42086118 Sigma: 0.00106555  
Step: 179, Total Energy: -1.42086118 Sigma: 0.00099448  
Step: 180, Total Energy: -1.42086118 Sigma: 0.00082198  
Step: 181, Total Energy: -1.42086118 Sigma: 0.00059299  
Step: 182, Total Energy: -1.42086118 Sigma: 0.00057609  
Step: 183, Total Energy: -1.42086118 Sigma: 0.00055563  
Step: 184, Total Energy: -1.42086118 Sigma: 0.00044734  
Step: 185, Total Energy: -1.42086118 Sigma: 0.00044818  
Step: 186, Total Energy: -1.42086118 Sigma: 0.00044820  
Step: 187, Total Energy: -1.42086118 Sigma: 0.00038323  
Step: 188, Total Energy: -1.42086118 Sigma: 0.00038324  
Step: 189, Total Energy: -1.42086118 Sigma: 0.00038349  
Step: 190, Total Energy: -1.42086118 Sigma: 0.00038292  
Step: 191, Total Energy: -1.42086118 Sigma: 0.00038290  
Step: 192, Total Energy: -1.42086118 Sigma: 0.00036279  
Step: 193, Total Energy: -1.42086118 Sigma: 0.00036258  
Step: 194, Total Energy: -1.42086118 Sigma: 0.00036251  
Step: 195, Total Energy: -1.42086118 Sigma: 0.00031194  
Step: 196, Total Energy: -1.42086118 Sigma: 0.00029520  
Step: 197, Total Energy: -1.42086118 Sigma: 0.00029555  
Step: 198, Total Energy: -1.42086118 Sigma: 0.00027220  
Step: 199, Total Energy: -1.42086118 Sigma: 0.00027220  
Step: 200, Total Energy: -1.42086118 Sigma: 0.00027219  
Step: 201, Total Energy: -1.42086118 Sigma: 0.00027216  
Step: 202, Total Energy: -1.42086118 Sigma: 0.00023260  
Step: 203, Total Energy: -1.42086118 Sigma: 0.00016463  
Step: 204, Total Energy: -1.42086118 Sigma: 0.00016463  
Step: 205, Total Energy: -1.42086118 Sigma: 0.00015673  
Step: 206, Total Energy: -1.42086118 Sigma: 0.00015277  
Step: 207, Total Energy: -1.42086118 Sigma: 0.00012653  
Step: 208, Total Energy: -1.42086118 Sigma: 0.00012653  
Step: 209, Total Energy: -1.42086118 Sigma: 0.00014310  
Step: 210, Total Energy: -1.42086118 Sigma: 0.00014311  
Step: 211, Total Energy: -1.42086118 Sigma: 0.00014312  
Step: 212, Total Energy: -1.42086118 Sigma: 0.00013339  
Step: 213, Total Energy: -1.42086118 Sigma: 0.00013341  
Step: 214, Total Energy: -1.42086118 Sigma: 0.00010139  
Step: 215, Total Energy: -1.42086118 Sigma: 0.00009485  
Criteria met for convergence.
----------
Checking orbital and occupation energies for convergence...
----------
Total number of iterations: 1
##########
ERROR: encountered some error along the way. Run is likely
not fully converged. Check what went wrong.
##########
------------------------------
------------------------------
## Energy Evaluation ## 
Final energy                : -1.42086118 Hartrees
Final sigma                 : 0.00228984

Hartree Fock Energy         : -1.22692109 Hartrees
Full CI energy              : -1.42291436 Hartrees
Difference in target and FCI  :  2.05318 mHartrees
----------
Correlation energy recovered: -193.94009 mHartrees
Correlation energy recovered: 98.952 %
------------------------------
------------------------------
Wavefunction (Hamiltonian basis):
 |101010>: 0.4816842815368523
 |011001>: 0.38809671494658254
 |110100>: 0.7857233563844195
----------
1-Electron Reduced Density Matrix:
[[ 0.84938+0.j  0.00000+0.j  0.00000+0.j  0.00000+0.j  0.00000+0.j
   0.00000+0.j]
 [ 0.00000+0.j  0.76798+0.j  0.00000+0.j  0.00000+0.j  0.00000+0.j
   0.00000+0.j]
 [ 0.00000+0.j  0.00000+0.j  0.38264+0.j  0.00000+0.j  0.00000+0.j
   0.00000+0.j]
 [ 0.00000+0.j  0.00000+0.j  0.00000+0.j  0.61736+0.j  0.00000+0.j
   0.00000+0.j]
 [ 0.00000+0.j  0.00000+0.j  0.00000+0.j  0.00000+0.j  0.23202+0.j
   0.00000+0.j]
 [ 0.00000+0.j  0.00000+0.j  0.00000+0.j  0.00000+0.j  0.00000+0.j
   0.15062+0.j]]
Total orbital energy evaluations   : 491
Total occupation energy evaluations: 28
